TMS320C6x Assembler PC v7.4.18 Sun Oct 29 11:14:41 2023

Tools Copyright (c) 1996-2015 Texas Instruments Incorporated
C:\Users\Lenovo\AppData\Local\Temp\1697610                           PAGE    1

       1                    ;******************************************************************************
       2                    ;* TMS320C6x C/C++ Codegen                                         PC v7.4.18 *
       3                    ;* Date/Time created: Sun Oct 29 11:14:41 2023                                *
       4                    ;******************************************************************************
       5                            .compiler_opts --abi=coffabi --c64p_l1d_workaround=default --endian=little --hll_source=on --l
       6                    
       7                    ;******************************************************************************
       8                    ;* GLOBAL FILE PARAMETERS                                                     *
       9                    ;*                                                                            *
      10                    ;*   Architecture      : TMS320C670x                                          *
      11                    ;*   Optimization      : Disabled                                             *
      12                    ;*   Optimizing for    : Compile time, Ease of Development                    *
      13                    ;*                       Based on options: no -o, no -ms                      *
      14                    ;*   Endian            : Little                                               *
      15                    ;*   Interrupt Thrshld : Disabled                                             *
      16                    ;*   Data Access Model : Far                                                  *
      17                    ;*   Pipelining        : Disabled                                             *
      18                    ;*   Memory Aliases    : Presume are aliases (pessimistic)                    *
      19                    ;*   Debug Info        : DWARF Debug                                          *
      20                    ;*                                                                            *
      21                    ;******************************************************************************
      22                    
      23                            .asg    A15, FP
      24                            .asg    B14, DP
      25                            .asg    B15, SP
      26                            .global $bss
      27                    
      28                    
      29                    $C$DW$CU        .dwtag  DW_TAG_compile_unit
      30                            .dwattr $C$DW$CU, DW_AT_name("../main.c")
      31                            .dwattr $C$DW$CU, DW_AT_producer("TMS320C6x C/C++ Codegen PC v7.4.18 Copyright (c) 1996-2015 T
      32                            .dwattr $C$DW$CU, DW_AT_TI_version(0x01)
      33                            .dwattr $C$DW$CU, DW_AT_comp_dir("D:\ti_v6_2\DSP_Worspace_2023_Gr1\TP1_Acquisition\Debug")
      34                    ;*****************************************************************************
      35                    ;* CINIT RECORDS                                                             *
      36                    ;*****************************************************************************
      37 00000000                   .sect   ".cinit"
      38                            .align  8
      39 00000000 00000004          .field          4,32
      40 00000004 00000000-         .field          _fs+0,32
      41 00000008 00000001          .bits   1,32                    ; _fs @ 0
      42                    
      43                    
      44                    $C$DW$1 .dwtag  DW_TAG_subprogram, DW_AT_name("input_left_sample")
      45                            .dwattr $C$DW$1, DW_AT_TI_symbol_name("_input_left_sample")
      46                            .dwattr $C$DW$1, DW_AT_type(*$C$DW$T$27)
      47                            .dwattr $C$DW$1, DW_AT_declaration
      48                            .dwattr $C$DW$1, DW_AT_external
      49                    
      50                    $C$DW$2 .dwtag  DW_TAG_subprogram, DW_AT_name("output_left_sample")
      51                            .dwattr $C$DW$2, DW_AT_TI_symbol_name("_output_left_sample")
      52                            .dwattr $C$DW$2, DW_AT_declaration
      53                            .dwattr $C$DW$2, DW_AT_external
      54                    $C$DW$3 .dwtag  DW_TAG_formal_parameter
      55                            .dwattr $C$DW$3, DW_AT_type(*$C$DW$T$10)
TMS320C6x Assembler PC v7.4.18 Sun Oct 29 11:14:41 2023

Tools Copyright (c) 1996-2015 Texas Instruments Incorporated
C:\Users\Lenovo\AppData\Local\Temp\1697610                           PAGE    2

      56                            .dwendtag $C$DW$2
      57                    
      58                    
      59                    $C$DW$4 .dwtag  DW_TAG_subprogram, DW_AT_name("comm_intr")
      60                            .dwattr $C$DW$4, DW_AT_TI_symbol_name("_comm_intr")
      61                            .dwattr $C$DW$4, DW_AT_declaration
      62                            .dwattr $C$DW$4, DW_AT_external
      63                            .global _fs
      64 00000000           _fs:    .usect  ".far",4,4
      65                    $C$DW$5 .dwtag  DW_TAG_variable, DW_AT_name("fs")
      66                            .dwattr $C$DW$5, DW_AT_TI_symbol_name("_fs")
      67                            .dwattr $C$DW$5, DW_AT_location[DW_OP_addr _fs]
      68                            .dwattr $C$DW$5, DW_AT_type(*$C$DW$T$27)
      69                            .dwattr $C$DW$5, DW_AT_external
      70                            .global _XnBuffer
      71 00000004           _XnBuffer:      .usect  ".far",256,4
      72                    $C$DW$6 .dwtag  DW_TAG_variable, DW_AT_name("XnBuffer")
      73                            .dwattr $C$DW$6, DW_AT_TI_symbol_name("_XnBuffer")
      74                            .dwattr $C$DW$6, DW_AT_location[DW_OP_addr _XnBuffer]
      75                            .dwattr $C$DW$6, DW_AT_type(*$C$DW$T$23)
      76                            .dwattr $C$DW$6, DW_AT_external
      77                            .global _Xn
      78 00000104           _Xn:    .usect  ".far",2,2
      79                    $C$DW$7 .dwtag  DW_TAG_variable, DW_AT_name("Xn")
      80                            .dwattr $C$DW$7, DW_AT_TI_symbol_name("_Xn")
      81                            .dwattr $C$DW$7, DW_AT_location[DW_OP_addr _Xn]
      82                            .dwattr $C$DW$7, DW_AT_type(*$C$DW$T$8)
      83                            .dwattr $C$DW$7, DW_AT_external
      84                            .global _i
      85 00000106           _i:     .usect  ".far",2,2
      86                    $C$DW$8 .dwtag  DW_TAG_variable, DW_AT_name("i")
      87                            .dwattr $C$DW$8, DW_AT_TI_symbol_name("_i")
      88                            .dwattr $C$DW$8, DW_AT_location[DW_OP_addr _i]
      89                            .dwattr $C$DW$8, DW_AT_type(*$C$DW$T$25)
      90                            .dwattr $C$DW$8, DW_AT_external
      91                    ;       D:\ti_v6_2\ccsv6\tools\compiler\c6000_7.4.18\bin\acp6x.exe -@C:\\Users\\Lenovo\\AppData\\Local
      92 00000000                   .sect   ".text:retain"
      93                            .retain
      94                            .retainrefs
      95                            .global _c_int11
      96                    
      97                    $C$DW$9 .dwtag  DW_TAG_subprogram, DW_AT_name("c_int11")
      98                            .dwattr $C$DW$9, DW_AT_low_pc(_c_int11)
      99                            .dwattr $C$DW$9, DW_AT_high_pc(0x00)
     100                            .dwattr $C$DW$9, DW_AT_TI_symbol_name("_c_int11")
     101                            .dwattr $C$DW$9, DW_AT_external
     102                            .dwattr $C$DW$9, DW_AT_TI_begin_file("../main.c")
     103                            .dwattr $C$DW$9, DW_AT_TI_begin_line(0x0f)
     104                            .dwattr $C$DW$9, DW_AT_TI_begin_column(0x10)
     105                            .dwattr $C$DW$9, DW_AT_TI_interrupt
     106                            .dwattr $C$DW$9, DW_AT_TI_max_frame_size(0x50)
     107                            .dwpsn  file "../main.c",line 16,column 1,is_stmt,address _c_int11
     108                    
     109                            .dwfde $C$DW$CIE, _c_int11
     110                    
TMS320C6x Assembler PC v7.4.18 Sun Oct 29 11:14:41 2023

Tools Copyright (c) 1996-2015 Texas Instruments Incorporated
C:\Users\Lenovo\AppData\Local\Temp\1697610                           PAGE    3

     111                    ;******************************************************************************
     112                    ;* FUNCTION NAME: c_int11                                                     *
     113                    ;*                                                                            *
     114                    ;*   Regs Modified     : A0,A1,A2,A3,A4,A5,A6,A7,A8,A9,B0,B1,B2,B3,B4,B5,B6,  *
     115                    ;*                           B7,B8,B9,SP                                      *
     116                    ;*   Regs Used         : A0,A1,A2,A3,A4,A5,A6,A7,A8,A9,B0,B1,B2,B3,B4,B5,B6,  *
     117                    ;*                           B7,B8,B9,DP,SP                                   *
     118                    ;*   Local Frame Size  : 0 Args + 0 Auto + 80 Save = 80 byte                  *
     119                    ;******************************************************************************
     120 00000000           _c_int11:
     121                    ;** --------------------------------------------------------------------------*
     122                            .dwcfi  cfa_offset, 0
     123                            .dwcfi  save_reg_to_reg, 228, 19
     124 00000000 04BE94F6             STW     .D2T2   B9,*SP--(80)      ; |16| 
     125                            .dwcfi  cfa_offset, 80
     126                            .dwcfi  save_reg_to_mem, 25, 0
     127 00000004 043E62F6             STW     .D2T2   B8,*+SP(76)       ; |16| 
     128                            .dwcfi  save_reg_to_mem, 24, -4
     129 00000008 03BE42F6             STW     .D2T2   B7,*+SP(72)       ; |16| 
     130                            .dwcfi  save_reg_to_mem, 23, -8
     131 0000000c 033E22F6             STW     .D2T2   B6,*+SP(68)       ; |16| 
     132                            .dwcfi  save_reg_to_mem, 22, -12
     133 00000010 02BE02F6             STW     .D2T2   B5,*+SP(64)       ; |16| 
     134                            .dwcfi  save_reg_to_mem, 21, -16
     135 00000014 023DE2F6             STW     .D2T2   B4,*+SP(60)       ; |16| 
     136                            .dwcfi  save_reg_to_mem, 20, -20
     137 00000018 01BDC2F6             STW     .D2T2   B3,*+SP(56)       ; |16| 
     138                            .dwcfi  save_reg_to_mem, 19, -24
     139 0000001c 013DA2F6             STW     .D2T2   B2,*+SP(52)       ; |16| 
     140                            .dwcfi  save_reg_to_mem, 18, -28
     141 00000020 00BD82F6             STW     .D2T2   B1,*+SP(48)       ; |16| 
     142                            .dwcfi  save_reg_to_mem, 17, -32
     143 00000024 003D62F6             STW     .D2T2   B0,*+SP(44)       ; |16| 
     144                            .dwcfi  save_reg_to_mem, 16, -36
     145 00000028 04BD42F4             STW     .D2T1   A9,*+SP(40)       ; |16| 
     146                            .dwcfi  save_reg_to_mem, 9, -40
     147 0000002c 043D22F4             STW     .D2T1   A8,*+SP(36)       ; |16| 
     148                            .dwcfi  save_reg_to_mem, 8, -44
     149 00000030 03BD02F4             STW     .D2T1   A7,*+SP(32)       ; |16| 
     150                            .dwcfi  save_reg_to_mem, 7, -48
     151 00000034 033CE2F4             STW     .D2T1   A6,*+SP(28)       ; |16| 
     152                            .dwcfi  save_reg_to_mem, 6, -52
     153 00000038 02BCC2F4             STW     .D2T1   A5,*+SP(24)       ; |16| 
     154                            .dwcfi  save_reg_to_mem, 5, -56
     155 0000003c 023CA2F4             STW     .D2T1   A4,*+SP(20)       ; |16| 
     156                            .dwcfi  save_reg_to_mem, 4, -60
     157 00000040 01BC82F4             STW     .D2T1   A3,*+SP(16)       ; |16| 
     158                            .dwcfi  save_reg_to_mem, 3, -64
     159 00000044 013C62F4             STW     .D2T1   A2,*+SP(12)       ; |16| 
     160                            .dwcfi  save_reg_to_mem, 2, -68
     161 00000048 00BC42F4             STW     .D2T1   A1,*+SP(8)        ; |16| 
     162                            .dwcfi  save_reg_to_mem, 1, -72
     163 0000004c 003C22F4             STW     .D2T1   A0,*+SP(4)        ; |16| 
     164                            .dwcfi  save_reg_to_mem, 0, -76
     165                            .dwpsn  file "../main.c",line 17,column 2,is_stmt
TMS320C6x Assembler PC v7.4.18 Sun Oct 29 11:14:41 2023

Tools Copyright (c) 1996-2015 Texas Instruments Incorporated
C:\Users\Lenovo\AppData\Local\Temp\1697610                           PAGE    4

     166                    $C$DW$10        .dwtag  DW_TAG_TI_branch
     167                            .dwattr $C$DW$10, DW_AT_low_pc(0x00)
     168                            .dwattr $C$DW$10, DW_AT_name("_input_left_sample")
     169                            .dwattr $C$DW$10, DW_AT_TI_call
     170 00000050 0FFFF810!            CALL    .S1     _input_left_sample ; |17| 
     171 00000054 0180302A+            MVKL    .S2     $C$RL0,B3         ; |17| 
     172 00000058 0180006A+            MVKH    .S2     $C$RL0,B3         ; |17| 
     173 0000005c 00004000             NOP             3
     174 00000060           $C$RL0:    ; CALL OCCURS {_input_left_sample} {0}  ; |17| 
     175 00000060 0200822A-            MVKL    .S2     _Xn,B4
     176 00000064 0200006A-            MVKH    .S2     _Xn,B4
     177 00000068 021002D4             STH     .D2T1   A4,*B4            ; |17| 
     178                            .dwpsn  file "../main.c",line 18,column 2,is_stmt
     179 0000006c 0280832A-            MVKL    .S2     _i,B5
     180                    
     181 00000070 0280006B-            MVKH    .S2     _i,B5
     182 00000074 021002C6  ||         LDH     .D2T2   *B4,B4            ; |18| 
     183                    
     184 00000078 02940286             LDHU    .D2T2   *B5,B5            ; |18| 
     185 0000007c 0300022A-            MVKL    .S2     _XnBuffer,B6
     186 00000080 0300006A-            MVKH    .S2     _XnBuffer,B6
     187 00000084 00002000             NOP             2
     188 00000088 0218AAD6             STH     .D2T2   B4,*+B6[B5]       ; |18| 
     189                            .dwpsn  file "../main.c",line 19,column 2,is_stmt
     190 0000008c 01808328-            MVKL    .S1     _i,A3
     191 00000090 01800068-            MVKH    .S1     _i,A3
     192 00000094 018C0204             LDHU    .D1T1   *A3,A3            ; |19| 
     193 00000098 02003FAA             MVK     .S2     127,B4            ; |19| 
     194 0000009c 0213EDDA             NOT     .L2     B4,B4             ; |19| 
     195 000000a0 0280832A-            MVKL    .S2     _i,B5
     196 000000a4 0280006A-            MVKH    .S2     _i,B5
     197 000000a8 018C2058             ADD     .L1     1,A3,A3           ; |19| 
     198 000000ac 020CCDA0             SHR     .S1     A3,6,A4           ; |19| 
     199 000000b0 021329A0             SHRU    .S1     A4,25,A4          ; |19| 
     200 000000b4 020C8078             ADD     .L1     A4,A3,A4          ; |19| 
     201 000000b8 02109F7A             AND     .L2X    B4,A4,B4          ; |19| 
     202 000000bc 021072FA             SUB     .L2X    A3,B4,B4          ; |19| 
     203 000000c0 021402D6             STH     .D2T2   B4,*B5            ; |19| 
     204                            .dwpsn  file "../main.c",line 20,column 2,is_stmt
     205 000000c4 01808228-            MVKL    .S1     _Xn,A3
     206                    $C$DW$11        .dwtag  DW_TAG_TI_branch
     207                            .dwattr $C$DW$11, DW_AT_low_pc(0x04)
     208                            .dwattr $C$DW$11, DW_AT_name("_output_left_sample")
     209                            .dwattr $C$DW$11, DW_AT_TI_call
     210                    
     211 000000c8 01800069-            MVKH    .S1     _Xn,A3
     212 000000cc 0FFFE812! ||         CALL    .S2     _output_left_sample ; |20| 
     213                    
     214 000000d0 020C0244             LDH     .D1T1   *A3,A4            ; |20| 
     215 000000d4 0180702A+            MVKL    .S2     $C$RL1,B3         ; |20| 
     216 000000d8 0180006A+            MVKH    .S2     $C$RL1,B3         ; |20| 
     217 000000dc 00002000             NOP             2
     218 000000e0           $C$RL1:    ; CALL OCCURS {_output_left_sample} {0}  ; |20| 
     219                            .dwpsn  file "../main.c",line 21,column 2,is_stmt
     220                            .dwpsn  file "../main.c",line 22,column 1,is_stmt
TMS320C6x Assembler PC v7.4.18 Sun Oct 29 11:14:41 2023

Tools Copyright (c) 1996-2015 Texas Instruments Incorporated
C:\Users\Lenovo\AppData\Local\Temp\1697610                           PAGE    5

     221 000000e0 043E62E6             LDW     .D2T2   *+SP(76),B8       ; |22| 
     222 000000e4 00006000             NOP             4
     223                            .dwcfi  restore_reg, 24
     224 000000e8 03BE42E6             LDW     .D2T2   *+SP(72),B7       ; |22| 
     225 000000ec 00006000             NOP             4
     226                            .dwcfi  restore_reg, 23
     227 000000f0 033E22E6             LDW     .D2T2   *+SP(68),B6       ; |22| 
     228 000000f4 00006000             NOP             4
     229                            .dwcfi  restore_reg, 22
     230 000000f8 02BE02E6             LDW     .D2T2   *+SP(64),B5       ; |22| 
     231 000000fc 00006000             NOP             4
     232                            .dwcfi  restore_reg, 21
     233 00000100 023DE2E6             LDW     .D2T2   *+SP(60),B4       ; |22| 
     234 00000104 00006000             NOP             4
     235                            .dwcfi  restore_reg, 20
     236 00000108 01BDC2E6             LDW     .D2T2   *+SP(56),B3       ; |22| 
     237 0000010c 00006000             NOP             4
     238                            .dwcfi  restore_reg, 19
     239 00000110 013DA2E6             LDW     .D2T2   *+SP(52),B2       ; |22| 
     240 00000114 00006000             NOP             4
     241                            .dwcfi  restore_reg, 18
     242 00000118 00BD82E6             LDW     .D2T2   *+SP(48),B1       ; |22| 
     243 0000011c 00006000             NOP             4
     244                            .dwcfi  restore_reg, 17
     245 00000120 003D62E6             LDW     .D2T2   *+SP(44),B0       ; |22| 
     246 00000124 00006000             NOP             4
     247                            .dwcfi  restore_reg, 16
     248 00000128 04BD42E4             LDW     .D2T1   *+SP(40),A9       ; |22| 
     249 0000012c 00006000             NOP             4
     250                            .dwcfi  restore_reg, 9
     251 00000130 043D22E4             LDW     .D2T1   *+SP(36),A8       ; |22| 
     252 00000134 00006000             NOP             4
     253                            .dwcfi  restore_reg, 8
     254 00000138 03BD02E4             LDW     .D2T1   *+SP(32),A7       ; |22| 
     255 0000013c 00006000             NOP             4
     256                            .dwcfi  restore_reg, 7
     257 00000140 033CE2E4             LDW     .D2T1   *+SP(28),A6       ; |22| 
     258 00000144 00006000             NOP             4
     259                            .dwcfi  restore_reg, 6
     260 00000148 02BCC2E4             LDW     .D2T1   *+SP(24),A5       ; |22| 
     261 0000014c 00006000             NOP             4
     262                            .dwcfi  restore_reg, 5
     263 00000150 023CA2E4             LDW     .D2T1   *+SP(20),A4       ; |22| 
     264 00000154 00006000             NOP             4
     265                            .dwcfi  restore_reg, 4
     266 00000158 01BC82E4             LDW     .D2T1   *+SP(16),A3       ; |22| 
     267 0000015c 00006000             NOP             4
     268                            .dwcfi  restore_reg, 3
     269 00000160 013C62E4             LDW     .D2T1   *+SP(12),A2       ; |22| 
     270 00000164 00006000             NOP             4
     271                            .dwcfi  restore_reg, 2
     272 00000168 00BC42E4             LDW     .D2T1   *+SP(8),A1        ; |22| 
     273 0000016c 00006000             NOP             4
     274                            .dwcfi  restore_reg, 1
     275 00000170 003C22E4             LDW     .D2T1   *+SP(4),A0        ; |22| 
TMS320C6x Assembler PC v7.4.18 Sun Oct 29 11:14:41 2023

Tools Copyright (c) 1996-2015 Texas Instruments Incorporated
C:\Users\Lenovo\AppData\Local\Temp\1697610                           PAGE    6

     276 00000174 00006000             NOP             4
     277                            .dwcfi  restore_reg, 0
     278 00000178 04BE92E6             LDW     .D2T2   *++SP(80),B9      ; |22| 
     279 0000017c 00006000             NOP             4
     280                            .dwcfi  cfa_offset, 0
     281                            .dwcfi  restore_reg, 25
     282                            .dwcfi  cfa_offset, 0
     283                    $C$DW$12        .dwtag  DW_TAG_TI_branch
     284                            .dwattr $C$DW$12, DW_AT_low_pc(0x00)
     285                            .dwattr $C$DW$12, DW_AT_TI_return
     286 00000180 001800E2             RET     .S2     IRP               ; |22| 
     287 00000184 00008000             NOP             5
     288                               ; BRANCH OCCURS {IRP}             ; |22| 
     289                            .dwattr $C$DW$9, DW_AT_TI_end_file("../main.c")
     290                            .dwattr $C$DW$9, DW_AT_TI_end_line(0x16)
     291                            .dwattr $C$DW$9, DW_AT_TI_end_column(0x01)
     292                            .dwendentry
     293                            .dwendtag $C$DW$9
     294                    
     295 00000000                   .sect   ".text"
     296                            .clink
     297                            .global _main
     298                    
     299                    $C$DW$13        .dwtag  DW_TAG_subprogram, DW_AT_name("main")
     300                            .dwattr $C$DW$13, DW_AT_low_pc(_main)
     301                            .dwattr $C$DW$13, DW_AT_high_pc(0x00)
     302                            .dwattr $C$DW$13, DW_AT_TI_symbol_name("_main")
     303                            .dwattr $C$DW$13, DW_AT_external
     304                            .dwattr $C$DW$13, DW_AT_type(*$C$DW$T$10)
     305                            .dwattr $C$DW$13, DW_AT_TI_begin_file("../main.c")
     306                            .dwattr $C$DW$13, DW_AT_TI_begin_line(0x18)
     307                            .dwattr $C$DW$13, DW_AT_TI_begin_column(0x01)
     308                            .dwattr $C$DW$13, DW_AT_TI_max_frame_size(0x08)
     309                            .dwpsn  file "../main.c",line 25,column 1,is_stmt,address _main
     310                    
     311                            .dwfde $C$DW$CIE, _main
     312                    
     313                    ;******************************************************************************
     314                    ;* FUNCTION NAME: main                                                        *
     315                    ;*                                                                            *
     316                    ;*   Regs Modified     : A0,A1,A2,A3,A4,A5,A6,A7,A8,A9,B0,B1,B2,B3,B4,B5,B6,  *
     317                    ;*                           B7,B8,B9,SP                                      *
     318                    ;*   Regs Used         : A0,A1,A2,A3,A4,A5,A6,A7,A8,A9,B0,B1,B2,B3,B4,B5,B6,  *
     319                    ;*                           B7,B8,B9,DP,SP                                   *
     320                    ;*   Local Frame Size  : 0 Args + 0 Auto + 4 Save = 4 byte                    *
     321                    ;******************************************************************************
     322 00000000           _main:
     323                    ;** --------------------------------------------------------------------------*
     324                            .dwcfi  cfa_offset, 0
     325                            .dwcfi  save_reg_to_reg, 228, 19
     326 00000000 01BC54F6             STW     .D2T2   B3,*SP--(8)       ; |25| 
     327                            .dwcfi  cfa_offset, 8
     328                            .dwcfi  save_reg_to_mem, 19, 0
     329                            .dwpsn  file "../main.c",line 26,column 2,is_stmt
     330 00000004 02008328-            MVKL    .S1     _i,A4
TMS320C6x Assembler PC v7.4.18 Sun Oct 29 11:14:41 2023

Tools Copyright (c) 1996-2015 Texas Instruments Incorporated
C:\Users\Lenovo\AppData\Local\Temp\1697610                           PAGE    7

     331                    
     332 00000008 02000069-            MVKH    .S1     _i,A4
     333 0000000c 018000F8  ||         ZERO    .L1     A3                ; |26| 
     334                    
     335 00000010 01900254             STH     .D1T1   A3,*A4            ; |26| 
     336                            .dwpsn  file "../main.c",line 27,column 2,is_stmt
     337                    $C$DW$14        .dwtag  DW_TAG_TI_branch
     338                            .dwattr $C$DW$14, DW_AT_low_pc(0x00)
     339                            .dwattr $C$DW$14, DW_AT_name("_comm_intr")
     340                            .dwattr $C$DW$14, DW_AT_TI_call
     341 00000014 00000010!            CALL    .S1     _comm_intr        ; |27| 
     342 00000018 0180122A'            MVKL    .S2     $C$RL2,B3         ; |27| 
     343 0000001c 0180006A'            MVKH    .S2     $C$RL2,B3         ; |27| 
     344 00000020 00004000             NOP             3
     345 00000024           $C$RL2:    ; CALL OCCURS {_comm_intr} {0}    ; |27| 
     346                            .dwpsn  file "../main.c",line 28,column 8,is_stmt
     347                    ;*----------------------------------------------------------------------------*
     348                    ;*   SOFTWARE PIPELINE INFORMATION
     349                    ;*      Disqualified loop: Software pipelining disabled
     350                    ;*      Disqualified loop: Bad loop structure
     351                    ;*----------------------------------------------------------------------------*
     352 00000024           $C$L1:    
     353 00000024           $C$DW$L$_main$2$B:
     354 00000024 00000090             B       .S1     $C$L1             ; |28| 
     355 00000028 00008000             NOP             5
     356                               ; BRANCH OCCURS {$C$L1}           ; |28| 
     357 0000002c           $C$DW$L$_main$2$E:
     358                    ;** --------------------------------------------------------------------------*
     359                            .dwcfi  cfa_offset, 0
     360                            .dwcfi  restore_reg, 19
     361                            .dwcfi  cfa_offset, 0
     362                    
     363                    $C$DW$15        .dwtag  DW_TAG_TI_loop
     364                            .dwattr $C$DW$15, DW_AT_name("C:\\Users\\Lenovo\\AppData\\Local\\Temp\\1697610:$C$L1:1:1698574
     365                            .dwattr $C$DW$15, DW_AT_TI_begin_file("../main.c")
     366                            .dwattr $C$DW$15, DW_AT_TI_begin_line(0x1c)
     367                            .dwattr $C$DW$15, DW_AT_TI_end_line(0x1c)
     368                    $C$DW$16        .dwtag  DW_TAG_TI_loop_range
     369                            .dwattr $C$DW$16, DW_AT_low_pc($C$DW$L$_main$2$B)
     370                            .dwattr $C$DW$16, DW_AT_high_pc($C$DW$L$_main$2$E)
     371                            .dwendtag $C$DW$15
     372                    
     373                            .dwattr $C$DW$13, DW_AT_TI_end_file("../main.c")
     374                            .dwattr $C$DW$13, DW_AT_TI_end_line(0x1d)
     375                            .dwattr $C$DW$13, DW_AT_TI_end_column(0x01)
     376                            .dwendentry
     377                            .dwendtag $C$DW$13
     378                    
     379                    ;*****************************************************************************
     380                    ;* UNDEFINED EXTERNAL REFERENCES                                             *
     381                    ;*****************************************************************************
     382                            .global _input_left_sample
     383                            .global _output_left_sample
     384                            .global _comm_intr
     385                    
TMS320C6x Assembler PC v7.4.18 Sun Oct 29 11:14:41 2023

Tools Copyright (c) 1996-2015 Texas Instruments Incorporated
C:\Users\Lenovo\AppData\Local\Temp\1697610                           PAGE    8

     386                    ;******************************************************************************
     387                    ;* BUILD ATTRIBUTES                                                           *
     388                    ;******************************************************************************
     389                            .battr "TI", Tag_File, 1, Tag_ABI_stack_align_needed(0)
     390                            .battr "TI", Tag_File, 1, Tag_ABI_stack_align_preserved(0)
     391                            .battr "TI", Tag_File, 1, Tag_Tramps_Use_SOC(0)
     392                    
     393                    ;******************************************************************************
     394                    ;* TYPE INFORMATION                                                           *
     395                    ;******************************************************************************
     396                    $C$DW$T$4       .dwtag  DW_TAG_base_type
     397                            .dwattr $C$DW$T$4, DW_AT_encoding(DW_ATE_boolean)
     398                            .dwattr $C$DW$T$4, DW_AT_name("bool")
     399                            .dwattr $C$DW$T$4, DW_AT_byte_size(0x01)
     400                    $C$DW$T$5       .dwtag  DW_TAG_base_type
     401                            .dwattr $C$DW$T$5, DW_AT_encoding(DW_ATE_signed_char)
     402                            .dwattr $C$DW$T$5, DW_AT_name("signed char")
     403                            .dwattr $C$DW$T$5, DW_AT_byte_size(0x01)
     404                    $C$DW$T$6       .dwtag  DW_TAG_base_type
     405                            .dwattr $C$DW$T$6, DW_AT_encoding(DW_ATE_unsigned_char)
     406                            .dwattr $C$DW$T$6, DW_AT_name("unsigned char")
     407                            .dwattr $C$DW$T$6, DW_AT_byte_size(0x01)
     408                    $C$DW$T$7       .dwtag  DW_TAG_base_type
     409                            .dwattr $C$DW$T$7, DW_AT_encoding(DW_ATE_signed_char)
     410                            .dwattr $C$DW$T$7, DW_AT_name("wchar_t")
     411                            .dwattr $C$DW$T$7, DW_AT_byte_size(0x02)
     412                    $C$DW$T$8       .dwtag  DW_TAG_base_type
     413                            .dwattr $C$DW$T$8, DW_AT_encoding(DW_ATE_signed)
     414                            .dwattr $C$DW$T$8, DW_AT_name("short")
     415                            .dwattr $C$DW$T$8, DW_AT_byte_size(0x02)
     416                    
     417                    $C$DW$T$23      .dwtag  DW_TAG_array_type
     418                            .dwattr $C$DW$T$23, DW_AT_type(*$C$DW$T$8)
     419                            .dwattr $C$DW$T$23, DW_AT_language(DW_LANG_C)
     420                            .dwattr $C$DW$T$23, DW_AT_byte_size(0x100)
     421                    $C$DW$17        .dwtag  DW_TAG_subrange_type
     422                            .dwattr $C$DW$17, DW_AT_upper_bound(0x7f)
     423                            .dwendtag $C$DW$T$23
     424                    
     425                    $C$DW$T$9       .dwtag  DW_TAG_base_type
     426                            .dwattr $C$DW$T$9, DW_AT_encoding(DW_ATE_unsigned)
     427                            .dwattr $C$DW$T$9, DW_AT_name("unsigned short")
     428                            .dwattr $C$DW$T$9, DW_AT_byte_size(0x02)
     429                    $C$DW$T$25      .dwtag  DW_TAG_typedef, DW_AT_name("Uint16")
     430                            .dwattr $C$DW$T$25, DW_AT_type(*$C$DW$T$9)
     431                            .dwattr $C$DW$T$25, DW_AT_language(DW_LANG_C)
     432                    $C$DW$T$10      .dwtag  DW_TAG_base_type
     433                            .dwattr $C$DW$T$10, DW_AT_encoding(DW_ATE_signed)
     434                            .dwattr $C$DW$T$10, DW_AT_name("int")
     435                            .dwattr $C$DW$T$10, DW_AT_byte_size(0x04)
     436                    $C$DW$T$11      .dwtag  DW_TAG_base_type
     437                            .dwattr $C$DW$T$11, DW_AT_encoding(DW_ATE_unsigned)
     438                            .dwattr $C$DW$T$11, DW_AT_name("unsigned int")
     439                            .dwattr $C$DW$T$11, DW_AT_byte_size(0x04)
     440                    $C$DW$T$27      .dwtag  DW_TAG_typedef, DW_AT_name("Uint32")
TMS320C6x Assembler PC v7.4.18 Sun Oct 29 11:14:41 2023

Tools Copyright (c) 1996-2015 Texas Instruments Incorporated
C:\Users\Lenovo\AppData\Local\Temp\1697610                           PAGE    9

     441                            .dwattr $C$DW$T$27, DW_AT_type(*$C$DW$T$11)
     442                            .dwattr $C$DW$T$27, DW_AT_language(DW_LANG_C)
     443                    $C$DW$T$12      .dwtag  DW_TAG_base_type
     444                            .dwattr $C$DW$T$12, DW_AT_encoding(DW_ATE_signed)
     445                            .dwattr $C$DW$T$12, DW_AT_name("long")
     446                            .dwattr $C$DW$T$12, DW_AT_byte_size(0x08)
     447                            .dwattr $C$DW$T$12, DW_AT_bit_size(0x28)
     448                            .dwattr $C$DW$T$12, DW_AT_bit_offset(0x18)
     449                    $C$DW$T$13      .dwtag  DW_TAG_base_type
     450                            .dwattr $C$DW$T$13, DW_AT_encoding(DW_ATE_unsigned)
     451                            .dwattr $C$DW$T$13, DW_AT_name("unsigned long")
     452                            .dwattr $C$DW$T$13, DW_AT_byte_size(0x08)
     453                            .dwattr $C$DW$T$13, DW_AT_bit_size(0x28)
     454                            .dwattr $C$DW$T$13, DW_AT_bit_offset(0x18)
     455                    $C$DW$T$14      .dwtag  DW_TAG_base_type
     456                            .dwattr $C$DW$T$14, DW_AT_encoding(DW_ATE_signed)
     457                            .dwattr $C$DW$T$14, DW_AT_name("long long")
     458                            .dwattr $C$DW$T$14, DW_AT_byte_size(0x08)
     459                    $C$DW$T$15      .dwtag  DW_TAG_base_type
     460                            .dwattr $C$DW$T$15, DW_AT_encoding(DW_ATE_unsigned)
     461                            .dwattr $C$DW$T$15, DW_AT_name("unsigned long long")
     462                            .dwattr $C$DW$T$15, DW_AT_byte_size(0x08)
     463                    $C$DW$T$16      .dwtag  DW_TAG_base_type
     464                            .dwattr $C$DW$T$16, DW_AT_encoding(DW_ATE_float)
     465                            .dwattr $C$DW$T$16, DW_AT_name("float")
     466                            .dwattr $C$DW$T$16, DW_AT_byte_size(0x04)
     467                    $C$DW$T$17      .dwtag  DW_TAG_base_type
     468                            .dwattr $C$DW$T$17, DW_AT_encoding(DW_ATE_float)
     469                            .dwattr $C$DW$T$17, DW_AT_name("double")
     470                            .dwattr $C$DW$T$17, DW_AT_byte_size(0x08)
     471                    $C$DW$T$18      .dwtag  DW_TAG_base_type
     472                            .dwattr $C$DW$T$18, DW_AT_encoding(DW_ATE_float)
     473                            .dwattr $C$DW$T$18, DW_AT_name("long double")
     474                            .dwattr $C$DW$T$18, DW_AT_byte_size(0x08)
     475                            .dwattr $C$DW$CU, DW_AT_language(DW_LANG_C)
     476                    
     477                    ;***************************************************************
     478                    ;* DWARF CIE ENTRIES                                           *
     479                    ;***************************************************************
     480                    
     481                    $C$DW$CIE       .dwcie 228
     482                            .dwcfi  cfa_register, 31
     483                            .dwcfi  cfa_offset, 0
     484                            .dwcfi  undefined, 0
     485                            .dwcfi  undefined, 1
     486                            .dwcfi  undefined, 2
     487                            .dwcfi  undefined, 3
     488                            .dwcfi  undefined, 4
     489                            .dwcfi  undefined, 5
     490                            .dwcfi  undefined, 6
     491                            .dwcfi  undefined, 7
     492                            .dwcfi  undefined, 8
     493                            .dwcfi  undefined, 9
     494                            .dwcfi  same_value, 10
     495                            .dwcfi  same_value, 11
TMS320C6x Assembler PC v7.4.18 Sun Oct 29 11:14:41 2023

Tools Copyright (c) 1996-2015 Texas Instruments Incorporated
C:\Users\Lenovo\AppData\Local\Temp\1697610                           PAGE   10

     496                            .dwcfi  same_value, 12
     497                            .dwcfi  same_value, 13
     498                            .dwcfi  same_value, 14
     499                            .dwcfi  same_value, 15
     500                            .dwcfi  undefined, 16
     501                            .dwcfi  undefined, 17
     502                            .dwcfi  undefined, 18
     503                            .dwcfi  undefined, 19
     504                            .dwcfi  undefined, 20
     505                            .dwcfi  undefined, 21
     506                            .dwcfi  undefined, 22
     507                            .dwcfi  undefined, 23
     508                            .dwcfi  undefined, 24
     509                            .dwcfi  undefined, 25
     510                            .dwcfi  same_value, 26
     511                            .dwcfi  same_value, 27
     512                            .dwcfi  same_value, 28
     513                            .dwcfi  same_value, 29
     514                            .dwcfi  same_value, 30
     515                            .dwcfi  same_value, 31
     516                            .dwcfi  same_value, 32
     517                            .dwcfi  undefined, 33
     518                            .dwcfi  undefined, 34
     519                            .dwcfi  undefined, 35
     520                            .dwcfi  undefined, 36
     521                            .dwcfi  undefined, 37
     522                            .dwcfi  undefined, 38
     523                            .dwcfi  undefined, 39
     524                            .dwcfi  undefined, 40
     525                            .dwcfi  undefined, 41
     526                            .dwcfi  undefined, 42
     527                            .dwcfi  undefined, 43
     528                            .dwcfi  undefined, 44
     529                            .dwcfi  undefined, 45
     530                            .dwcfi  undefined, 46
     531                            .dwcfi  undefined, 47
     532                            .dwcfi  undefined, 48
     533                            .dwcfi  undefined, 49
     534                            .dwcfi  undefined, 50
     535                            .dwcfi  undefined, 51
     536                            .dwcfi  undefined, 52
     537                            .dwcfi  undefined, 53
     538                            .dwcfi  undefined, 54
     539                            .dwcfi  undefined, 55
     540                            .dwcfi  undefined, 56
     541                            .dwcfi  undefined, 57
     542                            .dwcfi  undefined, 58
     543                            .dwcfi  undefined, 59
     544                            .dwcfi  undefined, 60
     545                            .dwcfi  undefined, 61
     546                            .dwcfi  undefined, 62
     547                            .dwcfi  undefined, 63
     548                            .dwcfi  undefined, 64
     549                            .dwcfi  undefined, 65
     550                            .dwcfi  undefined, 66
TMS320C6x Assembler PC v7.4.18 Sun Oct 29 11:14:41 2023

Tools Copyright (c) 1996-2015 Texas Instruments Incorporated
C:\Users\Lenovo\AppData\Local\Temp\1697610                           PAGE   11

     551                            .dwcfi  undefined, 67
     552                            .dwcfi  undefined, 68
     553                            .dwcfi  undefined, 69
     554                            .dwcfi  undefined, 70
     555                            .dwcfi  undefined, 71
     556                            .dwcfi  undefined, 72
     557                            .dwcfi  undefined, 73
     558                            .dwcfi  undefined, 74
     559                            .dwcfi  undefined, 75
     560                            .dwcfi  undefined, 76
     561                            .dwcfi  undefined, 77
     562                            .dwcfi  undefined, 78
     563                            .dwcfi  undefined, 79
     564                            .dwcfi  undefined, 80
     565                            .dwcfi  undefined, 81
     566                            .dwcfi  undefined, 82
     567                            .dwcfi  undefined, 83
     568                            .dwcfi  undefined, 84
     569                            .dwcfi  undefined, 85
     570                            .dwcfi  undefined, 86
     571                            .dwcfi  undefined, 87
     572                            .dwcfi  undefined, 88
     573                            .dwcfi  undefined, 89
     574                            .dwcfi  undefined, 90
     575                            .dwcfi  undefined, 91
     576                            .dwcfi  undefined, 92
     577                            .dwcfi  undefined, 93
     578                            .dwcfi  undefined, 94
     579                            .dwcfi  undefined, 95
     580                            .dwcfi  undefined, 96
     581                            .dwcfi  undefined, 97
     582                            .dwcfi  undefined, 98
     583                            .dwcfi  undefined, 99
     584                            .dwcfi  undefined, 100
     585                            .dwcfi  undefined, 101
     586                            .dwcfi  undefined, 102
     587                            .dwcfi  undefined, 103
     588                            .dwcfi  undefined, 104
     589                            .dwcfi  undefined, 105
     590                            .dwcfi  undefined, 106
     591                            .dwcfi  undefined, 107
     592                            .dwcfi  undefined, 108
     593                            .dwcfi  undefined, 109
     594                            .dwcfi  undefined, 110
     595                            .dwcfi  undefined, 111
     596                            .dwcfi  undefined, 112
     597                            .dwcfi  undefined, 113
     598                            .dwcfi  undefined, 114
     599                            .dwcfi  undefined, 115
     600                            .dwcfi  undefined, 116
     601                            .dwcfi  undefined, 117
     602                            .dwcfi  undefined, 118
     603                            .dwcfi  undefined, 119
     604                            .dwcfi  undefined, 120
     605                            .dwcfi  undefined, 121
TMS320C6x Assembler PC v7.4.18 Sun Oct 29 11:14:41 2023

Tools Copyright (c) 1996-2015 Texas Instruments Incorporated
C:\Users\Lenovo\AppData\Local\Temp\1697610                           PAGE   12

     606                            .dwcfi  undefined, 122
     607                            .dwcfi  undefined, 123
     608                            .dwcfi  undefined, 124
     609                            .dwcfi  undefined, 125
     610                            .dwcfi  undefined, 126
     611                            .dwcfi  undefined, 127
     612                            .dwcfi  undefined, 128
     613                            .dwcfi  undefined, 129
     614                            .dwcfi  undefined, 130
     615                            .dwcfi  undefined, 131
     616                            .dwcfi  undefined, 132
     617                            .dwcfi  undefined, 133
     618                            .dwcfi  undefined, 134
     619                            .dwcfi  undefined, 135
     620                            .dwcfi  undefined, 136
     621                            .dwcfi  undefined, 137
     622                            .dwcfi  undefined, 138
     623                            .dwcfi  undefined, 139
     624                            .dwcfi  undefined, 140
     625                            .dwcfi  undefined, 141
     626                            .dwcfi  undefined, 142
     627                            .dwcfi  undefined, 143
     628                            .dwcfi  undefined, 144
     629                            .dwcfi  undefined, 145
     630                            .dwcfi  undefined, 146
     631                            .dwcfi  undefined, 147
     632                            .dwcfi  undefined, 148
     633                            .dwcfi  undefined, 149
     634                            .dwcfi  undefined, 150
     635                            .dwcfi  undefined, 151
     636                            .dwcfi  undefined, 152
     637                            .dwcfi  undefined, 153
     638                            .dwcfi  undefined, 154
     639                            .dwcfi  undefined, 155
     640                            .dwcfi  undefined, 156
     641                            .dwcfi  undefined, 157
     642                            .dwcfi  undefined, 158
     643                            .dwcfi  undefined, 159
     644                            .dwcfi  undefined, 160
     645                            .dwcfi  undefined, 161
     646                            .dwcfi  undefined, 162
     647                            .dwcfi  undefined, 163
     648                            .dwcfi  undefined, 164
     649                            .dwcfi  undefined, 165
     650                            .dwcfi  undefined, 166
     651                            .dwcfi  undefined, 167
     652                            .dwcfi  undefined, 168
     653                            .dwcfi  undefined, 169
     654                            .dwcfi  undefined, 170
     655                            .dwcfi  undefined, 171
     656                            .dwcfi  undefined, 172
     657                            .dwcfi  undefined, 173
     658                            .dwcfi  undefined, 174
     659                            .dwcfi  undefined, 175
     660                            .dwcfi  undefined, 176
TMS320C6x Assembler PC v7.4.18 Sun Oct 29 11:14:41 2023

Tools Copyright (c) 1996-2015 Texas Instruments Incorporated
C:\Users\Lenovo\AppData\Local\Temp\1697610                           PAGE   13

     661                            .dwcfi  undefined, 177
     662                            .dwcfi  undefined, 178
     663                            .dwcfi  undefined, 179
     664                            .dwcfi  undefined, 180
     665                            .dwcfi  undefined, 181
     666                            .dwcfi  undefined, 182
     667                            .dwcfi  undefined, 183
     668                            .dwcfi  undefined, 184
     669                            .dwcfi  undefined, 185
     670                            .dwcfi  undefined, 186
     671                            .dwcfi  undefined, 187
     672                            .dwcfi  undefined, 188
     673                            .dwcfi  undefined, 189
     674                            .dwcfi  undefined, 190
     675                            .dwcfi  undefined, 191
     676                            .dwcfi  undefined, 192
     677                            .dwcfi  undefined, 193
     678                            .dwcfi  undefined, 194
     679                            .dwcfi  undefined, 195
     680                            .dwcfi  undefined, 196
     681                            .dwcfi  undefined, 197
     682                            .dwcfi  undefined, 198
     683                            .dwcfi  undefined, 199
     684                            .dwcfi  undefined, 200
     685                            .dwcfi  undefined, 201
     686                            .dwcfi  undefined, 202
     687                            .dwcfi  undefined, 203
     688                            .dwcfi  undefined, 204
     689                            .dwcfi  undefined, 205
     690                            .dwcfi  undefined, 206
     691                            .dwcfi  undefined, 207
     692                            .dwcfi  undefined, 208
     693                            .dwcfi  undefined, 209
     694                            .dwcfi  undefined, 210
     695                            .dwcfi  undefined, 211
     696                            .dwcfi  undefined, 212
     697                            .dwcfi  undefined, 213
     698                            .dwcfi  undefined, 214
     699                            .dwcfi  undefined, 215
     700                            .dwcfi  undefined, 216
     701                            .dwcfi  undefined, 217
     702                            .dwcfi  undefined, 218
     703                            .dwcfi  undefined, 219
     704                            .dwcfi  undefined, 220
     705                            .dwcfi  undefined, 221
     706                            .dwcfi  undefined, 222
     707                            .dwcfi  undefined, 223
     708                            .dwcfi  undefined, 224
     709                            .dwcfi  undefined, 225
     710                            .dwcfi  undefined, 226
     711                            .dwcfi  undefined, 227
     712                            .dwcfi  undefined, 228
     713                            .dwendentry
     714                    
     715                    ;***************************************************************
TMS320C6x Assembler PC v7.4.18 Sun Oct 29 11:14:41 2023

Tools Copyright (c) 1996-2015 Texas Instruments Incorporated
C:\Users\Lenovo\AppData\Local\Temp\1697610                           PAGE   14

     716                    ;* DWARF REGISTER MAP                                          *
     717                    ;***************************************************************
     718                    
     719                    $C$DW$18        .dwtag  DW_TAG_TI_assign_register, DW_AT_name("A0")
     720                            .dwattr $C$DW$18, DW_AT_location[DW_OP_reg0]
     721                    $C$DW$19        .dwtag  DW_TAG_TI_assign_register, DW_AT_name("A1")
     722                            .dwattr $C$DW$19, DW_AT_location[DW_OP_reg1]
     723                    $C$DW$20        .dwtag  DW_TAG_TI_assign_register, DW_AT_name("A2")
     724                            .dwattr $C$DW$20, DW_AT_location[DW_OP_reg2]
     725                    $C$DW$21        .dwtag  DW_TAG_TI_assign_register, DW_AT_name("A3")
     726                            .dwattr $C$DW$21, DW_AT_location[DW_OP_reg3]
     727                    $C$DW$22        .dwtag  DW_TAG_TI_assign_register, DW_AT_name("A4")
     728                            .dwattr $C$DW$22, DW_AT_location[DW_OP_reg4]
     729                    $C$DW$23        .dwtag  DW_TAG_TI_assign_register, DW_AT_name("A5")
     730                            .dwattr $C$DW$23, DW_AT_location[DW_OP_reg5]
     731                    $C$DW$24        .dwtag  DW_TAG_TI_assign_register, DW_AT_name("A6")
     732                            .dwattr $C$DW$24, DW_AT_location[DW_OP_reg6]
     733                    $C$DW$25        .dwtag  DW_TAG_TI_assign_register, DW_AT_name("A7")
     734                            .dwattr $C$DW$25, DW_AT_location[DW_OP_reg7]
     735                    $C$DW$26        .dwtag  DW_TAG_TI_assign_register, DW_AT_name("A8")
     736                            .dwattr $C$DW$26, DW_AT_location[DW_OP_reg8]
     737                    $C$DW$27        .dwtag  DW_TAG_TI_assign_register, DW_AT_name("A9")
     738                            .dwattr $C$DW$27, DW_AT_location[DW_OP_reg9]
     739                    $C$DW$28        .dwtag  DW_TAG_TI_assign_register, DW_AT_name("A10")
     740                            .dwattr $C$DW$28, DW_AT_location[DW_OP_reg10]
     741                    $C$DW$29        .dwtag  DW_TAG_TI_assign_register, DW_AT_name("A11")
     742                            .dwattr $C$DW$29, DW_AT_location[DW_OP_reg11]
     743                    $C$DW$30        .dwtag  DW_TAG_TI_assign_register, DW_AT_name("A12")
     744                            .dwattr $C$DW$30, DW_AT_location[DW_OP_reg12]
     745                    $C$DW$31        .dwtag  DW_TAG_TI_assign_register, DW_AT_name("A13")
     746                            .dwattr $C$DW$31, DW_AT_location[DW_OP_reg13]
     747                    $C$DW$32        .dwtag  DW_TAG_TI_assign_register, DW_AT_name("A14")
     748                            .dwattr $C$DW$32, DW_AT_location[DW_OP_reg14]
     749                    $C$DW$33        .dwtag  DW_TAG_TI_assign_register, DW_AT_name("A15")
     750                            .dwattr $C$DW$33, DW_AT_location[DW_OP_reg15]
     751                    $C$DW$34        .dwtag  DW_TAG_TI_assign_register, DW_AT_name("B0")
     752                            .dwattr $C$DW$34, DW_AT_location[DW_OP_reg16]
     753                    $C$DW$35        .dwtag  DW_TAG_TI_assign_register, DW_AT_name("B1")
     754                            .dwattr $C$DW$35, DW_AT_location[DW_OP_reg17]
     755                    $C$DW$36        .dwtag  DW_TAG_TI_assign_register, DW_AT_name("B2")
     756                            .dwattr $C$DW$36, DW_AT_location[DW_OP_reg18]
     757                    $C$DW$37        .dwtag  DW_TAG_TI_assign_register, DW_AT_name("B3")
     758                            .dwattr $C$DW$37, DW_AT_location[DW_OP_reg19]
     759                    $C$DW$38        .dwtag  DW_TAG_TI_assign_register, DW_AT_name("B4")
     760                            .dwattr $C$DW$38, DW_AT_location[DW_OP_reg20]
     761                    $C$DW$39        .dwtag  DW_TAG_TI_assign_register, DW_AT_name("B5")
     762                            .dwattr $C$DW$39, DW_AT_location[DW_OP_reg21]
     763                    $C$DW$40        .dwtag  DW_TAG_TI_assign_register, DW_AT_name("B6")
     764                            .dwattr $C$DW$40, DW_AT_location[DW_OP_reg22]
     765                    $C$DW$41        .dwtag  DW_TAG_TI_assign_register, DW_AT_name("B7")
     766                            .dwattr $C$DW$41, DW_AT_location[DW_OP_reg23]
     767                    $C$DW$42        .dwtag  DW_TAG_TI_assign_register, DW_AT_name("B8")
     768                            .dwattr $C$DW$42, DW_AT_location[DW_OP_reg24]
     769                    $C$DW$43        .dwtag  DW_TAG_TI_assign_register, DW_AT_name("B9")
     770                            .dwattr $C$DW$43, DW_AT_location[DW_OP_reg25]
TMS320C6x Assembler PC v7.4.18 Sun Oct 29 11:14:41 2023

Tools Copyright (c) 1996-2015 Texas Instruments Incorporated
C:\Users\Lenovo\AppData\Local\Temp\1697610                           PAGE   15

     771                    $C$DW$44        .dwtag  DW_TAG_TI_assign_register, DW_AT_name("B10")
     772                            .dwattr $C$DW$44, DW_AT_location[DW_OP_reg26]
     773                    $C$DW$45        .dwtag  DW_TAG_TI_assign_register, DW_AT_name("B11")
     774                            .dwattr $C$DW$45, DW_AT_location[DW_OP_reg27]
     775                    $C$DW$46        .dwtag  DW_TAG_TI_assign_register, DW_AT_name("B12")
     776                            .dwattr $C$DW$46, DW_AT_location[DW_OP_reg28]
     777                    $C$DW$47        .dwtag  DW_TAG_TI_assign_register, DW_AT_name("B13")
     778                            .dwattr $C$DW$47, DW_AT_location[DW_OP_reg29]
     779                    $C$DW$48        .dwtag  DW_TAG_TI_assign_register, DW_AT_name("DP")
     780                            .dwattr $C$DW$48, DW_AT_location[DW_OP_reg30]
     781                    $C$DW$49        .dwtag  DW_TAG_TI_assign_register, DW_AT_name("SP")
     782                            .dwattr $C$DW$49, DW_AT_location[DW_OP_reg31]
     783                    $C$DW$50        .dwtag  DW_TAG_TI_assign_register, DW_AT_name("FP")
     784                            .dwattr $C$DW$50, DW_AT_location[DW_OP_regx 0x20]
     785                    $C$DW$51        .dwtag  DW_TAG_TI_assign_register, DW_AT_name("PC")
     786                            .dwattr $C$DW$51, DW_AT_location[DW_OP_regx 0x21]
     787                    $C$DW$52        .dwtag  DW_TAG_TI_assign_register, DW_AT_name("IRP")
     788                            .dwattr $C$DW$52, DW_AT_location[DW_OP_regx 0x22]
     789                    $C$DW$53        .dwtag  DW_TAG_TI_assign_register, DW_AT_name("IFR")
     790                            .dwattr $C$DW$53, DW_AT_location[DW_OP_regx 0x23]
     791                    $C$DW$54        .dwtag  DW_TAG_TI_assign_register, DW_AT_name("NRP")
     792                            .dwattr $C$DW$54, DW_AT_location[DW_OP_regx 0x24]
     793                    $C$DW$55        .dwtag  DW_TAG_TI_assign_register, DW_AT_name("A16")
     794                            .dwattr $C$DW$55, DW_AT_location[DW_OP_regx 0x25]
     795                    $C$DW$56        .dwtag  DW_TAG_TI_assign_register, DW_AT_name("A17")
     796                            .dwattr $C$DW$56, DW_AT_location[DW_OP_regx 0x26]
     797                    $C$DW$57        .dwtag  DW_TAG_TI_assign_register, DW_AT_name("A18")
     798                            .dwattr $C$DW$57, DW_AT_location[DW_OP_regx 0x27]
     799                    $C$DW$58        .dwtag  DW_TAG_TI_assign_register, DW_AT_name("A19")
     800                            .dwattr $C$DW$58, DW_AT_location[DW_OP_regx 0x28]
     801                    $C$DW$59        .dwtag  DW_TAG_TI_assign_register, DW_AT_name("A20")
     802                            .dwattr $C$DW$59, DW_AT_location[DW_OP_regx 0x29]
     803                    $C$DW$60        .dwtag  DW_TAG_TI_assign_register, DW_AT_name("A21")
     804                            .dwattr $C$DW$60, DW_AT_location[DW_OP_regx 0x2a]
     805                    $C$DW$61        .dwtag  DW_TAG_TI_assign_register, DW_AT_name("A22")
     806                            .dwattr $C$DW$61, DW_AT_location[DW_OP_regx 0x2b]
     807                    $C$DW$62        .dwtag  DW_TAG_TI_assign_register, DW_AT_name("A23")
     808                            .dwattr $C$DW$62, DW_AT_location[DW_OP_regx 0x2c]
     809                    $C$DW$63        .dwtag  DW_TAG_TI_assign_register, DW_AT_name("A24")
     810                            .dwattr $C$DW$63, DW_AT_location[DW_OP_regx 0x2d]
     811                    $C$DW$64        .dwtag  DW_TAG_TI_assign_register, DW_AT_name("A25")
     812                            .dwattr $C$DW$64, DW_AT_location[DW_OP_regx 0x2e]
     813                    $C$DW$65        .dwtag  DW_TAG_TI_assign_register, DW_AT_name("A26")
     814                            .dwattr $C$DW$65, DW_AT_location[DW_OP_regx 0x2f]
     815                    $C$DW$66        .dwtag  DW_TAG_TI_assign_register, DW_AT_name("A27")
     816                            .dwattr $C$DW$66, DW_AT_location[DW_OP_regx 0x30]
     817                    $C$DW$67        .dwtag  DW_TAG_TI_assign_register, DW_AT_name("A28")
     818                            .dwattr $C$DW$67, DW_AT_location[DW_OP_regx 0x31]
     819                    $C$DW$68        .dwtag  DW_TAG_TI_assign_register, DW_AT_name("A29")
     820                            .dwattr $C$DW$68, DW_AT_location[DW_OP_regx 0x32]
     821                    $C$DW$69        .dwtag  DW_TAG_TI_assign_register, DW_AT_name("A30")
     822                            .dwattr $C$DW$69, DW_AT_location[DW_OP_regx 0x33]
     823                    $C$DW$70        .dwtag  DW_TAG_TI_assign_register, DW_AT_name("A31")
     824                            .dwattr $C$DW$70, DW_AT_location[DW_OP_regx 0x34]
     825                    $C$DW$71        .dwtag  DW_TAG_TI_assign_register, DW_AT_name("B16")
TMS320C6x Assembler PC v7.4.18 Sun Oct 29 11:14:41 2023

Tools Copyright (c) 1996-2015 Texas Instruments Incorporated
C:\Users\Lenovo\AppData\Local\Temp\1697610                           PAGE   16

     826                            .dwattr $C$DW$71, DW_AT_location[DW_OP_regx 0x35]
     827                    $C$DW$72        .dwtag  DW_TAG_TI_assign_register, DW_AT_name("B17")
     828                            .dwattr $C$DW$72, DW_AT_location[DW_OP_regx 0x36]
     829                    $C$DW$73        .dwtag  DW_TAG_TI_assign_register, DW_AT_name("B18")
     830                            .dwattr $C$DW$73, DW_AT_location[DW_OP_regx 0x37]
     831                    $C$DW$74        .dwtag  DW_TAG_TI_assign_register, DW_AT_name("B19")
     832                            .dwattr $C$DW$74, DW_AT_location[DW_OP_regx 0x38]
     833                    $C$DW$75        .dwtag  DW_TAG_TI_assign_register, DW_AT_name("B20")
     834                            .dwattr $C$DW$75, DW_AT_location[DW_OP_regx 0x39]
     835                    $C$DW$76        .dwtag  DW_TAG_TI_assign_register, DW_AT_name("B21")
     836                            .dwattr $C$DW$76, DW_AT_location[DW_OP_regx 0x3a]
     837                    $C$DW$77        .dwtag  DW_TAG_TI_assign_register, DW_AT_name("B22")
     838                            .dwattr $C$DW$77, DW_AT_location[DW_OP_regx 0x3b]
     839                    $C$DW$78        .dwtag  DW_TAG_TI_assign_register, DW_AT_name("B23")
     840                            .dwattr $C$DW$78, DW_AT_location[DW_OP_regx 0x3c]
     841                    $C$DW$79        .dwtag  DW_TAG_TI_assign_register, DW_AT_name("B24")
     842                            .dwattr $C$DW$79, DW_AT_location[DW_OP_regx 0x3d]
     843                    $C$DW$80        .dwtag  DW_TAG_TI_assign_register, DW_AT_name("B25")
     844                            .dwattr $C$DW$80, DW_AT_location[DW_OP_regx 0x3e]
     845                    $C$DW$81        .dwtag  DW_TAG_TI_assign_register, DW_AT_name("B26")
     846                            .dwattr $C$DW$81, DW_AT_location[DW_OP_regx 0x3f]
     847                    $C$DW$82        .dwtag  DW_TAG_TI_assign_register, DW_AT_name("B27")
     848                            .dwattr $C$DW$82, DW_AT_location[DW_OP_regx 0x40]
     849                    $C$DW$83        .dwtag  DW_TAG_TI_assign_register, DW_AT_name("B28")
     850                            .dwattr $C$DW$83, DW_AT_location[DW_OP_regx 0x41]
     851                    $C$DW$84        .dwtag  DW_TAG_TI_assign_register, DW_AT_name("B29")
     852                            .dwattr $C$DW$84, DW_AT_location[DW_OP_regx 0x42]
     853                    $C$DW$85        .dwtag  DW_TAG_TI_assign_register, DW_AT_name("B30")
     854                            .dwattr $C$DW$85, DW_AT_location[DW_OP_regx 0x43]
     855                    $C$DW$86        .dwtag  DW_TAG_TI_assign_register, DW_AT_name("B31")
     856                            .dwattr $C$DW$86, DW_AT_location[DW_OP_regx 0x44]
     857                    $C$DW$87        .dwtag  DW_TAG_TI_assign_register, DW_AT_name("AMR")
     858                            .dwattr $C$DW$87, DW_AT_location[DW_OP_regx 0x45]
     859                    $C$DW$88        .dwtag  DW_TAG_TI_assign_register, DW_AT_name("CSR")
     860                            .dwattr $C$DW$88, DW_AT_location[DW_OP_regx 0x46]
     861                    $C$DW$89        .dwtag  DW_TAG_TI_assign_register, DW_AT_name("ISR")
     862                            .dwattr $C$DW$89, DW_AT_location[DW_OP_regx 0x47]
     863                    $C$DW$90        .dwtag  DW_TAG_TI_assign_register, DW_AT_name("ICR")
     864                            .dwattr $C$DW$90, DW_AT_location[DW_OP_regx 0x48]
     865                    $C$DW$91        .dwtag  DW_TAG_TI_assign_register, DW_AT_name("IER")
     866                            .dwattr $C$DW$91, DW_AT_location[DW_OP_regx 0x49]
     867                    $C$DW$92        .dwtag  DW_TAG_TI_assign_register, DW_AT_name("ISTP")
     868                            .dwattr $C$DW$92, DW_AT_location[DW_OP_regx 0x4a]
     869                    $C$DW$93        .dwtag  DW_TAG_TI_assign_register, DW_AT_name("IN")
     870                            .dwattr $C$DW$93, DW_AT_location[DW_OP_regx 0x4b]
     871                    $C$DW$94        .dwtag  DW_TAG_TI_assign_register, DW_AT_name("OUT")
     872                            .dwattr $C$DW$94, DW_AT_location[DW_OP_regx 0x4c]
     873                    $C$DW$95        .dwtag  DW_TAG_TI_assign_register, DW_AT_name("ACR")
     874                            .dwattr $C$DW$95, DW_AT_location[DW_OP_regx 0x4d]
     875                    $C$DW$96        .dwtag  DW_TAG_TI_assign_register, DW_AT_name("ADR")
     876                            .dwattr $C$DW$96, DW_AT_location[DW_OP_regx 0x4e]
     877                    $C$DW$97        .dwtag  DW_TAG_TI_assign_register, DW_AT_name("FADCR")
     878                            .dwattr $C$DW$97, DW_AT_location[DW_OP_regx 0x4f]
     879                    $C$DW$98        .dwtag  DW_TAG_TI_assign_register, DW_AT_name("FAUCR")
     880                            .dwattr $C$DW$98, DW_AT_location[DW_OP_regx 0x50]
TMS320C6x Assembler PC v7.4.18 Sun Oct 29 11:14:41 2023

Tools Copyright (c) 1996-2015 Texas Instruments Incorporated
C:\Users\Lenovo\AppData\Local\Temp\1697610                           PAGE   17

     881                    $C$DW$99        .dwtag  DW_TAG_TI_assign_register, DW_AT_name("FMCR")
     882                            .dwattr $C$DW$99, DW_AT_location[DW_OP_regx 0x51]
     883                    $C$DW$100       .dwtag  DW_TAG_TI_assign_register, DW_AT_name("GFPGFR")
     884                            .dwattr $C$DW$100, DW_AT_location[DW_OP_regx 0x52]
     885                    $C$DW$101       .dwtag  DW_TAG_TI_assign_register, DW_AT_name("DIER")
     886                            .dwattr $C$DW$101, DW_AT_location[DW_OP_regx 0x53]
     887                    $C$DW$102       .dwtag  DW_TAG_TI_assign_register, DW_AT_name("REP")
     888                            .dwattr $C$DW$102, DW_AT_location[DW_OP_regx 0x54]
     889                    $C$DW$103       .dwtag  DW_TAG_TI_assign_register, DW_AT_name("TSCL")
     890                            .dwattr $C$DW$103, DW_AT_location[DW_OP_regx 0x55]
     891                    $C$DW$104       .dwtag  DW_TAG_TI_assign_register, DW_AT_name("TSCH")
     892                            .dwattr $C$DW$104, DW_AT_location[DW_OP_regx 0x56]
     893                    $C$DW$105       .dwtag  DW_TAG_TI_assign_register, DW_AT_name("ARP")
     894                            .dwattr $C$DW$105, DW_AT_location[DW_OP_regx 0x57]
     895                    $C$DW$106       .dwtag  DW_TAG_TI_assign_register, DW_AT_name("ILC")
     896                            .dwattr $C$DW$106, DW_AT_location[DW_OP_regx 0x58]
     897                    $C$DW$107       .dwtag  DW_TAG_TI_assign_register, DW_AT_name("RILC")
     898                            .dwattr $C$DW$107, DW_AT_location[DW_OP_regx 0x59]
     899                    $C$DW$108       .dwtag  DW_TAG_TI_assign_register, DW_AT_name("DNUM")
     900                            .dwattr $C$DW$108, DW_AT_location[DW_OP_regx 0x5a]
     901                    $C$DW$109       .dwtag  DW_TAG_TI_assign_register, DW_AT_name("SSR")
     902                            .dwattr $C$DW$109, DW_AT_location[DW_OP_regx 0x5b]
     903                    $C$DW$110       .dwtag  DW_TAG_TI_assign_register, DW_AT_name("GPLYA")
     904                            .dwattr $C$DW$110, DW_AT_location[DW_OP_regx 0x5c]
     905                    $C$DW$111       .dwtag  DW_TAG_TI_assign_register, DW_AT_name("GPLYB")
     906                            .dwattr $C$DW$111, DW_AT_location[DW_OP_regx 0x5d]
     907                    $C$DW$112       .dwtag  DW_TAG_TI_assign_register, DW_AT_name("TSR")
     908                            .dwattr $C$DW$112, DW_AT_location[DW_OP_regx 0x5e]
     909                    $C$DW$113       .dwtag  DW_TAG_TI_assign_register, DW_AT_name("ITSR")
     910                            .dwattr $C$DW$113, DW_AT_location[DW_OP_regx 0x5f]
     911                    $C$DW$114       .dwtag  DW_TAG_TI_assign_register, DW_AT_name("NTSR")
     912                            .dwattr $C$DW$114, DW_AT_location[DW_OP_regx 0x60]
     913                    $C$DW$115       .dwtag  DW_TAG_TI_assign_register, DW_AT_name("EFR")
     914                            .dwattr $C$DW$115, DW_AT_location[DW_OP_regx 0x61]
     915                    $C$DW$116       .dwtag  DW_TAG_TI_assign_register, DW_AT_name("ECR")
     916                            .dwattr $C$DW$116, DW_AT_location[DW_OP_regx 0x62]
     917                    $C$DW$117       .dwtag  DW_TAG_TI_assign_register, DW_AT_name("IERR")
     918                            .dwattr $C$DW$117, DW_AT_location[DW_OP_regx 0x63]
     919                    $C$DW$118       .dwtag  DW_TAG_TI_assign_register, DW_AT_name("DMSG")
     920                            .dwattr $C$DW$118, DW_AT_location[DW_OP_regx 0x64]
     921                    $C$DW$119       .dwtag  DW_TAG_TI_assign_register, DW_AT_name("CMSG")
     922                            .dwattr $C$DW$119, DW_AT_location[DW_OP_regx 0x65]
     923                    $C$DW$120       .dwtag  DW_TAG_TI_assign_register, DW_AT_name("DT_DMA_ADDR")
     924                            .dwattr $C$DW$120, DW_AT_location[DW_OP_regx 0x66]
     925                    $C$DW$121       .dwtag  DW_TAG_TI_assign_register, DW_AT_name("DT_DMA_DATA")
     926                            .dwattr $C$DW$121, DW_AT_location[DW_OP_regx 0x67]
     927                    $C$DW$122       .dwtag  DW_TAG_TI_assign_register, DW_AT_name("DT_DMA_CNTL")
     928                            .dwattr $C$DW$122, DW_AT_location[DW_OP_regx 0x68]
     929                    $C$DW$123       .dwtag  DW_TAG_TI_assign_register, DW_AT_name("TCU_CNTL")
     930                            .dwattr $C$DW$123, DW_AT_location[DW_OP_regx 0x69]
     931                    $C$DW$124       .dwtag  DW_TAG_TI_assign_register, DW_AT_name("RTDX_REC_CNTL")
     932                            .dwattr $C$DW$124, DW_AT_location[DW_OP_regx 0x6a]
     933                    $C$DW$125       .dwtag  DW_TAG_TI_assign_register, DW_AT_name("RTDX_XMT_CNTL")
     934                            .dwattr $C$DW$125, DW_AT_location[DW_OP_regx 0x6b]
     935                    $C$DW$126       .dwtag  DW_TAG_TI_assign_register, DW_AT_name("RTDX_CFG")
TMS320C6x Assembler PC v7.4.18 Sun Oct 29 11:14:41 2023

Tools Copyright (c) 1996-2015 Texas Instruments Incorporated
C:\Users\Lenovo\AppData\Local\Temp\1697610                           PAGE   18

     936                            .dwattr $C$DW$126, DW_AT_location[DW_OP_regx 0x6c]
     937                    $C$DW$127       .dwtag  DW_TAG_TI_assign_register, DW_AT_name("RTDX_RDATA")
     938                            .dwattr $C$DW$127, DW_AT_location[DW_OP_regx 0x6d]
     939                    $C$DW$128       .dwtag  DW_TAG_TI_assign_register, DW_AT_name("RTDX_WDATA")
     940                            .dwattr $C$DW$128, DW_AT_location[DW_OP_regx 0x6e]
     941                    $C$DW$129       .dwtag  DW_TAG_TI_assign_register, DW_AT_name("RTDX_RADDR")
     942                            .dwattr $C$DW$129, DW_AT_location[DW_OP_regx 0x6f]
     943                    $C$DW$130       .dwtag  DW_TAG_TI_assign_register, DW_AT_name("RTDX_WADDR")
     944                            .dwattr $C$DW$130, DW_AT_location[DW_OP_regx 0x70]
     945                    $C$DW$131       .dwtag  DW_TAG_TI_assign_register, DW_AT_name("MFREG0")
     946                            .dwattr $C$DW$131, DW_AT_location[DW_OP_regx 0x71]
     947                    $C$DW$132       .dwtag  DW_TAG_TI_assign_register, DW_AT_name("DBG_STAT")
     948                            .dwattr $C$DW$132, DW_AT_location[DW_OP_regx 0x72]
     949                    $C$DW$133       .dwtag  DW_TAG_TI_assign_register, DW_AT_name("BRK_EN")
     950                            .dwattr $C$DW$133, DW_AT_location[DW_OP_regx 0x73]
     951                    $C$DW$134       .dwtag  DW_TAG_TI_assign_register, DW_AT_name("HWBP0_CNT")
     952                            .dwattr $C$DW$134, DW_AT_location[DW_OP_regx 0x74]
     953                    $C$DW$135       .dwtag  DW_TAG_TI_assign_register, DW_AT_name("HWBP0")
     954                            .dwattr $C$DW$135, DW_AT_location[DW_OP_regx 0x75]
     955                    $C$DW$136       .dwtag  DW_TAG_TI_assign_register, DW_AT_name("HWBP1")
     956                            .dwattr $C$DW$136, DW_AT_location[DW_OP_regx 0x76]
     957                    $C$DW$137       .dwtag  DW_TAG_TI_assign_register, DW_AT_name("HWBP2")
     958                            .dwattr $C$DW$137, DW_AT_location[DW_OP_regx 0x77]
     959                    $C$DW$138       .dwtag  DW_TAG_TI_assign_register, DW_AT_name("HWBP3")
     960                            .dwattr $C$DW$138, DW_AT_location[DW_OP_regx 0x78]
     961                    $C$DW$139       .dwtag  DW_TAG_TI_assign_register, DW_AT_name("OVERLAY")
     962                            .dwattr $C$DW$139, DW_AT_location[DW_OP_regx 0x79]
     963                    $C$DW$140       .dwtag  DW_TAG_TI_assign_register, DW_AT_name("PC_PROF")
     964                            .dwattr $C$DW$140, DW_AT_location[DW_OP_regx 0x7a]
     965                    $C$DW$141       .dwtag  DW_TAG_TI_assign_register, DW_AT_name("ATSR")
     966                            .dwattr $C$DW$141, DW_AT_location[DW_OP_regx 0x7b]
     967                    $C$DW$142       .dwtag  DW_TAG_TI_assign_register, DW_AT_name("TRR")
     968                            .dwattr $C$DW$142, DW_AT_location[DW_OP_regx 0x7c]
     969                    $C$DW$143       .dwtag  DW_TAG_TI_assign_register, DW_AT_name("TCRR")
     970                            .dwattr $C$DW$143, DW_AT_location[DW_OP_regx 0x7d]
     971                    $C$DW$144       .dwtag  DW_TAG_TI_assign_register, DW_AT_name("DESR")
     972                            .dwattr $C$DW$144, DW_AT_location[DW_OP_regx 0x7e]
     973                    $C$DW$145       .dwtag  DW_TAG_TI_assign_register, DW_AT_name("DETR")
     974                            .dwattr $C$DW$145, DW_AT_location[DW_OP_regx 0x7f]
     975                    $C$DW$146       .dwtag  DW_TAG_TI_assign_register, DW_AT_name("CIE_RETA")
     976                            .dwattr $C$DW$146, DW_AT_location[DW_OP_regx 0xe4]
     977                            .dwendtag $C$DW$CU
     978                    

No Assembly Errors, No Assembly Warnings
