TMS320C6x Assembler PC v7.4.18 Mon Oct 02 10:49:27 2023

Tools Copyright (c) 1996-2015 Texas Instruments Incorporated
C:\Users\Lenovo\AppData\Local\Temp\0523210                           PAGE    1

       1                    ;******************************************************************************
       2                    ;* TMS320C6x C/C++ Codegen                                         PC v7.4.18 *
       3                    ;* Date/Time created: Mon Oct 02 10:49:27 2023                                *
       4                    ;******************************************************************************
       5                            .compiler_opts --abi=coffabi --c64p_l1d_workaround=default --endian=little --hll_source=on --l
       6                    
       7                    ;******************************************************************************
       8                    ;* GLOBAL FILE PARAMETERS                                                     *
       9                    ;*                                                                            *
      10                    ;*   Architecture      : TMS320C670x                                          *
      11                    ;*   Optimization      : Disabled                                             *
      12                    ;*   Optimizing for    : Compile time, Ease of Development                    *
      13                    ;*                       Based on options: no -o, no -ms                      *
      14                    ;*   Endian            : Little                                               *
      15                    ;*   Interrupt Thrshld : Disabled                                             *
      16                    ;*   Data Access Model : Far                                                  *
      17                    ;*   Pipelining        : Disabled                                             *
      18                    ;*   Memory Aliases    : Presume are aliases (pessimistic)                    *
      19                    ;*   Debug Info        : DWARF Debug                                          *
      20                    ;*                                                                            *
      21                    ;******************************************************************************
      22                    
      23                            .asg    A15, FP
      24                            .asg    B14, DP
      25                            .asg    B15, SP
      26                            .global $bss
      27                    
      28                    
      29                    $C$DW$CU        .dwtag  DW_TAG_compile_unit
      30                            .dwattr $C$DW$CU, DW_AT_name("../main.c")
      31                            .dwattr $C$DW$CU, DW_AT_producer("TMS320C6x C/C++ Codegen PC v7.4.18 Copyright (c) 1996-2015 T
      32                            .dwattr $C$DW$CU, DW_AT_TI_version(0x01)
      33                            .dwattr $C$DW$CU, DW_AT_comp_dir("D:\ti_v6_2\DSP_Worspace_2023_Gr1\TP1_GenSignaux\Debug")
      34                    ;*****************************************************************************
      35                    ;* CINIT RECORDS                                                             *
      36                    ;*****************************************************************************
      37 00000000                   .sect   ".cinit"
      38                            .align  8
      39 00000000 00000080          .field          $C$IR_1,32
      40 00000004 00000000-         .field          _SinTable+0,32
      41 00000008 00000000          .bits   0,16                    ; _SinTable[0] @ 0
      42 00000008 01910000          .bits   401,16                  ; _SinTable[1] @ 16
      43 0000000c 0000031F          .bits   799,16                  ; _SinTable[2] @ 32
      44 0000000c 04A5031F          .bits   1189,16                 ; _SinTable[3] @ 48
      45 00000010 0000061F          .bits   1567,16                 ; _SinTable[4] @ 64
      46 00000010 078B061F          .bits   1931,16                 ; _SinTable[5] @ 80
      47 00000014 000008E4          .bits   2276,16                 ; _SinTable[6] @ 96
      48 00000014 0A2608E4          .bits   2598,16                 ; _SinTable[7] @ 112
      49 00000018 00000B50          .bits   2896,16                 ; _SinTable[8] @ 128
      50 00000018 0C5E0B50          .bits   3166,16                 ; _SinTable[9] @ 144
      51 0000001c 00000D4E          .bits   3406,16                 ; _SinTable[10] @ 160
      52 0000001c 0E1C0D4E          .bits   3612,16                 ; _SinTable[11] @ 176
      53 00000020 00000EC8          .bits   3784,16                 ; _SinTable[12] @ 192
      54 00000020 0F500EC8          .bits   3920,16                 ; _SinTable[13] @ 208
      55 00000024 00000FB1          .bits   4017,16                 ; _SinTable[14] @ 224
TMS320C6x Assembler PC v7.4.18 Mon Oct 02 10:49:27 2023

Tools Copyright (c) 1996-2015 Texas Instruments Incorporated
C:\Users\Lenovo\AppData\Local\Temp\0523210                           PAGE    2

      56 00000024 0FEC0FB1          .bits   4076,16                 ; _SinTable[15] @ 240
      57 00000028 00001000          .bits   4096,16                 ; _SinTable[16] @ 256
      58 00000028 0FEC1000          .bits   4076,16                 ; _SinTable[17] @ 272
      59 0000002c 00000FB1          .bits   4017,16                 ; _SinTable[18] @ 288
      60 0000002c 0F500FB1          .bits   3920,16                 ; _SinTable[19] @ 304
      61 00000030 00000EC8          .bits   3784,16                 ; _SinTable[20] @ 320
      62 00000030 0E1C0EC8          .bits   3612,16                 ; _SinTable[21] @ 336
      63 00000034 00000D4E          .bits   3406,16                 ; _SinTable[22] @ 352
      64 00000034 0C5E0D4E          .bits   3166,16                 ; _SinTable[23] @ 368
      65 00000038 00000B50          .bits   2896,16                 ; _SinTable[24] @ 384
      66 00000038 0A260B50          .bits   2598,16                 ; _SinTable[25] @ 400
      67 0000003c 000008E4          .bits   2276,16                 ; _SinTable[26] @ 416
      68 0000003c 078B08E4          .bits   1931,16                 ; _SinTable[27] @ 432
      69 00000040 0000061F          .bits   1567,16                 ; _SinTable[28] @ 448
      70 00000040 04A5061F          .bits   1189,16                 ; _SinTable[29] @ 464
      71 00000044 0000031F          .bits   799,16                  ; _SinTable[30] @ 480
      72 00000044 0191031F          .bits   401,16                  ; _SinTable[31] @ 496
      73 00000048 00000000          .bits   0,16                    ; _SinTable[32] @ 512
      74 00000048 FE6F0000          .bits   65135,16                        ; _SinTable[33] @ 528
      75 0000004c 0000FCE1          .bits   64737,16                        ; _SinTable[34] @ 544
      76 0000004c FB5BFCE1          .bits   64347,16                        ; _SinTable[35] @ 560
      77 00000050 0000F9E1          .bits   63969,16                        ; _SinTable[36] @ 576
      78 00000050 F875F9E1          .bits   63605,16                        ; _SinTable[37] @ 592
      79 00000054 0000F71C          .bits   63260,16                        ; _SinTable[38] @ 608
      80 00000054 F5DAF71C          .bits   62938,16                        ; _SinTable[39] @ 624
      81 00000058 0000F4B0          .bits   62640,16                        ; _SinTable[40] @ 640
      82 00000058 F3A2F4B0          .bits   62370,16                        ; _SinTable[41] @ 656
      83 0000005c 0000F2B2          .bits   62130,16                        ; _SinTable[42] @ 672
      84 0000005c F1E4F2B2          .bits   61924,16                        ; _SinTable[43] @ 688
      85 00000060 0000F138          .bits   61752,16                        ; _SinTable[44] @ 704
      86 00000060 F0B0F138          .bits   61616,16                        ; _SinTable[45] @ 720
      87 00000064 0000F04F          .bits   61519,16                        ; _SinTable[46] @ 736
      88 00000064 F014F04F          .bits   61460,16                        ; _SinTable[47] @ 752
      89 00000068 0000F000          .bits   61440,16                        ; _SinTable[48] @ 768
      90 00000068 F014F000          .bits   61460,16                        ; _SinTable[49] @ 784
      91 0000006c 0000F04F          .bits   61519,16                        ; _SinTable[50] @ 800
      92 0000006c F0B0F04F          .bits   61616,16                        ; _SinTable[51] @ 816
      93 00000070 0000F138          .bits   61752,16                        ; _SinTable[52] @ 832
      94 00000070 F1E4F138          .bits   61924,16                        ; _SinTable[53] @ 848
      95 00000074 0000F2B2          .bits   62130,16                        ; _SinTable[54] @ 864
      96 00000074 F3A2F2B2          .bits   62370,16                        ; _SinTable[55] @ 880
      97 00000078 0000F4B0          .bits   62640,16                        ; _SinTable[56] @ 896
      98 00000078 F5DAF4B0          .bits   62938,16                        ; _SinTable[57] @ 912
      99 0000007c 0000F71C          .bits   63260,16                        ; _SinTable[58] @ 928
     100 0000007c F875F71C          .bits   63605,16                        ; _SinTable[59] @ 944
     101 00000080 0000F9E1          .bits   63969,16                        ; _SinTable[60] @ 960
     102 00000080 FB5BF9E1          .bits   64347,16                        ; _SinTable[61] @ 976
     103 00000084 0000FCE1          .bits   64737,16                        ; _SinTable[62] @ 992
     104 00000084 FE6FFCE1          .bits   65135,16                        ; _SinTable[63] @ 1008
     105          00000080  $C$IR_1:        .set    128
     106                    
     107 00000088                   .sect   ".cinit"
     108                            .align  8
     109 00000088 00000004          .field          4,32
     110 0000008c 00000080-         .field          _fs+0,32
TMS320C6x Assembler PC v7.4.18 Mon Oct 02 10:49:27 2023

Tools Copyright (c) 1996-2015 Texas Instruments Incorporated
C:\Users\Lenovo\AppData\Local\Temp\0523210                           PAGE    3

     111 00000090 00000001          .bits   1,32                    ; _fs @ 0
     112                    
     113 00000094                   .sect   ".cinit"
     114                            .align  8
     115 00000098 00000002          .field          2,32
     116 0000009c 0000010C-         .field          _GAIN+0,32
     117 000000a0 00000001          .bits   1,16                    ; _GAIN @ 0
     118                    
     119 000000a2                   .sect   ".cinit"
     120                            .align  8
     121 000000a8 00000002          .field          2,32
     122 000000ac 0000010E-         .field          _STEP+0,32
     123 000000b0 00000001          .bits   1,16                    ; _STEP @ 0
     124                    
     125                    
     126                    $C$DW$1 .dwtag  DW_TAG_subprogram, DW_AT_name("output_left_sample")
     127                            .dwattr $C$DW$1, DW_AT_TI_symbol_name("_output_left_sample")
     128                            .dwattr $C$DW$1, DW_AT_declaration
     129                            .dwattr $C$DW$1, DW_AT_external
     130                    $C$DW$2 .dwtag  DW_TAG_formal_parameter
     131                            .dwattr $C$DW$2, DW_AT_type(*$C$DW$T$10)
     132                            .dwendtag $C$DW$1
     133                    
     134                    
     135                    $C$DW$3 .dwtag  DW_TAG_subprogram, DW_AT_name("comm_intr")
     136                            .dwattr $C$DW$3, DW_AT_TI_symbol_name("_comm_intr")
     137                            .dwattr $C$DW$3, DW_AT_declaration
     138                            .dwattr $C$DW$3, DW_AT_external
     139                            .global _SinTable
     140 00000000           _SinTable:      .usect  ".far",128,4
     141                    $C$DW$4 .dwtag  DW_TAG_variable, DW_AT_name("SinTable")
     142                            .dwattr $C$DW$4, DW_AT_TI_symbol_name("_SinTable")
     143                            .dwattr $C$DW$4, DW_AT_location[DW_OP_addr _SinTable]
     144                            .dwattr $C$DW$4, DW_AT_type(*$C$DW$T$23)
     145                            .dwattr $C$DW$4, DW_AT_external
     146                            .global _fs
     147 00000080           _fs:    .usect  ".far",4,4
     148                    $C$DW$5 .dwtag  DW_TAG_variable, DW_AT_name("fs")
     149                            .dwattr $C$DW$5, DW_AT_TI_symbol_name("_fs")
     150                            .dwattr $C$DW$5, DW_AT_location[DW_OP_addr _fs]
     151                            .dwattr $C$DW$5, DW_AT_type(*$C$DW$T$27)
     152                            .dwattr $C$DW$5, DW_AT_external
     153                            .global _Xn
     154 00000084           _Xn:    .usect  ".far",2,2
     155                    $C$DW$6 .dwtag  DW_TAG_variable, DW_AT_name("Xn")
     156                            .dwattr $C$DW$6, DW_AT_TI_symbol_name("_Xn")
     157                            .dwattr $C$DW$6, DW_AT_location[DW_OP_addr _Xn]
     158                            .dwattr $C$DW$6, DW_AT_type(*$C$DW$T$8)
     159                            .dwattr $C$DW$6, DW_AT_external
     160                            .global _XnBuffer
     161 00000088           _XnBuffer:      .usect  ".far",128,4
     162                    $C$DW$7 .dwtag  DW_TAG_variable, DW_AT_name("XnBuffer")
     163                            .dwattr $C$DW$7, DW_AT_TI_symbol_name("_XnBuffer")
     164                            .dwattr $C$DW$7, DW_AT_location[DW_OP_addr _XnBuffer]
     165                            .dwattr $C$DW$7, DW_AT_type(*$C$DW$T$23)
TMS320C6x Assembler PC v7.4.18 Mon Oct 02 10:49:27 2023

Tools Copyright (c) 1996-2015 Texas Instruments Incorporated
C:\Users\Lenovo\AppData\Local\Temp\0523210                           PAGE    4

     166                            .dwattr $C$DW$7, DW_AT_external
     167                            .global _i
     168 00000108           _i:     .usect  ".far",2,2
     169                    $C$DW$8 .dwtag  DW_TAG_variable, DW_AT_name("i")
     170                            .dwattr $C$DW$8, DW_AT_TI_symbol_name("_i")
     171                            .dwattr $C$DW$8, DW_AT_location[DW_OP_addr _i]
     172                            .dwattr $C$DW$8, DW_AT_type(*$C$DW$T$25)
     173                            .dwattr $C$DW$8, DW_AT_external
     174                            .global _j
     175 0000010a           _j:     .usect  ".far",2,2
     176                    $C$DW$9 .dwtag  DW_TAG_variable, DW_AT_name("j")
     177                            .dwattr $C$DW$9, DW_AT_TI_symbol_name("_j")
     178                            .dwattr $C$DW$9, DW_AT_location[DW_OP_addr _j]
     179                            .dwattr $C$DW$9, DW_AT_type(*$C$DW$T$25)
     180                            .dwattr $C$DW$9, DW_AT_external
     181                            .global _GAIN
     182 0000010c           _GAIN:  .usect  ".far",2,2
     183                    $C$DW$10        .dwtag  DW_TAG_variable, DW_AT_name("GAIN")
     184                            .dwattr $C$DW$10, DW_AT_TI_symbol_name("_GAIN")
     185                            .dwattr $C$DW$10, DW_AT_location[DW_OP_addr _GAIN]
     186                            .dwattr $C$DW$10, DW_AT_type(*$C$DW$T$25)
     187                            .dwattr $C$DW$10, DW_AT_external
     188                            .global _STEP
     189 0000010e           _STEP:  .usect  ".far",2,2
     190                    $C$DW$11        .dwtag  DW_TAG_variable, DW_AT_name("STEP")
     191                            .dwattr $C$DW$11, DW_AT_TI_symbol_name("_STEP")
     192                            .dwattr $C$DW$11, DW_AT_location[DW_OP_addr _STEP]
     193                            .dwattr $C$DW$11, DW_AT_type(*$C$DW$T$25)
     194                            .dwattr $C$DW$11, DW_AT_external
     195                    ;       D:\ti_v6_2\ccsv6\tools\compiler\c6000_7.4.18\bin\acp6x.exe -@C:\\Users\\Lenovo\\AppData\\Local
     196 00000000                   .sect   ".text:retain"
     197                            .retain
     198                            .retainrefs
     199                            .global _c_int11
     200                    
     201                    $C$DW$12        .dwtag  DW_TAG_subprogram, DW_AT_name("c_int11")
     202                            .dwattr $C$DW$12, DW_AT_low_pc(_c_int11)
     203                            .dwattr $C$DW$12, DW_AT_high_pc(0x00)
     204                            .dwattr $C$DW$12, DW_AT_TI_symbol_name("_c_int11")
     205                            .dwattr $C$DW$12, DW_AT_external
     206                            .dwattr $C$DW$12, DW_AT_TI_begin_file("../main.c")
     207                            .dwattr $C$DW$12, DW_AT_TI_begin_line(0x10)
     208                            .dwattr $C$DW$12, DW_AT_TI_begin_column(0x10)
     209                            .dwattr $C$DW$12, DW_AT_TI_interrupt
     210                            .dwattr $C$DW$12, DW_AT_TI_max_frame_size(0x50)
     211                            .dwpsn  file "../main.c",line 17,column 1,is_stmt,address _c_int11
     212                    
     213                            .dwfde $C$DW$CIE, _c_int11
     214                    
     215                    ;******************************************************************************
     216                    ;* FUNCTION NAME: c_int11                                                     *
     217                    ;*                                                                            *
     218                    ;*   Regs Modified     : A0,A1,A2,A3,A4,A5,A6,A7,A8,A9,B0,B1,B2,B3,B4,B5,B6,  *
     219                    ;*                           B7,B8,B9,SP                                      *
     220                    ;*   Regs Used         : A0,A1,A2,A3,A4,A5,A6,A7,A8,A9,B0,B1,B2,B3,B4,B5,B6,  *
TMS320C6x Assembler PC v7.4.18 Mon Oct 02 10:49:27 2023

Tools Copyright (c) 1996-2015 Texas Instruments Incorporated
C:\Users\Lenovo\AppData\Local\Temp\0523210                           PAGE    5

     221                    ;*                           B7,B8,B9,DP,SP                                   *
     222                    ;*   Local Frame Size  : 0 Args + 0 Auto + 80 Save = 80 byte                  *
     223                    ;******************************************************************************
     224 00000000           _c_int11:
     225                    ;** --------------------------------------------------------------------------*
     226                            .dwcfi  cfa_offset, 0
     227                            .dwcfi  save_reg_to_reg, 228, 19
     228 00000000 04BE94F6             STW     .D2T2   B9,*SP--(80)      ; |17| 
     229                            .dwcfi  cfa_offset, 80
     230                            .dwcfi  save_reg_to_mem, 25, 0
     231 00000004 043E62F6             STW     .D2T2   B8,*+SP(76)       ; |17| 
     232                            .dwcfi  save_reg_to_mem, 24, -4
     233 00000008 03BE42F6             STW     .D2T2   B7,*+SP(72)       ; |17| 
     234                            .dwcfi  save_reg_to_mem, 23, -8
     235 0000000c 033E22F6             STW     .D2T2   B6,*+SP(68)       ; |17| 
     236                            .dwcfi  save_reg_to_mem, 22, -12
     237 00000010 02BE02F6             STW     .D2T2   B5,*+SP(64)       ; |17| 
     238                            .dwcfi  save_reg_to_mem, 21, -16
     239 00000014 023DE2F6             STW     .D2T2   B4,*+SP(60)       ; |17| 
     240                            .dwcfi  save_reg_to_mem, 20, -20
     241 00000018 01BDC2F6             STW     .D2T2   B3,*+SP(56)       ; |17| 
     242                            .dwcfi  save_reg_to_mem, 19, -24
     243 0000001c 013DA2F6             STW     .D2T2   B2,*+SP(52)       ; |17| 
     244                            .dwcfi  save_reg_to_mem, 18, -28
     245 00000020 00BD82F6             STW     .D2T2   B1,*+SP(48)       ; |17| 
     246                            .dwcfi  save_reg_to_mem, 17, -32
     247 00000024 003D62F6             STW     .D2T2   B0,*+SP(44)       ; |17| 
     248                            .dwcfi  save_reg_to_mem, 16, -36
     249 00000028 04BD42F4             STW     .D2T1   A9,*+SP(40)       ; |17| 
     250                            .dwcfi  save_reg_to_mem, 9, -40
     251 0000002c 043D22F4             STW     .D2T1   A8,*+SP(36)       ; |17| 
     252                            .dwcfi  save_reg_to_mem, 8, -44
     253 00000030 03BD02F4             STW     .D2T1   A7,*+SP(32)       ; |17| 
     254                            .dwcfi  save_reg_to_mem, 7, -48
     255 00000034 033CE2F4             STW     .D2T1   A6,*+SP(28)       ; |17| 
     256                            .dwcfi  save_reg_to_mem, 6, -52
     257 00000038 02BCC2F4             STW     .D2T1   A5,*+SP(24)       ; |17| 
     258                            .dwcfi  save_reg_to_mem, 5, -56
     259 0000003c 023CA2F4             STW     .D2T1   A4,*+SP(20)       ; |17| 
     260                            .dwcfi  save_reg_to_mem, 4, -60
     261 00000040 01BC82F4             STW     .D2T1   A3,*+SP(16)       ; |17| 
     262                            .dwcfi  save_reg_to_mem, 3, -64
     263 00000044 013C62F4             STW     .D2T1   A2,*+SP(12)       ; |17| 
     264                            .dwcfi  save_reg_to_mem, 2, -68
     265 00000048 00BC42F4             STW     .D2T1   A1,*+SP(8)        ; |17| 
     266                            .dwcfi  save_reg_to_mem, 1, -72
     267 0000004c 003C22F4             STW     .D2T1   A0,*+SP(4)        ; |17| 
     268                            .dwcfi  save_reg_to_mem, 0, -76
     269                            .dwpsn  file "../main.c",line 18,column 2,is_stmt
     270 00000050 0200852A-            MVKL    .S2     _j,B4
     271 00000054 0200006A-            MVKH    .S2     _j,B4
     272 00000058 02900286             LDHU    .D2T2   *B4,B5            ; |18| 
     273 0000005c 0200002A-            MVKL    .S2     _SinTable,B4
     274 00000060 01808628-            MVKL    .S1     _GAIN,A3
     275 00000064 0200006A-            MVKH    .S2     _SinTable,B4
TMS320C6x Assembler PC v7.4.18 Mon Oct 02 10:49:27 2023

Tools Copyright (c) 1996-2015 Texas Instruments Incorporated
C:\Users\Lenovo\AppData\Local\Temp\0523210                           PAGE    6

     276 00000068 01800068-            MVKH    .S1     _GAIN,A3
     277                    
     278 0000006c 0210AAC7             LDH     .D2T2   *+B4[B5],B4       ; |18| 
     279 00000070 018C0204  ||         LDHU    .D1T1   *A3,A3            ; |18| 
     280                    
     281 00000074 02004228-            MVKL    .S1     _Xn,A4
     282 00000078 02000068-            MVKH    .S1     _Xn,A4
     283 0000007c 00002000             NOP             2
     284 00000080 01907E80             MPYUS   .M1X    A3,B4,A3          ; |18| 
     285 00000084 00000000             NOP             1
     286 00000088 01900254             STH     .D1T1   A3,*A4            ; |18| 
     287                            .dwpsn  file "../main.c",line 19,column 2,is_stmt
     288 0000008c 0200842A-            MVKL    .S2     _i,B4
     289                    
     290 00000090 0200006B-            MVKH    .S2     _i,B4
     291 00000094 01900058  ||         MV      .L1     A4,A3             ; |19| 
     292                    
     293 00000098 02900287             LDHU    .D2T2   *B4,B5            ; |19| 
     294 0000009c 018C0244  ||         LDH     .D1T1   *A3,A3            ; |19| 
     295                    
     296 000000a0 0200442A-            MVKL    .S2     _XnBuffer,B4
     297 000000a4 0200006A-            MVKH    .S2     _XnBuffer,B4
     298 000000a8 00002000             NOP             2
     299 000000ac 0190AAD4             STH     .D2T1   A3,*+B4[B5]       ; |19| 
     300                            .dwpsn  file "../main.c",line 20,column 2,is_stmt
     301 000000b0 0200842A-            MVKL    .S2     _i,B4
     302 000000b4 0200006A-            MVKH    .S2     _i,B4
     303 000000b8 02100286             LDHU    .D2T2   *B4,B4            ; |20| 
     304 000000bc 01801FA8             MVK     .S1     63,A3             ; |20| 
     305 000000c0 018FEDD8             NOT     .L1     A3,A3             ; |20| 
     306 000000c4 0280842A-            MVKL    .S2     _i,B5
     307 000000c8 0280006A-            MVKH    .S2     _i,B5
     308 000000cc 0210205A             ADD     .L2     1,B4,B4           ; |20| 
     309 000000d0 0310ADA2             SHR     .S2     B4,5,B6           ; |20| 
     310 000000d4 031B49A2             SHRU    .S2     B6,26,B6          ; |20| 
     311 000000d8 0310C07A             ADD     .L2     B6,B4,B6          ; |20| 
     312 000000dc 01987F78             AND     .L1X    A3,B6,A3          ; |20| 
     313 000000e0 018C92F8             SUB     .L1X    B4,A3,A3          ; |20| 
     314 000000e4 019402D4             STH     .D2T1   A3,*B5            ; |20| 
     315                            .dwpsn  file "../main.c",line 21,column 2,is_stmt
     316 000000e8 0200872A-            MVKL    .S2     _STEP,B4
     317                    
     318 000000ec 0200006B-            MVKH    .S2     _STEP,B4
     319 000000f0 01941058  ||         MV      .L1X    B5,A3
     320                    
     321 000000f4 02100287             LDHU    .D2T2   *B4,B4            ; |21| 
     322 000000f8 018C0204  ||         LDHU    .D1T1   *A3,A3            ; |21| 
     323                    
     324 000000fc 02808528-            MVKL    .S1     _j,A5
     325 00000100 02800068-            MVKH    .S1     _j,A5
     326 00000104 00002000             NOP             2
     327 00000108 02107F80             MPYU    .M1X    B4,A3,A4          ; |21| 
     328 0000010c 02001FAA             MVK     .S2     63,B4             ; |21| 
     329 00000110 0190ADA0             SHR     .S1     A4,5,A3           ; |21| 
     330 00000114 018F49A0             SHRU    .S1     A3,26,A3          ; |21| 
TMS320C6x Assembler PC v7.4.18 Mon Oct 02 10:49:27 2023

Tools Copyright (c) 1996-2015 Texas Instruments Incorporated
C:\Users\Lenovo\AppData\Local\Temp\0523210                           PAGE    7

     331                    
     332 00000118 01906079             ADD     .L1     A3,A4,A3          ; |21| 
     333 0000011c 0213EDDA  ||         NOT     .L2     B4,B4             ; |21| 
     334                    
     335 00000120 020C9F7A             AND     .L2X    B4,A3,B4          ; |21| 
     336 00000124 021092FA             SUB     .L2X    A4,B4,B4          ; |21| 
     337 00000128 02140256             STH     .D1T2   B4,*A5            ; |21| 
     338                            .dwpsn  file "../main.c",line 22,column 2,is_stmt
     339 0000012c 01804228-            MVKL    .S1     _Xn,A3
     340                    $C$DW$13        .dwtag  DW_TAG_TI_branch
     341                            .dwattr $C$DW$13, DW_AT_low_pc(0x04)
     342                            .dwattr $C$DW$13, DW_AT_name("_output_left_sample")
     343                            .dwattr $C$DW$13, DW_AT_TI_call
     344                    
     345 00000130 01800069-            MVKH    .S1     _Xn,A3
     346 00000134 0FFFDC12! ||         CALL    .S2     _output_left_sample ; |22| 
     347                    
     348 00000138 020C0244             LDH     .D1T1   *A3,A4            ; |22| 
     349 0000013c 0180A42A+            MVKL    .S2     $C$RL0,B3         ; |22| 
     350 00000140 0180006A+            MVKH    .S2     $C$RL0,B3         ; |22| 
     351 00000144 00002000             NOP             2
     352 00000148           $C$RL0:    ; CALL OCCURS {_output_left_sample} {0}  ; |22| 
     353                            .dwpsn  file "../main.c",line 23,column 2,is_stmt
     354                            .dwpsn  file "../main.c",line 24,column 1,is_stmt
     355 00000148 043E62E6             LDW     .D2T2   *+SP(76),B8       ; |24| 
     356 0000014c 00006000             NOP             4
     357                            .dwcfi  restore_reg, 24
     358 00000150 03BE42E6             LDW     .D2T2   *+SP(72),B7       ; |24| 
     359 00000154 00006000             NOP             4
     360                            .dwcfi  restore_reg, 23
     361 00000158 033E22E6             LDW     .D2T2   *+SP(68),B6       ; |24| 
     362 0000015c 00006000             NOP             4
     363                            .dwcfi  restore_reg, 22
     364 00000160 02BE02E6             LDW     .D2T2   *+SP(64),B5       ; |24| 
     365 00000164 00006000             NOP             4
     366                            .dwcfi  restore_reg, 21
     367 00000168 023DE2E6             LDW     .D2T2   *+SP(60),B4       ; |24| 
     368 0000016c 00006000             NOP             4
     369                            .dwcfi  restore_reg, 20
     370 00000170 01BDC2E6             LDW     .D2T2   *+SP(56),B3       ; |24| 
     371 00000174 00006000             NOP             4
     372                            .dwcfi  restore_reg, 19
     373 00000178 013DA2E6             LDW     .D2T2   *+SP(52),B2       ; |24| 
     374 0000017c 00006000             NOP             4
     375                            .dwcfi  restore_reg, 18
     376 00000180 00BD82E6             LDW     .D2T2   *+SP(48),B1       ; |24| 
     377 00000184 00006000             NOP             4
     378                            .dwcfi  restore_reg, 17
     379 00000188 003D62E6             LDW     .D2T2   *+SP(44),B0       ; |24| 
     380 0000018c 00006000             NOP             4
     381                            .dwcfi  restore_reg, 16
     382 00000190 04BD42E4             LDW     .D2T1   *+SP(40),A9       ; |24| 
     383 00000194 00006000             NOP             4
     384                            .dwcfi  restore_reg, 9
     385 00000198 043D22E4             LDW     .D2T1   *+SP(36),A8       ; |24| 
TMS320C6x Assembler PC v7.4.18 Mon Oct 02 10:49:27 2023

Tools Copyright (c) 1996-2015 Texas Instruments Incorporated
C:\Users\Lenovo\AppData\Local\Temp\0523210                           PAGE    8

     386 0000019c 00006000             NOP             4
     387                            .dwcfi  restore_reg, 8
     388 000001a0 03BD02E4             LDW     .D2T1   *+SP(32),A7       ; |24| 
     389 000001a4 00006000             NOP             4
     390                            .dwcfi  restore_reg, 7
     391 000001a8 033CE2E4             LDW     .D2T1   *+SP(28),A6       ; |24| 
     392 000001ac 00006000             NOP             4
     393                            .dwcfi  restore_reg, 6
     394 000001b0 02BCC2E4             LDW     .D2T1   *+SP(24),A5       ; |24| 
     395 000001b4 00006000             NOP             4
     396                            .dwcfi  restore_reg, 5
     397 000001b8 023CA2E4             LDW     .D2T1   *+SP(20),A4       ; |24| 
     398 000001bc 00006000             NOP             4
     399                            .dwcfi  restore_reg, 4
     400 000001c0 01BC82E4             LDW     .D2T1   *+SP(16),A3       ; |24| 
     401 000001c4 00006000             NOP             4
     402                            .dwcfi  restore_reg, 3
     403 000001c8 013C62E4             LDW     .D2T1   *+SP(12),A2       ; |24| 
     404 000001cc 00006000             NOP             4
     405                            .dwcfi  restore_reg, 2
     406 000001d0 00BC42E4             LDW     .D2T1   *+SP(8),A1        ; |24| 
     407 000001d4 00006000             NOP             4
     408                            .dwcfi  restore_reg, 1
     409 000001d8 003C22E4             LDW     .D2T1   *+SP(4),A0        ; |24| 
     410 000001dc 00006000             NOP             4
     411                            .dwcfi  restore_reg, 0
     412 000001e0 04BE92E6             LDW     .D2T2   *++SP(80),B9      ; |24| 
     413 000001e4 00006000             NOP             4
     414                            .dwcfi  cfa_offset, 0
     415                            .dwcfi  restore_reg, 25
     416                            .dwcfi  cfa_offset, 0
     417                    $C$DW$14        .dwtag  DW_TAG_TI_branch
     418                            .dwattr $C$DW$14, DW_AT_low_pc(0x00)
     419                            .dwattr $C$DW$14, DW_AT_TI_return
     420 000001e8 001800E2             RET     .S2     IRP               ; |24| 
     421 000001ec 00008000             NOP             5
     422                               ; BRANCH OCCURS {IRP}             ; |24| 
     423                            .dwattr $C$DW$12, DW_AT_TI_end_file("../main.c")
     424                            .dwattr $C$DW$12, DW_AT_TI_end_line(0x18)
     425                            .dwattr $C$DW$12, DW_AT_TI_end_column(0x01)
     426                            .dwendentry
     427                            .dwendtag $C$DW$12
     428                    
     429 00000000                   .sect   ".text"
     430                            .clink
     431                            .global _main
     432                    
     433                    $C$DW$15        .dwtag  DW_TAG_subprogram, DW_AT_name("main")
     434                            .dwattr $C$DW$15, DW_AT_low_pc(_main)
     435                            .dwattr $C$DW$15, DW_AT_high_pc(0x00)
     436                            .dwattr $C$DW$15, DW_AT_TI_symbol_name("_main")
     437                            .dwattr $C$DW$15, DW_AT_external
     438                            .dwattr $C$DW$15, DW_AT_type(*$C$DW$T$10)
     439                            .dwattr $C$DW$15, DW_AT_TI_begin_file("../main.c")
     440                            .dwattr $C$DW$15, DW_AT_TI_begin_line(0x1a)
TMS320C6x Assembler PC v7.4.18 Mon Oct 02 10:49:27 2023

Tools Copyright (c) 1996-2015 Texas Instruments Incorporated
C:\Users\Lenovo\AppData\Local\Temp\0523210                           PAGE    9

     441                            .dwattr $C$DW$15, DW_AT_TI_begin_column(0x01)
     442                            .dwattr $C$DW$15, DW_AT_TI_max_frame_size(0x08)
     443                            .dwpsn  file "../main.c",line 27,column 1,is_stmt,address _main
     444                    
     445                            .dwfde $C$DW$CIE, _main
     446                    
     447                    ;******************************************************************************
     448                    ;* FUNCTION NAME: main                                                        *
     449                    ;*                                                                            *
     450                    ;*   Regs Modified     : A0,A1,A2,A3,A4,A5,A6,A7,A8,A9,B0,B1,B2,B3,B4,B5,B6,  *
     451                    ;*                           B7,B8,B9,SP                                      *
     452                    ;*   Regs Used         : A0,A1,A2,A3,A4,A5,A6,A7,A8,A9,B0,B1,B2,B3,B4,B5,B6,  *
     453                    ;*                           B7,B8,B9,DP,SP                                   *
     454                    ;*   Local Frame Size  : 0 Args + 0 Auto + 4 Save = 4 byte                    *
     455                    ;******************************************************************************
     456 00000000           _main:
     457                    ;** --------------------------------------------------------------------------*
     458                            .dwcfi  cfa_offset, 0
     459                            .dwcfi  save_reg_to_reg, 228, 19
     460 00000000 01BC54F6             STW     .D2T2   B3,*SP--(8)       ; |27| 
     461                            .dwcfi  cfa_offset, 8
     462                            .dwcfi  save_reg_to_mem, 19, 0
     463                            .dwpsn  file "../main.c",line 28,column 2,is_stmt
     464 00000004 0280842A-            MVKL    .S2     _i,B5
     465                    
     466 00000008 0280006B-            MVKH    .S2     _i,B5
     467 0000000c 020000FA  ||         ZERO    .L2     B4                ; |28| 
     468                    
     469 00000010 021402D6             STH     .D2T2   B4,*B5            ; |28| 
     470                            .dwpsn  file "../main.c",line 28,column 9,is_stmt
     471 00000014 0200862A-            MVKL    .S2     _GAIN,B4
     472                    
     473 00000018 0200006B-            MVKH    .S2     _GAIN,B4
     474 0000001c 018000A8  ||         MVK     .S1     1,A3              ; |28| 
     475                    
     476 00000020 019002D4             STH     .D2T1   A3,*B4            ; |28| 
     477                            .dwpsn  file "../main.c",line 28,column 19,is_stmt
     478 00000024 01808728-            MVKL    .S1     _STEP,A3
     479                    
     480 00000028 01800069-            MVKH    .S1     _STEP,A3
     481 0000002c 020000AA  ||         MVK     .S2     1,B4              ; |28| 
     482                    
     483 00000030 020C0256             STH     .D1T2   B4,*A3            ; |28| 
     484                            .dwpsn  file "../main.c",line 29,column 2,is_stmt
     485                    $C$DW$16        .dwtag  DW_TAG_TI_branch
     486                            .dwattr $C$DW$16, DW_AT_low_pc(0x00)
     487                            .dwattr $C$DW$16, DW_AT_name("_comm_intr")
     488                            .dwattr $C$DW$16, DW_AT_TI_call
     489 00000034 0FFFFC10!            CALL    .S1     _comm_intr        ; |29| 
     490 00000038 0180222A'            MVKL    .S2     $C$RL1,B3         ; |29| 
     491 0000003c 0180006A'            MVKH    .S2     $C$RL1,B3         ; |29| 
     492 00000040 00004000             NOP             3
     493 00000044           $C$RL1:    ; CALL OCCURS {_comm_intr} {0}    ; |29| 
     494                            .dwpsn  file "../main.c",line 30,column 8,is_stmt
     495                    ;*----------------------------------------------------------------------------*
TMS320C6x Assembler PC v7.4.18 Mon Oct 02 10:49:27 2023

Tools Copyright (c) 1996-2015 Texas Instruments Incorporated
C:\Users\Lenovo\AppData\Local\Temp\0523210                           PAGE   10

     496                    ;*   SOFTWARE PIPELINE INFORMATION
     497                    ;*      Disqualified loop: Software pipelining disabled
     498                    ;*      Disqualified loop: Bad loop structure
     499                    ;*----------------------------------------------------------------------------*
     500 00000044           $C$L1:    
     501 00000044           $C$DW$L$_main$2$B:
     502 00000044 00000090             B       .S1     $C$L1             ; |30| 
     503 00000048 00008000             NOP             5
     504                               ; BRANCH OCCURS {$C$L1}           ; |30| 
     505 0000004c           $C$DW$L$_main$2$E:
     506                    ;** --------------------------------------------------------------------------*
     507                            .dwcfi  cfa_offset, 0
     508                            .dwcfi  restore_reg, 19
     509                            .dwcfi  cfa_offset, 0
     510                    
     511                    $C$DW$17        .dwtag  DW_TAG_TI_loop
     512                            .dwattr $C$DW$17, DW_AT_name("C:\\Users\\Lenovo\\AppData\\Local\\Temp\\0523210:$C$L1:1:1696240
     513                            .dwattr $C$DW$17, DW_AT_TI_begin_file("../main.c")
     514                            .dwattr $C$DW$17, DW_AT_TI_begin_line(0x1e)
     515                            .dwattr $C$DW$17, DW_AT_TI_end_line(0x1e)
     516                    $C$DW$18        .dwtag  DW_TAG_TI_loop_range
     517                            .dwattr $C$DW$18, DW_AT_low_pc($C$DW$L$_main$2$B)
     518                            .dwattr $C$DW$18, DW_AT_high_pc($C$DW$L$_main$2$E)
     519                            .dwendtag $C$DW$17
     520                    
     521                            .dwattr $C$DW$15, DW_AT_TI_end_file("../main.c")
     522                            .dwattr $C$DW$15, DW_AT_TI_end_line(0x1f)
     523                            .dwattr $C$DW$15, DW_AT_TI_end_column(0x01)
     524                            .dwendentry
     525                            .dwendtag $C$DW$15
     526                    
     527                    ;*****************************************************************************
     528                    ;* UNDEFINED EXTERNAL REFERENCES                                             *
     529                    ;*****************************************************************************
     530                            .global _output_left_sample
     531                            .global _comm_intr
     532                    
     533                    ;******************************************************************************
     534                    ;* BUILD ATTRIBUTES                                                           *
     535                    ;******************************************************************************
     536                            .battr "TI", Tag_File, 1, Tag_ABI_stack_align_needed(0)
     537                            .battr "TI", Tag_File, 1, Tag_ABI_stack_align_preserved(0)
     538                            .battr "TI", Tag_File, 1, Tag_Tramps_Use_SOC(0)
     539                    
     540                    ;******************************************************************************
     541                    ;* TYPE INFORMATION                                                           *
     542                    ;******************************************************************************
     543                    $C$DW$T$4       .dwtag  DW_TAG_base_type
     544                            .dwattr $C$DW$T$4, DW_AT_encoding(DW_ATE_boolean)
     545                            .dwattr $C$DW$T$4, DW_AT_name("bool")
     546                            .dwattr $C$DW$T$4, DW_AT_byte_size(0x01)
     547                    $C$DW$T$5       .dwtag  DW_TAG_base_type
     548                            .dwattr $C$DW$T$5, DW_AT_encoding(DW_ATE_signed_char)
     549                            .dwattr $C$DW$T$5, DW_AT_name("signed char")
     550                            .dwattr $C$DW$T$5, DW_AT_byte_size(0x01)
TMS320C6x Assembler PC v7.4.18 Mon Oct 02 10:49:27 2023

Tools Copyright (c) 1996-2015 Texas Instruments Incorporated
C:\Users\Lenovo\AppData\Local\Temp\0523210                           PAGE   11

     551                    $C$DW$T$6       .dwtag  DW_TAG_base_type
     552                            .dwattr $C$DW$T$6, DW_AT_encoding(DW_ATE_unsigned_char)
     553                            .dwattr $C$DW$T$6, DW_AT_name("unsigned char")
     554                            .dwattr $C$DW$T$6, DW_AT_byte_size(0x01)
     555                    $C$DW$T$7       .dwtag  DW_TAG_base_type
     556                            .dwattr $C$DW$T$7, DW_AT_encoding(DW_ATE_signed_char)
     557                            .dwattr $C$DW$T$7, DW_AT_name("wchar_t")
     558                            .dwattr $C$DW$T$7, DW_AT_byte_size(0x02)
     559                    $C$DW$T$8       .dwtag  DW_TAG_base_type
     560                            .dwattr $C$DW$T$8, DW_AT_encoding(DW_ATE_signed)
     561                            .dwattr $C$DW$T$8, DW_AT_name("short")
     562                            .dwattr $C$DW$T$8, DW_AT_byte_size(0x02)
     563                    
     564                    $C$DW$T$23      .dwtag  DW_TAG_array_type
     565                            .dwattr $C$DW$T$23, DW_AT_type(*$C$DW$T$8)
     566                            .dwattr $C$DW$T$23, DW_AT_language(DW_LANG_C)
     567                            .dwattr $C$DW$T$23, DW_AT_byte_size(0x80)
     568                    $C$DW$19        .dwtag  DW_TAG_subrange_type
     569                            .dwattr $C$DW$19, DW_AT_upper_bound(0x3f)
     570                            .dwendtag $C$DW$T$23
     571                    
     572                    $C$DW$T$9       .dwtag  DW_TAG_base_type
     573                            .dwattr $C$DW$T$9, DW_AT_encoding(DW_ATE_unsigned)
     574                            .dwattr $C$DW$T$9, DW_AT_name("unsigned short")
     575                            .dwattr $C$DW$T$9, DW_AT_byte_size(0x02)
     576                    $C$DW$T$25      .dwtag  DW_TAG_typedef, DW_AT_name("Uint16")
     577                            .dwattr $C$DW$T$25, DW_AT_type(*$C$DW$T$9)
     578                            .dwattr $C$DW$T$25, DW_AT_language(DW_LANG_C)
     579                    $C$DW$T$10      .dwtag  DW_TAG_base_type
     580                            .dwattr $C$DW$T$10, DW_AT_encoding(DW_ATE_signed)
     581                            .dwattr $C$DW$T$10, DW_AT_name("int")
     582                            .dwattr $C$DW$T$10, DW_AT_byte_size(0x04)
     583                    $C$DW$T$11      .dwtag  DW_TAG_base_type
     584                            .dwattr $C$DW$T$11, DW_AT_encoding(DW_ATE_unsigned)
     585                            .dwattr $C$DW$T$11, DW_AT_name("unsigned int")
     586                            .dwattr $C$DW$T$11, DW_AT_byte_size(0x04)
     587                    $C$DW$T$27      .dwtag  DW_TAG_typedef, DW_AT_name("Uint32")
     588                            .dwattr $C$DW$T$27, DW_AT_type(*$C$DW$T$11)
     589                            .dwattr $C$DW$T$27, DW_AT_language(DW_LANG_C)
     590                    $C$DW$T$12      .dwtag  DW_TAG_base_type
     591                            .dwattr $C$DW$T$12, DW_AT_encoding(DW_ATE_signed)
     592                            .dwattr $C$DW$T$12, DW_AT_name("long")
     593                            .dwattr $C$DW$T$12, DW_AT_byte_size(0x08)
     594                            .dwattr $C$DW$T$12, DW_AT_bit_size(0x28)
     595                            .dwattr $C$DW$T$12, DW_AT_bit_offset(0x18)
     596                    $C$DW$T$13      .dwtag  DW_TAG_base_type
     597                            .dwattr $C$DW$T$13, DW_AT_encoding(DW_ATE_unsigned)
     598                            .dwattr $C$DW$T$13, DW_AT_name("unsigned long")
     599                            .dwattr $C$DW$T$13, DW_AT_byte_size(0x08)
     600                            .dwattr $C$DW$T$13, DW_AT_bit_size(0x28)
     601                            .dwattr $C$DW$T$13, DW_AT_bit_offset(0x18)
     602                    $C$DW$T$14      .dwtag  DW_TAG_base_type
     603                            .dwattr $C$DW$T$14, DW_AT_encoding(DW_ATE_signed)
     604                            .dwattr $C$DW$T$14, DW_AT_name("long long")
     605                            .dwattr $C$DW$T$14, DW_AT_byte_size(0x08)
TMS320C6x Assembler PC v7.4.18 Mon Oct 02 10:49:27 2023

Tools Copyright (c) 1996-2015 Texas Instruments Incorporated
C:\Users\Lenovo\AppData\Local\Temp\0523210                           PAGE   12

     606                    $C$DW$T$15      .dwtag  DW_TAG_base_type
     607                            .dwattr $C$DW$T$15, DW_AT_encoding(DW_ATE_unsigned)
     608                            .dwattr $C$DW$T$15, DW_AT_name("unsigned long long")
     609                            .dwattr $C$DW$T$15, DW_AT_byte_size(0x08)
     610                    $C$DW$T$16      .dwtag  DW_TAG_base_type
     611                            .dwattr $C$DW$T$16, DW_AT_encoding(DW_ATE_float)
     612                            .dwattr $C$DW$T$16, DW_AT_name("float")
     613                            .dwattr $C$DW$T$16, DW_AT_byte_size(0x04)
     614                    $C$DW$T$17      .dwtag  DW_TAG_base_type
     615                            .dwattr $C$DW$T$17, DW_AT_encoding(DW_ATE_float)
     616                            .dwattr $C$DW$T$17, DW_AT_name("double")
     617                            .dwattr $C$DW$T$17, DW_AT_byte_size(0x08)
     618                    $C$DW$T$18      .dwtag  DW_TAG_base_type
     619                            .dwattr $C$DW$T$18, DW_AT_encoding(DW_ATE_float)
     620                            .dwattr $C$DW$T$18, DW_AT_name("long double")
     621                            .dwattr $C$DW$T$18, DW_AT_byte_size(0x08)
     622                            .dwattr $C$DW$CU, DW_AT_language(DW_LANG_C)
     623                    
     624                    ;***************************************************************
     625                    ;* DWARF CIE ENTRIES                                           *
     626                    ;***************************************************************
     627                    
     628                    $C$DW$CIE       .dwcie 228
     629                            .dwcfi  cfa_register, 31
     630                            .dwcfi  cfa_offset, 0
     631                            .dwcfi  undefined, 0
     632                            .dwcfi  undefined, 1
     633                            .dwcfi  undefined, 2
     634                            .dwcfi  undefined, 3
     635                            .dwcfi  undefined, 4
     636                            .dwcfi  undefined, 5
     637                            .dwcfi  undefined, 6
     638                            .dwcfi  undefined, 7
     639                            .dwcfi  undefined, 8
     640                            .dwcfi  undefined, 9
     641                            .dwcfi  same_value, 10
     642                            .dwcfi  same_value, 11
     643                            .dwcfi  same_value, 12
     644                            .dwcfi  same_value, 13
     645                            .dwcfi  same_value, 14
     646                            .dwcfi  same_value, 15
     647                            .dwcfi  undefined, 16
     648                            .dwcfi  undefined, 17
     649                            .dwcfi  undefined, 18
     650                            .dwcfi  undefined, 19
     651                            .dwcfi  undefined, 20
     652                            .dwcfi  undefined, 21
     653                            .dwcfi  undefined, 22
     654                            .dwcfi  undefined, 23
     655                            .dwcfi  undefined, 24
     656                            .dwcfi  undefined, 25
     657                            .dwcfi  same_value, 26
     658                            .dwcfi  same_value, 27
     659                            .dwcfi  same_value, 28
     660                            .dwcfi  same_value, 29
TMS320C6x Assembler PC v7.4.18 Mon Oct 02 10:49:27 2023

Tools Copyright (c) 1996-2015 Texas Instruments Incorporated
C:\Users\Lenovo\AppData\Local\Temp\0523210                           PAGE   13

     661                            .dwcfi  same_value, 30
     662                            .dwcfi  same_value, 31
     663                            .dwcfi  same_value, 32
     664                            .dwcfi  undefined, 33
     665                            .dwcfi  undefined, 34
     666                            .dwcfi  undefined, 35
     667                            .dwcfi  undefined, 36
     668                            .dwcfi  undefined, 37
     669                            .dwcfi  undefined, 38
     670                            .dwcfi  undefined, 39
     671                            .dwcfi  undefined, 40
     672                            .dwcfi  undefined, 41
     673                            .dwcfi  undefined, 42
     674                            .dwcfi  undefined, 43
     675                            .dwcfi  undefined, 44
     676                            .dwcfi  undefined, 45
     677                            .dwcfi  undefined, 46
     678                            .dwcfi  undefined, 47
     679                            .dwcfi  undefined, 48
     680                            .dwcfi  undefined, 49
     681                            .dwcfi  undefined, 50
     682                            .dwcfi  undefined, 51
     683                            .dwcfi  undefined, 52
     684                            .dwcfi  undefined, 53
     685                            .dwcfi  undefined, 54
     686                            .dwcfi  undefined, 55
     687                            .dwcfi  undefined, 56
     688                            .dwcfi  undefined, 57
     689                            .dwcfi  undefined, 58
     690                            .dwcfi  undefined, 59
     691                            .dwcfi  undefined, 60
     692                            .dwcfi  undefined, 61
     693                            .dwcfi  undefined, 62
     694                            .dwcfi  undefined, 63
     695                            .dwcfi  undefined, 64
     696                            .dwcfi  undefined, 65
     697                            .dwcfi  undefined, 66
     698                            .dwcfi  undefined, 67
     699                            .dwcfi  undefined, 68
     700                            .dwcfi  undefined, 69
     701                            .dwcfi  undefined, 70
     702                            .dwcfi  undefined, 71
     703                            .dwcfi  undefined, 72
     704                            .dwcfi  undefined, 73
     705                            .dwcfi  undefined, 74
     706                            .dwcfi  undefined, 75
     707                            .dwcfi  undefined, 76
     708                            .dwcfi  undefined, 77
     709                            .dwcfi  undefined, 78
     710                            .dwcfi  undefined, 79
     711                            .dwcfi  undefined, 80
     712                            .dwcfi  undefined, 81
     713                            .dwcfi  undefined, 82
     714                            .dwcfi  undefined, 83
     715                            .dwcfi  undefined, 84
TMS320C6x Assembler PC v7.4.18 Mon Oct 02 10:49:27 2023

Tools Copyright (c) 1996-2015 Texas Instruments Incorporated
C:\Users\Lenovo\AppData\Local\Temp\0523210                           PAGE   14

     716                            .dwcfi  undefined, 85
     717                            .dwcfi  undefined, 86
     718                            .dwcfi  undefined, 87
     719                            .dwcfi  undefined, 88
     720                            .dwcfi  undefined, 89
     721                            .dwcfi  undefined, 90
     722                            .dwcfi  undefined, 91
     723                            .dwcfi  undefined, 92
     724                            .dwcfi  undefined, 93
     725                            .dwcfi  undefined, 94
     726                            .dwcfi  undefined, 95
     727                            .dwcfi  undefined, 96
     728                            .dwcfi  undefined, 97
     729                            .dwcfi  undefined, 98
     730                            .dwcfi  undefined, 99
     731                            .dwcfi  undefined, 100
     732                            .dwcfi  undefined, 101
     733                            .dwcfi  undefined, 102
     734                            .dwcfi  undefined, 103
     735                            .dwcfi  undefined, 104
     736                            .dwcfi  undefined, 105
     737                            .dwcfi  undefined, 106
     738                            .dwcfi  undefined, 107
     739                            .dwcfi  undefined, 108
     740                            .dwcfi  undefined, 109
     741                            .dwcfi  undefined, 110
     742                            .dwcfi  undefined, 111
     743                            .dwcfi  undefined, 112
     744                            .dwcfi  undefined, 113
     745                            .dwcfi  undefined, 114
     746                            .dwcfi  undefined, 115
     747                            .dwcfi  undefined, 116
     748                            .dwcfi  undefined, 117
     749                            .dwcfi  undefined, 118
     750                            .dwcfi  undefined, 119
     751                            .dwcfi  undefined, 120
     752                            .dwcfi  undefined, 121
     753                            .dwcfi  undefined, 122
     754                            .dwcfi  undefined, 123
     755                            .dwcfi  undefined, 124
     756                            .dwcfi  undefined, 125
     757                            .dwcfi  undefined, 126
     758                            .dwcfi  undefined, 127
     759                            .dwcfi  undefined, 128
     760                            .dwcfi  undefined, 129
     761                            .dwcfi  undefined, 130
     762                            .dwcfi  undefined, 131
     763                            .dwcfi  undefined, 132
     764                            .dwcfi  undefined, 133
     765                            .dwcfi  undefined, 134
     766                            .dwcfi  undefined, 135
     767                            .dwcfi  undefined, 136
     768                            .dwcfi  undefined, 137
     769                            .dwcfi  undefined, 138
     770                            .dwcfi  undefined, 139
TMS320C6x Assembler PC v7.4.18 Mon Oct 02 10:49:27 2023

Tools Copyright (c) 1996-2015 Texas Instruments Incorporated
C:\Users\Lenovo\AppData\Local\Temp\0523210                           PAGE   15

     771                            .dwcfi  undefined, 140
     772                            .dwcfi  undefined, 141
     773                            .dwcfi  undefined, 142
     774                            .dwcfi  undefined, 143
     775                            .dwcfi  undefined, 144
     776                            .dwcfi  undefined, 145
     777                            .dwcfi  undefined, 146
     778                            .dwcfi  undefined, 147
     779                            .dwcfi  undefined, 148
     780                            .dwcfi  undefined, 149
     781                            .dwcfi  undefined, 150
     782                            .dwcfi  undefined, 151
     783                            .dwcfi  undefined, 152
     784                            .dwcfi  undefined, 153
     785                            .dwcfi  undefined, 154
     786                            .dwcfi  undefined, 155
     787                            .dwcfi  undefined, 156
     788                            .dwcfi  undefined, 157
     789                            .dwcfi  undefined, 158
     790                            .dwcfi  undefined, 159
     791                            .dwcfi  undefined, 160
     792                            .dwcfi  undefined, 161
     793                            .dwcfi  undefined, 162
     794                            .dwcfi  undefined, 163
     795                            .dwcfi  undefined, 164
     796                            .dwcfi  undefined, 165
     797                            .dwcfi  undefined, 166
     798                            .dwcfi  undefined, 167
     799                            .dwcfi  undefined, 168
     800                            .dwcfi  undefined, 169
     801                            .dwcfi  undefined, 170
     802                            .dwcfi  undefined, 171
     803                            .dwcfi  undefined, 172
     804                            .dwcfi  undefined, 173
     805                            .dwcfi  undefined, 174
     806                            .dwcfi  undefined, 175
     807                            .dwcfi  undefined, 176
     808                            .dwcfi  undefined, 177
     809                            .dwcfi  undefined, 178
     810                            .dwcfi  undefined, 179
     811                            .dwcfi  undefined, 180
     812                            .dwcfi  undefined, 181
     813                            .dwcfi  undefined, 182
     814                            .dwcfi  undefined, 183
     815                            .dwcfi  undefined, 184
     816                            .dwcfi  undefined, 185
     817                            .dwcfi  undefined, 186
     818                            .dwcfi  undefined, 187
     819                            .dwcfi  undefined, 188
     820                            .dwcfi  undefined, 189
     821                            .dwcfi  undefined, 190
     822                            .dwcfi  undefined, 191
     823                            .dwcfi  undefined, 192
     824                            .dwcfi  undefined, 193
     825                            .dwcfi  undefined, 194
TMS320C6x Assembler PC v7.4.18 Mon Oct 02 10:49:27 2023

Tools Copyright (c) 1996-2015 Texas Instruments Incorporated
C:\Users\Lenovo\AppData\Local\Temp\0523210                           PAGE   16

     826                            .dwcfi  undefined, 195
     827                            .dwcfi  undefined, 196
     828                            .dwcfi  undefined, 197
     829                            .dwcfi  undefined, 198
     830                            .dwcfi  undefined, 199
     831                            .dwcfi  undefined, 200
     832                            .dwcfi  undefined, 201
     833                            .dwcfi  undefined, 202
     834                            .dwcfi  undefined, 203
     835                            .dwcfi  undefined, 204
     836                            .dwcfi  undefined, 205
     837                            .dwcfi  undefined, 206
     838                            .dwcfi  undefined, 207
     839                            .dwcfi  undefined, 208
     840                            .dwcfi  undefined, 209
     841                            .dwcfi  undefined, 210
     842                            .dwcfi  undefined, 211
     843                            .dwcfi  undefined, 212
     844                            .dwcfi  undefined, 213
     845                            .dwcfi  undefined, 214
     846                            .dwcfi  undefined, 215
     847                            .dwcfi  undefined, 216
     848                            .dwcfi  undefined, 217
     849                            .dwcfi  undefined, 218
     850                            .dwcfi  undefined, 219
     851                            .dwcfi  undefined, 220
     852                            .dwcfi  undefined, 221
     853                            .dwcfi  undefined, 222
     854                            .dwcfi  undefined, 223
     855                            .dwcfi  undefined, 224
     856                            .dwcfi  undefined, 225
     857                            .dwcfi  undefined, 226
     858                            .dwcfi  undefined, 227
     859                            .dwcfi  undefined, 228
     860                            .dwendentry
     861                    
     862                    ;***************************************************************
     863                    ;* DWARF REGISTER MAP                                          *
     864                    ;***************************************************************
     865                    
     866                    $C$DW$20        .dwtag  DW_TAG_TI_assign_register, DW_AT_name("A0")
     867                            .dwattr $C$DW$20, DW_AT_location[DW_OP_reg0]
     868                    $C$DW$21        .dwtag  DW_TAG_TI_assign_register, DW_AT_name("A1")
     869                            .dwattr $C$DW$21, DW_AT_location[DW_OP_reg1]
     870                    $C$DW$22        .dwtag  DW_TAG_TI_assign_register, DW_AT_name("A2")
     871                            .dwattr $C$DW$22, DW_AT_location[DW_OP_reg2]
     872                    $C$DW$23        .dwtag  DW_TAG_TI_assign_register, DW_AT_name("A3")
     873                            .dwattr $C$DW$23, DW_AT_location[DW_OP_reg3]
     874                    $C$DW$24        .dwtag  DW_TAG_TI_assign_register, DW_AT_name("A4")
     875                            .dwattr $C$DW$24, DW_AT_location[DW_OP_reg4]
     876                    $C$DW$25        .dwtag  DW_TAG_TI_assign_register, DW_AT_name("A5")
     877                            .dwattr $C$DW$25, DW_AT_location[DW_OP_reg5]
     878                    $C$DW$26        .dwtag  DW_TAG_TI_assign_register, DW_AT_name("A6")
     879                            .dwattr $C$DW$26, DW_AT_location[DW_OP_reg6]
     880                    $C$DW$27        .dwtag  DW_TAG_TI_assign_register, DW_AT_name("A7")
TMS320C6x Assembler PC v7.4.18 Mon Oct 02 10:49:27 2023

Tools Copyright (c) 1996-2015 Texas Instruments Incorporated
C:\Users\Lenovo\AppData\Local\Temp\0523210                           PAGE   17

     881                            .dwattr $C$DW$27, DW_AT_location[DW_OP_reg7]
     882                    $C$DW$28        .dwtag  DW_TAG_TI_assign_register, DW_AT_name("A8")
     883                            .dwattr $C$DW$28, DW_AT_location[DW_OP_reg8]
     884                    $C$DW$29        .dwtag  DW_TAG_TI_assign_register, DW_AT_name("A9")
     885                            .dwattr $C$DW$29, DW_AT_location[DW_OP_reg9]
     886                    $C$DW$30        .dwtag  DW_TAG_TI_assign_register, DW_AT_name("A10")
     887                            .dwattr $C$DW$30, DW_AT_location[DW_OP_reg10]
     888                    $C$DW$31        .dwtag  DW_TAG_TI_assign_register, DW_AT_name("A11")
     889                            .dwattr $C$DW$31, DW_AT_location[DW_OP_reg11]
     890                    $C$DW$32        .dwtag  DW_TAG_TI_assign_register, DW_AT_name("A12")
     891                            .dwattr $C$DW$32, DW_AT_location[DW_OP_reg12]
     892                    $C$DW$33        .dwtag  DW_TAG_TI_assign_register, DW_AT_name("A13")
     893                            .dwattr $C$DW$33, DW_AT_location[DW_OP_reg13]
     894                    $C$DW$34        .dwtag  DW_TAG_TI_assign_register, DW_AT_name("A14")
     895                            .dwattr $C$DW$34, DW_AT_location[DW_OP_reg14]
     896                    $C$DW$35        .dwtag  DW_TAG_TI_assign_register, DW_AT_name("A15")
     897                            .dwattr $C$DW$35, DW_AT_location[DW_OP_reg15]
     898                    $C$DW$36        .dwtag  DW_TAG_TI_assign_register, DW_AT_name("B0")
     899                            .dwattr $C$DW$36, DW_AT_location[DW_OP_reg16]
     900                    $C$DW$37        .dwtag  DW_TAG_TI_assign_register, DW_AT_name("B1")
     901                            .dwattr $C$DW$37, DW_AT_location[DW_OP_reg17]
     902                    $C$DW$38        .dwtag  DW_TAG_TI_assign_register, DW_AT_name("B2")
     903                            .dwattr $C$DW$38, DW_AT_location[DW_OP_reg18]
     904                    $C$DW$39        .dwtag  DW_TAG_TI_assign_register, DW_AT_name("B3")
     905                            .dwattr $C$DW$39, DW_AT_location[DW_OP_reg19]
     906                    $C$DW$40        .dwtag  DW_TAG_TI_assign_register, DW_AT_name("B4")
     907                            .dwattr $C$DW$40, DW_AT_location[DW_OP_reg20]
     908                    $C$DW$41        .dwtag  DW_TAG_TI_assign_register, DW_AT_name("B5")
     909                            .dwattr $C$DW$41, DW_AT_location[DW_OP_reg21]
     910                    $C$DW$42        .dwtag  DW_TAG_TI_assign_register, DW_AT_name("B6")
     911                            .dwattr $C$DW$42, DW_AT_location[DW_OP_reg22]
     912                    $C$DW$43        .dwtag  DW_TAG_TI_assign_register, DW_AT_name("B7")
     913                            .dwattr $C$DW$43, DW_AT_location[DW_OP_reg23]
     914                    $C$DW$44        .dwtag  DW_TAG_TI_assign_register, DW_AT_name("B8")
     915                            .dwattr $C$DW$44, DW_AT_location[DW_OP_reg24]
     916                    $C$DW$45        .dwtag  DW_TAG_TI_assign_register, DW_AT_name("B9")
     917                            .dwattr $C$DW$45, DW_AT_location[DW_OP_reg25]
     918                    $C$DW$46        .dwtag  DW_TAG_TI_assign_register, DW_AT_name("B10")
     919                            .dwattr $C$DW$46, DW_AT_location[DW_OP_reg26]
     920                    $C$DW$47        .dwtag  DW_TAG_TI_assign_register, DW_AT_name("B11")
     921                            .dwattr $C$DW$47, DW_AT_location[DW_OP_reg27]
     922                    $C$DW$48        .dwtag  DW_TAG_TI_assign_register, DW_AT_name("B12")
     923                            .dwattr $C$DW$48, DW_AT_location[DW_OP_reg28]
     924                    $C$DW$49        .dwtag  DW_TAG_TI_assign_register, DW_AT_name("B13")
     925                            .dwattr $C$DW$49, DW_AT_location[DW_OP_reg29]
     926                    $C$DW$50        .dwtag  DW_TAG_TI_assign_register, DW_AT_name("DP")
     927                            .dwattr $C$DW$50, DW_AT_location[DW_OP_reg30]
     928                    $C$DW$51        .dwtag  DW_TAG_TI_assign_register, DW_AT_name("SP")
     929                            .dwattr $C$DW$51, DW_AT_location[DW_OP_reg31]
     930                    $C$DW$52        .dwtag  DW_TAG_TI_assign_register, DW_AT_name("FP")
     931                            .dwattr $C$DW$52, DW_AT_location[DW_OP_regx 0x20]
     932                    $C$DW$53        .dwtag  DW_TAG_TI_assign_register, DW_AT_name("PC")
     933                            .dwattr $C$DW$53, DW_AT_location[DW_OP_regx 0x21]
     934                    $C$DW$54        .dwtag  DW_TAG_TI_assign_register, DW_AT_name("IRP")
     935                            .dwattr $C$DW$54, DW_AT_location[DW_OP_regx 0x22]
TMS320C6x Assembler PC v7.4.18 Mon Oct 02 10:49:27 2023

Tools Copyright (c) 1996-2015 Texas Instruments Incorporated
C:\Users\Lenovo\AppData\Local\Temp\0523210                           PAGE   18

     936                    $C$DW$55        .dwtag  DW_TAG_TI_assign_register, DW_AT_name("IFR")
     937                            .dwattr $C$DW$55, DW_AT_location[DW_OP_regx 0x23]
     938                    $C$DW$56        .dwtag  DW_TAG_TI_assign_register, DW_AT_name("NRP")
     939                            .dwattr $C$DW$56, DW_AT_location[DW_OP_regx 0x24]
     940                    $C$DW$57        .dwtag  DW_TAG_TI_assign_register, DW_AT_name("A16")
     941                            .dwattr $C$DW$57, DW_AT_location[DW_OP_regx 0x25]
     942                    $C$DW$58        .dwtag  DW_TAG_TI_assign_register, DW_AT_name("A17")
     943                            .dwattr $C$DW$58, DW_AT_location[DW_OP_regx 0x26]
     944                    $C$DW$59        .dwtag  DW_TAG_TI_assign_register, DW_AT_name("A18")
     945                            .dwattr $C$DW$59, DW_AT_location[DW_OP_regx 0x27]
     946                    $C$DW$60        .dwtag  DW_TAG_TI_assign_register, DW_AT_name("A19")
     947                            .dwattr $C$DW$60, DW_AT_location[DW_OP_regx 0x28]
     948                    $C$DW$61        .dwtag  DW_TAG_TI_assign_register, DW_AT_name("A20")
     949                            .dwattr $C$DW$61, DW_AT_location[DW_OP_regx 0x29]
     950                    $C$DW$62        .dwtag  DW_TAG_TI_assign_register, DW_AT_name("A21")
     951                            .dwattr $C$DW$62, DW_AT_location[DW_OP_regx 0x2a]
     952                    $C$DW$63        .dwtag  DW_TAG_TI_assign_register, DW_AT_name("A22")
     953                            .dwattr $C$DW$63, DW_AT_location[DW_OP_regx 0x2b]
     954                    $C$DW$64        .dwtag  DW_TAG_TI_assign_register, DW_AT_name("A23")
     955                            .dwattr $C$DW$64, DW_AT_location[DW_OP_regx 0x2c]
     956                    $C$DW$65        .dwtag  DW_TAG_TI_assign_register, DW_AT_name("A24")
     957                            .dwattr $C$DW$65, DW_AT_location[DW_OP_regx 0x2d]
     958                    $C$DW$66        .dwtag  DW_TAG_TI_assign_register, DW_AT_name("A25")
     959                            .dwattr $C$DW$66, DW_AT_location[DW_OP_regx 0x2e]
     960                    $C$DW$67        .dwtag  DW_TAG_TI_assign_register, DW_AT_name("A26")
     961                            .dwattr $C$DW$67, DW_AT_location[DW_OP_regx 0x2f]
     962                    $C$DW$68        .dwtag  DW_TAG_TI_assign_register, DW_AT_name("A27")
     963                            .dwattr $C$DW$68, DW_AT_location[DW_OP_regx 0x30]
     964                    $C$DW$69        .dwtag  DW_TAG_TI_assign_register, DW_AT_name("A28")
     965                            .dwattr $C$DW$69, DW_AT_location[DW_OP_regx 0x31]
     966                    $C$DW$70        .dwtag  DW_TAG_TI_assign_register, DW_AT_name("A29")
     967                            .dwattr $C$DW$70, DW_AT_location[DW_OP_regx 0x32]
     968                    $C$DW$71        .dwtag  DW_TAG_TI_assign_register, DW_AT_name("A30")
     969                            .dwattr $C$DW$71, DW_AT_location[DW_OP_regx 0x33]
     970                    $C$DW$72        .dwtag  DW_TAG_TI_assign_register, DW_AT_name("A31")
     971                            .dwattr $C$DW$72, DW_AT_location[DW_OP_regx 0x34]
     972                    $C$DW$73        .dwtag  DW_TAG_TI_assign_register, DW_AT_name("B16")
     973                            .dwattr $C$DW$73, DW_AT_location[DW_OP_regx 0x35]
     974                    $C$DW$74        .dwtag  DW_TAG_TI_assign_register, DW_AT_name("B17")
     975                            .dwattr $C$DW$74, DW_AT_location[DW_OP_regx 0x36]
     976                    $C$DW$75        .dwtag  DW_TAG_TI_assign_register, DW_AT_name("B18")
     977                            .dwattr $C$DW$75, DW_AT_location[DW_OP_regx 0x37]
     978                    $C$DW$76        .dwtag  DW_TAG_TI_assign_register, DW_AT_name("B19")
     979                            .dwattr $C$DW$76, DW_AT_location[DW_OP_regx 0x38]
     980                    $C$DW$77        .dwtag  DW_TAG_TI_assign_register, DW_AT_name("B20")
     981                            .dwattr $C$DW$77, DW_AT_location[DW_OP_regx 0x39]
     982                    $C$DW$78        .dwtag  DW_TAG_TI_assign_register, DW_AT_name("B21")
     983                            .dwattr $C$DW$78, DW_AT_location[DW_OP_regx 0x3a]
     984                    $C$DW$79        .dwtag  DW_TAG_TI_assign_register, DW_AT_name("B22")
     985                            .dwattr $C$DW$79, DW_AT_location[DW_OP_regx 0x3b]
     986                    $C$DW$80        .dwtag  DW_TAG_TI_assign_register, DW_AT_name("B23")
     987                            .dwattr $C$DW$80, DW_AT_location[DW_OP_regx 0x3c]
     988                    $C$DW$81        .dwtag  DW_TAG_TI_assign_register, DW_AT_name("B24")
     989                            .dwattr $C$DW$81, DW_AT_location[DW_OP_regx 0x3d]
     990                    $C$DW$82        .dwtag  DW_TAG_TI_assign_register, DW_AT_name("B25")
TMS320C6x Assembler PC v7.4.18 Mon Oct 02 10:49:27 2023

Tools Copyright (c) 1996-2015 Texas Instruments Incorporated
C:\Users\Lenovo\AppData\Local\Temp\0523210                           PAGE   19

     991                            .dwattr $C$DW$82, DW_AT_location[DW_OP_regx 0x3e]
     992                    $C$DW$83        .dwtag  DW_TAG_TI_assign_register, DW_AT_name("B26")
     993                            .dwattr $C$DW$83, DW_AT_location[DW_OP_regx 0x3f]
     994                    $C$DW$84        .dwtag  DW_TAG_TI_assign_register, DW_AT_name("B27")
     995                            .dwattr $C$DW$84, DW_AT_location[DW_OP_regx 0x40]
     996                    $C$DW$85        .dwtag  DW_TAG_TI_assign_register, DW_AT_name("B28")
     997                            .dwattr $C$DW$85, DW_AT_location[DW_OP_regx 0x41]
     998                    $C$DW$86        .dwtag  DW_TAG_TI_assign_register, DW_AT_name("B29")
     999                            .dwattr $C$DW$86, DW_AT_location[DW_OP_regx 0x42]
    1000                    $C$DW$87        .dwtag  DW_TAG_TI_assign_register, DW_AT_name("B30")
    1001                            .dwattr $C$DW$87, DW_AT_location[DW_OP_regx 0x43]
    1002                    $C$DW$88        .dwtag  DW_TAG_TI_assign_register, DW_AT_name("B31")
    1003                            .dwattr $C$DW$88, DW_AT_location[DW_OP_regx 0x44]
    1004                    $C$DW$89        .dwtag  DW_TAG_TI_assign_register, DW_AT_name("AMR")
    1005                            .dwattr $C$DW$89, DW_AT_location[DW_OP_regx 0x45]
    1006                    $C$DW$90        .dwtag  DW_TAG_TI_assign_register, DW_AT_name("CSR")
    1007                            .dwattr $C$DW$90, DW_AT_location[DW_OP_regx 0x46]
    1008                    $C$DW$91        .dwtag  DW_TAG_TI_assign_register, DW_AT_name("ISR")
    1009                            .dwattr $C$DW$91, DW_AT_location[DW_OP_regx 0x47]
    1010                    $C$DW$92        .dwtag  DW_TAG_TI_assign_register, DW_AT_name("ICR")
    1011                            .dwattr $C$DW$92, DW_AT_location[DW_OP_regx 0x48]
    1012                    $C$DW$93        .dwtag  DW_TAG_TI_assign_register, DW_AT_name("IER")
    1013                            .dwattr $C$DW$93, DW_AT_location[DW_OP_regx 0x49]
    1014                    $C$DW$94        .dwtag  DW_TAG_TI_assign_register, DW_AT_name("ISTP")
    1015                            .dwattr $C$DW$94, DW_AT_location[DW_OP_regx 0x4a]
    1016                    $C$DW$95        .dwtag  DW_TAG_TI_assign_register, DW_AT_name("IN")
    1017                            .dwattr $C$DW$95, DW_AT_location[DW_OP_regx 0x4b]
    1018                    $C$DW$96        .dwtag  DW_TAG_TI_assign_register, DW_AT_name("OUT")
    1019                            .dwattr $C$DW$96, DW_AT_location[DW_OP_regx 0x4c]
    1020                    $C$DW$97        .dwtag  DW_TAG_TI_assign_register, DW_AT_name("ACR")
    1021                            .dwattr $C$DW$97, DW_AT_location[DW_OP_regx 0x4d]
    1022                    $C$DW$98        .dwtag  DW_TAG_TI_assign_register, DW_AT_name("ADR")
    1023                            .dwattr $C$DW$98, DW_AT_location[DW_OP_regx 0x4e]
    1024                    $C$DW$99        .dwtag  DW_TAG_TI_assign_register, DW_AT_name("FADCR")
    1025                            .dwattr $C$DW$99, DW_AT_location[DW_OP_regx 0x4f]
    1026                    $C$DW$100       .dwtag  DW_TAG_TI_assign_register, DW_AT_name("FAUCR")
    1027                            .dwattr $C$DW$100, DW_AT_location[DW_OP_regx 0x50]
    1028                    $C$DW$101       .dwtag  DW_TAG_TI_assign_register, DW_AT_name("FMCR")
    1029                            .dwattr $C$DW$101, DW_AT_location[DW_OP_regx 0x51]
    1030                    $C$DW$102       .dwtag  DW_TAG_TI_assign_register, DW_AT_name("GFPGFR")
    1031                            .dwattr $C$DW$102, DW_AT_location[DW_OP_regx 0x52]
    1032                    $C$DW$103       .dwtag  DW_TAG_TI_assign_register, DW_AT_name("DIER")
    1033                            .dwattr $C$DW$103, DW_AT_location[DW_OP_regx 0x53]
    1034                    $C$DW$104       .dwtag  DW_TAG_TI_assign_register, DW_AT_name("REP")
    1035                            .dwattr $C$DW$104, DW_AT_location[DW_OP_regx 0x54]
    1036                    $C$DW$105       .dwtag  DW_TAG_TI_assign_register, DW_AT_name("TSCL")
    1037                            .dwattr $C$DW$105, DW_AT_location[DW_OP_regx 0x55]
    1038                    $C$DW$106       .dwtag  DW_TAG_TI_assign_register, DW_AT_name("TSCH")
    1039                            .dwattr $C$DW$106, DW_AT_location[DW_OP_regx 0x56]
    1040                    $C$DW$107       .dwtag  DW_TAG_TI_assign_register, DW_AT_name("ARP")
    1041                            .dwattr $C$DW$107, DW_AT_location[DW_OP_regx 0x57]
    1042                    $C$DW$108       .dwtag  DW_TAG_TI_assign_register, DW_AT_name("ILC")
    1043                            .dwattr $C$DW$108, DW_AT_location[DW_OP_regx 0x58]
    1044                    $C$DW$109       .dwtag  DW_TAG_TI_assign_register, DW_AT_name("RILC")
    1045                            .dwattr $C$DW$109, DW_AT_location[DW_OP_regx 0x59]
TMS320C6x Assembler PC v7.4.18 Mon Oct 02 10:49:27 2023

Tools Copyright (c) 1996-2015 Texas Instruments Incorporated
C:\Users\Lenovo\AppData\Local\Temp\0523210                           PAGE   20

    1046                    $C$DW$110       .dwtag  DW_TAG_TI_assign_register, DW_AT_name("DNUM")
    1047                            .dwattr $C$DW$110, DW_AT_location[DW_OP_regx 0x5a]
    1048                    $C$DW$111       .dwtag  DW_TAG_TI_assign_register, DW_AT_name("SSR")
    1049                            .dwattr $C$DW$111, DW_AT_location[DW_OP_regx 0x5b]
    1050                    $C$DW$112       .dwtag  DW_TAG_TI_assign_register, DW_AT_name("GPLYA")
    1051                            .dwattr $C$DW$112, DW_AT_location[DW_OP_regx 0x5c]
    1052                    $C$DW$113       .dwtag  DW_TAG_TI_assign_register, DW_AT_name("GPLYB")
    1053                            .dwattr $C$DW$113, DW_AT_location[DW_OP_regx 0x5d]
    1054                    $C$DW$114       .dwtag  DW_TAG_TI_assign_register, DW_AT_name("TSR")
    1055                            .dwattr $C$DW$114, DW_AT_location[DW_OP_regx 0x5e]
    1056                    $C$DW$115       .dwtag  DW_TAG_TI_assign_register, DW_AT_name("ITSR")
    1057                            .dwattr $C$DW$115, DW_AT_location[DW_OP_regx 0x5f]
    1058                    $C$DW$116       .dwtag  DW_TAG_TI_assign_register, DW_AT_name("NTSR")
    1059                            .dwattr $C$DW$116, DW_AT_location[DW_OP_regx 0x60]
    1060                    $C$DW$117       .dwtag  DW_TAG_TI_assign_register, DW_AT_name("EFR")
    1061                            .dwattr $C$DW$117, DW_AT_location[DW_OP_regx 0x61]
    1062                    $C$DW$118       .dwtag  DW_TAG_TI_assign_register, DW_AT_name("ECR")
    1063                            .dwattr $C$DW$118, DW_AT_location[DW_OP_regx 0x62]
    1064                    $C$DW$119       .dwtag  DW_TAG_TI_assign_register, DW_AT_name("IERR")
    1065                            .dwattr $C$DW$119, DW_AT_location[DW_OP_regx 0x63]
    1066                    $C$DW$120       .dwtag  DW_TAG_TI_assign_register, DW_AT_name("DMSG")
    1067                            .dwattr $C$DW$120, DW_AT_location[DW_OP_regx 0x64]
    1068                    $C$DW$121       .dwtag  DW_TAG_TI_assign_register, DW_AT_name("CMSG")
    1069                            .dwattr $C$DW$121, DW_AT_location[DW_OP_regx 0x65]
    1070                    $C$DW$122       .dwtag  DW_TAG_TI_assign_register, DW_AT_name("DT_DMA_ADDR")
    1071                            .dwattr $C$DW$122, DW_AT_location[DW_OP_regx 0x66]
    1072                    $C$DW$123       .dwtag  DW_TAG_TI_assign_register, DW_AT_name("DT_DMA_DATA")
    1073                            .dwattr $C$DW$123, DW_AT_location[DW_OP_regx 0x67]
    1074                    $C$DW$124       .dwtag  DW_TAG_TI_assign_register, DW_AT_name("DT_DMA_CNTL")
    1075                            .dwattr $C$DW$124, DW_AT_location[DW_OP_regx 0x68]
    1076                    $C$DW$125       .dwtag  DW_TAG_TI_assign_register, DW_AT_name("TCU_CNTL")
    1077                            .dwattr $C$DW$125, DW_AT_location[DW_OP_regx 0x69]
    1078                    $C$DW$126       .dwtag  DW_TAG_TI_assign_register, DW_AT_name("RTDX_REC_CNTL")
    1079                            .dwattr $C$DW$126, DW_AT_location[DW_OP_regx 0x6a]
    1080                    $C$DW$127       .dwtag  DW_TAG_TI_assign_register, DW_AT_name("RTDX_XMT_CNTL")
    1081                            .dwattr $C$DW$127, DW_AT_location[DW_OP_regx 0x6b]
    1082                    $C$DW$128       .dwtag  DW_TAG_TI_assign_register, DW_AT_name("RTDX_CFG")
    1083                            .dwattr $C$DW$128, DW_AT_location[DW_OP_regx 0x6c]
    1084                    $C$DW$129       .dwtag  DW_TAG_TI_assign_register, DW_AT_name("RTDX_RDATA")
    1085                            .dwattr $C$DW$129, DW_AT_location[DW_OP_regx 0x6d]
    1086                    $C$DW$130       .dwtag  DW_TAG_TI_assign_register, DW_AT_name("RTDX_WDATA")
    1087                            .dwattr $C$DW$130, DW_AT_location[DW_OP_regx 0x6e]
    1088                    $C$DW$131       .dwtag  DW_TAG_TI_assign_register, DW_AT_name("RTDX_RADDR")
    1089                            .dwattr $C$DW$131, DW_AT_location[DW_OP_regx 0x6f]
    1090                    $C$DW$132       .dwtag  DW_TAG_TI_assign_register, DW_AT_name("RTDX_WADDR")
    1091                            .dwattr $C$DW$132, DW_AT_location[DW_OP_regx 0x70]
    1092                    $C$DW$133       .dwtag  DW_TAG_TI_assign_register, DW_AT_name("MFREG0")
    1093                            .dwattr $C$DW$133, DW_AT_location[DW_OP_regx 0x71]
    1094                    $C$DW$134       .dwtag  DW_TAG_TI_assign_register, DW_AT_name("DBG_STAT")
    1095                            .dwattr $C$DW$134, DW_AT_location[DW_OP_regx 0x72]
    1096                    $C$DW$135       .dwtag  DW_TAG_TI_assign_register, DW_AT_name("BRK_EN")
    1097                            .dwattr $C$DW$135, DW_AT_location[DW_OP_regx 0x73]
    1098                    $C$DW$136       .dwtag  DW_TAG_TI_assign_register, DW_AT_name("HWBP0_CNT")
    1099                            .dwattr $C$DW$136, DW_AT_location[DW_OP_regx 0x74]
    1100                    $C$DW$137       .dwtag  DW_TAG_TI_assign_register, DW_AT_name("HWBP0")
TMS320C6x Assembler PC v7.4.18 Mon Oct 02 10:49:27 2023

Tools Copyright (c) 1996-2015 Texas Instruments Incorporated
C:\Users\Lenovo\AppData\Local\Temp\0523210                           PAGE   21

    1101                            .dwattr $C$DW$137, DW_AT_location[DW_OP_regx 0x75]
    1102                    $C$DW$138       .dwtag  DW_TAG_TI_assign_register, DW_AT_name("HWBP1")
    1103                            .dwattr $C$DW$138, DW_AT_location[DW_OP_regx 0x76]
    1104                    $C$DW$139       .dwtag  DW_TAG_TI_assign_register, DW_AT_name("HWBP2")
    1105                            .dwattr $C$DW$139, DW_AT_location[DW_OP_regx 0x77]
    1106                    $C$DW$140       .dwtag  DW_TAG_TI_assign_register, DW_AT_name("HWBP3")
    1107                            .dwattr $C$DW$140, DW_AT_location[DW_OP_regx 0x78]
    1108                    $C$DW$141       .dwtag  DW_TAG_TI_assign_register, DW_AT_name("OVERLAY")
    1109                            .dwattr $C$DW$141, DW_AT_location[DW_OP_regx 0x79]
    1110                    $C$DW$142       .dwtag  DW_TAG_TI_assign_register, DW_AT_name("PC_PROF")
    1111                            .dwattr $C$DW$142, DW_AT_location[DW_OP_regx 0x7a]
    1112                    $C$DW$143       .dwtag  DW_TAG_TI_assign_register, DW_AT_name("ATSR")
    1113                            .dwattr $C$DW$143, DW_AT_location[DW_OP_regx 0x7b]
    1114                    $C$DW$144       .dwtag  DW_TAG_TI_assign_register, DW_AT_name("TRR")
    1115                            .dwattr $C$DW$144, DW_AT_location[DW_OP_regx 0x7c]
    1116                    $C$DW$145       .dwtag  DW_TAG_TI_assign_register, DW_AT_name("TCRR")
    1117                            .dwattr $C$DW$145, DW_AT_location[DW_OP_regx 0x7d]
    1118                    $C$DW$146       .dwtag  DW_TAG_TI_assign_register, DW_AT_name("DESR")
    1119                            .dwattr $C$DW$146, DW_AT_location[DW_OP_regx 0x7e]
    1120                    $C$DW$147       .dwtag  DW_TAG_TI_assign_register, DW_AT_name("DETR")
    1121                            .dwattr $C$DW$147, DW_AT_location[DW_OP_regx 0x7f]
    1122                    $C$DW$148       .dwtag  DW_TAG_TI_assign_register, DW_AT_name("CIE_RETA")
    1123                            .dwattr $C$DW$148, DW_AT_location[DW_OP_regx 0xe4]
    1124                            .dwendtag $C$DW$CU
    1125                    

No Assembly Errors, No Assembly Warnings
