TMS320C6x Assembler PC v7.4.18 Sun Oct 08 13:03:23 2023

Tools Copyright (c) 1996-2015 Texas Instruments Incorporated
C:\Users\Lenovo\AppData\Local\Temp\2213210                           PAGE    1

       1                    ;******************************************************************************
       2                    ;* TMS320C6x C/C++ Codegen                                         PC v7.4.18 *
       3                    ;* Date/Time created: Sun Oct 08 13:03:23 2023                                *
       4                    ;******************************************************************************
       5                            .compiler_opts --abi=coffabi --c64p_l1d_workaround=default --endian=little --hll_source=on --l
       6                    
       7                    ;******************************************************************************
       8                    ;* GLOBAL FILE PARAMETERS                                                     *
       9                    ;*                                                                            *
      10                    ;*   Architecture      : TMS320C670x                                          *
      11                    ;*   Optimization      : Disabled                                             *
      12                    ;*   Optimizing for    : Compile time, Ease of Development                    *
      13                    ;*                       Based on options: no -o, no -ms                      *
      14                    ;*   Endian            : Little                                               *
      15                    ;*   Interrupt Thrshld : Disabled                                             *
      16                    ;*   Data Access Model : Far                                                  *
      17                    ;*   Pipelining        : Disabled                                             *
      18                    ;*   Memory Aliases    : Presume are aliases (pessimistic)                    *
      19                    ;*   Debug Info        : DWARF Debug                                          *
      20                    ;*                                                                            *
      21                    ;******************************************************************************
      22                    
      23                            .asg    A15, FP
      24                            .asg    B14, DP
      25                            .asg    B15, SP
      26                            .global $bss
      27                    
      28                    
      29                    $C$DW$CU        .dwtag  DW_TAG_compile_unit
      30                            .dwattr $C$DW$CU, DW_AT_name("../main.c")
      31                            .dwattr $C$DW$CU, DW_AT_producer("TMS320C6x C/C++ Codegen PC v7.4.18 Copyright (c) 1996-2015 T
      32                            .dwattr $C$DW$CU, DW_AT_TI_version(0x01)
      33                            .dwattr $C$DW$CU, DW_AT_comp_dir("D:\ti_v6_2\DSP_Worspace_2023_Gr1\Acquisition_ModePolling\Deb
      34                    ;*****************************************************************************
      35                    ;* CINIT RECORDS                                                             *
      36                    ;*****************************************************************************
      37 00000000                   .sect   ".cinit"
      38                            .align  8
      39 00000000 00000004          .field          4,32
      40 00000004 00000000-         .field          _fs+0,32
      41 00000008 00000001          .bits   1,32                    ; _fs @ 0
      42                    
      43                    
      44                    $C$DW$1 .dwtag  DW_TAG_subprogram, DW_AT_name("input_left_sample")
      45                            .dwattr $C$DW$1, DW_AT_TI_symbol_name("_input_left_sample")
      46                            .dwattr $C$DW$1, DW_AT_type(*$C$DW$T$24)
      47                            .dwattr $C$DW$1, DW_AT_declaration
      48                            .dwattr $C$DW$1, DW_AT_external
      49                    
      50                    $C$DW$2 .dwtag  DW_TAG_subprogram, DW_AT_name("output_left_sample")
      51                            .dwattr $C$DW$2, DW_AT_TI_symbol_name("_output_left_sample")
      52                            .dwattr $C$DW$2, DW_AT_declaration
      53                            .dwattr $C$DW$2, DW_AT_external
      54                    $C$DW$3 .dwtag  DW_TAG_formal_parameter
      55                            .dwattr $C$DW$3, DW_AT_type(*$C$DW$T$10)
TMS320C6x Assembler PC v7.4.18 Sun Oct 08 13:03:23 2023

Tools Copyright (c) 1996-2015 Texas Instruments Incorporated
C:\Users\Lenovo\AppData\Local\Temp\2213210                           PAGE    2

      56                            .dwendtag $C$DW$2
      57                    
      58                    
      59                    $C$DW$4 .dwtag  DW_TAG_subprogram, DW_AT_name("comm_poll")
      60                            .dwattr $C$DW$4, DW_AT_TI_symbol_name("_comm_poll")
      61                            .dwattr $C$DW$4, DW_AT_declaration
      62                            .dwattr $C$DW$4, DW_AT_external
      63                            .global _fs
      64 00000000           _fs:    .usect  ".far",4,4
      65                    $C$DW$5 .dwtag  DW_TAG_variable, DW_AT_name("fs")
      66                            .dwattr $C$DW$5, DW_AT_TI_symbol_name("_fs")
      67                            .dwattr $C$DW$5, DW_AT_location[DW_OP_addr _fs]
      68                            .dwattr $C$DW$5, DW_AT_type(*$C$DW$T$24)
      69                            .dwattr $C$DW$5, DW_AT_external
      70                            .global _Xn
      71 00000004           _Xn:    .usect  ".far",2,2
      72                    $C$DW$6 .dwtag  DW_TAG_variable, DW_AT_name("Xn")
      73                            .dwattr $C$DW$6, DW_AT_TI_symbol_name("_Xn")
      74                            .dwattr $C$DW$6, DW_AT_location[DW_OP_addr _Xn]
      75                            .dwattr $C$DW$6, DW_AT_type(*$C$DW$T$8)
      76                            .dwattr $C$DW$6, DW_AT_external
      77                    ;       D:\ti_v6_2\ccsv6\tools\compiler\c6000_7.4.18\bin\acp6x.exe -@C:\\Users\\Lenovo\\AppData\\Local
      78 00000000                   .sect   ".text"
      79                            .clink
      80                            .global _main
      81                    
      82                    $C$DW$7 .dwtag  DW_TAG_subprogram, DW_AT_name("main")
      83                            .dwattr $C$DW$7, DW_AT_low_pc(_main)
      84                            .dwattr $C$DW$7, DW_AT_high_pc(0x00)
      85                            .dwattr $C$DW$7, DW_AT_TI_symbol_name("_main")
      86                            .dwattr $C$DW$7, DW_AT_external
      87                            .dwattr $C$DW$7, DW_AT_type(*$C$DW$T$10)
      88                            .dwattr $C$DW$7, DW_AT_TI_begin_file("../main.c")
      89                            .dwattr $C$DW$7, DW_AT_TI_begin_line(0x0a)
      90                            .dwattr $C$DW$7, DW_AT_TI_begin_column(0x01)
      91                            .dwattr $C$DW$7, DW_AT_TI_max_frame_size(0x10)
      92                            .dwpsn  file "../main.c",line 11,column 1,is_stmt,address _main
      93                    
      94                            .dwfde $C$DW$CIE, _main
      95                    
      96                    ;******************************************************************************
      97                    ;* FUNCTION NAME: main                                                        *
      98                    ;*                                                                            *
      99                    ;*   Regs Modified     : A0,A1,A2,A3,A4,A5,A6,A7,A8,A9,A10,A11,B0,B1,B2,B3,B4,*
     100                    ;*                           B5,B6,B7,B8,B9,SP                                *
     101                    ;*   Regs Used         : A0,A1,A2,A3,A4,A5,A6,A7,A8,A9,A10,A11,B0,B1,B2,B3,B4,*
     102                    ;*                           B5,B6,B7,B8,B9,DP,SP                             *
     103                    ;*   Local Frame Size  : 0 Args + 0 Auto + 12 Save = 12 byte                  *
     104                    ;******************************************************************************
     105 00000000           _main:
     106                    ;** --------------------------------------------------------------------------*
     107                            .dwcfi  cfa_offset, 0
     108                            .dwcfi  save_reg_to_reg, 228, 19
     109 00000000 01BC94F6             STW     .D2T2   B3,*SP--(16)      ; |11| 
     110                            .dwcfi  cfa_offset, 16
TMS320C6x Assembler PC v7.4.18 Sun Oct 08 13:03:23 2023

Tools Copyright (c) 1996-2015 Texas Instruments Incorporated
C:\Users\Lenovo\AppData\Local\Temp\2213210                           PAGE    3

     111                            .dwcfi  save_reg_to_mem, 19, 0
     112 00000004 05BC62F4             STW     .D2T1   A11,*+SP(12)      ; |11| 
     113                            .dwcfi  save_reg_to_mem, 11, -4
     114 00000008 053C42F4             STW     .D2T1   A10,*+SP(8)       ; |11| 
     115                            .dwcfi  save_reg_to_mem, 10, -8
     116                            .dwpsn  file "../main.c",line 12,column 2,is_stmt
     117                    $C$DW$8 .dwtag  DW_TAG_TI_branch
     118                            .dwattr $C$DW$8, DW_AT_low_pc(0x00)
     119                            .dwattr $C$DW$8, DW_AT_name("_comm_poll")
     120                            .dwattr $C$DW$8, DW_AT_TI_call
     121 0000000c 00000010!            CALL    .S1     _comm_poll        ; |12| 
     122 00000010 01800E2A'            MVKL    .S2     $C$RL0,B3         ; |12| 
     123 00000014 0180006A'            MVKH    .S2     $C$RL0,B3         ; |12| 
     124 00000018 00004000             NOP             3
     125 0000001c           $C$RL0:    ; CALL OCCURS {_comm_poll} {0}    ; |12| 
     126 0000001c 05000228-            MVKL    .S1     _Xn,A10
     127 00000020 05000068-            MVKH    .S1     _Xn,A10
     128 00000024 05A80058             MV      .L1     A10,A11           ; |15| 
     129                            .dwpsn  file "../main.c",line 13,column 8,is_stmt
     130                    ;*----------------------------------------------------------------------------*
     131                    ;*   SOFTWARE PIPELINE INFORMATION
     132                    ;*      Disqualified loop: Software pipelining disabled
     133                    ;*      Disqualified loop: Loop contains a call
     134                    ;*      Disqualified loop: Loop contains non-pipelinable instructions
     135                    ;*      Disqualified loop: Loop contains a call
     136                    ;*      Disqualified loop: Loop contains non-pipelinable instructions
     137                    ;*      Disqualified loop: Bad loop structure
     138                    ;*----------------------------------------------------------------------------*
     139 00000028           $C$L1:    
     140 00000028           $C$DW$L$_main$2$B:
     141                            .dwpsn  file "../main.c",line 14,column 3,is_stmt
     142                    $C$DW$9 .dwtag  DW_TAG_TI_branch
     143                            .dwattr $C$DW$9, DW_AT_low_pc(0x00)
     144                            .dwattr $C$DW$9, DW_AT_name("_input_left_sample")
     145                            .dwattr $C$DW$9, DW_AT_TI_call
     146 00000028 0FFFFC10!            CALL    .S1     _input_left_sample ; |14| 
     147 0000002c 01801C2A'            MVKL    .S2     $C$RL1,B3         ; |14| 
     148 00000030 0180006A'            MVKH    .S2     $C$RL1,B3         ; |14| 
     149 00000034 00004000             NOP             3
     150 00000038           $C$RL1:    ; CALL OCCURS {_input_left_sample} {0}  ; |14| 
     151 00000038 022C0254             STH     .D1T1   A4,*A11           ; |14| 
     152                            .dwpsn  file "../main.c",line 15,column 3,is_stmt
     153                    $C$DW$10        .dwtag  DW_TAG_TI_branch
     154                            .dwattr $C$DW$10, DW_AT_low_pc(0x00)
     155                            .dwattr $C$DW$10, DW_AT_name("_output_left_sample")
     156                            .dwattr $C$DW$10, DW_AT_TI_call
     157 0000003c 0FFFFC10!            CALL    .S1     _output_left_sample ; |15| 
     158 00000040 02280244             LDH     .D1T1   *A10,A4           ; |15| 
     159 00000044 0180282A'            MVKL    .S2     $C$RL2,B3         ; |15| 
     160 00000048 0180006A'            MVKH    .S2     $C$RL2,B3         ; |15| 
     161 0000004c 00002000             NOP             2
     162 00000050           $C$RL2:    ; CALL OCCURS {_output_left_sample} {0}  ; |15| 
     163                            .dwpsn  file "../main.c",line 13,column 8,is_stmt
     164 00000050 0FFFFD10             B       .S1     $C$L1             ; |13| 
     165 00000054 00008000             NOP             5
TMS320C6x Assembler PC v7.4.18 Sun Oct 08 13:03:23 2023

Tools Copyright (c) 1996-2015 Texas Instruments Incorporated
C:\Users\Lenovo\AppData\Local\Temp\2213210                           PAGE    4

     166                               ; BRANCH OCCURS {$C$L1}           ; |13| 
     167 00000058           $C$DW$L$_main$2$E:
     168                    ;** --------------------------------------------------------------------------*
     169                            .dwcfi  restore_reg, 11
     170                            .dwcfi  restore_reg, 10
     171                            .dwcfi  cfa_offset, 0
     172                            .dwcfi  restore_reg, 19
     173                            .dwcfi  cfa_offset, 0
     174                    
     175                    $C$DW$11        .dwtag  DW_TAG_TI_loop
     176                            .dwattr $C$DW$11, DW_AT_name("C:\\Users\\Lenovo\\AppData\\Local\\Temp\\2213210:$C$L1:1:1696766
     177                            .dwattr $C$DW$11, DW_AT_TI_begin_file("../main.c")
     178                            .dwattr $C$DW$11, DW_AT_TI_begin_line(0x0d)
     179                            .dwattr $C$DW$11, DW_AT_TI_end_line(0x10)
     180                    $C$DW$12        .dwtag  DW_TAG_TI_loop_range
     181                            .dwattr $C$DW$12, DW_AT_low_pc($C$DW$L$_main$2$B)
     182                            .dwattr $C$DW$12, DW_AT_high_pc($C$DW$L$_main$2$E)
     183                            .dwendtag $C$DW$11
     184                    
     185                            .dwattr $C$DW$7, DW_AT_TI_end_file("../main.c")
     186                            .dwattr $C$DW$7, DW_AT_TI_end_line(0x11)
     187                            .dwattr $C$DW$7, DW_AT_TI_end_column(0x01)
     188                            .dwendentry
     189                            .dwendtag $C$DW$7
     190                    
     191                    ;*****************************************************************************
     192                    ;* UNDEFINED EXTERNAL REFERENCES                                             *
     193                    ;*****************************************************************************
     194                            .global _input_left_sample
     195                            .global _output_left_sample
     196                            .global _comm_poll
     197                    
     198                    ;******************************************************************************
     199                    ;* BUILD ATTRIBUTES                                                           *
     200                    ;******************************************************************************
     201                            .battr "TI", Tag_File, 1, Tag_ABI_stack_align_needed(0)
     202                            .battr "TI", Tag_File, 1, Tag_ABI_stack_align_preserved(0)
     203                            .battr "TI", Tag_File, 1, Tag_Tramps_Use_SOC(0)
     204                    
     205                    ;******************************************************************************
     206                    ;* TYPE INFORMATION                                                           *
     207                    ;******************************************************************************
     208                    $C$DW$T$4       .dwtag  DW_TAG_base_type
     209                            .dwattr $C$DW$T$4, DW_AT_encoding(DW_ATE_boolean)
     210                            .dwattr $C$DW$T$4, DW_AT_name("bool")
     211                            .dwattr $C$DW$T$4, DW_AT_byte_size(0x01)
     212                    $C$DW$T$5       .dwtag  DW_TAG_base_type
     213                            .dwattr $C$DW$T$5, DW_AT_encoding(DW_ATE_signed_char)
     214                            .dwattr $C$DW$T$5, DW_AT_name("signed char")
     215                            .dwattr $C$DW$T$5, DW_AT_byte_size(0x01)
     216                    $C$DW$T$6       .dwtag  DW_TAG_base_type
     217                            .dwattr $C$DW$T$6, DW_AT_encoding(DW_ATE_unsigned_char)
     218                            .dwattr $C$DW$T$6, DW_AT_name("unsigned char")
     219                            .dwattr $C$DW$T$6, DW_AT_byte_size(0x01)
     220                    $C$DW$T$7       .dwtag  DW_TAG_base_type
TMS320C6x Assembler PC v7.4.18 Sun Oct 08 13:03:23 2023

Tools Copyright (c) 1996-2015 Texas Instruments Incorporated
C:\Users\Lenovo\AppData\Local\Temp\2213210                           PAGE    5

     221                            .dwattr $C$DW$T$7, DW_AT_encoding(DW_ATE_signed_char)
     222                            .dwattr $C$DW$T$7, DW_AT_name("wchar_t")
     223                            .dwattr $C$DW$T$7, DW_AT_byte_size(0x02)
     224                    $C$DW$T$8       .dwtag  DW_TAG_base_type
     225                            .dwattr $C$DW$T$8, DW_AT_encoding(DW_ATE_signed)
     226                            .dwattr $C$DW$T$8, DW_AT_name("short")
     227                            .dwattr $C$DW$T$8, DW_AT_byte_size(0x02)
     228                    $C$DW$T$9       .dwtag  DW_TAG_base_type
     229                            .dwattr $C$DW$T$9, DW_AT_encoding(DW_ATE_unsigned)
     230                            .dwattr $C$DW$T$9, DW_AT_name("unsigned short")
     231                            .dwattr $C$DW$T$9, DW_AT_byte_size(0x02)
     232                    $C$DW$T$10      .dwtag  DW_TAG_base_type
     233                            .dwattr $C$DW$T$10, DW_AT_encoding(DW_ATE_signed)
     234                            .dwattr $C$DW$T$10, DW_AT_name("int")
     235                            .dwattr $C$DW$T$10, DW_AT_byte_size(0x04)
     236                    $C$DW$T$11      .dwtag  DW_TAG_base_type
     237                            .dwattr $C$DW$T$11, DW_AT_encoding(DW_ATE_unsigned)
     238                            .dwattr $C$DW$T$11, DW_AT_name("unsigned int")
     239                            .dwattr $C$DW$T$11, DW_AT_byte_size(0x04)
     240                    $C$DW$T$24      .dwtag  DW_TAG_typedef, DW_AT_name("Uint32")
     241                            .dwattr $C$DW$T$24, DW_AT_type(*$C$DW$T$11)
     242                            .dwattr $C$DW$T$24, DW_AT_language(DW_LANG_C)
     243                    $C$DW$T$12      .dwtag  DW_TAG_base_type
     244                            .dwattr $C$DW$T$12, DW_AT_encoding(DW_ATE_signed)
     245                            .dwattr $C$DW$T$12, DW_AT_name("long")
     246                            .dwattr $C$DW$T$12, DW_AT_byte_size(0x08)
     247                            .dwattr $C$DW$T$12, DW_AT_bit_size(0x28)
     248                            .dwattr $C$DW$T$12, DW_AT_bit_offset(0x18)
     249                    $C$DW$T$13      .dwtag  DW_TAG_base_type
     250                            .dwattr $C$DW$T$13, DW_AT_encoding(DW_ATE_unsigned)
     251                            .dwattr $C$DW$T$13, DW_AT_name("unsigned long")
     252                            .dwattr $C$DW$T$13, DW_AT_byte_size(0x08)
     253                            .dwattr $C$DW$T$13, DW_AT_bit_size(0x28)
     254                            .dwattr $C$DW$T$13, DW_AT_bit_offset(0x18)
     255                    $C$DW$T$14      .dwtag  DW_TAG_base_type
     256                            .dwattr $C$DW$T$14, DW_AT_encoding(DW_ATE_signed)
     257                            .dwattr $C$DW$T$14, DW_AT_name("long long")
     258                            .dwattr $C$DW$T$14, DW_AT_byte_size(0x08)
     259                    $C$DW$T$15      .dwtag  DW_TAG_base_type
     260                            .dwattr $C$DW$T$15, DW_AT_encoding(DW_ATE_unsigned)
     261                            .dwattr $C$DW$T$15, DW_AT_name("unsigned long long")
     262                            .dwattr $C$DW$T$15, DW_AT_byte_size(0x08)
     263                    $C$DW$T$16      .dwtag  DW_TAG_base_type
     264                            .dwattr $C$DW$T$16, DW_AT_encoding(DW_ATE_float)
     265                            .dwattr $C$DW$T$16, DW_AT_name("float")
     266                            .dwattr $C$DW$T$16, DW_AT_byte_size(0x04)
     267                    $C$DW$T$17      .dwtag  DW_TAG_base_type
     268                            .dwattr $C$DW$T$17, DW_AT_encoding(DW_ATE_float)
     269                            .dwattr $C$DW$T$17, DW_AT_name("double")
     270                            .dwattr $C$DW$T$17, DW_AT_byte_size(0x08)
     271                    $C$DW$T$18      .dwtag  DW_TAG_base_type
     272                            .dwattr $C$DW$T$18, DW_AT_encoding(DW_ATE_float)
     273                            .dwattr $C$DW$T$18, DW_AT_name("long double")
     274                            .dwattr $C$DW$T$18, DW_AT_byte_size(0x08)
     275                            .dwattr $C$DW$CU, DW_AT_language(DW_LANG_C)
TMS320C6x Assembler PC v7.4.18 Sun Oct 08 13:03:23 2023

Tools Copyright (c) 1996-2015 Texas Instruments Incorporated
C:\Users\Lenovo\AppData\Local\Temp\2213210                           PAGE    6

     276                    
     277                    ;***************************************************************
     278                    ;* DWARF CIE ENTRIES                                           *
     279                    ;***************************************************************
     280                    
     281                    $C$DW$CIE       .dwcie 228
     282                            .dwcfi  cfa_register, 31
     283                            .dwcfi  cfa_offset, 0
     284                            .dwcfi  undefined, 0
     285                            .dwcfi  undefined, 1
     286                            .dwcfi  undefined, 2
     287                            .dwcfi  undefined, 3
     288                            .dwcfi  undefined, 4
     289                            .dwcfi  undefined, 5
     290                            .dwcfi  undefined, 6
     291                            .dwcfi  undefined, 7
     292                            .dwcfi  undefined, 8
     293                            .dwcfi  undefined, 9
     294                            .dwcfi  same_value, 10
     295                            .dwcfi  same_value, 11
     296                            .dwcfi  same_value, 12
     297                            .dwcfi  same_value, 13
     298                            .dwcfi  same_value, 14
     299                            .dwcfi  same_value, 15
     300                            .dwcfi  undefined, 16
     301                            .dwcfi  undefined, 17
     302                            .dwcfi  undefined, 18
     303                            .dwcfi  undefined, 19
     304                            .dwcfi  undefined, 20
     305                            .dwcfi  undefined, 21
     306                            .dwcfi  undefined, 22
     307                            .dwcfi  undefined, 23
     308                            .dwcfi  undefined, 24
     309                            .dwcfi  undefined, 25
     310                            .dwcfi  same_value, 26
     311                            .dwcfi  same_value, 27
     312                            .dwcfi  same_value, 28
     313                            .dwcfi  same_value, 29
     314                            .dwcfi  same_value, 30
     315                            .dwcfi  same_value, 31
     316                            .dwcfi  same_value, 32
     317                            .dwcfi  undefined, 33
     318                            .dwcfi  undefined, 34
     319                            .dwcfi  undefined, 35
     320                            .dwcfi  undefined, 36
     321                            .dwcfi  undefined, 37
     322                            .dwcfi  undefined, 38
     323                            .dwcfi  undefined, 39
     324                            .dwcfi  undefined, 40
     325                            .dwcfi  undefined, 41
     326                            .dwcfi  undefined, 42
     327                            .dwcfi  undefined, 43
     328                            .dwcfi  undefined, 44
     329                            .dwcfi  undefined, 45
     330                            .dwcfi  undefined, 46
TMS320C6x Assembler PC v7.4.18 Sun Oct 08 13:03:23 2023

Tools Copyright (c) 1996-2015 Texas Instruments Incorporated
C:\Users\Lenovo\AppData\Local\Temp\2213210                           PAGE    7

     331                            .dwcfi  undefined, 47
     332                            .dwcfi  undefined, 48
     333                            .dwcfi  undefined, 49
     334                            .dwcfi  undefined, 50
     335                            .dwcfi  undefined, 51
     336                            .dwcfi  undefined, 52
     337                            .dwcfi  undefined, 53
     338                            .dwcfi  undefined, 54
     339                            .dwcfi  undefined, 55
     340                            .dwcfi  undefined, 56
     341                            .dwcfi  undefined, 57
     342                            .dwcfi  undefined, 58
     343                            .dwcfi  undefined, 59
     344                            .dwcfi  undefined, 60
     345                            .dwcfi  undefined, 61
     346                            .dwcfi  undefined, 62
     347                            .dwcfi  undefined, 63
     348                            .dwcfi  undefined, 64
     349                            .dwcfi  undefined, 65
     350                            .dwcfi  undefined, 66
     351                            .dwcfi  undefined, 67
     352                            .dwcfi  undefined, 68
     353                            .dwcfi  undefined, 69
     354                            .dwcfi  undefined, 70
     355                            .dwcfi  undefined, 71
     356                            .dwcfi  undefined, 72
     357                            .dwcfi  undefined, 73
     358                            .dwcfi  undefined, 74
     359                            .dwcfi  undefined, 75
     360                            .dwcfi  undefined, 76
     361                            .dwcfi  undefined, 77
     362                            .dwcfi  undefined, 78
     363                            .dwcfi  undefined, 79
     364                            .dwcfi  undefined, 80
     365                            .dwcfi  undefined, 81
     366                            .dwcfi  undefined, 82
     367                            .dwcfi  undefined, 83
     368                            .dwcfi  undefined, 84
     369                            .dwcfi  undefined, 85
     370                            .dwcfi  undefined, 86
     371                            .dwcfi  undefined, 87
     372                            .dwcfi  undefined, 88
     373                            .dwcfi  undefined, 89
     374                            .dwcfi  undefined, 90
     375                            .dwcfi  undefined, 91
     376                            .dwcfi  undefined, 92
     377                            .dwcfi  undefined, 93
     378                            .dwcfi  undefined, 94
     379                            .dwcfi  undefined, 95
     380                            .dwcfi  undefined, 96
     381                            .dwcfi  undefined, 97
     382                            .dwcfi  undefined, 98
     383                            .dwcfi  undefined, 99
     384                            .dwcfi  undefined, 100
     385                            .dwcfi  undefined, 101
TMS320C6x Assembler PC v7.4.18 Sun Oct 08 13:03:23 2023

Tools Copyright (c) 1996-2015 Texas Instruments Incorporated
C:\Users\Lenovo\AppData\Local\Temp\2213210                           PAGE    8

     386                            .dwcfi  undefined, 102
     387                            .dwcfi  undefined, 103
     388                            .dwcfi  undefined, 104
     389                            .dwcfi  undefined, 105
     390                            .dwcfi  undefined, 106
     391                            .dwcfi  undefined, 107
     392                            .dwcfi  undefined, 108
     393                            .dwcfi  undefined, 109
     394                            .dwcfi  undefined, 110
     395                            .dwcfi  undefined, 111
     396                            .dwcfi  undefined, 112
     397                            .dwcfi  undefined, 113
     398                            .dwcfi  undefined, 114
     399                            .dwcfi  undefined, 115
     400                            .dwcfi  undefined, 116
     401                            .dwcfi  undefined, 117
     402                            .dwcfi  undefined, 118
     403                            .dwcfi  undefined, 119
     404                            .dwcfi  undefined, 120
     405                            .dwcfi  undefined, 121
     406                            .dwcfi  undefined, 122
     407                            .dwcfi  undefined, 123
     408                            .dwcfi  undefined, 124
     409                            .dwcfi  undefined, 125
     410                            .dwcfi  undefined, 126
     411                            .dwcfi  undefined, 127
     412                            .dwcfi  undefined, 128
     413                            .dwcfi  undefined, 129
     414                            .dwcfi  undefined, 130
     415                            .dwcfi  undefined, 131
     416                            .dwcfi  undefined, 132
     417                            .dwcfi  undefined, 133
     418                            .dwcfi  undefined, 134
     419                            .dwcfi  undefined, 135
     420                            .dwcfi  undefined, 136
     421                            .dwcfi  undefined, 137
     422                            .dwcfi  undefined, 138
     423                            .dwcfi  undefined, 139
     424                            .dwcfi  undefined, 140
     425                            .dwcfi  undefined, 141
     426                            .dwcfi  undefined, 142
     427                            .dwcfi  undefined, 143
     428                            .dwcfi  undefined, 144
     429                            .dwcfi  undefined, 145
     430                            .dwcfi  undefined, 146
     431                            .dwcfi  undefined, 147
     432                            .dwcfi  undefined, 148
     433                            .dwcfi  undefined, 149
     434                            .dwcfi  undefined, 150
     435                            .dwcfi  undefined, 151
     436                            .dwcfi  undefined, 152
     437                            .dwcfi  undefined, 153
     438                            .dwcfi  undefined, 154
     439                            .dwcfi  undefined, 155
     440                            .dwcfi  undefined, 156
TMS320C6x Assembler PC v7.4.18 Sun Oct 08 13:03:23 2023

Tools Copyright (c) 1996-2015 Texas Instruments Incorporated
C:\Users\Lenovo\AppData\Local\Temp\2213210                           PAGE    9

     441                            .dwcfi  undefined, 157
     442                            .dwcfi  undefined, 158
     443                            .dwcfi  undefined, 159
     444                            .dwcfi  undefined, 160
     445                            .dwcfi  undefined, 161
     446                            .dwcfi  undefined, 162
     447                            .dwcfi  undefined, 163
     448                            .dwcfi  undefined, 164
     449                            .dwcfi  undefined, 165
     450                            .dwcfi  undefined, 166
     451                            .dwcfi  undefined, 167
     452                            .dwcfi  undefined, 168
     453                            .dwcfi  undefined, 169
     454                            .dwcfi  undefined, 170
     455                            .dwcfi  undefined, 171
     456                            .dwcfi  undefined, 172
     457                            .dwcfi  undefined, 173
     458                            .dwcfi  undefined, 174
     459                            .dwcfi  undefined, 175
     460                            .dwcfi  undefined, 176
     461                            .dwcfi  undefined, 177
     462                            .dwcfi  undefined, 178
     463                            .dwcfi  undefined, 179
     464                            .dwcfi  undefined, 180
     465                            .dwcfi  undefined, 181
     466                            .dwcfi  undefined, 182
     467                            .dwcfi  undefined, 183
     468                            .dwcfi  undefined, 184
     469                            .dwcfi  undefined, 185
     470                            .dwcfi  undefined, 186
     471                            .dwcfi  undefined, 187
     472                            .dwcfi  undefined, 188
     473                            .dwcfi  undefined, 189
     474                            .dwcfi  undefined, 190
     475                            .dwcfi  undefined, 191
     476                            .dwcfi  undefined, 192
     477                            .dwcfi  undefined, 193
     478                            .dwcfi  undefined, 194
     479                            .dwcfi  undefined, 195
     480                            .dwcfi  undefined, 196
     481                            .dwcfi  undefined, 197
     482                            .dwcfi  undefined, 198
     483                            .dwcfi  undefined, 199
     484                            .dwcfi  undefined, 200
     485                            .dwcfi  undefined, 201
     486                            .dwcfi  undefined, 202
     487                            .dwcfi  undefined, 203
     488                            .dwcfi  undefined, 204
     489                            .dwcfi  undefined, 205
     490                            .dwcfi  undefined, 206
     491                            .dwcfi  undefined, 207
     492                            .dwcfi  undefined, 208
     493                            .dwcfi  undefined, 209
     494                            .dwcfi  undefined, 210
     495                            .dwcfi  undefined, 211
TMS320C6x Assembler PC v7.4.18 Sun Oct 08 13:03:23 2023

Tools Copyright (c) 1996-2015 Texas Instruments Incorporated
C:\Users\Lenovo\AppData\Local\Temp\2213210                           PAGE   10

     496                            .dwcfi  undefined, 212
     497                            .dwcfi  undefined, 213
     498                            .dwcfi  undefined, 214
     499                            .dwcfi  undefined, 215
     500                            .dwcfi  undefined, 216
     501                            .dwcfi  undefined, 217
     502                            .dwcfi  undefined, 218
     503                            .dwcfi  undefined, 219
     504                            .dwcfi  undefined, 220
     505                            .dwcfi  undefined, 221
     506                            .dwcfi  undefined, 222
     507                            .dwcfi  undefined, 223
     508                            .dwcfi  undefined, 224
     509                            .dwcfi  undefined, 225
     510                            .dwcfi  undefined, 226
     511                            .dwcfi  undefined, 227
     512                            .dwcfi  undefined, 228
     513                            .dwendentry
     514                    
     515                    ;***************************************************************
     516                    ;* DWARF REGISTER MAP                                          *
     517                    ;***************************************************************
     518                    
     519                    $C$DW$13        .dwtag  DW_TAG_TI_assign_register, DW_AT_name("A0")
     520                            .dwattr $C$DW$13, DW_AT_location[DW_OP_reg0]
     521                    $C$DW$14        .dwtag  DW_TAG_TI_assign_register, DW_AT_name("A1")
     522                            .dwattr $C$DW$14, DW_AT_location[DW_OP_reg1]
     523                    $C$DW$15        .dwtag  DW_TAG_TI_assign_register, DW_AT_name("A2")
     524                            .dwattr $C$DW$15, DW_AT_location[DW_OP_reg2]
     525                    $C$DW$16        .dwtag  DW_TAG_TI_assign_register, DW_AT_name("A3")
     526                            .dwattr $C$DW$16, DW_AT_location[DW_OP_reg3]
     527                    $C$DW$17        .dwtag  DW_TAG_TI_assign_register, DW_AT_name("A4")
     528                            .dwattr $C$DW$17, DW_AT_location[DW_OP_reg4]
     529                    $C$DW$18        .dwtag  DW_TAG_TI_assign_register, DW_AT_name("A5")
     530                            .dwattr $C$DW$18, DW_AT_location[DW_OP_reg5]
     531                    $C$DW$19        .dwtag  DW_TAG_TI_assign_register, DW_AT_name("A6")
     532                            .dwattr $C$DW$19, DW_AT_location[DW_OP_reg6]
     533                    $C$DW$20        .dwtag  DW_TAG_TI_assign_register, DW_AT_name("A7")
     534                            .dwattr $C$DW$20, DW_AT_location[DW_OP_reg7]
     535                    $C$DW$21        .dwtag  DW_TAG_TI_assign_register, DW_AT_name("A8")
     536                            .dwattr $C$DW$21, DW_AT_location[DW_OP_reg8]
     537                    $C$DW$22        .dwtag  DW_TAG_TI_assign_register, DW_AT_name("A9")
     538                            .dwattr $C$DW$22, DW_AT_location[DW_OP_reg9]
     539                    $C$DW$23        .dwtag  DW_TAG_TI_assign_register, DW_AT_name("A10")
     540                            .dwattr $C$DW$23, DW_AT_location[DW_OP_reg10]
     541                    $C$DW$24        .dwtag  DW_TAG_TI_assign_register, DW_AT_name("A11")
     542                            .dwattr $C$DW$24, DW_AT_location[DW_OP_reg11]
     543                    $C$DW$25        .dwtag  DW_TAG_TI_assign_register, DW_AT_name("A12")
     544                            .dwattr $C$DW$25, DW_AT_location[DW_OP_reg12]
     545                    $C$DW$26        .dwtag  DW_TAG_TI_assign_register, DW_AT_name("A13")
     546                            .dwattr $C$DW$26, DW_AT_location[DW_OP_reg13]
     547                    $C$DW$27        .dwtag  DW_TAG_TI_assign_register, DW_AT_name("A14")
     548                            .dwattr $C$DW$27, DW_AT_location[DW_OP_reg14]
     549                    $C$DW$28        .dwtag  DW_TAG_TI_assign_register, DW_AT_name("A15")
     550                            .dwattr $C$DW$28, DW_AT_location[DW_OP_reg15]
TMS320C6x Assembler PC v7.4.18 Sun Oct 08 13:03:23 2023

Tools Copyright (c) 1996-2015 Texas Instruments Incorporated
C:\Users\Lenovo\AppData\Local\Temp\2213210                           PAGE   11

     551                    $C$DW$29        .dwtag  DW_TAG_TI_assign_register, DW_AT_name("B0")
     552                            .dwattr $C$DW$29, DW_AT_location[DW_OP_reg16]
     553                    $C$DW$30        .dwtag  DW_TAG_TI_assign_register, DW_AT_name("B1")
     554                            .dwattr $C$DW$30, DW_AT_location[DW_OP_reg17]
     555                    $C$DW$31        .dwtag  DW_TAG_TI_assign_register, DW_AT_name("B2")
     556                            .dwattr $C$DW$31, DW_AT_location[DW_OP_reg18]
     557                    $C$DW$32        .dwtag  DW_TAG_TI_assign_register, DW_AT_name("B3")
     558                            .dwattr $C$DW$32, DW_AT_location[DW_OP_reg19]
     559                    $C$DW$33        .dwtag  DW_TAG_TI_assign_register, DW_AT_name("B4")
     560                            .dwattr $C$DW$33, DW_AT_location[DW_OP_reg20]
     561                    $C$DW$34        .dwtag  DW_TAG_TI_assign_register, DW_AT_name("B5")
     562                            .dwattr $C$DW$34, DW_AT_location[DW_OP_reg21]
     563                    $C$DW$35        .dwtag  DW_TAG_TI_assign_register, DW_AT_name("B6")
     564                            .dwattr $C$DW$35, DW_AT_location[DW_OP_reg22]
     565                    $C$DW$36        .dwtag  DW_TAG_TI_assign_register, DW_AT_name("B7")
     566                            .dwattr $C$DW$36, DW_AT_location[DW_OP_reg23]
     567                    $C$DW$37        .dwtag  DW_TAG_TI_assign_register, DW_AT_name("B8")
     568                            .dwattr $C$DW$37, DW_AT_location[DW_OP_reg24]
     569                    $C$DW$38        .dwtag  DW_TAG_TI_assign_register, DW_AT_name("B9")
     570                            .dwattr $C$DW$38, DW_AT_location[DW_OP_reg25]
     571                    $C$DW$39        .dwtag  DW_TAG_TI_assign_register, DW_AT_name("B10")
     572                            .dwattr $C$DW$39, DW_AT_location[DW_OP_reg26]
     573                    $C$DW$40        .dwtag  DW_TAG_TI_assign_register, DW_AT_name("B11")
     574                            .dwattr $C$DW$40, DW_AT_location[DW_OP_reg27]
     575                    $C$DW$41        .dwtag  DW_TAG_TI_assign_register, DW_AT_name("B12")
     576                            .dwattr $C$DW$41, DW_AT_location[DW_OP_reg28]
     577                    $C$DW$42        .dwtag  DW_TAG_TI_assign_register, DW_AT_name("B13")
     578                            .dwattr $C$DW$42, DW_AT_location[DW_OP_reg29]
     579                    $C$DW$43        .dwtag  DW_TAG_TI_assign_register, DW_AT_name("DP")
     580                            .dwattr $C$DW$43, DW_AT_location[DW_OP_reg30]
     581                    $C$DW$44        .dwtag  DW_TAG_TI_assign_register, DW_AT_name("SP")
     582                            .dwattr $C$DW$44, DW_AT_location[DW_OP_reg31]
     583                    $C$DW$45        .dwtag  DW_TAG_TI_assign_register, DW_AT_name("FP")
     584                            .dwattr $C$DW$45, DW_AT_location[DW_OP_regx 0x20]
     585                    $C$DW$46        .dwtag  DW_TAG_TI_assign_register, DW_AT_name("PC")
     586                            .dwattr $C$DW$46, DW_AT_location[DW_OP_regx 0x21]
     587                    $C$DW$47        .dwtag  DW_TAG_TI_assign_register, DW_AT_name("IRP")
     588                            .dwattr $C$DW$47, DW_AT_location[DW_OP_regx 0x22]
     589                    $C$DW$48        .dwtag  DW_TAG_TI_assign_register, DW_AT_name("IFR")
     590                            .dwattr $C$DW$48, DW_AT_location[DW_OP_regx 0x23]
     591                    $C$DW$49        .dwtag  DW_TAG_TI_assign_register, DW_AT_name("NRP")
     592                            .dwattr $C$DW$49, DW_AT_location[DW_OP_regx 0x24]
     593                    $C$DW$50        .dwtag  DW_TAG_TI_assign_register, DW_AT_name("A16")
     594                            .dwattr $C$DW$50, DW_AT_location[DW_OP_regx 0x25]
     595                    $C$DW$51        .dwtag  DW_TAG_TI_assign_register, DW_AT_name("A17")
     596                            .dwattr $C$DW$51, DW_AT_location[DW_OP_regx 0x26]
     597                    $C$DW$52        .dwtag  DW_TAG_TI_assign_register, DW_AT_name("A18")
     598                            .dwattr $C$DW$52, DW_AT_location[DW_OP_regx 0x27]
     599                    $C$DW$53        .dwtag  DW_TAG_TI_assign_register, DW_AT_name("A19")
     600                            .dwattr $C$DW$53, DW_AT_location[DW_OP_regx 0x28]
     601                    $C$DW$54        .dwtag  DW_TAG_TI_assign_register, DW_AT_name("A20")
     602                            .dwattr $C$DW$54, DW_AT_location[DW_OP_regx 0x29]
     603                    $C$DW$55        .dwtag  DW_TAG_TI_assign_register, DW_AT_name("A21")
     604                            .dwattr $C$DW$55, DW_AT_location[DW_OP_regx 0x2a]
     605                    $C$DW$56        .dwtag  DW_TAG_TI_assign_register, DW_AT_name("A22")
TMS320C6x Assembler PC v7.4.18 Sun Oct 08 13:03:23 2023

Tools Copyright (c) 1996-2015 Texas Instruments Incorporated
C:\Users\Lenovo\AppData\Local\Temp\2213210                           PAGE   12

     606                            .dwattr $C$DW$56, DW_AT_location[DW_OP_regx 0x2b]
     607                    $C$DW$57        .dwtag  DW_TAG_TI_assign_register, DW_AT_name("A23")
     608                            .dwattr $C$DW$57, DW_AT_location[DW_OP_regx 0x2c]
     609                    $C$DW$58        .dwtag  DW_TAG_TI_assign_register, DW_AT_name("A24")
     610                            .dwattr $C$DW$58, DW_AT_location[DW_OP_regx 0x2d]
     611                    $C$DW$59        .dwtag  DW_TAG_TI_assign_register, DW_AT_name("A25")
     612                            .dwattr $C$DW$59, DW_AT_location[DW_OP_regx 0x2e]
     613                    $C$DW$60        .dwtag  DW_TAG_TI_assign_register, DW_AT_name("A26")
     614                            .dwattr $C$DW$60, DW_AT_location[DW_OP_regx 0x2f]
     615                    $C$DW$61        .dwtag  DW_TAG_TI_assign_register, DW_AT_name("A27")
     616                            .dwattr $C$DW$61, DW_AT_location[DW_OP_regx 0x30]
     617                    $C$DW$62        .dwtag  DW_TAG_TI_assign_register, DW_AT_name("A28")
     618                            .dwattr $C$DW$62, DW_AT_location[DW_OP_regx 0x31]
     619                    $C$DW$63        .dwtag  DW_TAG_TI_assign_register, DW_AT_name("A29")
     620                            .dwattr $C$DW$63, DW_AT_location[DW_OP_regx 0x32]
     621                    $C$DW$64        .dwtag  DW_TAG_TI_assign_register, DW_AT_name("A30")
     622                            .dwattr $C$DW$64, DW_AT_location[DW_OP_regx 0x33]
     623                    $C$DW$65        .dwtag  DW_TAG_TI_assign_register, DW_AT_name("A31")
     624                            .dwattr $C$DW$65, DW_AT_location[DW_OP_regx 0x34]
     625                    $C$DW$66        .dwtag  DW_TAG_TI_assign_register, DW_AT_name("B16")
     626                            .dwattr $C$DW$66, DW_AT_location[DW_OP_regx 0x35]
     627                    $C$DW$67        .dwtag  DW_TAG_TI_assign_register, DW_AT_name("B17")
     628                            .dwattr $C$DW$67, DW_AT_location[DW_OP_regx 0x36]
     629                    $C$DW$68        .dwtag  DW_TAG_TI_assign_register, DW_AT_name("B18")
     630                            .dwattr $C$DW$68, DW_AT_location[DW_OP_regx 0x37]
     631                    $C$DW$69        .dwtag  DW_TAG_TI_assign_register, DW_AT_name("B19")
     632                            .dwattr $C$DW$69, DW_AT_location[DW_OP_regx 0x38]
     633                    $C$DW$70        .dwtag  DW_TAG_TI_assign_register, DW_AT_name("B20")
     634                            .dwattr $C$DW$70, DW_AT_location[DW_OP_regx 0x39]
     635                    $C$DW$71        .dwtag  DW_TAG_TI_assign_register, DW_AT_name("B21")
     636                            .dwattr $C$DW$71, DW_AT_location[DW_OP_regx 0x3a]
     637                    $C$DW$72        .dwtag  DW_TAG_TI_assign_register, DW_AT_name("B22")
     638                            .dwattr $C$DW$72, DW_AT_location[DW_OP_regx 0x3b]
     639                    $C$DW$73        .dwtag  DW_TAG_TI_assign_register, DW_AT_name("B23")
     640                            .dwattr $C$DW$73, DW_AT_location[DW_OP_regx 0x3c]
     641                    $C$DW$74        .dwtag  DW_TAG_TI_assign_register, DW_AT_name("B24")
     642                            .dwattr $C$DW$74, DW_AT_location[DW_OP_regx 0x3d]
     643                    $C$DW$75        .dwtag  DW_TAG_TI_assign_register, DW_AT_name("B25")
     644                            .dwattr $C$DW$75, DW_AT_location[DW_OP_regx 0x3e]
     645                    $C$DW$76        .dwtag  DW_TAG_TI_assign_register, DW_AT_name("B26")
     646                            .dwattr $C$DW$76, DW_AT_location[DW_OP_regx 0x3f]
     647                    $C$DW$77        .dwtag  DW_TAG_TI_assign_register, DW_AT_name("B27")
     648                            .dwattr $C$DW$77, DW_AT_location[DW_OP_regx 0x40]
     649                    $C$DW$78        .dwtag  DW_TAG_TI_assign_register, DW_AT_name("B28")
     650                            .dwattr $C$DW$78, DW_AT_location[DW_OP_regx 0x41]
     651                    $C$DW$79        .dwtag  DW_TAG_TI_assign_register, DW_AT_name("B29")
     652                            .dwattr $C$DW$79, DW_AT_location[DW_OP_regx 0x42]
     653                    $C$DW$80        .dwtag  DW_TAG_TI_assign_register, DW_AT_name("B30")
     654                            .dwattr $C$DW$80, DW_AT_location[DW_OP_regx 0x43]
     655                    $C$DW$81        .dwtag  DW_TAG_TI_assign_register, DW_AT_name("B31")
     656                            .dwattr $C$DW$81, DW_AT_location[DW_OP_regx 0x44]
     657                    $C$DW$82        .dwtag  DW_TAG_TI_assign_register, DW_AT_name("AMR")
     658                            .dwattr $C$DW$82, DW_AT_location[DW_OP_regx 0x45]
     659                    $C$DW$83        .dwtag  DW_TAG_TI_assign_register, DW_AT_name("CSR")
     660                            .dwattr $C$DW$83, DW_AT_location[DW_OP_regx 0x46]
TMS320C6x Assembler PC v7.4.18 Sun Oct 08 13:03:23 2023

Tools Copyright (c) 1996-2015 Texas Instruments Incorporated
C:\Users\Lenovo\AppData\Local\Temp\2213210                           PAGE   13

     661                    $C$DW$84        .dwtag  DW_TAG_TI_assign_register, DW_AT_name("ISR")
     662                            .dwattr $C$DW$84, DW_AT_location[DW_OP_regx 0x47]
     663                    $C$DW$85        .dwtag  DW_TAG_TI_assign_register, DW_AT_name("ICR")
     664                            .dwattr $C$DW$85, DW_AT_location[DW_OP_regx 0x48]
     665                    $C$DW$86        .dwtag  DW_TAG_TI_assign_register, DW_AT_name("IER")
     666                            .dwattr $C$DW$86, DW_AT_location[DW_OP_regx 0x49]
     667                    $C$DW$87        .dwtag  DW_TAG_TI_assign_register, DW_AT_name("ISTP")
     668                            .dwattr $C$DW$87, DW_AT_location[DW_OP_regx 0x4a]
     669                    $C$DW$88        .dwtag  DW_TAG_TI_assign_register, DW_AT_name("IN")
     670                            .dwattr $C$DW$88, DW_AT_location[DW_OP_regx 0x4b]
     671                    $C$DW$89        .dwtag  DW_TAG_TI_assign_register, DW_AT_name("OUT")
     672                            .dwattr $C$DW$89, DW_AT_location[DW_OP_regx 0x4c]
     673                    $C$DW$90        .dwtag  DW_TAG_TI_assign_register, DW_AT_name("ACR")
     674                            .dwattr $C$DW$90, DW_AT_location[DW_OP_regx 0x4d]
     675                    $C$DW$91        .dwtag  DW_TAG_TI_assign_register, DW_AT_name("ADR")
     676                            .dwattr $C$DW$91, DW_AT_location[DW_OP_regx 0x4e]
     677                    $C$DW$92        .dwtag  DW_TAG_TI_assign_register, DW_AT_name("FADCR")
     678                            .dwattr $C$DW$92, DW_AT_location[DW_OP_regx 0x4f]
     679                    $C$DW$93        .dwtag  DW_TAG_TI_assign_register, DW_AT_name("FAUCR")
     680                            .dwattr $C$DW$93, DW_AT_location[DW_OP_regx 0x50]
     681                    $C$DW$94        .dwtag  DW_TAG_TI_assign_register, DW_AT_name("FMCR")
     682                            .dwattr $C$DW$94, DW_AT_location[DW_OP_regx 0x51]
     683                    $C$DW$95        .dwtag  DW_TAG_TI_assign_register, DW_AT_name("GFPGFR")
     684                            .dwattr $C$DW$95, DW_AT_location[DW_OP_regx 0x52]
     685                    $C$DW$96        .dwtag  DW_TAG_TI_assign_register, DW_AT_name("DIER")
     686                            .dwattr $C$DW$96, DW_AT_location[DW_OP_regx 0x53]
     687                    $C$DW$97        .dwtag  DW_TAG_TI_assign_register, DW_AT_name("REP")
     688                            .dwattr $C$DW$97, DW_AT_location[DW_OP_regx 0x54]
     689                    $C$DW$98        .dwtag  DW_TAG_TI_assign_register, DW_AT_name("TSCL")
     690                            .dwattr $C$DW$98, DW_AT_location[DW_OP_regx 0x55]
     691                    $C$DW$99        .dwtag  DW_TAG_TI_assign_register, DW_AT_name("TSCH")
     692                            .dwattr $C$DW$99, DW_AT_location[DW_OP_regx 0x56]
     693                    $C$DW$100       .dwtag  DW_TAG_TI_assign_register, DW_AT_name("ARP")
     694                            .dwattr $C$DW$100, DW_AT_location[DW_OP_regx 0x57]
     695                    $C$DW$101       .dwtag  DW_TAG_TI_assign_register, DW_AT_name("ILC")
     696                            .dwattr $C$DW$101, DW_AT_location[DW_OP_regx 0x58]
     697                    $C$DW$102       .dwtag  DW_TAG_TI_assign_register, DW_AT_name("RILC")
     698                            .dwattr $C$DW$102, DW_AT_location[DW_OP_regx 0x59]
     699                    $C$DW$103       .dwtag  DW_TAG_TI_assign_register, DW_AT_name("DNUM")
     700                            .dwattr $C$DW$103, DW_AT_location[DW_OP_regx 0x5a]
     701                    $C$DW$104       .dwtag  DW_TAG_TI_assign_register, DW_AT_name("SSR")
     702                            .dwattr $C$DW$104, DW_AT_location[DW_OP_regx 0x5b]
     703                    $C$DW$105       .dwtag  DW_TAG_TI_assign_register, DW_AT_name("GPLYA")
     704                            .dwattr $C$DW$105, DW_AT_location[DW_OP_regx 0x5c]
     705                    $C$DW$106       .dwtag  DW_TAG_TI_assign_register, DW_AT_name("GPLYB")
     706                            .dwattr $C$DW$106, DW_AT_location[DW_OP_regx 0x5d]
     707                    $C$DW$107       .dwtag  DW_TAG_TI_assign_register, DW_AT_name("TSR")
     708                            .dwattr $C$DW$107, DW_AT_location[DW_OP_regx 0x5e]
     709                    $C$DW$108       .dwtag  DW_TAG_TI_assign_register, DW_AT_name("ITSR")
     710                            .dwattr $C$DW$108, DW_AT_location[DW_OP_regx 0x5f]
     711                    $C$DW$109       .dwtag  DW_TAG_TI_assign_register, DW_AT_name("NTSR")
     712                            .dwattr $C$DW$109, DW_AT_location[DW_OP_regx 0x60]
     713                    $C$DW$110       .dwtag  DW_TAG_TI_assign_register, DW_AT_name("EFR")
     714                            .dwattr $C$DW$110, DW_AT_location[DW_OP_regx 0x61]
     715                    $C$DW$111       .dwtag  DW_TAG_TI_assign_register, DW_AT_name("ECR")
TMS320C6x Assembler PC v7.4.18 Sun Oct 08 13:03:23 2023

Tools Copyright (c) 1996-2015 Texas Instruments Incorporated
C:\Users\Lenovo\AppData\Local\Temp\2213210                           PAGE   14

     716                            .dwattr $C$DW$111, DW_AT_location[DW_OP_regx 0x62]
     717                    $C$DW$112       .dwtag  DW_TAG_TI_assign_register, DW_AT_name("IERR")
     718                            .dwattr $C$DW$112, DW_AT_location[DW_OP_regx 0x63]
     719                    $C$DW$113       .dwtag  DW_TAG_TI_assign_register, DW_AT_name("DMSG")
     720                            .dwattr $C$DW$113, DW_AT_location[DW_OP_regx 0x64]
     721                    $C$DW$114       .dwtag  DW_TAG_TI_assign_register, DW_AT_name("CMSG")
     722                            .dwattr $C$DW$114, DW_AT_location[DW_OP_regx 0x65]
     723                    $C$DW$115       .dwtag  DW_TAG_TI_assign_register, DW_AT_name("DT_DMA_ADDR")
     724                            .dwattr $C$DW$115, DW_AT_location[DW_OP_regx 0x66]
     725                    $C$DW$116       .dwtag  DW_TAG_TI_assign_register, DW_AT_name("DT_DMA_DATA")
     726                            .dwattr $C$DW$116, DW_AT_location[DW_OP_regx 0x67]
     727                    $C$DW$117       .dwtag  DW_TAG_TI_assign_register, DW_AT_name("DT_DMA_CNTL")
     728                            .dwattr $C$DW$117, DW_AT_location[DW_OP_regx 0x68]
     729                    $C$DW$118       .dwtag  DW_TAG_TI_assign_register, DW_AT_name("TCU_CNTL")
     730                            .dwattr $C$DW$118, DW_AT_location[DW_OP_regx 0x69]
     731                    $C$DW$119       .dwtag  DW_TAG_TI_assign_register, DW_AT_name("RTDX_REC_CNTL")
     732                            .dwattr $C$DW$119, DW_AT_location[DW_OP_regx 0x6a]
     733                    $C$DW$120       .dwtag  DW_TAG_TI_assign_register, DW_AT_name("RTDX_XMT_CNTL")
     734                            .dwattr $C$DW$120, DW_AT_location[DW_OP_regx 0x6b]
     735                    $C$DW$121       .dwtag  DW_TAG_TI_assign_register, DW_AT_name("RTDX_CFG")
     736                            .dwattr $C$DW$121, DW_AT_location[DW_OP_regx 0x6c]
     737                    $C$DW$122       .dwtag  DW_TAG_TI_assign_register, DW_AT_name("RTDX_RDATA")
     738                            .dwattr $C$DW$122, DW_AT_location[DW_OP_regx 0x6d]
     739                    $C$DW$123       .dwtag  DW_TAG_TI_assign_register, DW_AT_name("RTDX_WDATA")
     740                            .dwattr $C$DW$123, DW_AT_location[DW_OP_regx 0x6e]
     741                    $C$DW$124       .dwtag  DW_TAG_TI_assign_register, DW_AT_name("RTDX_RADDR")
     742                            .dwattr $C$DW$124, DW_AT_location[DW_OP_regx 0x6f]
     743                    $C$DW$125       .dwtag  DW_TAG_TI_assign_register, DW_AT_name("RTDX_WADDR")
     744                            .dwattr $C$DW$125, DW_AT_location[DW_OP_regx 0x70]
     745                    $C$DW$126       .dwtag  DW_TAG_TI_assign_register, DW_AT_name("MFREG0")
     746                            .dwattr $C$DW$126, DW_AT_location[DW_OP_regx 0x71]
     747                    $C$DW$127       .dwtag  DW_TAG_TI_assign_register, DW_AT_name("DBG_STAT")
     748                            .dwattr $C$DW$127, DW_AT_location[DW_OP_regx 0x72]
     749                    $C$DW$128       .dwtag  DW_TAG_TI_assign_register, DW_AT_name("BRK_EN")
     750                            .dwattr $C$DW$128, DW_AT_location[DW_OP_regx 0x73]
     751                    $C$DW$129       .dwtag  DW_TAG_TI_assign_register, DW_AT_name("HWBP0_CNT")
     752                            .dwattr $C$DW$129, DW_AT_location[DW_OP_regx 0x74]
     753                    $C$DW$130       .dwtag  DW_TAG_TI_assign_register, DW_AT_name("HWBP0")
     754                            .dwattr $C$DW$130, DW_AT_location[DW_OP_regx 0x75]
     755                    $C$DW$131       .dwtag  DW_TAG_TI_assign_register, DW_AT_name("HWBP1")
     756                            .dwattr $C$DW$131, DW_AT_location[DW_OP_regx 0x76]
     757                    $C$DW$132       .dwtag  DW_TAG_TI_assign_register, DW_AT_name("HWBP2")
     758                            .dwattr $C$DW$132, DW_AT_location[DW_OP_regx 0x77]
     759                    $C$DW$133       .dwtag  DW_TAG_TI_assign_register, DW_AT_name("HWBP3")
     760                            .dwattr $C$DW$133, DW_AT_location[DW_OP_regx 0x78]
     761                    $C$DW$134       .dwtag  DW_TAG_TI_assign_register, DW_AT_name("OVERLAY")
     762                            .dwattr $C$DW$134, DW_AT_location[DW_OP_regx 0x79]
     763                    $C$DW$135       .dwtag  DW_TAG_TI_assign_register, DW_AT_name("PC_PROF")
     764                            .dwattr $C$DW$135, DW_AT_location[DW_OP_regx 0x7a]
     765                    $C$DW$136       .dwtag  DW_TAG_TI_assign_register, DW_AT_name("ATSR")
     766                            .dwattr $C$DW$136, DW_AT_location[DW_OP_regx 0x7b]
     767                    $C$DW$137       .dwtag  DW_TAG_TI_assign_register, DW_AT_name("TRR")
     768                            .dwattr $C$DW$137, DW_AT_location[DW_OP_regx 0x7c]
     769                    $C$DW$138       .dwtag  DW_TAG_TI_assign_register, DW_AT_name("TCRR")
     770                            .dwattr $C$DW$138, DW_AT_location[DW_OP_regx 0x7d]
TMS320C6x Assembler PC v7.4.18 Sun Oct 08 13:03:23 2023

Tools Copyright (c) 1996-2015 Texas Instruments Incorporated
C:\Users\Lenovo\AppData\Local\Temp\2213210                           PAGE   15

     771                    $C$DW$139       .dwtag  DW_TAG_TI_assign_register, DW_AT_name("DESR")
     772                            .dwattr $C$DW$139, DW_AT_location[DW_OP_regx 0x7e]
     773                    $C$DW$140       .dwtag  DW_TAG_TI_assign_register, DW_AT_name("DETR")
     774                            .dwattr $C$DW$140, DW_AT_location[DW_OP_regx 0x7f]
     775                    $C$DW$141       .dwtag  DW_TAG_TI_assign_register, DW_AT_name("CIE_RETA")
     776                            .dwattr $C$DW$141, DW_AT_location[DW_OP_regx 0xe4]
     777                            .dwendtag $C$DW$CU
     778                    

No Assembly Errors, No Assembly Warnings
