TMS320C6x Assembler PC v7.4.18 Sun Oct 08 13:03:10 2023

Tools Copyright (c) 1996-2015 Texas Instruments Incorporated
C:\Users\Lenovo\AppData\Local\Temp\1993210                           PAGE    1

       1                    ;******************************************************************************
       2                    ;* TMS320C6x C/C++ Codegen                                         PC v7.4.18 *
       3                    ;* Date/Time created: Sun Oct 08 13:03:10 2023                                *
       4                    ;******************************************************************************
       5                            .compiler_opts --abi=coffabi --c64p_l1d_workaround=default --endian=little --hll_source=on --l
       6                    
       7                    ;******************************************************************************
       8                    ;* GLOBAL FILE PARAMETERS                                                     *
       9                    ;*                                                                            *
      10                    ;*   Architecture      : TMS320C670x                                          *
      11                    ;*   Optimization      : Disabled                                             *
      12                    ;*   Optimizing for    : Compile time, Ease of Development                    *
      13                    ;*                       Based on options: no -o, no -ms                      *
      14                    ;*   Endian            : Little                                               *
      15                    ;*   Interrupt Thrshld : Disabled                                             *
      16                    ;*   Data Access Model : Far                                                  *
      17                    ;*   Pipelining        : Disabled                                             *
      18                    ;*   Memory Aliases    : Presume are aliases (pessimistic)                    *
      19                    ;*   Debug Info        : DWARF Debug                                          *
      20                    ;*                                                                            *
      21                    ;******************************************************************************
      22                    
      23                            .asg    A15, FP
      24                            .asg    B14, DP
      25                            .asg    B15, SP
      26                            .global $bss
      27                    
      28                    
      29                    $C$DW$CU        .dwtag  DW_TAG_compile_unit
      30                            .dwattr $C$DW$CU, DW_AT_name("../main.c")
      31                            .dwattr $C$DW$CU, DW_AT_producer("TMS320C6x C/C++ Codegen PC v7.4.18 Copyright (c) 1996-2015 T
      32                            .dwattr $C$DW$CU, DW_AT_TI_version(0x01)
      33                            .dwattr $C$DW$CU, DW_AT_comp_dir("D:\ti_v6_2\DSP_Worspace_2023_Gr1\Acquisition_ModeInterruptio
      34                    ;*****************************************************************************
      35                    ;* CINIT RECORDS                                                             *
      36                    ;*****************************************************************************
      37 00000000                   .sect   ".cinit"
      38                            .align  8
      39 00000000 00000004          .field          4,32
      40 00000004 00000000-         .field          _fs+0,32
      41 00000008 00000001          .bits   1,32                    ; _fs @ 0
      42                    
      43                    
      44                    $C$DW$1 .dwtag  DW_TAG_subprogram, DW_AT_name("input_left_sample")
      45                            .dwattr $C$DW$1, DW_AT_TI_symbol_name("_input_left_sample")
      46                            .dwattr $C$DW$1, DW_AT_type(*$C$DW$T$24)
      47                            .dwattr $C$DW$1, DW_AT_declaration
      48                            .dwattr $C$DW$1, DW_AT_external
      49                    
      50                    $C$DW$2 .dwtag  DW_TAG_subprogram, DW_AT_name("output_left_sample")
      51                            .dwattr $C$DW$2, DW_AT_TI_symbol_name("_output_left_sample")
      52                            .dwattr $C$DW$2, DW_AT_declaration
      53                            .dwattr $C$DW$2, DW_AT_external
      54                    $C$DW$3 .dwtag  DW_TAG_formal_parameter
      55                            .dwattr $C$DW$3, DW_AT_type(*$C$DW$T$10)
TMS320C6x Assembler PC v7.4.18 Sun Oct 08 13:03:10 2023

Tools Copyright (c) 1996-2015 Texas Instruments Incorporated
C:\Users\Lenovo\AppData\Local\Temp\1993210                           PAGE    2

      56                            .dwendtag $C$DW$2
      57                    
      58                    
      59                    $C$DW$4 .dwtag  DW_TAG_subprogram, DW_AT_name("comm_intr")
      60                            .dwattr $C$DW$4, DW_AT_TI_symbol_name("_comm_intr")
      61                            .dwattr $C$DW$4, DW_AT_declaration
      62                            .dwattr $C$DW$4, DW_AT_external
      63                            .global _fs
      64 00000000           _fs:    .usect  ".far",4,4
      65                    $C$DW$5 .dwtag  DW_TAG_variable, DW_AT_name("fs")
      66                            .dwattr $C$DW$5, DW_AT_TI_symbol_name("_fs")
      67                            .dwattr $C$DW$5, DW_AT_location[DW_OP_addr _fs]
      68                            .dwattr $C$DW$5, DW_AT_type(*$C$DW$T$24)
      69                            .dwattr $C$DW$5, DW_AT_external
      70                            .global _Xn
      71 00000004           _Xn:    .usect  ".far",2,2
      72                    $C$DW$6 .dwtag  DW_TAG_variable, DW_AT_name("Xn")
      73                            .dwattr $C$DW$6, DW_AT_TI_symbol_name("_Xn")
      74                            .dwattr $C$DW$6, DW_AT_location[DW_OP_addr _Xn]
      75                            .dwattr $C$DW$6, DW_AT_type(*$C$DW$T$8)
      76                            .dwattr $C$DW$6, DW_AT_external
      77                    ;       D:\ti_v6_2\ccsv6\tools\compiler\c6000_7.4.18\bin\acp6x.exe -@C:\\Users\\Lenovo\\AppData\\Local
      78 00000000                   .sect   ".text:retain"
      79                            .retain
      80                            .retainrefs
      81                            .global _c_int11
      82                    
      83                    $C$DW$7 .dwtag  DW_TAG_subprogram, DW_AT_name("c_int11")
      84                            .dwattr $C$DW$7, DW_AT_low_pc(_c_int11)
      85                            .dwattr $C$DW$7, DW_AT_high_pc(0x00)
      86                            .dwattr $C$DW$7, DW_AT_TI_symbol_name("_c_int11")
      87                            .dwattr $C$DW$7, DW_AT_external
      88                            .dwattr $C$DW$7, DW_AT_TI_begin_file("../main.c")
      89                            .dwattr $C$DW$7, DW_AT_TI_begin_line(0x0a)
      90                            .dwattr $C$DW$7, DW_AT_TI_begin_column(0x10)
      91                            .dwattr $C$DW$7, DW_AT_TI_interrupt
      92                            .dwattr $C$DW$7, DW_AT_TI_max_frame_size(0x50)
      93                            .dwpsn  file "../main.c",line 11,column 1,is_stmt,address _c_int11
      94                    
      95                            .dwfde $C$DW$CIE, _c_int11
      96                    
      97                    ;******************************************************************************
      98                    ;* FUNCTION NAME: c_int11                                                     *
      99                    ;*                                                                            *
     100                    ;*   Regs Modified     : A0,A1,A2,A3,A4,A5,A6,A7,A8,A9,B0,B1,B2,B3,B4,B5,B6,  *
     101                    ;*                           B7,B8,B9,SP                                      *
     102                    ;*   Regs Used         : A0,A1,A2,A3,A4,A5,A6,A7,A8,A9,B0,B1,B2,B3,B4,B5,B6,  *
     103                    ;*                           B7,B8,B9,DP,SP                                   *
     104                    ;*   Local Frame Size  : 0 Args + 0 Auto + 80 Save = 80 byte                  *
     105                    ;******************************************************************************
     106 00000000           _c_int11:
     107                    ;** --------------------------------------------------------------------------*
     108                            .dwcfi  cfa_offset, 0
     109                            .dwcfi  save_reg_to_reg, 228, 19
     110 00000000 04BE94F6             STW     .D2T2   B9,*SP--(80)      ; |11| 
TMS320C6x Assembler PC v7.4.18 Sun Oct 08 13:03:10 2023

Tools Copyright (c) 1996-2015 Texas Instruments Incorporated
C:\Users\Lenovo\AppData\Local\Temp\1993210                           PAGE    3

     111                            .dwcfi  cfa_offset, 80
     112                            .dwcfi  save_reg_to_mem, 25, 0
     113 00000004 043E62F6             STW     .D2T2   B8,*+SP(76)       ; |11| 
     114                            .dwcfi  save_reg_to_mem, 24, -4
     115 00000008 03BE42F6             STW     .D2T2   B7,*+SP(72)       ; |11| 
     116                            .dwcfi  save_reg_to_mem, 23, -8
     117 0000000c 033E22F6             STW     .D2T2   B6,*+SP(68)       ; |11| 
     118                            .dwcfi  save_reg_to_mem, 22, -12
     119 00000010 02BE02F6             STW     .D2T2   B5,*+SP(64)       ; |11| 
     120                            .dwcfi  save_reg_to_mem, 21, -16
     121 00000014 023DE2F6             STW     .D2T2   B4,*+SP(60)       ; |11| 
     122                            .dwcfi  save_reg_to_mem, 20, -20
     123 00000018 01BDC2F6             STW     .D2T2   B3,*+SP(56)       ; |11| 
     124                            .dwcfi  save_reg_to_mem, 19, -24
     125 0000001c 013DA2F6             STW     .D2T2   B2,*+SP(52)       ; |11| 
     126                            .dwcfi  save_reg_to_mem, 18, -28
     127 00000020 00BD82F6             STW     .D2T2   B1,*+SP(48)       ; |11| 
     128                            .dwcfi  save_reg_to_mem, 17, -32
     129 00000024 003D62F6             STW     .D2T2   B0,*+SP(44)       ; |11| 
     130                            .dwcfi  save_reg_to_mem, 16, -36
     131 00000028 04BD42F4             STW     .D2T1   A9,*+SP(40)       ; |11| 
     132                            .dwcfi  save_reg_to_mem, 9, -40
     133 0000002c 043D22F4             STW     .D2T1   A8,*+SP(36)       ; |11| 
     134                            .dwcfi  save_reg_to_mem, 8, -44
     135 00000030 03BD02F4             STW     .D2T1   A7,*+SP(32)       ; |11| 
     136                            .dwcfi  save_reg_to_mem, 7, -48
     137 00000034 033CE2F4             STW     .D2T1   A6,*+SP(28)       ; |11| 
     138                            .dwcfi  save_reg_to_mem, 6, -52
     139 00000038 02BCC2F4             STW     .D2T1   A5,*+SP(24)       ; |11| 
     140                            .dwcfi  save_reg_to_mem, 5, -56
     141 0000003c 023CA2F4             STW     .D2T1   A4,*+SP(20)       ; |11| 
     142                            .dwcfi  save_reg_to_mem, 4, -60
     143 00000040 01BC82F4             STW     .D2T1   A3,*+SP(16)       ; |11| 
     144                            .dwcfi  save_reg_to_mem, 3, -64
     145 00000044 013C62F4             STW     .D2T1   A2,*+SP(12)       ; |11| 
     146                            .dwcfi  save_reg_to_mem, 2, -68
     147 00000048 00BC42F4             STW     .D2T1   A1,*+SP(8)        ; |11| 
     148                            .dwcfi  save_reg_to_mem, 1, -72
     149 0000004c 003C22F4             STW     .D2T1   A0,*+SP(4)        ; |11| 
     150                            .dwcfi  save_reg_to_mem, 0, -76
     151                            .dwpsn  file "../main.c",line 12,column 2,is_stmt
     152                    $C$DW$8 .dwtag  DW_TAG_TI_branch
     153                            .dwattr $C$DW$8, DW_AT_low_pc(0x00)
     154                            .dwattr $C$DW$8, DW_AT_name("_input_left_sample")
     155                            .dwattr $C$DW$8, DW_AT_TI_call
     156 00000050 0FFFF810!            CALL    .S1     _input_left_sample ; |12| 
     157 00000054 0180302A+            MVKL    .S2     $C$RL0,B3         ; |12| 
     158 00000058 0180006A+            MVKH    .S2     $C$RL0,B3         ; |12| 
     159 0000005c 00004000             NOP             3
     160 00000060           $C$RL0:    ; CALL OCCURS {_input_left_sample} {0}  ; |12| 
     161 00000060 0280022A-            MVKL    .S2     _Xn,B5
     162                    
     163 00000064 0280006B-            MVKH    .S2     _Xn,B5
     164 00000068 0210105A  ||         MV      .L2X    A4,B4             ; |12| 
     165                    
TMS320C6x Assembler PC v7.4.18 Sun Oct 08 13:03:10 2023

Tools Copyright (c) 1996-2015 Texas Instruments Incorporated
C:\Users\Lenovo\AppData\Local\Temp\1993210                           PAGE    4

     166 0000006c 021402D6             STH     .D2T2   B4,*B5            ; |12| 
     167                            .dwpsn  file "../main.c",line 13,column 2,is_stmt
     168                    $C$DW$9 .dwtag  DW_TAG_TI_branch
     169                            .dwattr $C$DW$9, DW_AT_low_pc(0x04)
     170                            .dwattr $C$DW$9, DW_AT_name("_output_left_sample")
     171                            .dwattr $C$DW$9, DW_AT_TI_call
     172                    
     173 00000070 01941059             MV      .L1X    B5,A3
     174 00000074 0FFFF410! ||         CALL    .S1     _output_left_sample ; |13| 
     175                    
     176 00000078 020C0244             LDH     .D1T1   *A3,A4            ; |13| 
     177 0000007c 0180442A+            MVKL    .S2     $C$RL1,B3         ; |13| 
     178 00000080 0180006A+            MVKH    .S2     $C$RL1,B3         ; |13| 
     179 00000084 00002000             NOP             2
     180 00000088           $C$RL1:    ; CALL OCCURS {_output_left_sample} {0}  ; |13| 
     181                            .dwpsn  file "../main.c",line 14,column 2,is_stmt
     182                            .dwpsn  file "../main.c",line 15,column 1,is_stmt
     183 00000088 043E62E6             LDW     .D2T2   *+SP(76),B8       ; |15| 
     184 0000008c 00006000             NOP             4
     185                            .dwcfi  restore_reg, 24
     186 00000090 03BE42E6             LDW     .D2T2   *+SP(72),B7       ; |15| 
     187 00000094 00006000             NOP             4
     188                            .dwcfi  restore_reg, 23
     189 00000098 033E22E6             LDW     .D2T2   *+SP(68),B6       ; |15| 
     190 0000009c 00006000             NOP             4
     191                            .dwcfi  restore_reg, 22
     192 000000a0 02BE02E6             LDW     .D2T2   *+SP(64),B5       ; |15| 
     193 000000a4 00006000             NOP             4
     194                            .dwcfi  restore_reg, 21
     195 000000a8 023DE2E6             LDW     .D2T2   *+SP(60),B4       ; |15| 
     196 000000ac 00006000             NOP             4
     197                            .dwcfi  restore_reg, 20
     198 000000b0 01BDC2E6             LDW     .D2T2   *+SP(56),B3       ; |15| 
     199 000000b4 00006000             NOP             4
     200                            .dwcfi  restore_reg, 19
     201 000000b8 013DA2E6             LDW     .D2T2   *+SP(52),B2       ; |15| 
     202 000000bc 00006000             NOP             4
     203                            .dwcfi  restore_reg, 18
     204 000000c0 00BD82E6             LDW     .D2T2   *+SP(48),B1       ; |15| 
     205 000000c4 00006000             NOP             4
     206                            .dwcfi  restore_reg, 17
     207 000000c8 003D62E6             LDW     .D2T2   *+SP(44),B0       ; |15| 
     208 000000cc 00006000             NOP             4
     209                            .dwcfi  restore_reg, 16
     210 000000d0 04BD42E4             LDW     .D2T1   *+SP(40),A9       ; |15| 
     211 000000d4 00006000             NOP             4
     212                            .dwcfi  restore_reg, 9
     213 000000d8 043D22E4             LDW     .D2T1   *+SP(36),A8       ; |15| 
     214 000000dc 00006000             NOP             4
     215                            .dwcfi  restore_reg, 8
     216 000000e0 03BD02E4             LDW     .D2T1   *+SP(32),A7       ; |15| 
     217 000000e4 00006000             NOP             4
     218                            .dwcfi  restore_reg, 7
     219 000000e8 033CE2E4             LDW     .D2T1   *+SP(28),A6       ; |15| 
     220 000000ec 00006000             NOP             4
TMS320C6x Assembler PC v7.4.18 Sun Oct 08 13:03:10 2023

Tools Copyright (c) 1996-2015 Texas Instruments Incorporated
C:\Users\Lenovo\AppData\Local\Temp\1993210                           PAGE    5

     221                            .dwcfi  restore_reg, 6
     222 000000f0 02BCC2E4             LDW     .D2T1   *+SP(24),A5       ; |15| 
     223 000000f4 00006000             NOP             4
     224                            .dwcfi  restore_reg, 5
     225 000000f8 023CA2E4             LDW     .D2T1   *+SP(20),A4       ; |15| 
     226 000000fc 00006000             NOP             4
     227                            .dwcfi  restore_reg, 4
     228 00000100 01BC82E4             LDW     .D2T1   *+SP(16),A3       ; |15| 
     229 00000104 00006000             NOP             4
     230                            .dwcfi  restore_reg, 3
     231 00000108 013C62E4             LDW     .D2T1   *+SP(12),A2       ; |15| 
     232 0000010c 00006000             NOP             4
     233                            .dwcfi  restore_reg, 2
     234 00000110 00BC42E4             LDW     .D2T1   *+SP(8),A1        ; |15| 
     235 00000114 00006000             NOP             4
     236                            .dwcfi  restore_reg, 1
     237 00000118 003C22E4             LDW     .D2T1   *+SP(4),A0        ; |15| 
     238 0000011c 00006000             NOP             4
     239                            .dwcfi  restore_reg, 0
     240 00000120 04BE92E6             LDW     .D2T2   *++SP(80),B9      ; |15| 
     241 00000124 00006000             NOP             4
     242                            .dwcfi  cfa_offset, 0
     243                            .dwcfi  restore_reg, 25
     244                            .dwcfi  cfa_offset, 0
     245                    $C$DW$10        .dwtag  DW_TAG_TI_branch
     246                            .dwattr $C$DW$10, DW_AT_low_pc(0x00)
     247                            .dwattr $C$DW$10, DW_AT_TI_return
     248 00000128 001800E2             RET     .S2     IRP               ; |15| 
     249 0000012c 00008000             NOP             5
     250                               ; BRANCH OCCURS {IRP}             ; |15| 
     251                            .dwattr $C$DW$7, DW_AT_TI_end_file("../main.c")
     252                            .dwattr $C$DW$7, DW_AT_TI_end_line(0x0f)
     253                            .dwattr $C$DW$7, DW_AT_TI_end_column(0x01)
     254                            .dwendentry
     255                            .dwendtag $C$DW$7
     256                    
     257 00000000                   .sect   ".text"
     258                            .clink
     259                            .global _main
     260                    
     261                    $C$DW$11        .dwtag  DW_TAG_subprogram, DW_AT_name("main")
     262                            .dwattr $C$DW$11, DW_AT_low_pc(_main)
     263                            .dwattr $C$DW$11, DW_AT_high_pc(0x00)
     264                            .dwattr $C$DW$11, DW_AT_TI_symbol_name("_main")
     265                            .dwattr $C$DW$11, DW_AT_external
     266                            .dwattr $C$DW$11, DW_AT_type(*$C$DW$T$10)
     267                            .dwattr $C$DW$11, DW_AT_TI_begin_file("../main.c")
     268                            .dwattr $C$DW$11, DW_AT_TI_begin_line(0x11)
     269                            .dwattr $C$DW$11, DW_AT_TI_begin_column(0x01)
     270                            .dwattr $C$DW$11, DW_AT_TI_max_frame_size(0x08)
     271                            .dwpsn  file "../main.c",line 18,column 1,is_stmt,address _main
     272                    
     273                            .dwfde $C$DW$CIE, _main
     274                    
     275                    ;******************************************************************************
TMS320C6x Assembler PC v7.4.18 Sun Oct 08 13:03:10 2023

Tools Copyright (c) 1996-2015 Texas Instruments Incorporated
C:\Users\Lenovo\AppData\Local\Temp\1993210                           PAGE    6

     276                    ;* FUNCTION NAME: main                                                        *
     277                    ;*                                                                            *
     278                    ;*   Regs Modified     : A0,A1,A2,A3,A4,A5,A6,A7,A8,A9,B0,B1,B2,B3,B4,B5,B6,  *
     279                    ;*                           B7,B8,B9,SP                                      *
     280                    ;*   Regs Used         : A0,A1,A2,A3,A4,A5,A6,A7,A8,A9,B0,B1,B2,B3,B4,B5,B6,  *
     281                    ;*                           B7,B8,B9,DP,SP                                   *
     282                    ;*   Local Frame Size  : 0 Args + 0 Auto + 4 Save = 4 byte                    *
     283                    ;******************************************************************************
     284 00000000           _main:
     285                    ;** --------------------------------------------------------------------------*
     286                            .dwcfi  cfa_offset, 0
     287                            .dwcfi  save_reg_to_reg, 228, 19
     288 00000000 01BC54F6             STW     .D2T2   B3,*SP--(8)       ; |18| 
     289                            .dwcfi  cfa_offset, 8
     290                            .dwcfi  save_reg_to_mem, 19, 0
     291                            .dwpsn  file "../main.c",line 19,column 2,is_stmt
     292                    $C$DW$12        .dwtag  DW_TAG_TI_branch
     293                            .dwattr $C$DW$12, DW_AT_low_pc(0x00)
     294                            .dwattr $C$DW$12, DW_AT_name("_comm_intr")
     295                            .dwattr $C$DW$12, DW_AT_TI_call
     296 00000004 00000010!            CALL    .S1     _comm_intr        ; |19| 
     297 00000008 01800A2A'            MVKL    .S2     $C$RL2,B3         ; |19| 
     298 0000000c 0180006A'            MVKH    .S2     $C$RL2,B3         ; |19| 
     299 00000010 00004000             NOP             3
     300 00000014           $C$RL2:    ; CALL OCCURS {_comm_intr} {0}    ; |19| 
     301                            .dwpsn  file "../main.c",line 20,column 8,is_stmt
     302                    ;*----------------------------------------------------------------------------*
     303                    ;*   SOFTWARE PIPELINE INFORMATION
     304                    ;*      Disqualified loop: Software pipelining disabled
     305                    ;*      Disqualified loop: Bad loop structure
     306                    ;*----------------------------------------------------------------------------*
     307 00000014           $C$L1:    
     308 00000014           $C$DW$L$_main$2$B:
     309 00000014 00000290             B       .S1     $C$L1             ; |20| 
     310 00000018 00008000             NOP             5
     311                               ; BRANCH OCCURS {$C$L1}           ; |20| 
     312 0000001c           $C$DW$L$_main$2$E:
     313                    ;** --------------------------------------------------------------------------*
     314                            .dwcfi  cfa_offset, 0
     315                            .dwcfi  restore_reg, 19
     316                            .dwcfi  cfa_offset, 0
     317                    
     318                    $C$DW$13        .dwtag  DW_TAG_TI_loop
     319                            .dwattr $C$DW$13, DW_AT_name("C:\\Users\\Lenovo\\AppData\\Local\\Temp\\1993210:$C$L1:1:1696766
     320                            .dwattr $C$DW$13, DW_AT_TI_begin_file("../main.c")
     321                            .dwattr $C$DW$13, DW_AT_TI_begin_line(0x14)
     322                            .dwattr $C$DW$13, DW_AT_TI_end_line(0x14)
     323                    $C$DW$14        .dwtag  DW_TAG_TI_loop_range
     324                            .dwattr $C$DW$14, DW_AT_low_pc($C$DW$L$_main$2$B)
     325                            .dwattr $C$DW$14, DW_AT_high_pc($C$DW$L$_main$2$E)
     326                            .dwendtag $C$DW$13
     327                    
     328                            .dwattr $C$DW$11, DW_AT_TI_end_file("../main.c")
     329                            .dwattr $C$DW$11, DW_AT_TI_end_line(0x15)
     330                            .dwattr $C$DW$11, DW_AT_TI_end_column(0x01)
TMS320C6x Assembler PC v7.4.18 Sun Oct 08 13:03:10 2023

Tools Copyright (c) 1996-2015 Texas Instruments Incorporated
C:\Users\Lenovo\AppData\Local\Temp\1993210                           PAGE    7

     331                            .dwendentry
     332                            .dwendtag $C$DW$11
     333                    
     334                    ;*****************************************************************************
     335                    ;* UNDEFINED EXTERNAL REFERENCES                                             *
     336                    ;*****************************************************************************
     337                            .global _input_left_sample
     338                            .global _output_left_sample
     339                            .global _comm_intr
     340                    
     341                    ;******************************************************************************
     342                    ;* BUILD ATTRIBUTES                                                           *
     343                    ;******************************************************************************
     344                            .battr "TI", Tag_File, 1, Tag_ABI_stack_align_needed(0)
     345                            .battr "TI", Tag_File, 1, Tag_ABI_stack_align_preserved(0)
     346                            .battr "TI", Tag_File, 1, Tag_Tramps_Use_SOC(0)
     347                    
     348                    ;******************************************************************************
     349                    ;* TYPE INFORMATION                                                           *
     350                    ;******************************************************************************
     351                    $C$DW$T$4       .dwtag  DW_TAG_base_type
     352                            .dwattr $C$DW$T$4, DW_AT_encoding(DW_ATE_boolean)
     353                            .dwattr $C$DW$T$4, DW_AT_name("bool")
     354                            .dwattr $C$DW$T$4, DW_AT_byte_size(0x01)
     355                    $C$DW$T$5       .dwtag  DW_TAG_base_type
     356                            .dwattr $C$DW$T$5, DW_AT_encoding(DW_ATE_signed_char)
     357                            .dwattr $C$DW$T$5, DW_AT_name("signed char")
     358                            .dwattr $C$DW$T$5, DW_AT_byte_size(0x01)
     359                    $C$DW$T$6       .dwtag  DW_TAG_base_type
     360                            .dwattr $C$DW$T$6, DW_AT_encoding(DW_ATE_unsigned_char)
     361                            .dwattr $C$DW$T$6, DW_AT_name("unsigned char")
     362                            .dwattr $C$DW$T$6, DW_AT_byte_size(0x01)
     363                    $C$DW$T$7       .dwtag  DW_TAG_base_type
     364                            .dwattr $C$DW$T$7, DW_AT_encoding(DW_ATE_signed_char)
     365                            .dwattr $C$DW$T$7, DW_AT_name("wchar_t")
     366                            .dwattr $C$DW$T$7, DW_AT_byte_size(0x02)
     367                    $C$DW$T$8       .dwtag  DW_TAG_base_type
     368                            .dwattr $C$DW$T$8, DW_AT_encoding(DW_ATE_signed)
     369                            .dwattr $C$DW$T$8, DW_AT_name("short")
     370                            .dwattr $C$DW$T$8, DW_AT_byte_size(0x02)
     371                    $C$DW$T$9       .dwtag  DW_TAG_base_type
     372                            .dwattr $C$DW$T$9, DW_AT_encoding(DW_ATE_unsigned)
     373                            .dwattr $C$DW$T$9, DW_AT_name("unsigned short")
     374                            .dwattr $C$DW$T$9, DW_AT_byte_size(0x02)
     375                    $C$DW$T$10      .dwtag  DW_TAG_base_type
     376                            .dwattr $C$DW$T$10, DW_AT_encoding(DW_ATE_signed)
     377                            .dwattr $C$DW$T$10, DW_AT_name("int")
     378                            .dwattr $C$DW$T$10, DW_AT_byte_size(0x04)
     379                    $C$DW$T$11      .dwtag  DW_TAG_base_type
     380                            .dwattr $C$DW$T$11, DW_AT_encoding(DW_ATE_unsigned)
     381                            .dwattr $C$DW$T$11, DW_AT_name("unsigned int")
     382                            .dwattr $C$DW$T$11, DW_AT_byte_size(0x04)
     383                    $C$DW$T$24      .dwtag  DW_TAG_typedef, DW_AT_name("Uint32")
     384                            .dwattr $C$DW$T$24, DW_AT_type(*$C$DW$T$11)
     385                            .dwattr $C$DW$T$24, DW_AT_language(DW_LANG_C)
TMS320C6x Assembler PC v7.4.18 Sun Oct 08 13:03:10 2023

Tools Copyright (c) 1996-2015 Texas Instruments Incorporated
C:\Users\Lenovo\AppData\Local\Temp\1993210                           PAGE    8

     386                    $C$DW$T$12      .dwtag  DW_TAG_base_type
     387                            .dwattr $C$DW$T$12, DW_AT_encoding(DW_ATE_signed)
     388                            .dwattr $C$DW$T$12, DW_AT_name("long")
     389                            .dwattr $C$DW$T$12, DW_AT_byte_size(0x08)
     390                            .dwattr $C$DW$T$12, DW_AT_bit_size(0x28)
     391                            .dwattr $C$DW$T$12, DW_AT_bit_offset(0x18)
     392                    $C$DW$T$13      .dwtag  DW_TAG_base_type
     393                            .dwattr $C$DW$T$13, DW_AT_encoding(DW_ATE_unsigned)
     394                            .dwattr $C$DW$T$13, DW_AT_name("unsigned long")
     395                            .dwattr $C$DW$T$13, DW_AT_byte_size(0x08)
     396                            .dwattr $C$DW$T$13, DW_AT_bit_size(0x28)
     397                            .dwattr $C$DW$T$13, DW_AT_bit_offset(0x18)
     398                    $C$DW$T$14      .dwtag  DW_TAG_base_type
     399                            .dwattr $C$DW$T$14, DW_AT_encoding(DW_ATE_signed)
     400                            .dwattr $C$DW$T$14, DW_AT_name("long long")
     401                            .dwattr $C$DW$T$14, DW_AT_byte_size(0x08)
     402                    $C$DW$T$15      .dwtag  DW_TAG_base_type
     403                            .dwattr $C$DW$T$15, DW_AT_encoding(DW_ATE_unsigned)
     404                            .dwattr $C$DW$T$15, DW_AT_name("unsigned long long")
     405                            .dwattr $C$DW$T$15, DW_AT_byte_size(0x08)
     406                    $C$DW$T$16      .dwtag  DW_TAG_base_type
     407                            .dwattr $C$DW$T$16, DW_AT_encoding(DW_ATE_float)
     408                            .dwattr $C$DW$T$16, DW_AT_name("float")
     409                            .dwattr $C$DW$T$16, DW_AT_byte_size(0x04)
     410                    $C$DW$T$17      .dwtag  DW_TAG_base_type
     411                            .dwattr $C$DW$T$17, DW_AT_encoding(DW_ATE_float)
     412                            .dwattr $C$DW$T$17, DW_AT_name("double")
     413                            .dwattr $C$DW$T$17, DW_AT_byte_size(0x08)
     414                    $C$DW$T$18      .dwtag  DW_TAG_base_type
     415                            .dwattr $C$DW$T$18, DW_AT_encoding(DW_ATE_float)
     416                            .dwattr $C$DW$T$18, DW_AT_name("long double")
     417                            .dwattr $C$DW$T$18, DW_AT_byte_size(0x08)
     418                            .dwattr $C$DW$CU, DW_AT_language(DW_LANG_C)
     419                    
     420                    ;***************************************************************
     421                    ;* DWARF CIE ENTRIES                                           *
     422                    ;***************************************************************
     423                    
     424                    $C$DW$CIE       .dwcie 228
     425                            .dwcfi  cfa_register, 31
     426                            .dwcfi  cfa_offset, 0
     427                            .dwcfi  undefined, 0
     428                            .dwcfi  undefined, 1
     429                            .dwcfi  undefined, 2
     430                            .dwcfi  undefined, 3
     431                            .dwcfi  undefined, 4
     432                            .dwcfi  undefined, 5
     433                            .dwcfi  undefined, 6
     434                            .dwcfi  undefined, 7
     435                            .dwcfi  undefined, 8
     436                            .dwcfi  undefined, 9
     437                            .dwcfi  same_value, 10
     438                            .dwcfi  same_value, 11
     439                            .dwcfi  same_value, 12
     440                            .dwcfi  same_value, 13
TMS320C6x Assembler PC v7.4.18 Sun Oct 08 13:03:10 2023

Tools Copyright (c) 1996-2015 Texas Instruments Incorporated
C:\Users\Lenovo\AppData\Local\Temp\1993210                           PAGE    9

     441                            .dwcfi  same_value, 14
     442                            .dwcfi  same_value, 15
     443                            .dwcfi  undefined, 16
     444                            .dwcfi  undefined, 17
     445                            .dwcfi  undefined, 18
     446                            .dwcfi  undefined, 19
     447                            .dwcfi  undefined, 20
     448                            .dwcfi  undefined, 21
     449                            .dwcfi  undefined, 22
     450                            .dwcfi  undefined, 23
     451                            .dwcfi  undefined, 24
     452                            .dwcfi  undefined, 25
     453                            .dwcfi  same_value, 26
     454                            .dwcfi  same_value, 27
     455                            .dwcfi  same_value, 28
     456                            .dwcfi  same_value, 29
     457                            .dwcfi  same_value, 30
     458                            .dwcfi  same_value, 31
     459                            .dwcfi  same_value, 32
     460                            .dwcfi  undefined, 33
     461                            .dwcfi  undefined, 34
     462                            .dwcfi  undefined, 35
     463                            .dwcfi  undefined, 36
     464                            .dwcfi  undefined, 37
     465                            .dwcfi  undefined, 38
     466                            .dwcfi  undefined, 39
     467                            .dwcfi  undefined, 40
     468                            .dwcfi  undefined, 41
     469                            .dwcfi  undefined, 42
     470                            .dwcfi  undefined, 43
     471                            .dwcfi  undefined, 44
     472                            .dwcfi  undefined, 45
     473                            .dwcfi  undefined, 46
     474                            .dwcfi  undefined, 47
     475                            .dwcfi  undefined, 48
     476                            .dwcfi  undefined, 49
     477                            .dwcfi  undefined, 50
     478                            .dwcfi  undefined, 51
     479                            .dwcfi  undefined, 52
     480                            .dwcfi  undefined, 53
     481                            .dwcfi  undefined, 54
     482                            .dwcfi  undefined, 55
     483                            .dwcfi  undefined, 56
     484                            .dwcfi  undefined, 57
     485                            .dwcfi  undefined, 58
     486                            .dwcfi  undefined, 59
     487                            .dwcfi  undefined, 60
     488                            .dwcfi  undefined, 61
     489                            .dwcfi  undefined, 62
     490                            .dwcfi  undefined, 63
     491                            .dwcfi  undefined, 64
     492                            .dwcfi  undefined, 65
     493                            .dwcfi  undefined, 66
     494                            .dwcfi  undefined, 67
     495                            .dwcfi  undefined, 68
TMS320C6x Assembler PC v7.4.18 Sun Oct 08 13:03:10 2023

Tools Copyright (c) 1996-2015 Texas Instruments Incorporated
C:\Users\Lenovo\AppData\Local\Temp\1993210                           PAGE   10

     496                            .dwcfi  undefined, 69
     497                            .dwcfi  undefined, 70
     498                            .dwcfi  undefined, 71
     499                            .dwcfi  undefined, 72
     500                            .dwcfi  undefined, 73
     501                            .dwcfi  undefined, 74
     502                            .dwcfi  undefined, 75
     503                            .dwcfi  undefined, 76
     504                            .dwcfi  undefined, 77
     505                            .dwcfi  undefined, 78
     506                            .dwcfi  undefined, 79
     507                            .dwcfi  undefined, 80
     508                            .dwcfi  undefined, 81
     509                            .dwcfi  undefined, 82
     510                            .dwcfi  undefined, 83
     511                            .dwcfi  undefined, 84
     512                            .dwcfi  undefined, 85
     513                            .dwcfi  undefined, 86
     514                            .dwcfi  undefined, 87
     515                            .dwcfi  undefined, 88
     516                            .dwcfi  undefined, 89
     517                            .dwcfi  undefined, 90
     518                            .dwcfi  undefined, 91
     519                            .dwcfi  undefined, 92
     520                            .dwcfi  undefined, 93
     521                            .dwcfi  undefined, 94
     522                            .dwcfi  undefined, 95
     523                            .dwcfi  undefined, 96
     524                            .dwcfi  undefined, 97
     525                            .dwcfi  undefined, 98
     526                            .dwcfi  undefined, 99
     527                            .dwcfi  undefined, 100
     528                            .dwcfi  undefined, 101
     529                            .dwcfi  undefined, 102
     530                            .dwcfi  undefined, 103
     531                            .dwcfi  undefined, 104
     532                            .dwcfi  undefined, 105
     533                            .dwcfi  undefined, 106
     534                            .dwcfi  undefined, 107
     535                            .dwcfi  undefined, 108
     536                            .dwcfi  undefined, 109
     537                            .dwcfi  undefined, 110
     538                            .dwcfi  undefined, 111
     539                            .dwcfi  undefined, 112
     540                            .dwcfi  undefined, 113
     541                            .dwcfi  undefined, 114
     542                            .dwcfi  undefined, 115
     543                            .dwcfi  undefined, 116
     544                            .dwcfi  undefined, 117
     545                            .dwcfi  undefined, 118
     546                            .dwcfi  undefined, 119
     547                            .dwcfi  undefined, 120
     548                            .dwcfi  undefined, 121
     549                            .dwcfi  undefined, 122
     550                            .dwcfi  undefined, 123
TMS320C6x Assembler PC v7.4.18 Sun Oct 08 13:03:10 2023

Tools Copyright (c) 1996-2015 Texas Instruments Incorporated
C:\Users\Lenovo\AppData\Local\Temp\1993210                           PAGE   11

     551                            .dwcfi  undefined, 124
     552                            .dwcfi  undefined, 125
     553                            .dwcfi  undefined, 126
     554                            .dwcfi  undefined, 127
     555                            .dwcfi  undefined, 128
     556                            .dwcfi  undefined, 129
     557                            .dwcfi  undefined, 130
     558                            .dwcfi  undefined, 131
     559                            .dwcfi  undefined, 132
     560                            .dwcfi  undefined, 133
     561                            .dwcfi  undefined, 134
     562                            .dwcfi  undefined, 135
     563                            .dwcfi  undefined, 136
     564                            .dwcfi  undefined, 137
     565                            .dwcfi  undefined, 138
     566                            .dwcfi  undefined, 139
     567                            .dwcfi  undefined, 140
     568                            .dwcfi  undefined, 141
     569                            .dwcfi  undefined, 142
     570                            .dwcfi  undefined, 143
     571                            .dwcfi  undefined, 144
     572                            .dwcfi  undefined, 145
     573                            .dwcfi  undefined, 146
     574                            .dwcfi  undefined, 147
     575                            .dwcfi  undefined, 148
     576                            .dwcfi  undefined, 149
     577                            .dwcfi  undefined, 150
     578                            .dwcfi  undefined, 151
     579                            .dwcfi  undefined, 152
     580                            .dwcfi  undefined, 153
     581                            .dwcfi  undefined, 154
     582                            .dwcfi  undefined, 155
     583                            .dwcfi  undefined, 156
     584                            .dwcfi  undefined, 157
     585                            .dwcfi  undefined, 158
     586                            .dwcfi  undefined, 159
     587                            .dwcfi  undefined, 160
     588                            .dwcfi  undefined, 161
     589                            .dwcfi  undefined, 162
     590                            .dwcfi  undefined, 163
     591                            .dwcfi  undefined, 164
     592                            .dwcfi  undefined, 165
     593                            .dwcfi  undefined, 166
     594                            .dwcfi  undefined, 167
     595                            .dwcfi  undefined, 168
     596                            .dwcfi  undefined, 169
     597                            .dwcfi  undefined, 170
     598                            .dwcfi  undefined, 171
     599                            .dwcfi  undefined, 172
     600                            .dwcfi  undefined, 173
     601                            .dwcfi  undefined, 174
     602                            .dwcfi  undefined, 175
     603                            .dwcfi  undefined, 176
     604                            .dwcfi  undefined, 177
     605                            .dwcfi  undefined, 178
TMS320C6x Assembler PC v7.4.18 Sun Oct 08 13:03:10 2023

Tools Copyright (c) 1996-2015 Texas Instruments Incorporated
C:\Users\Lenovo\AppData\Local\Temp\1993210                           PAGE   12

     606                            .dwcfi  undefined, 179
     607                            .dwcfi  undefined, 180
     608                            .dwcfi  undefined, 181
     609                            .dwcfi  undefined, 182
     610                            .dwcfi  undefined, 183
     611                            .dwcfi  undefined, 184
     612                            .dwcfi  undefined, 185
     613                            .dwcfi  undefined, 186
     614                            .dwcfi  undefined, 187
     615                            .dwcfi  undefined, 188
     616                            .dwcfi  undefined, 189
     617                            .dwcfi  undefined, 190
     618                            .dwcfi  undefined, 191
     619                            .dwcfi  undefined, 192
     620                            .dwcfi  undefined, 193
     621                            .dwcfi  undefined, 194
     622                            .dwcfi  undefined, 195
     623                            .dwcfi  undefined, 196
     624                            .dwcfi  undefined, 197
     625                            .dwcfi  undefined, 198
     626                            .dwcfi  undefined, 199
     627                            .dwcfi  undefined, 200
     628                            .dwcfi  undefined, 201
     629                            .dwcfi  undefined, 202
     630                            .dwcfi  undefined, 203
     631                            .dwcfi  undefined, 204
     632                            .dwcfi  undefined, 205
     633                            .dwcfi  undefined, 206
     634                            .dwcfi  undefined, 207
     635                            .dwcfi  undefined, 208
     636                            .dwcfi  undefined, 209
     637                            .dwcfi  undefined, 210
     638                            .dwcfi  undefined, 211
     639                            .dwcfi  undefined, 212
     640                            .dwcfi  undefined, 213
     641                            .dwcfi  undefined, 214
     642                            .dwcfi  undefined, 215
     643                            .dwcfi  undefined, 216
     644                            .dwcfi  undefined, 217
     645                            .dwcfi  undefined, 218
     646                            .dwcfi  undefined, 219
     647                            .dwcfi  undefined, 220
     648                            .dwcfi  undefined, 221
     649                            .dwcfi  undefined, 222
     650                            .dwcfi  undefined, 223
     651                            .dwcfi  undefined, 224
     652                            .dwcfi  undefined, 225
     653                            .dwcfi  undefined, 226
     654                            .dwcfi  undefined, 227
     655                            .dwcfi  undefined, 228
     656                            .dwendentry
     657                    
     658                    ;***************************************************************
     659                    ;* DWARF REGISTER MAP                                          *
     660                    ;***************************************************************
TMS320C6x Assembler PC v7.4.18 Sun Oct 08 13:03:10 2023

Tools Copyright (c) 1996-2015 Texas Instruments Incorporated
C:\Users\Lenovo\AppData\Local\Temp\1993210                           PAGE   13

     661                    
     662                    $C$DW$15        .dwtag  DW_TAG_TI_assign_register, DW_AT_name("A0")
     663                            .dwattr $C$DW$15, DW_AT_location[DW_OP_reg0]
     664                    $C$DW$16        .dwtag  DW_TAG_TI_assign_register, DW_AT_name("A1")
     665                            .dwattr $C$DW$16, DW_AT_location[DW_OP_reg1]
     666                    $C$DW$17        .dwtag  DW_TAG_TI_assign_register, DW_AT_name("A2")
     667                            .dwattr $C$DW$17, DW_AT_location[DW_OP_reg2]
     668                    $C$DW$18        .dwtag  DW_TAG_TI_assign_register, DW_AT_name("A3")
     669                            .dwattr $C$DW$18, DW_AT_location[DW_OP_reg3]
     670                    $C$DW$19        .dwtag  DW_TAG_TI_assign_register, DW_AT_name("A4")
     671                            .dwattr $C$DW$19, DW_AT_location[DW_OP_reg4]
     672                    $C$DW$20        .dwtag  DW_TAG_TI_assign_register, DW_AT_name("A5")
     673                            .dwattr $C$DW$20, DW_AT_location[DW_OP_reg5]
     674                    $C$DW$21        .dwtag  DW_TAG_TI_assign_register, DW_AT_name("A6")
     675                            .dwattr $C$DW$21, DW_AT_location[DW_OP_reg6]
     676                    $C$DW$22        .dwtag  DW_TAG_TI_assign_register, DW_AT_name("A7")
     677                            .dwattr $C$DW$22, DW_AT_location[DW_OP_reg7]
     678                    $C$DW$23        .dwtag  DW_TAG_TI_assign_register, DW_AT_name("A8")
     679                            .dwattr $C$DW$23, DW_AT_location[DW_OP_reg8]
     680                    $C$DW$24        .dwtag  DW_TAG_TI_assign_register, DW_AT_name("A9")
     681                            .dwattr $C$DW$24, DW_AT_location[DW_OP_reg9]
     682                    $C$DW$25        .dwtag  DW_TAG_TI_assign_register, DW_AT_name("A10")
     683                            .dwattr $C$DW$25, DW_AT_location[DW_OP_reg10]
     684                    $C$DW$26        .dwtag  DW_TAG_TI_assign_register, DW_AT_name("A11")
     685                            .dwattr $C$DW$26, DW_AT_location[DW_OP_reg11]
     686                    $C$DW$27        .dwtag  DW_TAG_TI_assign_register, DW_AT_name("A12")
     687                            .dwattr $C$DW$27, DW_AT_location[DW_OP_reg12]
     688                    $C$DW$28        .dwtag  DW_TAG_TI_assign_register, DW_AT_name("A13")
     689                            .dwattr $C$DW$28, DW_AT_location[DW_OP_reg13]
     690                    $C$DW$29        .dwtag  DW_TAG_TI_assign_register, DW_AT_name("A14")
     691                            .dwattr $C$DW$29, DW_AT_location[DW_OP_reg14]
     692                    $C$DW$30        .dwtag  DW_TAG_TI_assign_register, DW_AT_name("A15")
     693                            .dwattr $C$DW$30, DW_AT_location[DW_OP_reg15]
     694                    $C$DW$31        .dwtag  DW_TAG_TI_assign_register, DW_AT_name("B0")
     695                            .dwattr $C$DW$31, DW_AT_location[DW_OP_reg16]
     696                    $C$DW$32        .dwtag  DW_TAG_TI_assign_register, DW_AT_name("B1")
     697                            .dwattr $C$DW$32, DW_AT_location[DW_OP_reg17]
     698                    $C$DW$33        .dwtag  DW_TAG_TI_assign_register, DW_AT_name("B2")
     699                            .dwattr $C$DW$33, DW_AT_location[DW_OP_reg18]
     700                    $C$DW$34        .dwtag  DW_TAG_TI_assign_register, DW_AT_name("B3")
     701                            .dwattr $C$DW$34, DW_AT_location[DW_OP_reg19]
     702                    $C$DW$35        .dwtag  DW_TAG_TI_assign_register, DW_AT_name("B4")
     703                            .dwattr $C$DW$35, DW_AT_location[DW_OP_reg20]
     704                    $C$DW$36        .dwtag  DW_TAG_TI_assign_register, DW_AT_name("B5")
     705                            .dwattr $C$DW$36, DW_AT_location[DW_OP_reg21]
     706                    $C$DW$37        .dwtag  DW_TAG_TI_assign_register, DW_AT_name("B6")
     707                            .dwattr $C$DW$37, DW_AT_location[DW_OP_reg22]
     708                    $C$DW$38        .dwtag  DW_TAG_TI_assign_register, DW_AT_name("B7")
     709                            .dwattr $C$DW$38, DW_AT_location[DW_OP_reg23]
     710                    $C$DW$39        .dwtag  DW_TAG_TI_assign_register, DW_AT_name("B8")
     711                            .dwattr $C$DW$39, DW_AT_location[DW_OP_reg24]
     712                    $C$DW$40        .dwtag  DW_TAG_TI_assign_register, DW_AT_name("B9")
     713                            .dwattr $C$DW$40, DW_AT_location[DW_OP_reg25]
     714                    $C$DW$41        .dwtag  DW_TAG_TI_assign_register, DW_AT_name("B10")
     715                            .dwattr $C$DW$41, DW_AT_location[DW_OP_reg26]
TMS320C6x Assembler PC v7.4.18 Sun Oct 08 13:03:10 2023

Tools Copyright (c) 1996-2015 Texas Instruments Incorporated
C:\Users\Lenovo\AppData\Local\Temp\1993210                           PAGE   14

     716                    $C$DW$42        .dwtag  DW_TAG_TI_assign_register, DW_AT_name("B11")
     717                            .dwattr $C$DW$42, DW_AT_location[DW_OP_reg27]
     718                    $C$DW$43        .dwtag  DW_TAG_TI_assign_register, DW_AT_name("B12")
     719                            .dwattr $C$DW$43, DW_AT_location[DW_OP_reg28]
     720                    $C$DW$44        .dwtag  DW_TAG_TI_assign_register, DW_AT_name("B13")
     721                            .dwattr $C$DW$44, DW_AT_location[DW_OP_reg29]
     722                    $C$DW$45        .dwtag  DW_TAG_TI_assign_register, DW_AT_name("DP")
     723                            .dwattr $C$DW$45, DW_AT_location[DW_OP_reg30]
     724                    $C$DW$46        .dwtag  DW_TAG_TI_assign_register, DW_AT_name("SP")
     725                            .dwattr $C$DW$46, DW_AT_location[DW_OP_reg31]
     726                    $C$DW$47        .dwtag  DW_TAG_TI_assign_register, DW_AT_name("FP")
     727                            .dwattr $C$DW$47, DW_AT_location[DW_OP_regx 0x20]
     728                    $C$DW$48        .dwtag  DW_TAG_TI_assign_register, DW_AT_name("PC")
     729                            .dwattr $C$DW$48, DW_AT_location[DW_OP_regx 0x21]
     730                    $C$DW$49        .dwtag  DW_TAG_TI_assign_register, DW_AT_name("IRP")
     731                            .dwattr $C$DW$49, DW_AT_location[DW_OP_regx 0x22]
     732                    $C$DW$50        .dwtag  DW_TAG_TI_assign_register, DW_AT_name("IFR")
     733                            .dwattr $C$DW$50, DW_AT_location[DW_OP_regx 0x23]
     734                    $C$DW$51        .dwtag  DW_TAG_TI_assign_register, DW_AT_name("NRP")
     735                            .dwattr $C$DW$51, DW_AT_location[DW_OP_regx 0x24]
     736                    $C$DW$52        .dwtag  DW_TAG_TI_assign_register, DW_AT_name("A16")
     737                            .dwattr $C$DW$52, DW_AT_location[DW_OP_regx 0x25]
     738                    $C$DW$53        .dwtag  DW_TAG_TI_assign_register, DW_AT_name("A17")
     739                            .dwattr $C$DW$53, DW_AT_location[DW_OP_regx 0x26]
     740                    $C$DW$54        .dwtag  DW_TAG_TI_assign_register, DW_AT_name("A18")
     741                            .dwattr $C$DW$54, DW_AT_location[DW_OP_regx 0x27]
     742                    $C$DW$55        .dwtag  DW_TAG_TI_assign_register, DW_AT_name("A19")
     743                            .dwattr $C$DW$55, DW_AT_location[DW_OP_regx 0x28]
     744                    $C$DW$56        .dwtag  DW_TAG_TI_assign_register, DW_AT_name("A20")
     745                            .dwattr $C$DW$56, DW_AT_location[DW_OP_regx 0x29]
     746                    $C$DW$57        .dwtag  DW_TAG_TI_assign_register, DW_AT_name("A21")
     747                            .dwattr $C$DW$57, DW_AT_location[DW_OP_regx 0x2a]
     748                    $C$DW$58        .dwtag  DW_TAG_TI_assign_register, DW_AT_name("A22")
     749                            .dwattr $C$DW$58, DW_AT_location[DW_OP_regx 0x2b]
     750                    $C$DW$59        .dwtag  DW_TAG_TI_assign_register, DW_AT_name("A23")
     751                            .dwattr $C$DW$59, DW_AT_location[DW_OP_regx 0x2c]
     752                    $C$DW$60        .dwtag  DW_TAG_TI_assign_register, DW_AT_name("A24")
     753                            .dwattr $C$DW$60, DW_AT_location[DW_OP_regx 0x2d]
     754                    $C$DW$61        .dwtag  DW_TAG_TI_assign_register, DW_AT_name("A25")
     755                            .dwattr $C$DW$61, DW_AT_location[DW_OP_regx 0x2e]
     756                    $C$DW$62        .dwtag  DW_TAG_TI_assign_register, DW_AT_name("A26")
     757                            .dwattr $C$DW$62, DW_AT_location[DW_OP_regx 0x2f]
     758                    $C$DW$63        .dwtag  DW_TAG_TI_assign_register, DW_AT_name("A27")
     759                            .dwattr $C$DW$63, DW_AT_location[DW_OP_regx 0x30]
     760                    $C$DW$64        .dwtag  DW_TAG_TI_assign_register, DW_AT_name("A28")
     761                            .dwattr $C$DW$64, DW_AT_location[DW_OP_regx 0x31]
     762                    $C$DW$65        .dwtag  DW_TAG_TI_assign_register, DW_AT_name("A29")
     763                            .dwattr $C$DW$65, DW_AT_location[DW_OP_regx 0x32]
     764                    $C$DW$66        .dwtag  DW_TAG_TI_assign_register, DW_AT_name("A30")
     765                            .dwattr $C$DW$66, DW_AT_location[DW_OP_regx 0x33]
     766                    $C$DW$67        .dwtag  DW_TAG_TI_assign_register, DW_AT_name("A31")
     767                            .dwattr $C$DW$67, DW_AT_location[DW_OP_regx 0x34]
     768                    $C$DW$68        .dwtag  DW_TAG_TI_assign_register, DW_AT_name("B16")
     769                            .dwattr $C$DW$68, DW_AT_location[DW_OP_regx 0x35]
     770                    $C$DW$69        .dwtag  DW_TAG_TI_assign_register, DW_AT_name("B17")
TMS320C6x Assembler PC v7.4.18 Sun Oct 08 13:03:10 2023

Tools Copyright (c) 1996-2015 Texas Instruments Incorporated
C:\Users\Lenovo\AppData\Local\Temp\1993210                           PAGE   15

     771                            .dwattr $C$DW$69, DW_AT_location[DW_OP_regx 0x36]
     772                    $C$DW$70        .dwtag  DW_TAG_TI_assign_register, DW_AT_name("B18")
     773                            .dwattr $C$DW$70, DW_AT_location[DW_OP_regx 0x37]
     774                    $C$DW$71        .dwtag  DW_TAG_TI_assign_register, DW_AT_name("B19")
     775                            .dwattr $C$DW$71, DW_AT_location[DW_OP_regx 0x38]
     776                    $C$DW$72        .dwtag  DW_TAG_TI_assign_register, DW_AT_name("B20")
     777                            .dwattr $C$DW$72, DW_AT_location[DW_OP_regx 0x39]
     778                    $C$DW$73        .dwtag  DW_TAG_TI_assign_register, DW_AT_name("B21")
     779                            .dwattr $C$DW$73, DW_AT_location[DW_OP_regx 0x3a]
     780                    $C$DW$74        .dwtag  DW_TAG_TI_assign_register, DW_AT_name("B22")
     781                            .dwattr $C$DW$74, DW_AT_location[DW_OP_regx 0x3b]
     782                    $C$DW$75        .dwtag  DW_TAG_TI_assign_register, DW_AT_name("B23")
     783                            .dwattr $C$DW$75, DW_AT_location[DW_OP_regx 0x3c]
     784                    $C$DW$76        .dwtag  DW_TAG_TI_assign_register, DW_AT_name("B24")
     785                            .dwattr $C$DW$76, DW_AT_location[DW_OP_regx 0x3d]
     786                    $C$DW$77        .dwtag  DW_TAG_TI_assign_register, DW_AT_name("B25")
     787                            .dwattr $C$DW$77, DW_AT_location[DW_OP_regx 0x3e]
     788                    $C$DW$78        .dwtag  DW_TAG_TI_assign_register, DW_AT_name("B26")
     789                            .dwattr $C$DW$78, DW_AT_location[DW_OP_regx 0x3f]
     790                    $C$DW$79        .dwtag  DW_TAG_TI_assign_register, DW_AT_name("B27")
     791                            .dwattr $C$DW$79, DW_AT_location[DW_OP_regx 0x40]
     792                    $C$DW$80        .dwtag  DW_TAG_TI_assign_register, DW_AT_name("B28")
     793                            .dwattr $C$DW$80, DW_AT_location[DW_OP_regx 0x41]
     794                    $C$DW$81        .dwtag  DW_TAG_TI_assign_register, DW_AT_name("B29")
     795                            .dwattr $C$DW$81, DW_AT_location[DW_OP_regx 0x42]
     796                    $C$DW$82        .dwtag  DW_TAG_TI_assign_register, DW_AT_name("B30")
     797                            .dwattr $C$DW$82, DW_AT_location[DW_OP_regx 0x43]
     798                    $C$DW$83        .dwtag  DW_TAG_TI_assign_register, DW_AT_name("B31")
     799                            .dwattr $C$DW$83, DW_AT_location[DW_OP_regx 0x44]
     800                    $C$DW$84        .dwtag  DW_TAG_TI_assign_register, DW_AT_name("AMR")
     801                            .dwattr $C$DW$84, DW_AT_location[DW_OP_regx 0x45]
     802                    $C$DW$85        .dwtag  DW_TAG_TI_assign_register, DW_AT_name("CSR")
     803                            .dwattr $C$DW$85, DW_AT_location[DW_OP_regx 0x46]
     804                    $C$DW$86        .dwtag  DW_TAG_TI_assign_register, DW_AT_name("ISR")
     805                            .dwattr $C$DW$86, DW_AT_location[DW_OP_regx 0x47]
     806                    $C$DW$87        .dwtag  DW_TAG_TI_assign_register, DW_AT_name("ICR")
     807                            .dwattr $C$DW$87, DW_AT_location[DW_OP_regx 0x48]
     808                    $C$DW$88        .dwtag  DW_TAG_TI_assign_register, DW_AT_name("IER")
     809                            .dwattr $C$DW$88, DW_AT_location[DW_OP_regx 0x49]
     810                    $C$DW$89        .dwtag  DW_TAG_TI_assign_register, DW_AT_name("ISTP")
     811                            .dwattr $C$DW$89, DW_AT_location[DW_OP_regx 0x4a]
     812                    $C$DW$90        .dwtag  DW_TAG_TI_assign_register, DW_AT_name("IN")
     813                            .dwattr $C$DW$90, DW_AT_location[DW_OP_regx 0x4b]
     814                    $C$DW$91        .dwtag  DW_TAG_TI_assign_register, DW_AT_name("OUT")
     815                            .dwattr $C$DW$91, DW_AT_location[DW_OP_regx 0x4c]
     816                    $C$DW$92        .dwtag  DW_TAG_TI_assign_register, DW_AT_name("ACR")
     817                            .dwattr $C$DW$92, DW_AT_location[DW_OP_regx 0x4d]
     818                    $C$DW$93        .dwtag  DW_TAG_TI_assign_register, DW_AT_name("ADR")
     819                            .dwattr $C$DW$93, DW_AT_location[DW_OP_regx 0x4e]
     820                    $C$DW$94        .dwtag  DW_TAG_TI_assign_register, DW_AT_name("FADCR")
     821                            .dwattr $C$DW$94, DW_AT_location[DW_OP_regx 0x4f]
     822                    $C$DW$95        .dwtag  DW_TAG_TI_assign_register, DW_AT_name("FAUCR")
     823                            .dwattr $C$DW$95, DW_AT_location[DW_OP_regx 0x50]
     824                    $C$DW$96        .dwtag  DW_TAG_TI_assign_register, DW_AT_name("FMCR")
     825                            .dwattr $C$DW$96, DW_AT_location[DW_OP_regx 0x51]
TMS320C6x Assembler PC v7.4.18 Sun Oct 08 13:03:10 2023

Tools Copyright (c) 1996-2015 Texas Instruments Incorporated
C:\Users\Lenovo\AppData\Local\Temp\1993210                           PAGE   16

     826                    $C$DW$97        .dwtag  DW_TAG_TI_assign_register, DW_AT_name("GFPGFR")
     827                            .dwattr $C$DW$97, DW_AT_location[DW_OP_regx 0x52]
     828                    $C$DW$98        .dwtag  DW_TAG_TI_assign_register, DW_AT_name("DIER")
     829                            .dwattr $C$DW$98, DW_AT_location[DW_OP_regx 0x53]
     830                    $C$DW$99        .dwtag  DW_TAG_TI_assign_register, DW_AT_name("REP")
     831                            .dwattr $C$DW$99, DW_AT_location[DW_OP_regx 0x54]
     832                    $C$DW$100       .dwtag  DW_TAG_TI_assign_register, DW_AT_name("TSCL")
     833                            .dwattr $C$DW$100, DW_AT_location[DW_OP_regx 0x55]
     834                    $C$DW$101       .dwtag  DW_TAG_TI_assign_register, DW_AT_name("TSCH")
     835                            .dwattr $C$DW$101, DW_AT_location[DW_OP_regx 0x56]
     836                    $C$DW$102       .dwtag  DW_TAG_TI_assign_register, DW_AT_name("ARP")
     837                            .dwattr $C$DW$102, DW_AT_location[DW_OP_regx 0x57]
     838                    $C$DW$103       .dwtag  DW_TAG_TI_assign_register, DW_AT_name("ILC")
     839                            .dwattr $C$DW$103, DW_AT_location[DW_OP_regx 0x58]
     840                    $C$DW$104       .dwtag  DW_TAG_TI_assign_register, DW_AT_name("RILC")
     841                            .dwattr $C$DW$104, DW_AT_location[DW_OP_regx 0x59]
     842                    $C$DW$105       .dwtag  DW_TAG_TI_assign_register, DW_AT_name("DNUM")
     843                            .dwattr $C$DW$105, DW_AT_location[DW_OP_regx 0x5a]
     844                    $C$DW$106       .dwtag  DW_TAG_TI_assign_register, DW_AT_name("SSR")
     845                            .dwattr $C$DW$106, DW_AT_location[DW_OP_regx 0x5b]
     846                    $C$DW$107       .dwtag  DW_TAG_TI_assign_register, DW_AT_name("GPLYA")
     847                            .dwattr $C$DW$107, DW_AT_location[DW_OP_regx 0x5c]
     848                    $C$DW$108       .dwtag  DW_TAG_TI_assign_register, DW_AT_name("GPLYB")
     849                            .dwattr $C$DW$108, DW_AT_location[DW_OP_regx 0x5d]
     850                    $C$DW$109       .dwtag  DW_TAG_TI_assign_register, DW_AT_name("TSR")
     851                            .dwattr $C$DW$109, DW_AT_location[DW_OP_regx 0x5e]
     852                    $C$DW$110       .dwtag  DW_TAG_TI_assign_register, DW_AT_name("ITSR")
     853                            .dwattr $C$DW$110, DW_AT_location[DW_OP_regx 0x5f]
     854                    $C$DW$111       .dwtag  DW_TAG_TI_assign_register, DW_AT_name("NTSR")
     855                            .dwattr $C$DW$111, DW_AT_location[DW_OP_regx 0x60]
     856                    $C$DW$112       .dwtag  DW_TAG_TI_assign_register, DW_AT_name("EFR")
     857                            .dwattr $C$DW$112, DW_AT_location[DW_OP_regx 0x61]
     858                    $C$DW$113       .dwtag  DW_TAG_TI_assign_register, DW_AT_name("ECR")
     859                            .dwattr $C$DW$113, DW_AT_location[DW_OP_regx 0x62]
     860                    $C$DW$114       .dwtag  DW_TAG_TI_assign_register, DW_AT_name("IERR")
     861                            .dwattr $C$DW$114, DW_AT_location[DW_OP_regx 0x63]
     862                    $C$DW$115       .dwtag  DW_TAG_TI_assign_register, DW_AT_name("DMSG")
     863                            .dwattr $C$DW$115, DW_AT_location[DW_OP_regx 0x64]
     864                    $C$DW$116       .dwtag  DW_TAG_TI_assign_register, DW_AT_name("CMSG")
     865                            .dwattr $C$DW$116, DW_AT_location[DW_OP_regx 0x65]
     866                    $C$DW$117       .dwtag  DW_TAG_TI_assign_register, DW_AT_name("DT_DMA_ADDR")
     867                            .dwattr $C$DW$117, DW_AT_location[DW_OP_regx 0x66]
     868                    $C$DW$118       .dwtag  DW_TAG_TI_assign_register, DW_AT_name("DT_DMA_DATA")
     869                            .dwattr $C$DW$118, DW_AT_location[DW_OP_regx 0x67]
     870                    $C$DW$119       .dwtag  DW_TAG_TI_assign_register, DW_AT_name("DT_DMA_CNTL")
     871                            .dwattr $C$DW$119, DW_AT_location[DW_OP_regx 0x68]
     872                    $C$DW$120       .dwtag  DW_TAG_TI_assign_register, DW_AT_name("TCU_CNTL")
     873                            .dwattr $C$DW$120, DW_AT_location[DW_OP_regx 0x69]
     874                    $C$DW$121       .dwtag  DW_TAG_TI_assign_register, DW_AT_name("RTDX_REC_CNTL")
     875                            .dwattr $C$DW$121, DW_AT_location[DW_OP_regx 0x6a]
     876                    $C$DW$122       .dwtag  DW_TAG_TI_assign_register, DW_AT_name("RTDX_XMT_CNTL")
     877                            .dwattr $C$DW$122, DW_AT_location[DW_OP_regx 0x6b]
     878                    $C$DW$123       .dwtag  DW_TAG_TI_assign_register, DW_AT_name("RTDX_CFG")
     879                            .dwattr $C$DW$123, DW_AT_location[DW_OP_regx 0x6c]
     880                    $C$DW$124       .dwtag  DW_TAG_TI_assign_register, DW_AT_name("RTDX_RDATA")
TMS320C6x Assembler PC v7.4.18 Sun Oct 08 13:03:10 2023

Tools Copyright (c) 1996-2015 Texas Instruments Incorporated
C:\Users\Lenovo\AppData\Local\Temp\1993210                           PAGE   17

     881                            .dwattr $C$DW$124, DW_AT_location[DW_OP_regx 0x6d]
     882                    $C$DW$125       .dwtag  DW_TAG_TI_assign_register, DW_AT_name("RTDX_WDATA")
     883                            .dwattr $C$DW$125, DW_AT_location[DW_OP_regx 0x6e]
     884                    $C$DW$126       .dwtag  DW_TAG_TI_assign_register, DW_AT_name("RTDX_RADDR")
     885                            .dwattr $C$DW$126, DW_AT_location[DW_OP_regx 0x6f]
     886                    $C$DW$127       .dwtag  DW_TAG_TI_assign_register, DW_AT_name("RTDX_WADDR")
     887                            .dwattr $C$DW$127, DW_AT_location[DW_OP_regx 0x70]
     888                    $C$DW$128       .dwtag  DW_TAG_TI_assign_register, DW_AT_name("MFREG0")
     889                            .dwattr $C$DW$128, DW_AT_location[DW_OP_regx 0x71]
     890                    $C$DW$129       .dwtag  DW_TAG_TI_assign_register, DW_AT_name("DBG_STAT")
     891                            .dwattr $C$DW$129, DW_AT_location[DW_OP_regx 0x72]
     892                    $C$DW$130       .dwtag  DW_TAG_TI_assign_register, DW_AT_name("BRK_EN")
     893                            .dwattr $C$DW$130, DW_AT_location[DW_OP_regx 0x73]
     894                    $C$DW$131       .dwtag  DW_TAG_TI_assign_register, DW_AT_name("HWBP0_CNT")
     895                            .dwattr $C$DW$131, DW_AT_location[DW_OP_regx 0x74]
     896                    $C$DW$132       .dwtag  DW_TAG_TI_assign_register, DW_AT_name("HWBP0")
     897                            .dwattr $C$DW$132, DW_AT_location[DW_OP_regx 0x75]
     898                    $C$DW$133       .dwtag  DW_TAG_TI_assign_register, DW_AT_name("HWBP1")
     899                            .dwattr $C$DW$133, DW_AT_location[DW_OP_regx 0x76]
     900                    $C$DW$134       .dwtag  DW_TAG_TI_assign_register, DW_AT_name("HWBP2")
     901                            .dwattr $C$DW$134, DW_AT_location[DW_OP_regx 0x77]
     902                    $C$DW$135       .dwtag  DW_TAG_TI_assign_register, DW_AT_name("HWBP3")
     903                            .dwattr $C$DW$135, DW_AT_location[DW_OP_regx 0x78]
     904                    $C$DW$136       .dwtag  DW_TAG_TI_assign_register, DW_AT_name("OVERLAY")
     905                            .dwattr $C$DW$136, DW_AT_location[DW_OP_regx 0x79]
     906                    $C$DW$137       .dwtag  DW_TAG_TI_assign_register, DW_AT_name("PC_PROF")
     907                            .dwattr $C$DW$137, DW_AT_location[DW_OP_regx 0x7a]
     908                    $C$DW$138       .dwtag  DW_TAG_TI_assign_register, DW_AT_name("ATSR")
     909                            .dwattr $C$DW$138, DW_AT_location[DW_OP_regx 0x7b]
     910                    $C$DW$139       .dwtag  DW_TAG_TI_assign_register, DW_AT_name("TRR")
     911                            .dwattr $C$DW$139, DW_AT_location[DW_OP_regx 0x7c]
     912                    $C$DW$140       .dwtag  DW_TAG_TI_assign_register, DW_AT_name("TCRR")
     913                            .dwattr $C$DW$140, DW_AT_location[DW_OP_regx 0x7d]
     914                    $C$DW$141       .dwtag  DW_TAG_TI_assign_register, DW_AT_name("DESR")
     915                            .dwattr $C$DW$141, DW_AT_location[DW_OP_regx 0x7e]
     916                    $C$DW$142       .dwtag  DW_TAG_TI_assign_register, DW_AT_name("DETR")
     917                            .dwattr $C$DW$142, DW_AT_location[DW_OP_regx 0x7f]
     918                    $C$DW$143       .dwtag  DW_TAG_TI_assign_register, DW_AT_name("CIE_RETA")
     919                            .dwattr $C$DW$143, DW_AT_location[DW_OP_regx 0xe4]
     920                            .dwendtag $C$DW$CU
     921                    

No Assembly Errors, No Assembly Warnings
