TMS320C6x Assembler PC v7.4.18 Sun Sep 24 18:06:44 2023

Tools Copyright (c) 1996-2015 Texas Instruments Incorporated
C:\Users\Lenovo\AppData\Local\Temp\1766810                           PAGE    1

       1                    ;******************************************************************************
       2                    ;* TMS320C6x C/C++ Codegen                                         PC v7.4.18 *
       3                    ;* Date/Time created: Sun Sep 24 18:06:44 2023                                *
       4                    ;******************************************************************************
       5                            .compiler_opts --abi=coffabi --c64p_l1d_workaround=default --endian=little --hll_source=on --l
       6                    
       7                    ;******************************************************************************
       8                    ;* GLOBAL FILE PARAMETERS                                                     *
       9                    ;*                                                                            *
      10                    ;*   Architecture      : TMS320C670x                                          *
      11                    ;*   Optimization      : Disabled                                             *
      12                    ;*   Optimizing for    : Compile time, Ease of Development                    *
      13                    ;*                       Based on options: no -o, no -ms                      *
      14                    ;*   Endian            : Little                                               *
      15                    ;*   Interrupt Thrshld : Disabled                                             *
      16                    ;*   Data Access Model : Far                                                  *
      17                    ;*   Pipelining        : Disabled                                             *
      18                    ;*   Memory Aliases    : Presume are aliases (pessimistic)                    *
      19                    ;*   Debug Info        : DWARF Debug                                          *
      20                    ;*                                                                            *
      21                    ;******************************************************************************
      22                    
      23                            .asg    A15, FP
      24                            .asg    B14, DP
      25                            .asg    B15, SP
      26                            .global $bss
      27                    
      28                    
      29                    $C$DW$CU        .dwtag  DW_TAG_compile_unit
      30                            .dwattr $C$DW$CU, DW_AT_name("../main.c")
      31                            .dwattr $C$DW$CU, DW_AT_producer("TMS320C6x C/C++ Codegen PC v7.4.18 Copyright (c) 1996-2015 T
      32                            .dwattr $C$DW$CU, DW_AT_TI_version(0x01)
      33                            .dwattr $C$DW$CU, DW_AT_comp_dir("D:\ti_v6_2\DSP_Worspace_2023\TP2_GenSign_1\Debug")
      34                    ;*****************************************************************************
      35                    ;* CINIT RECORDS                                                             *
      36                    ;*****************************************************************************
      37 00000000                   .sect   ".cinit"
      38                            .align  8
      39 00000000 00000004          .field          4,32
      40 00000004 00000000-         .field          _fs+0,32
      41 00000008 00000001          .bits   1,32                    ; _fs @ 0
      42                    
      43 0000000c                   .sect   ".cinit"
      44                            .align  8
      45 00000010 00000080          .field          $C$IR_1,32
      46 00000014 00000004-         .field          _SinTable+0,32
      47 00000018 00000000          .bits   0,16                    ; _SinTable[0] @ 0
      48 00000018 01910000          .bits   401,16                  ; _SinTable[1] @ 16
      49 0000001c 0000031F          .bits   799,16                  ; _SinTable[2] @ 32
      50 0000001c 04A5031F          .bits   1189,16                 ; _SinTable[3] @ 48
      51 00000020 0000061F          .bits   1567,16                 ; _SinTable[4] @ 64
      52 00000020 078B061F          .bits   1931,16                 ; _SinTable[5] @ 80
      53 00000024 000008E4          .bits   2276,16                 ; _SinTable[6] @ 96
      54 00000024 0A2608E4          .bits   2598,16                 ; _SinTable[7] @ 112
      55 00000028 00000B50          .bits   2896,16                 ; _SinTable[8] @ 128
TMS320C6x Assembler PC v7.4.18 Sun Sep 24 18:06:44 2023

Tools Copyright (c) 1996-2015 Texas Instruments Incorporated
C:\Users\Lenovo\AppData\Local\Temp\1766810                           PAGE    2

      56 00000028 0C5E0B50          .bits   3166,16                 ; _SinTable[9] @ 144
      57 0000002c 00000D4E          .bits   3406,16                 ; _SinTable[10] @ 160
      58 0000002c 0E1C0D4E          .bits   3612,16                 ; _SinTable[11] @ 176
      59 00000030 00000EC8          .bits   3784,16                 ; _SinTable[12] @ 192
      60 00000030 0F500EC8          .bits   3920,16                 ; _SinTable[13] @ 208
      61 00000034 00000FB1          .bits   4017,16                 ; _SinTable[14] @ 224
      62 00000034 0FEC0FB1          .bits   4076,16                 ; _SinTable[15] @ 240
      63 00000038 00001000          .bits   4096,16                 ; _SinTable[16] @ 256
      64 00000038 0FEC1000          .bits   4076,16                 ; _SinTable[17] @ 272
      65 0000003c 00000FB1          .bits   4017,16                 ; _SinTable[18] @ 288
      66 0000003c 0F500FB1          .bits   3920,16                 ; _SinTable[19] @ 304
      67 00000040 00000EC8          .bits   3784,16                 ; _SinTable[20] @ 320
      68 00000040 0E1C0EC8          .bits   3612,16                 ; _SinTable[21] @ 336
      69 00000044 00000D4E          .bits   3406,16                 ; _SinTable[22] @ 352
      70 00000044 0C5E0D4E          .bits   3166,16                 ; _SinTable[23] @ 368
      71 00000048 00000B50          .bits   2896,16                 ; _SinTable[24] @ 384
      72 00000048 0A260B50          .bits   2598,16                 ; _SinTable[25] @ 400
      73 0000004c 000008E4          .bits   2276,16                 ; _SinTable[26] @ 416
      74 0000004c 078B08E4          .bits   1931,16                 ; _SinTable[27] @ 432
      75 00000050 0000061F          .bits   1567,16                 ; _SinTable[28] @ 448
      76 00000050 04A5061F          .bits   1189,16                 ; _SinTable[29] @ 464
      77 00000054 0000031F          .bits   799,16                  ; _SinTable[30] @ 480
      78 00000054 0191031F          .bits   401,16                  ; _SinTable[31] @ 496
      79 00000058 00000000          .bits   0,16                    ; _SinTable[32] @ 512
      80 00000058 FE6F0000          .bits   65135,16                        ; _SinTable[33] @ 528
      81 0000005c 0000FCE1          .bits   64737,16                        ; _SinTable[34] @ 544
      82 0000005c FB5BFCE1          .bits   64347,16                        ; _SinTable[35] @ 560
      83 00000060 0000F9E1          .bits   63969,16                        ; _SinTable[36] @ 576
      84 00000060 F875F9E1          .bits   63605,16                        ; _SinTable[37] @ 592
      85 00000064 0000F71C          .bits   63260,16                        ; _SinTable[38] @ 608
      86 00000064 F5DAF71C          .bits   62938,16                        ; _SinTable[39] @ 624
      87 00000068 0000F4B0          .bits   62640,16                        ; _SinTable[40] @ 640
      88 00000068 F3A2F4B0          .bits   62370,16                        ; _SinTable[41] @ 656
      89 0000006c 0000F2B2          .bits   62130,16                        ; _SinTable[42] @ 672
      90 0000006c F1E4F2B2          .bits   61924,16                        ; _SinTable[43] @ 688
      91 00000070 0000F138          .bits   61752,16                        ; _SinTable[44] @ 704
      92 00000070 F0B0F138          .bits   61616,16                        ; _SinTable[45] @ 720
      93 00000074 0000F04F          .bits   61519,16                        ; _SinTable[46] @ 736
      94 00000074 F014F04F          .bits   61460,16                        ; _SinTable[47] @ 752
      95 00000078 0000F000          .bits   61440,16                        ; _SinTable[48] @ 768
      96 00000078 F014F000          .bits   61460,16                        ; _SinTable[49] @ 784
      97 0000007c 0000F04F          .bits   61519,16                        ; _SinTable[50] @ 800
      98 0000007c F0B0F04F          .bits   61616,16                        ; _SinTable[51] @ 816
      99 00000080 0000F138          .bits   61752,16                        ; _SinTable[52] @ 832
     100 00000080 F1E4F138          .bits   61924,16                        ; _SinTable[53] @ 848
     101 00000084 0000F2B2          .bits   62130,16                        ; _SinTable[54] @ 864
     102 00000084 F3A2F2B2          .bits   62370,16                        ; _SinTable[55] @ 880
     103 00000088 0000F4B0          .bits   62640,16                        ; _SinTable[56] @ 896
     104 00000088 F5DAF4B0          .bits   62938,16                        ; _SinTable[57] @ 912
     105 0000008c 0000F71C          .bits   63260,16                        ; _SinTable[58] @ 928
     106 0000008c F875F71C          .bits   63605,16                        ; _SinTable[59] @ 944
     107 00000090 0000F9E1          .bits   63969,16                        ; _SinTable[60] @ 960
     108 00000090 FB5BF9E1          .bits   64347,16                        ; _SinTable[61] @ 976
     109 00000094 0000FCE1          .bits   64737,16                        ; _SinTable[62] @ 992
     110 00000094 FE6FFCE1          .bits   65135,16                        ; _SinTable[63] @ 1008
TMS320C6x Assembler PC v7.4.18 Sun Sep 24 18:06:44 2023

Tools Copyright (c) 1996-2015 Texas Instruments Incorporated
C:\Users\Lenovo\AppData\Local\Temp\1766810                           PAGE    3

     111          00000080  $C$IR_1:        .set    128
     112                    
     113 00000098                   .sect   ".cinit"
     114                            .align  8
     115 00000098 00000002          .field          2,32
     116 0000009c 0000010A-         .field          _GAIN+0,32
     117 000000a0 00000001          .bits   1,16                    ; _GAIN @ 0
     118                    
     119                    
     120                    $C$DW$1 .dwtag  DW_TAG_subprogram, DW_AT_name("output_left_sample")
     121                            .dwattr $C$DW$1, DW_AT_TI_symbol_name("_output_left_sample")
     122                            .dwattr $C$DW$1, DW_AT_declaration
     123                            .dwattr $C$DW$1, DW_AT_external
     124                    $C$DW$2 .dwtag  DW_TAG_formal_parameter
     125                            .dwattr $C$DW$2, DW_AT_type(*$C$DW$T$10)
     126                            .dwendtag $C$DW$1
     127                    
     128                    
     129                    $C$DW$3 .dwtag  DW_TAG_subprogram, DW_AT_name("comm_intr")
     130                            .dwattr $C$DW$3, DW_AT_TI_symbol_name("_comm_intr")
     131                            .dwattr $C$DW$3, DW_AT_declaration
     132                            .dwattr $C$DW$3, DW_AT_external
     133                            .global _fs
     134 00000000           _fs:    .usect  ".far",4,4
     135                    $C$DW$4 .dwtag  DW_TAG_variable, DW_AT_name("fs")
     136                            .dwattr $C$DW$4, DW_AT_TI_symbol_name("_fs")
     137                            .dwattr $C$DW$4, DW_AT_location[DW_OP_addr _fs]
     138                            .dwattr $C$DW$4, DW_AT_type(*$C$DW$T$27)
     139                            .dwattr $C$DW$4, DW_AT_external
     140                            .global _SinTable
     141 00000004           _SinTable:      .usect  ".far",128,4
     142                    $C$DW$5 .dwtag  DW_TAG_variable, DW_AT_name("SinTable")
     143                            .dwattr $C$DW$5, DW_AT_TI_symbol_name("_SinTable")
     144                            .dwattr $C$DW$5, DW_AT_location[DW_OP_addr _SinTable]
     145                            .dwattr $C$DW$5, DW_AT_type(*$C$DW$T$23)
     146                            .dwattr $C$DW$5, DW_AT_external
     147                            .global _Xn
     148 00000084           _Xn:    .usect  ".far",2,2
     149                    $C$DW$6 .dwtag  DW_TAG_variable, DW_AT_name("Xn")
     150                            .dwattr $C$DW$6, DW_AT_TI_symbol_name("_Xn")
     151                            .dwattr $C$DW$6, DW_AT_location[DW_OP_addr _Xn]
     152                            .dwattr $C$DW$6, DW_AT_type(*$C$DW$T$8)
     153                            .dwattr $C$DW$6, DW_AT_external
     154                            .global _XnBuffer
     155 00000088           _XnBuffer:      .usect  ".far",128,4
     156                    $C$DW$7 .dwtag  DW_TAG_variable, DW_AT_name("XnBuffer")
     157                            .dwattr $C$DW$7, DW_AT_TI_symbol_name("_XnBuffer")
     158                            .dwattr $C$DW$7, DW_AT_location[DW_OP_addr _XnBuffer]
     159                            .dwattr $C$DW$7, DW_AT_type(*$C$DW$T$23)
     160                            .dwattr $C$DW$7, DW_AT_external
     161                            .global _i
     162 00000108           _i:     .usect  ".far",2,2
     163                    $C$DW$8 .dwtag  DW_TAG_variable, DW_AT_name("i")
     164                            .dwattr $C$DW$8, DW_AT_TI_symbol_name("_i")
     165                            .dwattr $C$DW$8, DW_AT_location[DW_OP_addr _i]
TMS320C6x Assembler PC v7.4.18 Sun Sep 24 18:06:44 2023

Tools Copyright (c) 1996-2015 Texas Instruments Incorporated
C:\Users\Lenovo\AppData\Local\Temp\1766810                           PAGE    4

     166                            .dwattr $C$DW$8, DW_AT_type(*$C$DW$T$25)
     167                            .dwattr $C$DW$8, DW_AT_external
     168                            .global _GAIN
     169 0000010a           _GAIN:  .usect  ".far",2,2
     170                    $C$DW$9 .dwtag  DW_TAG_variable, DW_AT_name("GAIN")
     171                            .dwattr $C$DW$9, DW_AT_TI_symbol_name("_GAIN")
     172                            .dwattr $C$DW$9, DW_AT_location[DW_OP_addr _GAIN]
     173                            .dwattr $C$DW$9, DW_AT_type(*$C$DW$T$25)
     174                            .dwattr $C$DW$9, DW_AT_external
     175                    ;       D:\ti_v6_2\ccsv6\tools\compiler\c6000_7.4.18\bin\acp6x.exe -@C:\\Users\\Lenovo\\AppData\\Local
     176 00000000                   .sect   ".text:retain"
     177                            .retain
     178                            .retainrefs
     179                            .global _c_int11
     180                    
     181                    $C$DW$10        .dwtag  DW_TAG_subprogram, DW_AT_name("c_int11")
     182                            .dwattr $C$DW$10, DW_AT_low_pc(_c_int11)
     183                            .dwattr $C$DW$10, DW_AT_high_pc(0x00)
     184                            .dwattr $C$DW$10, DW_AT_TI_symbol_name("_c_int11")
     185                            .dwattr $C$DW$10, DW_AT_external
     186                            .dwattr $C$DW$10, DW_AT_TI_begin_file("../main.c")
     187                            .dwattr $C$DW$10, DW_AT_TI_begin_line(0x10)
     188                            .dwattr $C$DW$10, DW_AT_TI_begin_column(0x10)
     189                            .dwattr $C$DW$10, DW_AT_TI_interrupt
     190                            .dwattr $C$DW$10, DW_AT_TI_max_frame_size(0x50)
     191                            .dwpsn  file "../main.c",line 17,column 1,is_stmt,address _c_int11
     192                    
     193                            .dwfde $C$DW$CIE, _c_int11
     194                    
     195                    ;******************************************************************************
     196                    ;* FUNCTION NAME: c_int11                                                     *
     197                    ;*                                                                            *
     198                    ;*   Regs Modified     : A0,A1,A2,A3,A4,A5,A6,A7,A8,A9,B0,B1,B2,B3,B4,B5,B6,  *
     199                    ;*                           B7,B8,B9,SP                                      *
     200                    ;*   Regs Used         : A0,A1,A2,A3,A4,A5,A6,A7,A8,A9,B0,B1,B2,B3,B4,B5,B6,  *
     201                    ;*                           B7,B8,B9,DP,SP                                   *
     202                    ;*   Local Frame Size  : 0 Args + 0 Auto + 80 Save = 80 byte                  *
     203                    ;******************************************************************************
     204 00000000           _c_int11:
     205                    ;** --------------------------------------------------------------------------*
     206                            .dwcfi  cfa_offset, 0
     207                            .dwcfi  save_reg_to_reg, 228, 19
     208 00000000 04BE94F6             STW     .D2T2   B9,*SP--(80)      ; |17| 
     209                            .dwcfi  cfa_offset, 80
     210                            .dwcfi  save_reg_to_mem, 25, 0
     211 00000004 043E62F6             STW     .D2T2   B8,*+SP(76)       ; |17| 
     212                            .dwcfi  save_reg_to_mem, 24, -4
     213 00000008 03BE42F6             STW     .D2T2   B7,*+SP(72)       ; |17| 
     214                            .dwcfi  save_reg_to_mem, 23, -8
     215 0000000c 033E22F6             STW     .D2T2   B6,*+SP(68)       ; |17| 
     216                            .dwcfi  save_reg_to_mem, 22, -12
     217 00000010 02BE02F6             STW     .D2T2   B5,*+SP(64)       ; |17| 
     218                            .dwcfi  save_reg_to_mem, 21, -16
     219 00000014 023DE2F6             STW     .D2T2   B4,*+SP(60)       ; |17| 
     220                            .dwcfi  save_reg_to_mem, 20, -20
TMS320C6x Assembler PC v7.4.18 Sun Sep 24 18:06:44 2023

Tools Copyright (c) 1996-2015 Texas Instruments Incorporated
C:\Users\Lenovo\AppData\Local\Temp\1766810                           PAGE    5

     221 00000018 01BDC2F6             STW     .D2T2   B3,*+SP(56)       ; |17| 
     222                            .dwcfi  save_reg_to_mem, 19, -24
     223 0000001c 013DA2F6             STW     .D2T2   B2,*+SP(52)       ; |17| 
     224                            .dwcfi  save_reg_to_mem, 18, -28
     225 00000020 00BD82F6             STW     .D2T2   B1,*+SP(48)       ; |17| 
     226                            .dwcfi  save_reg_to_mem, 17, -32
     227 00000024 003D62F6             STW     .D2T2   B0,*+SP(44)       ; |17| 
     228                            .dwcfi  save_reg_to_mem, 16, -36
     229 00000028 04BD42F4             STW     .D2T1   A9,*+SP(40)       ; |17| 
     230                            .dwcfi  save_reg_to_mem, 9, -40
     231 0000002c 043D22F4             STW     .D2T1   A8,*+SP(36)       ; |17| 
     232                            .dwcfi  save_reg_to_mem, 8, -44
     233 00000030 03BD02F4             STW     .D2T1   A7,*+SP(32)       ; |17| 
     234                            .dwcfi  save_reg_to_mem, 7, -48
     235 00000034 033CE2F4             STW     .D2T1   A6,*+SP(28)       ; |17| 
     236                            .dwcfi  save_reg_to_mem, 6, -52
     237 00000038 02BCC2F4             STW     .D2T1   A5,*+SP(24)       ; |17| 
     238                            .dwcfi  save_reg_to_mem, 5, -56
     239 0000003c 023CA2F4             STW     .D2T1   A4,*+SP(20)       ; |17| 
     240                            .dwcfi  save_reg_to_mem, 4, -60
     241 00000040 01BC82F4             STW     .D2T1   A3,*+SP(16)       ; |17| 
     242                            .dwcfi  save_reg_to_mem, 3, -64
     243 00000044 013C62F4             STW     .D2T1   A2,*+SP(12)       ; |17| 
     244                            .dwcfi  save_reg_to_mem, 2, -68
     245 00000048 00BC42F4             STW     .D2T1   A1,*+SP(8)        ; |17| 
     246                            .dwcfi  save_reg_to_mem, 1, -72
     247 0000004c 003C22F4             STW     .D2T1   A0,*+SP(4)        ; |17| 
     248                            .dwcfi  save_reg_to_mem, 0, -76
     249                            .dwpsn  file "../main.c",line 18,column 2,is_stmt
     250 00000050 01808428-            MVKL    .S1     _i,A3
     251 00000054 01800068-            MVKH    .S1     _i,A3
     252 00000058 018C0204             LDHU    .D1T1   *A3,A3            ; |18| 
     253 0000005c 0200852A-            MVKL    .S2     _GAIN,B4
     254 00000060 02000228-            MVKL    .S1     _SinTable,A4
     255 00000064 0200006A-            MVKH    .S2     _GAIN,B4
     256 00000068 02000068-            MVKH    .S1     _SinTable,A4
     257                    
     258 0000006c 01906A45             LDH     .D1T1   *+A4[A3],A3       ; |18| 
     259 00000070 02900286  ||         LDHU    .D2T2   *B4,B5            ; |18| 
     260                    
     261 00000074 0200422A-            MVKL    .S2     _Xn,B4
     262 00000078 0200006A-            MVKH    .S2     _Xn,B4
     263 0000007c 00002000             NOP             2
     264 00000080 028CBE82             MPYUS   .M2X    B5,A3,B5          ; |18| 
     265 00000084 00000000             NOP             1
     266 00000088 029002D6             STH     .D2T2   B5,*B4            ; |18| 
     267                            .dwpsn  file "../main.c",line 19,column 2,is_stmt
     268                    
     269 0000008c 01804229-            MVKL    .S1     _Xn,A3
     270 00000090 0200842A- ||         MVKL    .S2     _i,B4
     271                    
     272 00000094 0200006B-            MVKH    .S2     _i,B4
     273 00000098 01800068- ||         MVKH    .S1     _Xn,A3
     274                    
     275 000000a0 02900287             LDHU    .D2T2   *B4,B5            ; |19| 
TMS320C6x Assembler PC v7.4.18 Sun Sep 24 18:06:44 2023

Tools Copyright (c) 1996-2015 Texas Instruments Incorporated
C:\Users\Lenovo\AppData\Local\Temp\1766810                           PAGE    6

     276 000000a4 018C0244  ||         LDH     .D1T1   *A3,A3            ; |19| 
     277                    
     278 000000a8 0200442A-            MVKL    .S2     _XnBuffer,B4
     279 000000ac 0200006A-            MVKH    .S2     _XnBuffer,B4
     280 000000b0 00002000             NOP             2
     281 000000b4 0190AAD4             STH     .D2T1   A3,*+B4[B5]       ; |19| 
     282                            .dwpsn  file "../main.c",line 20,column 2,is_stmt
     283 000000b8 01808428-            MVKL    .S1     _i,A3
     284 000000bc 01800068-            MVKH    .S1     _i,A3
     285 000000c0 018C0204             LDHU    .D1T1   *A3,A3            ; |20| 
     286 000000c4 02001FAA             MVK     .S2     63,B4             ; |20| 
     287 000000c8 0213EDDA             NOT     .L2     B4,B4             ; |20| 
     288 000000cc 0280842A-            MVKL    .S2     _i,B5
     289 000000d0 0280006A-            MVKH    .S2     _i,B5
     290 000000d4 018C2058             ADD     .L1     1,A3,A3           ; |20| 
     291 000000d8 020CADA0             SHR     .S1     A3,5,A4           ; |20| 
     292 000000dc 021349A0             SHRU    .S1     A4,26,A4          ; |20| 
     293 000000e0 020C8078             ADD     .L1     A4,A3,A4          ; |20| 
     294 000000e4 02109F7A             AND     .L2X    B4,A4,B4          ; |20| 
     295 000000e8 021072FA             SUB     .L2X    A3,B4,B4          ; |20| 
     296 000000ec 021402D6             STH     .D2T2   B4,*B5            ; |20| 
     297                            .dwpsn  file "../main.c",line 21,column 2,is_stmt
     298 000000f0 01804228-            MVKL    .S1     _Xn,A3
     299                    $C$DW$11        .dwtag  DW_TAG_TI_branch
     300                            .dwattr $C$DW$11, DW_AT_low_pc(0x04)
     301                            .dwattr $C$DW$11, DW_AT_name("_output_left_sample")
     302                            .dwattr $C$DW$11, DW_AT_TI_call
     303                    
     304 000000f4 01800069-            MVKH    .S1     _Xn,A3
     305 000000f8 0FFFE412! ||         CALL    .S2     _output_left_sample ; |21| 
     306                    
     307 000000fc 020C0244             LDH     .D1T1   *A3,A4            ; |21| 
     308 00000100 0180862A+            MVKL    .S2     $C$RL0,B3         ; |21| 
     309 00000104 0180006A+            MVKH    .S2     $C$RL0,B3         ; |21| 
     310 00000108 00002000             NOP             2
     311 0000010c           $C$RL0:    ; CALL OCCURS {_output_left_sample} {0}  ; |21| 
     312                            .dwpsn  file "../main.c",line 22,column 2,is_stmt
     313                            .dwpsn  file "../main.c",line 23,column 1,is_stmt
     314 0000010c 043E62E6             LDW     .D2T2   *+SP(76),B8       ; |23| 
     315 00000110 00006000             NOP             4
     316                            .dwcfi  restore_reg, 24
     317 00000114 03BE42E6             LDW     .D2T2   *+SP(72),B7       ; |23| 
     318 00000118 00006000             NOP             4
     319                            .dwcfi  restore_reg, 23
     320 0000011c 033E22E6             LDW     .D2T2   *+SP(68),B6       ; |23| 
     321 00000120 00006000             NOP             4
     322                            .dwcfi  restore_reg, 22
     323 00000124 02BE02E6             LDW     .D2T2   *+SP(64),B5       ; |23| 
     324 00000128 00006000             NOP             4
     325                            .dwcfi  restore_reg, 21
     326 0000012c 023DE2E6             LDW     .D2T2   *+SP(60),B4       ; |23| 
     327 00000130 00006000             NOP             4
     328                            .dwcfi  restore_reg, 20
     329 00000134 01BDC2E6             LDW     .D2T2   *+SP(56),B3       ; |23| 
     330 00000138 00006000             NOP             4
TMS320C6x Assembler PC v7.4.18 Sun Sep 24 18:06:44 2023

Tools Copyright (c) 1996-2015 Texas Instruments Incorporated
C:\Users\Lenovo\AppData\Local\Temp\1766810                           PAGE    7

     331                            .dwcfi  restore_reg, 19
     332 0000013c 013DA2E6             LDW     .D2T2   *+SP(52),B2       ; |23| 
     333 00000140 00006000             NOP             4
     334                            .dwcfi  restore_reg, 18
     335 00000144 00BD82E6             LDW     .D2T2   *+SP(48),B1       ; |23| 
     336 00000148 00006000             NOP             4
     337                            .dwcfi  restore_reg, 17
     338 0000014c 003D62E6             LDW     .D2T2   *+SP(44),B0       ; |23| 
     339 00000150 00006000             NOP             4
     340                            .dwcfi  restore_reg, 16
     341 00000154 04BD42E4             LDW     .D2T1   *+SP(40),A9       ; |23| 
     342 00000158 00006000             NOP             4
     343                            .dwcfi  restore_reg, 9
     344 0000015c 043D22E4             LDW     .D2T1   *+SP(36),A8       ; |23| 
     345 00000160 00006000             NOP             4
     346                            .dwcfi  restore_reg, 8
     347 00000164 03BD02E4             LDW     .D2T1   *+SP(32),A7       ; |23| 
     348 00000168 00006000             NOP             4
     349                            .dwcfi  restore_reg, 7
     350 0000016c 033CE2E4             LDW     .D2T1   *+SP(28),A6       ; |23| 
     351 00000170 00006000             NOP             4
     352                            .dwcfi  restore_reg, 6
     353 00000174 02BCC2E4             LDW     .D2T1   *+SP(24),A5       ; |23| 
     354 00000178 00006000             NOP             4
     355                            .dwcfi  restore_reg, 5
     356 0000017c 023CA2E4             LDW     .D2T1   *+SP(20),A4       ; |23| 
     357 00000180 00006000             NOP             4
     358                            .dwcfi  restore_reg, 4
     359 00000184 01BC82E4             LDW     .D2T1   *+SP(16),A3       ; |23| 
     360 00000188 00006000             NOP             4
     361                            .dwcfi  restore_reg, 3
     362 0000018c 013C62E4             LDW     .D2T1   *+SP(12),A2       ; |23| 
     363 00000190 00006000             NOP             4
     364                            .dwcfi  restore_reg, 2
     365 00000194 00BC42E4             LDW     .D2T1   *+SP(8),A1        ; |23| 
     366 00000198 00006000             NOP             4
     367                            .dwcfi  restore_reg, 1
     368 0000019c 003C22E4             LDW     .D2T1   *+SP(4),A0        ; |23| 
     369 000001a0 00006000             NOP             4
     370                            .dwcfi  restore_reg, 0
     371 000001a4 04BE92E6             LDW     .D2T2   *++SP(80),B9      ; |23| 
     372 000001a8 00006000             NOP             4
     373                            .dwcfi  cfa_offset, 0
     374                            .dwcfi  restore_reg, 25
     375                            .dwcfi  cfa_offset, 0
     376                    $C$DW$12        .dwtag  DW_TAG_TI_branch
     377                            .dwattr $C$DW$12, DW_AT_low_pc(0x00)
     378                            .dwattr $C$DW$12, DW_AT_TI_return
     379 000001ac 001800E2             RET     .S2     IRP               ; |23| 
     380 000001b0 00008000             NOP             5
     381                               ; BRANCH OCCURS {IRP}             ; |23| 
     382                            .dwattr $C$DW$10, DW_AT_TI_end_file("../main.c")
     383                            .dwattr $C$DW$10, DW_AT_TI_end_line(0x17)
     384                            .dwattr $C$DW$10, DW_AT_TI_end_column(0x01)
     385                            .dwendentry
TMS320C6x Assembler PC v7.4.18 Sun Sep 24 18:06:44 2023

Tools Copyright (c) 1996-2015 Texas Instruments Incorporated
C:\Users\Lenovo\AppData\Local\Temp\1766810                           PAGE    8

     386                            .dwendtag $C$DW$10
     387                    
     388 00000000                   .sect   ".text"
     389                            .clink
     390                            .global _main
     391                    
     392                    $C$DW$13        .dwtag  DW_TAG_subprogram, DW_AT_name("main")
     393                            .dwattr $C$DW$13, DW_AT_low_pc(_main)
     394                            .dwattr $C$DW$13, DW_AT_high_pc(0x00)
     395                            .dwattr $C$DW$13, DW_AT_TI_symbol_name("_main")
     396                            .dwattr $C$DW$13, DW_AT_external
     397                            .dwattr $C$DW$13, DW_AT_type(*$C$DW$T$10)
     398                            .dwattr $C$DW$13, DW_AT_TI_begin_file("../main.c")
     399                            .dwattr $C$DW$13, DW_AT_TI_begin_line(0x19)
     400                            .dwattr $C$DW$13, DW_AT_TI_begin_column(0x01)
     401                            .dwattr $C$DW$13, DW_AT_TI_max_frame_size(0x08)
     402                            .dwpsn  file "../main.c",line 26,column 1,is_stmt,address _main
     403                    
     404                            .dwfde $C$DW$CIE, _main
     405                    
     406                    ;******************************************************************************
     407                    ;* FUNCTION NAME: main                                                        *
     408                    ;*                                                                            *
     409                    ;*   Regs Modified     : A0,A1,A2,A3,A4,A5,A6,A7,A8,A9,B0,B1,B2,B3,B4,B5,B6,  *
     410                    ;*                           B7,B8,B9,SP                                      *
     411                    ;*   Regs Used         : A0,A1,A2,A3,A4,A5,A6,A7,A8,A9,B0,B1,B2,B3,B4,B5,B6,  *
     412                    ;*                           B7,B8,B9,DP,SP                                   *
     413                    ;*   Local Frame Size  : 0 Args + 0 Auto + 4 Save = 4 byte                    *
     414                    ;******************************************************************************
     415 00000000           _main:
     416                    ;** --------------------------------------------------------------------------*
     417                            .dwcfi  cfa_offset, 0
     418                            .dwcfi  save_reg_to_reg, 228, 19
     419 00000000 01BC54F6             STW     .D2T2   B3,*SP--(8)       ; |26| 
     420                            .dwcfi  cfa_offset, 8
     421                            .dwcfi  save_reg_to_mem, 19, 0
     422                            .dwpsn  file "../main.c",line 27,column 2,is_stmt
     423 00000004 0280842A-            MVKL    .S2     _i,B5
     424                    
     425 00000008 0280006B-            MVKH    .S2     _i,B5
     426 0000000c 020000FA  ||         ZERO    .L2     B4                ; |27| 
     427                    
     428 00000010 021402D6             STH     .D2T2   B4,*B5            ; |27| 
     429                            .dwpsn  file "../main.c",line 27,column 9,is_stmt
     430 00000014 01808528-            MVKL    .S1     _GAIN,A3
     431                    
     432 00000018 01800069-            MVKH    .S1     _GAIN,A3
     433 0000001c 020000AA  ||         MVK     .S2     1,B4              ; |27| 
     434                    
     435 00000020 020C0256             STH     .D1T2   B4,*A3            ; |27| 
     436                            .dwpsn  file "../main.c",line 28,column 2,is_stmt
     437                    $C$DW$14        .dwtag  DW_TAG_TI_branch
     438                            .dwattr $C$DW$14, DW_AT_low_pc(0x00)
     439                            .dwattr $C$DW$14, DW_AT_name("_comm_intr")
     440                            .dwattr $C$DW$14, DW_AT_TI_call
TMS320C6x Assembler PC v7.4.18 Sun Sep 24 18:06:44 2023

Tools Copyright (c) 1996-2015 Texas Instruments Incorporated
C:\Users\Lenovo\AppData\Local\Temp\1766810                           PAGE    9

     441 00000024 0FFFFC10!            CALL    .S1     _comm_intr        ; |28| 
     442 00000028 01801A2A'            MVKL    .S2     $C$RL1,B3         ; |28| 
     443 0000002c 0180006A'            MVKH    .S2     $C$RL1,B3         ; |28| 
     444 00000030 00004000             NOP             3
     445 00000034           $C$RL1:    ; CALL OCCURS {_comm_intr} {0}    ; |28| 
     446                            .dwpsn  file "../main.c",line 29,column 8,is_stmt
     447                    ;*----------------------------------------------------------------------------*
     448                    ;*   SOFTWARE PIPELINE INFORMATION
     449                    ;*      Disqualified loop: Software pipelining disabled
     450                    ;*      Disqualified loop: Bad loop structure
     451                    ;*----------------------------------------------------------------------------*
     452 00000034           $C$L1:    
     453 00000034           $C$DW$L$_main$2$B:
     454 00000034 00000290             B       .S1     $C$L1             ; |29| 
     455 00000038 00008000             NOP             5
     456                               ; BRANCH OCCURS {$C$L1}           ; |29| 
     457 0000003c           $C$DW$L$_main$2$E:
     458                    ;** --------------------------------------------------------------------------*
     459                            .dwcfi  cfa_offset, 0
     460                            .dwcfi  restore_reg, 19
     461                            .dwcfi  cfa_offset, 0
     462                    
     463                    $C$DW$15        .dwtag  DW_TAG_TI_loop
     464                            .dwattr $C$DW$15, DW_AT_name("C:\\Users\\Lenovo\\AppData\\Local\\Temp\\1766810:$C$L1:1:1695575
     465                            .dwattr $C$DW$15, DW_AT_TI_begin_file("../main.c")
     466                            .dwattr $C$DW$15, DW_AT_TI_begin_line(0x1d)
     467                            .dwattr $C$DW$15, DW_AT_TI_end_line(0x1d)
     468                    $C$DW$16        .dwtag  DW_TAG_TI_loop_range
     469                            .dwattr $C$DW$16, DW_AT_low_pc($C$DW$L$_main$2$B)
     470                            .dwattr $C$DW$16, DW_AT_high_pc($C$DW$L$_main$2$E)
     471                            .dwendtag $C$DW$15
     472                    
     473                            .dwattr $C$DW$13, DW_AT_TI_end_file("../main.c")
     474                            .dwattr $C$DW$13, DW_AT_TI_end_line(0x1e)
     475                            .dwattr $C$DW$13, DW_AT_TI_end_column(0x01)
     476                            .dwendentry
     477                            .dwendtag $C$DW$13
     478                    
     479                    ;*****************************************************************************
     480                    ;* UNDEFINED EXTERNAL REFERENCES                                             *
     481                    ;*****************************************************************************
     482                            .global _output_left_sample
     483                            .global _comm_intr
     484                    
     485                    ;******************************************************************************
     486                    ;* BUILD ATTRIBUTES                                                           *
     487                    ;******************************************************************************
     488                            .battr "TI", Tag_File, 1, Tag_ABI_stack_align_needed(0)
     489                            .battr "TI", Tag_File, 1, Tag_ABI_stack_align_preserved(0)
     490                            .battr "TI", Tag_File, 1, Tag_Tramps_Use_SOC(0)
     491                    
     492                    ;******************************************************************************
     493                    ;* TYPE INFORMATION                                                           *
     494                    ;******************************************************************************
     495                    $C$DW$T$4       .dwtag  DW_TAG_base_type
TMS320C6x Assembler PC v7.4.18 Sun Sep 24 18:06:44 2023

Tools Copyright (c) 1996-2015 Texas Instruments Incorporated
C:\Users\Lenovo\AppData\Local\Temp\1766810                           PAGE   10

     496                            .dwattr $C$DW$T$4, DW_AT_encoding(DW_ATE_boolean)
     497                            .dwattr $C$DW$T$4, DW_AT_name("bool")
     498                            .dwattr $C$DW$T$4, DW_AT_byte_size(0x01)
     499                    $C$DW$T$5       .dwtag  DW_TAG_base_type
     500                            .dwattr $C$DW$T$5, DW_AT_encoding(DW_ATE_signed_char)
     501                            .dwattr $C$DW$T$5, DW_AT_name("signed char")
     502                            .dwattr $C$DW$T$5, DW_AT_byte_size(0x01)
     503                    $C$DW$T$6       .dwtag  DW_TAG_base_type
     504                            .dwattr $C$DW$T$6, DW_AT_encoding(DW_ATE_unsigned_char)
     505                            .dwattr $C$DW$T$6, DW_AT_name("unsigned char")
     506                            .dwattr $C$DW$T$6, DW_AT_byte_size(0x01)
     507                    $C$DW$T$7       .dwtag  DW_TAG_base_type
     508                            .dwattr $C$DW$T$7, DW_AT_encoding(DW_ATE_signed_char)
     509                            .dwattr $C$DW$T$7, DW_AT_name("wchar_t")
     510                            .dwattr $C$DW$T$7, DW_AT_byte_size(0x02)
     511                    $C$DW$T$8       .dwtag  DW_TAG_base_type
     512                            .dwattr $C$DW$T$8, DW_AT_encoding(DW_ATE_signed)
     513                            .dwattr $C$DW$T$8, DW_AT_name("short")
     514                            .dwattr $C$DW$T$8, DW_AT_byte_size(0x02)
     515                    
     516                    $C$DW$T$23      .dwtag  DW_TAG_array_type
     517                            .dwattr $C$DW$T$23, DW_AT_type(*$C$DW$T$8)
     518                            .dwattr $C$DW$T$23, DW_AT_language(DW_LANG_C)
     519                            .dwattr $C$DW$T$23, DW_AT_byte_size(0x80)
     520                    $C$DW$17        .dwtag  DW_TAG_subrange_type
     521                            .dwattr $C$DW$17, DW_AT_upper_bound(0x3f)
     522                            .dwendtag $C$DW$T$23
     523                    
     524                    $C$DW$T$9       .dwtag  DW_TAG_base_type
     525                            .dwattr $C$DW$T$9, DW_AT_encoding(DW_ATE_unsigned)
     526                            .dwattr $C$DW$T$9, DW_AT_name("unsigned short")
     527                            .dwattr $C$DW$T$9, DW_AT_byte_size(0x02)
     528                    $C$DW$T$25      .dwtag  DW_TAG_typedef, DW_AT_name("Uint16")
     529                            .dwattr $C$DW$T$25, DW_AT_type(*$C$DW$T$9)
     530                            .dwattr $C$DW$T$25, DW_AT_language(DW_LANG_C)
     531                    $C$DW$T$10      .dwtag  DW_TAG_base_type
     532                            .dwattr $C$DW$T$10, DW_AT_encoding(DW_ATE_signed)
     533                            .dwattr $C$DW$T$10, DW_AT_name("int")
     534                            .dwattr $C$DW$T$10, DW_AT_byte_size(0x04)
     535                    $C$DW$T$11      .dwtag  DW_TAG_base_type
     536                            .dwattr $C$DW$T$11, DW_AT_encoding(DW_ATE_unsigned)
     537                            .dwattr $C$DW$T$11, DW_AT_name("unsigned int")
     538                            .dwattr $C$DW$T$11, DW_AT_byte_size(0x04)
     539                    $C$DW$T$27      .dwtag  DW_TAG_typedef, DW_AT_name("Uint32")
     540                            .dwattr $C$DW$T$27, DW_AT_type(*$C$DW$T$11)
     541                            .dwattr $C$DW$T$27, DW_AT_language(DW_LANG_C)
     542                    $C$DW$T$12      .dwtag  DW_TAG_base_type
     543                            .dwattr $C$DW$T$12, DW_AT_encoding(DW_ATE_signed)
     544                            .dwattr $C$DW$T$12, DW_AT_name("long")
     545                            .dwattr $C$DW$T$12, DW_AT_byte_size(0x08)
     546                            .dwattr $C$DW$T$12, DW_AT_bit_size(0x28)
     547                            .dwattr $C$DW$T$12, DW_AT_bit_offset(0x18)
     548                    $C$DW$T$13      .dwtag  DW_TAG_base_type
     549                            .dwattr $C$DW$T$13, DW_AT_encoding(DW_ATE_unsigned)
     550                            .dwattr $C$DW$T$13, DW_AT_name("unsigned long")
TMS320C6x Assembler PC v7.4.18 Sun Sep 24 18:06:44 2023

Tools Copyright (c) 1996-2015 Texas Instruments Incorporated
C:\Users\Lenovo\AppData\Local\Temp\1766810                           PAGE   11

     551                            .dwattr $C$DW$T$13, DW_AT_byte_size(0x08)
     552                            .dwattr $C$DW$T$13, DW_AT_bit_size(0x28)
     553                            .dwattr $C$DW$T$13, DW_AT_bit_offset(0x18)
     554                    $C$DW$T$14      .dwtag  DW_TAG_base_type
     555                            .dwattr $C$DW$T$14, DW_AT_encoding(DW_ATE_signed)
     556                            .dwattr $C$DW$T$14, DW_AT_name("long long")
     557                            .dwattr $C$DW$T$14, DW_AT_byte_size(0x08)
     558                    $C$DW$T$15      .dwtag  DW_TAG_base_type
     559                            .dwattr $C$DW$T$15, DW_AT_encoding(DW_ATE_unsigned)
     560                            .dwattr $C$DW$T$15, DW_AT_name("unsigned long long")
     561                            .dwattr $C$DW$T$15, DW_AT_byte_size(0x08)
     562                    $C$DW$T$16      .dwtag  DW_TAG_base_type
     563                            .dwattr $C$DW$T$16, DW_AT_encoding(DW_ATE_float)
     564                            .dwattr $C$DW$T$16, DW_AT_name("float")
     565                            .dwattr $C$DW$T$16, DW_AT_byte_size(0x04)
     566                    $C$DW$T$17      .dwtag  DW_TAG_base_type
     567                            .dwattr $C$DW$T$17, DW_AT_encoding(DW_ATE_float)
     568                            .dwattr $C$DW$T$17, DW_AT_name("double")
     569                            .dwattr $C$DW$T$17, DW_AT_byte_size(0x08)
     570                    $C$DW$T$18      .dwtag  DW_TAG_base_type
     571                            .dwattr $C$DW$T$18, DW_AT_encoding(DW_ATE_float)
     572                            .dwattr $C$DW$T$18, DW_AT_name("long double")
     573                            .dwattr $C$DW$T$18, DW_AT_byte_size(0x08)
     574                            .dwattr $C$DW$CU, DW_AT_language(DW_LANG_C)
     575                    
     576                    ;***************************************************************
     577                    ;* DWARF CIE ENTRIES                                           *
     578                    ;***************************************************************
     579                    
     580                    $C$DW$CIE       .dwcie 228
     581                            .dwcfi  cfa_register, 31
     582                            .dwcfi  cfa_offset, 0
     583                            .dwcfi  undefined, 0
     584                            .dwcfi  undefined, 1
     585                            .dwcfi  undefined, 2
     586                            .dwcfi  undefined, 3
     587                            .dwcfi  undefined, 4
     588                            .dwcfi  undefined, 5
     589                            .dwcfi  undefined, 6
     590                            .dwcfi  undefined, 7
     591                            .dwcfi  undefined, 8
     592                            .dwcfi  undefined, 9
     593                            .dwcfi  same_value, 10
     594                            .dwcfi  same_value, 11
     595                            .dwcfi  same_value, 12
     596                            .dwcfi  same_value, 13
     597                            .dwcfi  same_value, 14
     598                            .dwcfi  same_value, 15
     599                            .dwcfi  undefined, 16
     600                            .dwcfi  undefined, 17
     601                            .dwcfi  undefined, 18
     602                            .dwcfi  undefined, 19
     603                            .dwcfi  undefined, 20
     604                            .dwcfi  undefined, 21
     605                            .dwcfi  undefined, 22
TMS320C6x Assembler PC v7.4.18 Sun Sep 24 18:06:44 2023

Tools Copyright (c) 1996-2015 Texas Instruments Incorporated
C:\Users\Lenovo\AppData\Local\Temp\1766810                           PAGE   12

     606                            .dwcfi  undefined, 23
     607                            .dwcfi  undefined, 24
     608                            .dwcfi  undefined, 25
     609                            .dwcfi  same_value, 26
     610                            .dwcfi  same_value, 27
     611                            .dwcfi  same_value, 28
     612                            .dwcfi  same_value, 29
     613                            .dwcfi  same_value, 30
     614                            .dwcfi  same_value, 31
     615                            .dwcfi  same_value, 32
     616                            .dwcfi  undefined, 33
     617                            .dwcfi  undefined, 34
     618                            .dwcfi  undefined, 35
     619                            .dwcfi  undefined, 36
     620                            .dwcfi  undefined, 37
     621                            .dwcfi  undefined, 38
     622                            .dwcfi  undefined, 39
     623                            .dwcfi  undefined, 40
     624                            .dwcfi  undefined, 41
     625                            .dwcfi  undefined, 42
     626                            .dwcfi  undefined, 43
     627                            .dwcfi  undefined, 44
     628                            .dwcfi  undefined, 45
     629                            .dwcfi  undefined, 46
     630                            .dwcfi  undefined, 47
     631                            .dwcfi  undefined, 48
     632                            .dwcfi  undefined, 49
     633                            .dwcfi  undefined, 50
     634                            .dwcfi  undefined, 51
     635                            .dwcfi  undefined, 52
     636                            .dwcfi  undefined, 53
     637                            .dwcfi  undefined, 54
     638                            .dwcfi  undefined, 55
     639                            .dwcfi  undefined, 56
     640                            .dwcfi  undefined, 57
     641                            .dwcfi  undefined, 58
     642                            .dwcfi  undefined, 59
     643                            .dwcfi  undefined, 60
     644                            .dwcfi  undefined, 61
     645                            .dwcfi  undefined, 62
     646                            .dwcfi  undefined, 63
     647                            .dwcfi  undefined, 64
     648                            .dwcfi  undefined, 65
     649                            .dwcfi  undefined, 66
     650                            .dwcfi  undefined, 67
     651                            .dwcfi  undefined, 68
     652                            .dwcfi  undefined, 69
     653                            .dwcfi  undefined, 70
     654                            .dwcfi  undefined, 71
     655                            .dwcfi  undefined, 72
     656                            .dwcfi  undefined, 73
     657                            .dwcfi  undefined, 74
     658                            .dwcfi  undefined, 75
     659                            .dwcfi  undefined, 76
     660                            .dwcfi  undefined, 77
TMS320C6x Assembler PC v7.4.18 Sun Sep 24 18:06:44 2023

Tools Copyright (c) 1996-2015 Texas Instruments Incorporated
C:\Users\Lenovo\AppData\Local\Temp\1766810                           PAGE   13

     661                            .dwcfi  undefined, 78
     662                            .dwcfi  undefined, 79
     663                            .dwcfi  undefined, 80
     664                            .dwcfi  undefined, 81
     665                            .dwcfi  undefined, 82
     666                            .dwcfi  undefined, 83
     667                            .dwcfi  undefined, 84
     668                            .dwcfi  undefined, 85
     669                            .dwcfi  undefined, 86
     670                            .dwcfi  undefined, 87
     671                            .dwcfi  undefined, 88
     672                            .dwcfi  undefined, 89
     673                            .dwcfi  undefined, 90
     674                            .dwcfi  undefined, 91
     675                            .dwcfi  undefined, 92
     676                            .dwcfi  undefined, 93
     677                            .dwcfi  undefined, 94
     678                            .dwcfi  undefined, 95
     679                            .dwcfi  undefined, 96
     680                            .dwcfi  undefined, 97
     681                            .dwcfi  undefined, 98
     682                            .dwcfi  undefined, 99
     683                            .dwcfi  undefined, 100
     684                            .dwcfi  undefined, 101
     685                            .dwcfi  undefined, 102
     686                            .dwcfi  undefined, 103
     687                            .dwcfi  undefined, 104
     688                            .dwcfi  undefined, 105
     689                            .dwcfi  undefined, 106
     690                            .dwcfi  undefined, 107
     691                            .dwcfi  undefined, 108
     692                            .dwcfi  undefined, 109
     693                            .dwcfi  undefined, 110
     694                            .dwcfi  undefined, 111
     695                            .dwcfi  undefined, 112
     696                            .dwcfi  undefined, 113
     697                            .dwcfi  undefined, 114
     698                            .dwcfi  undefined, 115
     699                            .dwcfi  undefined, 116
     700                            .dwcfi  undefined, 117
     701                            .dwcfi  undefined, 118
     702                            .dwcfi  undefined, 119
     703                            .dwcfi  undefined, 120
     704                            .dwcfi  undefined, 121
     705                            .dwcfi  undefined, 122
     706                            .dwcfi  undefined, 123
     707                            .dwcfi  undefined, 124
     708                            .dwcfi  undefined, 125
     709                            .dwcfi  undefined, 126
     710                            .dwcfi  undefined, 127
     711                            .dwcfi  undefined, 128
     712                            .dwcfi  undefined, 129
     713                            .dwcfi  undefined, 130
     714                            .dwcfi  undefined, 131
     715                            .dwcfi  undefined, 132
TMS320C6x Assembler PC v7.4.18 Sun Sep 24 18:06:44 2023

Tools Copyright (c) 1996-2015 Texas Instruments Incorporated
C:\Users\Lenovo\AppData\Local\Temp\1766810                           PAGE   14

     716                            .dwcfi  undefined, 133
     717                            .dwcfi  undefined, 134
     718                            .dwcfi  undefined, 135
     719                            .dwcfi  undefined, 136
     720                            .dwcfi  undefined, 137
     721                            .dwcfi  undefined, 138
     722                            .dwcfi  undefined, 139
     723                            .dwcfi  undefined, 140
     724                            .dwcfi  undefined, 141
     725                            .dwcfi  undefined, 142
     726                            .dwcfi  undefined, 143
     727                            .dwcfi  undefined, 144
     728                            .dwcfi  undefined, 145
     729                            .dwcfi  undefined, 146
     730                            .dwcfi  undefined, 147
     731                            .dwcfi  undefined, 148
     732                            .dwcfi  undefined, 149
     733                            .dwcfi  undefined, 150
     734                            .dwcfi  undefined, 151
     735                            .dwcfi  undefined, 152
     736                            .dwcfi  undefined, 153
     737                            .dwcfi  undefined, 154
     738                            .dwcfi  undefined, 155
     739                            .dwcfi  undefined, 156
     740                            .dwcfi  undefined, 157
     741                            .dwcfi  undefined, 158
     742                            .dwcfi  undefined, 159
     743                            .dwcfi  undefined, 160
     744                            .dwcfi  undefined, 161
     745                            .dwcfi  undefined, 162
     746                            .dwcfi  undefined, 163
     747                            .dwcfi  undefined, 164
     748                            .dwcfi  undefined, 165
     749                            .dwcfi  undefined, 166
     750                            .dwcfi  undefined, 167
     751                            .dwcfi  undefined, 168
     752                            .dwcfi  undefined, 169
     753                            .dwcfi  undefined, 170
     754                            .dwcfi  undefined, 171
     755                            .dwcfi  undefined, 172
     756                            .dwcfi  undefined, 173
     757                            .dwcfi  undefined, 174
     758                            .dwcfi  undefined, 175
     759                            .dwcfi  undefined, 176
     760                            .dwcfi  undefined, 177
     761                            .dwcfi  undefined, 178
     762                            .dwcfi  undefined, 179
     763                            .dwcfi  undefined, 180
     764                            .dwcfi  undefined, 181
     765                            .dwcfi  undefined, 182
     766                            .dwcfi  undefined, 183
     767                            .dwcfi  undefined, 184
     768                            .dwcfi  undefined, 185
     769                            .dwcfi  undefined, 186
     770                            .dwcfi  undefined, 187
TMS320C6x Assembler PC v7.4.18 Sun Sep 24 18:06:44 2023

Tools Copyright (c) 1996-2015 Texas Instruments Incorporated
C:\Users\Lenovo\AppData\Local\Temp\1766810                           PAGE   15

     771                            .dwcfi  undefined, 188
     772                            .dwcfi  undefined, 189
     773                            .dwcfi  undefined, 190
     774                            .dwcfi  undefined, 191
     775                            .dwcfi  undefined, 192
     776                            .dwcfi  undefined, 193
     777                            .dwcfi  undefined, 194
     778                            .dwcfi  undefined, 195
     779                            .dwcfi  undefined, 196
     780                            .dwcfi  undefined, 197
     781                            .dwcfi  undefined, 198
     782                            .dwcfi  undefined, 199
     783                            .dwcfi  undefined, 200
     784                            .dwcfi  undefined, 201
     785                            .dwcfi  undefined, 202
     786                            .dwcfi  undefined, 203
     787                            .dwcfi  undefined, 204
     788                            .dwcfi  undefined, 205
     789                            .dwcfi  undefined, 206
     790                            .dwcfi  undefined, 207
     791                            .dwcfi  undefined, 208
     792                            .dwcfi  undefined, 209
     793                            .dwcfi  undefined, 210
     794                            .dwcfi  undefined, 211
     795                            .dwcfi  undefined, 212
     796                            .dwcfi  undefined, 213
     797                            .dwcfi  undefined, 214
     798                            .dwcfi  undefined, 215
     799                            .dwcfi  undefined, 216
     800                            .dwcfi  undefined, 217
     801                            .dwcfi  undefined, 218
     802                            .dwcfi  undefined, 219
     803                            .dwcfi  undefined, 220
     804                            .dwcfi  undefined, 221
     805                            .dwcfi  undefined, 222
     806                            .dwcfi  undefined, 223
     807                            .dwcfi  undefined, 224
     808                            .dwcfi  undefined, 225
     809                            .dwcfi  undefined, 226
     810                            .dwcfi  undefined, 227
     811                            .dwcfi  undefined, 228
     812                            .dwendentry
     813                    
     814                    ;***************************************************************
     815                    ;* DWARF REGISTER MAP                                          *
     816                    ;***************************************************************
     817                    
     818                    $C$DW$18        .dwtag  DW_TAG_TI_assign_register, DW_AT_name("A0")
     819                            .dwattr $C$DW$18, DW_AT_location[DW_OP_reg0]
     820                    $C$DW$19        .dwtag  DW_TAG_TI_assign_register, DW_AT_name("A1")
     821                            .dwattr $C$DW$19, DW_AT_location[DW_OP_reg1]
     822                    $C$DW$20        .dwtag  DW_TAG_TI_assign_register, DW_AT_name("A2")
     823                            .dwattr $C$DW$20, DW_AT_location[DW_OP_reg2]
     824                    $C$DW$21        .dwtag  DW_TAG_TI_assign_register, DW_AT_name("A3")
     825                            .dwattr $C$DW$21, DW_AT_location[DW_OP_reg3]
TMS320C6x Assembler PC v7.4.18 Sun Sep 24 18:06:44 2023

Tools Copyright (c) 1996-2015 Texas Instruments Incorporated
C:\Users\Lenovo\AppData\Local\Temp\1766810                           PAGE   16

     826                    $C$DW$22        .dwtag  DW_TAG_TI_assign_register, DW_AT_name("A4")
     827                            .dwattr $C$DW$22, DW_AT_location[DW_OP_reg4]
     828                    $C$DW$23        .dwtag  DW_TAG_TI_assign_register, DW_AT_name("A5")
     829                            .dwattr $C$DW$23, DW_AT_location[DW_OP_reg5]
     830                    $C$DW$24        .dwtag  DW_TAG_TI_assign_register, DW_AT_name("A6")
     831                            .dwattr $C$DW$24, DW_AT_location[DW_OP_reg6]
     832                    $C$DW$25        .dwtag  DW_TAG_TI_assign_register, DW_AT_name("A7")
     833                            .dwattr $C$DW$25, DW_AT_location[DW_OP_reg7]
     834                    $C$DW$26        .dwtag  DW_TAG_TI_assign_register, DW_AT_name("A8")
     835                            .dwattr $C$DW$26, DW_AT_location[DW_OP_reg8]
     836                    $C$DW$27        .dwtag  DW_TAG_TI_assign_register, DW_AT_name("A9")
     837                            .dwattr $C$DW$27, DW_AT_location[DW_OP_reg9]
     838                    $C$DW$28        .dwtag  DW_TAG_TI_assign_register, DW_AT_name("A10")
     839                            .dwattr $C$DW$28, DW_AT_location[DW_OP_reg10]
     840                    $C$DW$29        .dwtag  DW_TAG_TI_assign_register, DW_AT_name("A11")
     841                            .dwattr $C$DW$29, DW_AT_location[DW_OP_reg11]
     842                    $C$DW$30        .dwtag  DW_TAG_TI_assign_register, DW_AT_name("A12")
     843                            .dwattr $C$DW$30, DW_AT_location[DW_OP_reg12]
     844                    $C$DW$31        .dwtag  DW_TAG_TI_assign_register, DW_AT_name("A13")
     845                            .dwattr $C$DW$31, DW_AT_location[DW_OP_reg13]
     846                    $C$DW$32        .dwtag  DW_TAG_TI_assign_register, DW_AT_name("A14")
     847                            .dwattr $C$DW$32, DW_AT_location[DW_OP_reg14]
     848                    $C$DW$33        .dwtag  DW_TAG_TI_assign_register, DW_AT_name("A15")
     849                            .dwattr $C$DW$33, DW_AT_location[DW_OP_reg15]
     850                    $C$DW$34        .dwtag  DW_TAG_TI_assign_register, DW_AT_name("B0")
     851                            .dwattr $C$DW$34, DW_AT_location[DW_OP_reg16]
     852                    $C$DW$35        .dwtag  DW_TAG_TI_assign_register, DW_AT_name("B1")
     853                            .dwattr $C$DW$35, DW_AT_location[DW_OP_reg17]
     854                    $C$DW$36        .dwtag  DW_TAG_TI_assign_register, DW_AT_name("B2")
     855                            .dwattr $C$DW$36, DW_AT_location[DW_OP_reg18]
     856                    $C$DW$37        .dwtag  DW_TAG_TI_assign_register, DW_AT_name("B3")
     857                            .dwattr $C$DW$37, DW_AT_location[DW_OP_reg19]
     858                    $C$DW$38        .dwtag  DW_TAG_TI_assign_register, DW_AT_name("B4")
     859                            .dwattr $C$DW$38, DW_AT_location[DW_OP_reg20]
     860                    $C$DW$39        .dwtag  DW_TAG_TI_assign_register, DW_AT_name("B5")
     861                            .dwattr $C$DW$39, DW_AT_location[DW_OP_reg21]
     862                    $C$DW$40        .dwtag  DW_TAG_TI_assign_register, DW_AT_name("B6")
     863                            .dwattr $C$DW$40, DW_AT_location[DW_OP_reg22]
     864                    $C$DW$41        .dwtag  DW_TAG_TI_assign_register, DW_AT_name("B7")
     865                            .dwattr $C$DW$41, DW_AT_location[DW_OP_reg23]
     866                    $C$DW$42        .dwtag  DW_TAG_TI_assign_register, DW_AT_name("B8")
     867                            .dwattr $C$DW$42, DW_AT_location[DW_OP_reg24]
     868                    $C$DW$43        .dwtag  DW_TAG_TI_assign_register, DW_AT_name("B9")
     869                            .dwattr $C$DW$43, DW_AT_location[DW_OP_reg25]
     870                    $C$DW$44        .dwtag  DW_TAG_TI_assign_register, DW_AT_name("B10")
     871                            .dwattr $C$DW$44, DW_AT_location[DW_OP_reg26]
     872                    $C$DW$45        .dwtag  DW_TAG_TI_assign_register, DW_AT_name("B11")
     873                            .dwattr $C$DW$45, DW_AT_location[DW_OP_reg27]
     874                    $C$DW$46        .dwtag  DW_TAG_TI_assign_register, DW_AT_name("B12")
     875                            .dwattr $C$DW$46, DW_AT_location[DW_OP_reg28]
     876                    $C$DW$47        .dwtag  DW_TAG_TI_assign_register, DW_AT_name("B13")
     877                            .dwattr $C$DW$47, DW_AT_location[DW_OP_reg29]
     878                    $C$DW$48        .dwtag  DW_TAG_TI_assign_register, DW_AT_name("DP")
     879                            .dwattr $C$DW$48, DW_AT_location[DW_OP_reg30]
     880                    $C$DW$49        .dwtag  DW_TAG_TI_assign_register, DW_AT_name("SP")
TMS320C6x Assembler PC v7.4.18 Sun Sep 24 18:06:44 2023

Tools Copyright (c) 1996-2015 Texas Instruments Incorporated
C:\Users\Lenovo\AppData\Local\Temp\1766810                           PAGE   17

     881                            .dwattr $C$DW$49, DW_AT_location[DW_OP_reg31]
     882                    $C$DW$50        .dwtag  DW_TAG_TI_assign_register, DW_AT_name("FP")
     883                            .dwattr $C$DW$50, DW_AT_location[DW_OP_regx 0x20]
     884                    $C$DW$51        .dwtag  DW_TAG_TI_assign_register, DW_AT_name("PC")
     885                            .dwattr $C$DW$51, DW_AT_location[DW_OP_regx 0x21]
     886                    $C$DW$52        .dwtag  DW_TAG_TI_assign_register, DW_AT_name("IRP")
     887                            .dwattr $C$DW$52, DW_AT_location[DW_OP_regx 0x22]
     888                    $C$DW$53        .dwtag  DW_TAG_TI_assign_register, DW_AT_name("IFR")
     889                            .dwattr $C$DW$53, DW_AT_location[DW_OP_regx 0x23]
     890                    $C$DW$54        .dwtag  DW_TAG_TI_assign_register, DW_AT_name("NRP")
     891                            .dwattr $C$DW$54, DW_AT_location[DW_OP_regx 0x24]
     892                    $C$DW$55        .dwtag  DW_TAG_TI_assign_register, DW_AT_name("A16")
     893                            .dwattr $C$DW$55, DW_AT_location[DW_OP_regx 0x25]
     894                    $C$DW$56        .dwtag  DW_TAG_TI_assign_register, DW_AT_name("A17")
     895                            .dwattr $C$DW$56, DW_AT_location[DW_OP_regx 0x26]
     896                    $C$DW$57        .dwtag  DW_TAG_TI_assign_register, DW_AT_name("A18")
     897                            .dwattr $C$DW$57, DW_AT_location[DW_OP_regx 0x27]
     898                    $C$DW$58        .dwtag  DW_TAG_TI_assign_register, DW_AT_name("A19")
     899                            .dwattr $C$DW$58, DW_AT_location[DW_OP_regx 0x28]
     900                    $C$DW$59        .dwtag  DW_TAG_TI_assign_register, DW_AT_name("A20")
     901                            .dwattr $C$DW$59, DW_AT_location[DW_OP_regx 0x29]
     902                    $C$DW$60        .dwtag  DW_TAG_TI_assign_register, DW_AT_name("A21")
     903                            .dwattr $C$DW$60, DW_AT_location[DW_OP_regx 0x2a]
     904                    $C$DW$61        .dwtag  DW_TAG_TI_assign_register, DW_AT_name("A22")
     905                            .dwattr $C$DW$61, DW_AT_location[DW_OP_regx 0x2b]
     906                    $C$DW$62        .dwtag  DW_TAG_TI_assign_register, DW_AT_name("A23")
     907                            .dwattr $C$DW$62, DW_AT_location[DW_OP_regx 0x2c]
     908                    $C$DW$63        .dwtag  DW_TAG_TI_assign_register, DW_AT_name("A24")
     909                            .dwattr $C$DW$63, DW_AT_location[DW_OP_regx 0x2d]
     910                    $C$DW$64        .dwtag  DW_TAG_TI_assign_register, DW_AT_name("A25")
     911                            .dwattr $C$DW$64, DW_AT_location[DW_OP_regx 0x2e]
     912                    $C$DW$65        .dwtag  DW_TAG_TI_assign_register, DW_AT_name("A26")
     913                            .dwattr $C$DW$65, DW_AT_location[DW_OP_regx 0x2f]
     914                    $C$DW$66        .dwtag  DW_TAG_TI_assign_register, DW_AT_name("A27")
     915                            .dwattr $C$DW$66, DW_AT_location[DW_OP_regx 0x30]
     916                    $C$DW$67        .dwtag  DW_TAG_TI_assign_register, DW_AT_name("A28")
     917                            .dwattr $C$DW$67, DW_AT_location[DW_OP_regx 0x31]
     918                    $C$DW$68        .dwtag  DW_TAG_TI_assign_register, DW_AT_name("A29")
     919                            .dwattr $C$DW$68, DW_AT_location[DW_OP_regx 0x32]
     920                    $C$DW$69        .dwtag  DW_TAG_TI_assign_register, DW_AT_name("A30")
     921                            .dwattr $C$DW$69, DW_AT_location[DW_OP_regx 0x33]
     922                    $C$DW$70        .dwtag  DW_TAG_TI_assign_register, DW_AT_name("A31")
     923                            .dwattr $C$DW$70, DW_AT_location[DW_OP_regx 0x34]
     924                    $C$DW$71        .dwtag  DW_TAG_TI_assign_register, DW_AT_name("B16")
     925                            .dwattr $C$DW$71, DW_AT_location[DW_OP_regx 0x35]
     926                    $C$DW$72        .dwtag  DW_TAG_TI_assign_register, DW_AT_name("B17")
     927                            .dwattr $C$DW$72, DW_AT_location[DW_OP_regx 0x36]
     928                    $C$DW$73        .dwtag  DW_TAG_TI_assign_register, DW_AT_name("B18")
     929                            .dwattr $C$DW$73, DW_AT_location[DW_OP_regx 0x37]
     930                    $C$DW$74        .dwtag  DW_TAG_TI_assign_register, DW_AT_name("B19")
     931                            .dwattr $C$DW$74, DW_AT_location[DW_OP_regx 0x38]
     932                    $C$DW$75        .dwtag  DW_TAG_TI_assign_register, DW_AT_name("B20")
     933                            .dwattr $C$DW$75, DW_AT_location[DW_OP_regx 0x39]
     934                    $C$DW$76        .dwtag  DW_TAG_TI_assign_register, DW_AT_name("B21")
     935                            .dwattr $C$DW$76, DW_AT_location[DW_OP_regx 0x3a]
TMS320C6x Assembler PC v7.4.18 Sun Sep 24 18:06:44 2023

Tools Copyright (c) 1996-2015 Texas Instruments Incorporated
C:\Users\Lenovo\AppData\Local\Temp\1766810                           PAGE   18

     936                    $C$DW$77        .dwtag  DW_TAG_TI_assign_register, DW_AT_name("B22")
     937                            .dwattr $C$DW$77, DW_AT_location[DW_OP_regx 0x3b]
     938                    $C$DW$78        .dwtag  DW_TAG_TI_assign_register, DW_AT_name("B23")
     939                            .dwattr $C$DW$78, DW_AT_location[DW_OP_regx 0x3c]
     940                    $C$DW$79        .dwtag  DW_TAG_TI_assign_register, DW_AT_name("B24")
     941                            .dwattr $C$DW$79, DW_AT_location[DW_OP_regx 0x3d]
     942                    $C$DW$80        .dwtag  DW_TAG_TI_assign_register, DW_AT_name("B25")
     943                            .dwattr $C$DW$80, DW_AT_location[DW_OP_regx 0x3e]
     944                    $C$DW$81        .dwtag  DW_TAG_TI_assign_register, DW_AT_name("B26")
     945                            .dwattr $C$DW$81, DW_AT_location[DW_OP_regx 0x3f]
     946                    $C$DW$82        .dwtag  DW_TAG_TI_assign_register, DW_AT_name("B27")
     947                            .dwattr $C$DW$82, DW_AT_location[DW_OP_regx 0x40]
     948                    $C$DW$83        .dwtag  DW_TAG_TI_assign_register, DW_AT_name("B28")
     949                            .dwattr $C$DW$83, DW_AT_location[DW_OP_regx 0x41]
     950                    $C$DW$84        .dwtag  DW_TAG_TI_assign_register, DW_AT_name("B29")
     951                            .dwattr $C$DW$84, DW_AT_location[DW_OP_regx 0x42]
     952                    $C$DW$85        .dwtag  DW_TAG_TI_assign_register, DW_AT_name("B30")
     953                            .dwattr $C$DW$85, DW_AT_location[DW_OP_regx 0x43]
     954                    $C$DW$86        .dwtag  DW_TAG_TI_assign_register, DW_AT_name("B31")
     955                            .dwattr $C$DW$86, DW_AT_location[DW_OP_regx 0x44]
     956                    $C$DW$87        .dwtag  DW_TAG_TI_assign_register, DW_AT_name("AMR")
     957                            .dwattr $C$DW$87, DW_AT_location[DW_OP_regx 0x45]
     958                    $C$DW$88        .dwtag  DW_TAG_TI_assign_register, DW_AT_name("CSR")
     959                            .dwattr $C$DW$88, DW_AT_location[DW_OP_regx 0x46]
     960                    $C$DW$89        .dwtag  DW_TAG_TI_assign_register, DW_AT_name("ISR")
     961                            .dwattr $C$DW$89, DW_AT_location[DW_OP_regx 0x47]
     962                    $C$DW$90        .dwtag  DW_TAG_TI_assign_register, DW_AT_name("ICR")
     963                            .dwattr $C$DW$90, DW_AT_location[DW_OP_regx 0x48]
     964                    $C$DW$91        .dwtag  DW_TAG_TI_assign_register, DW_AT_name("IER")
     965                            .dwattr $C$DW$91, DW_AT_location[DW_OP_regx 0x49]
     966                    $C$DW$92        .dwtag  DW_TAG_TI_assign_register, DW_AT_name("ISTP")
     967                            .dwattr $C$DW$92, DW_AT_location[DW_OP_regx 0x4a]
     968                    $C$DW$93        .dwtag  DW_TAG_TI_assign_register, DW_AT_name("IN")
     969                            .dwattr $C$DW$93, DW_AT_location[DW_OP_regx 0x4b]
     970                    $C$DW$94        .dwtag  DW_TAG_TI_assign_register, DW_AT_name("OUT")
     971                            .dwattr $C$DW$94, DW_AT_location[DW_OP_regx 0x4c]
     972                    $C$DW$95        .dwtag  DW_TAG_TI_assign_register, DW_AT_name("ACR")
     973                            .dwattr $C$DW$95, DW_AT_location[DW_OP_regx 0x4d]
     974                    $C$DW$96        .dwtag  DW_TAG_TI_assign_register, DW_AT_name("ADR")
     975                            .dwattr $C$DW$96, DW_AT_location[DW_OP_regx 0x4e]
     976                    $C$DW$97        .dwtag  DW_TAG_TI_assign_register, DW_AT_name("FADCR")
     977                            .dwattr $C$DW$97, DW_AT_location[DW_OP_regx 0x4f]
     978                    $C$DW$98        .dwtag  DW_TAG_TI_assign_register, DW_AT_name("FAUCR")
     979                            .dwattr $C$DW$98, DW_AT_location[DW_OP_regx 0x50]
     980                    $C$DW$99        .dwtag  DW_TAG_TI_assign_register, DW_AT_name("FMCR")
     981                            .dwattr $C$DW$99, DW_AT_location[DW_OP_regx 0x51]
     982                    $C$DW$100       .dwtag  DW_TAG_TI_assign_register, DW_AT_name("GFPGFR")
     983                            .dwattr $C$DW$100, DW_AT_location[DW_OP_regx 0x52]
     984                    $C$DW$101       .dwtag  DW_TAG_TI_assign_register, DW_AT_name("DIER")
     985                            .dwattr $C$DW$101, DW_AT_location[DW_OP_regx 0x53]
     986                    $C$DW$102       .dwtag  DW_TAG_TI_assign_register, DW_AT_name("REP")
     987                            .dwattr $C$DW$102, DW_AT_location[DW_OP_regx 0x54]
     988                    $C$DW$103       .dwtag  DW_TAG_TI_assign_register, DW_AT_name("TSCL")
     989                            .dwattr $C$DW$103, DW_AT_location[DW_OP_regx 0x55]
     990                    $C$DW$104       .dwtag  DW_TAG_TI_assign_register, DW_AT_name("TSCH")
TMS320C6x Assembler PC v7.4.18 Sun Sep 24 18:06:44 2023

Tools Copyright (c) 1996-2015 Texas Instruments Incorporated
C:\Users\Lenovo\AppData\Local\Temp\1766810                           PAGE   19

     991                            .dwattr $C$DW$104, DW_AT_location[DW_OP_regx 0x56]
     992                    $C$DW$105       .dwtag  DW_TAG_TI_assign_register, DW_AT_name("ARP")
     993                            .dwattr $C$DW$105, DW_AT_location[DW_OP_regx 0x57]
     994                    $C$DW$106       .dwtag  DW_TAG_TI_assign_register, DW_AT_name("ILC")
     995                            .dwattr $C$DW$106, DW_AT_location[DW_OP_regx 0x58]
     996                    $C$DW$107       .dwtag  DW_TAG_TI_assign_register, DW_AT_name("RILC")
     997                            .dwattr $C$DW$107, DW_AT_location[DW_OP_regx 0x59]
     998                    $C$DW$108       .dwtag  DW_TAG_TI_assign_register, DW_AT_name("DNUM")
     999                            .dwattr $C$DW$108, DW_AT_location[DW_OP_regx 0x5a]
    1000                    $C$DW$109       .dwtag  DW_TAG_TI_assign_register, DW_AT_name("SSR")
    1001                            .dwattr $C$DW$109, DW_AT_location[DW_OP_regx 0x5b]
    1002                    $C$DW$110       .dwtag  DW_TAG_TI_assign_register, DW_AT_name("GPLYA")
    1003                            .dwattr $C$DW$110, DW_AT_location[DW_OP_regx 0x5c]
    1004                    $C$DW$111       .dwtag  DW_TAG_TI_assign_register, DW_AT_name("GPLYB")
    1005                            .dwattr $C$DW$111, DW_AT_location[DW_OP_regx 0x5d]
    1006                    $C$DW$112       .dwtag  DW_TAG_TI_assign_register, DW_AT_name("TSR")
    1007                            .dwattr $C$DW$112, DW_AT_location[DW_OP_regx 0x5e]
    1008                    $C$DW$113       .dwtag  DW_TAG_TI_assign_register, DW_AT_name("ITSR")
    1009                            .dwattr $C$DW$113, DW_AT_location[DW_OP_regx 0x5f]
    1010                    $C$DW$114       .dwtag  DW_TAG_TI_assign_register, DW_AT_name("NTSR")
    1011                            .dwattr $C$DW$114, DW_AT_location[DW_OP_regx 0x60]
    1012                    $C$DW$115       .dwtag  DW_TAG_TI_assign_register, DW_AT_name("EFR")
    1013                            .dwattr $C$DW$115, DW_AT_location[DW_OP_regx 0x61]
    1014                    $C$DW$116       .dwtag  DW_TAG_TI_assign_register, DW_AT_name("ECR")
    1015                            .dwattr $C$DW$116, DW_AT_location[DW_OP_regx 0x62]
    1016                    $C$DW$117       .dwtag  DW_TAG_TI_assign_register, DW_AT_name("IERR")
    1017                            .dwattr $C$DW$117, DW_AT_location[DW_OP_regx 0x63]
    1018                    $C$DW$118       .dwtag  DW_TAG_TI_assign_register, DW_AT_name("DMSG")
    1019                            .dwattr $C$DW$118, DW_AT_location[DW_OP_regx 0x64]
    1020                    $C$DW$119       .dwtag  DW_TAG_TI_assign_register, DW_AT_name("CMSG")
    1021                            .dwattr $C$DW$119, DW_AT_location[DW_OP_regx 0x65]
    1022                    $C$DW$120       .dwtag  DW_TAG_TI_assign_register, DW_AT_name("DT_DMA_ADDR")
    1023                            .dwattr $C$DW$120, DW_AT_location[DW_OP_regx 0x66]
    1024                    $C$DW$121       .dwtag  DW_TAG_TI_assign_register, DW_AT_name("DT_DMA_DATA")
    1025                            .dwattr $C$DW$121, DW_AT_location[DW_OP_regx 0x67]
    1026                    $C$DW$122       .dwtag  DW_TAG_TI_assign_register, DW_AT_name("DT_DMA_CNTL")
    1027                            .dwattr $C$DW$122, DW_AT_location[DW_OP_regx 0x68]
    1028                    $C$DW$123       .dwtag  DW_TAG_TI_assign_register, DW_AT_name("TCU_CNTL")
    1029                            .dwattr $C$DW$123, DW_AT_location[DW_OP_regx 0x69]
    1030                    $C$DW$124       .dwtag  DW_TAG_TI_assign_register, DW_AT_name("RTDX_REC_CNTL")
    1031                            .dwattr $C$DW$124, DW_AT_location[DW_OP_regx 0x6a]
    1032                    $C$DW$125       .dwtag  DW_TAG_TI_assign_register, DW_AT_name("RTDX_XMT_CNTL")
    1033                            .dwattr $C$DW$125, DW_AT_location[DW_OP_regx 0x6b]
    1034                    $C$DW$126       .dwtag  DW_TAG_TI_assign_register, DW_AT_name("RTDX_CFG")
    1035                            .dwattr $C$DW$126, DW_AT_location[DW_OP_regx 0x6c]
    1036                    $C$DW$127       .dwtag  DW_TAG_TI_assign_register, DW_AT_name("RTDX_RDATA")
    1037                            .dwattr $C$DW$127, DW_AT_location[DW_OP_regx 0x6d]
    1038                    $C$DW$128       .dwtag  DW_TAG_TI_assign_register, DW_AT_name("RTDX_WDATA")
    1039                            .dwattr $C$DW$128, DW_AT_location[DW_OP_regx 0x6e]
    1040                    $C$DW$129       .dwtag  DW_TAG_TI_assign_register, DW_AT_name("RTDX_RADDR")
    1041                            .dwattr $C$DW$129, DW_AT_location[DW_OP_regx 0x6f]
    1042                    $C$DW$130       .dwtag  DW_TAG_TI_assign_register, DW_AT_name("RTDX_WADDR")
    1043                            .dwattr $C$DW$130, DW_AT_location[DW_OP_regx 0x70]
    1044                    $C$DW$131       .dwtag  DW_TAG_TI_assign_register, DW_AT_name("MFREG0")
    1045                            .dwattr $C$DW$131, DW_AT_location[DW_OP_regx 0x71]
TMS320C6x Assembler PC v7.4.18 Sun Sep 24 18:06:44 2023

Tools Copyright (c) 1996-2015 Texas Instruments Incorporated
C:\Users\Lenovo\AppData\Local\Temp\1766810                           PAGE   20

    1046                    $C$DW$132       .dwtag  DW_TAG_TI_assign_register, DW_AT_name("DBG_STAT")
    1047                            .dwattr $C$DW$132, DW_AT_location[DW_OP_regx 0x72]
    1048                    $C$DW$133       .dwtag  DW_TAG_TI_assign_register, DW_AT_name("BRK_EN")
    1049                            .dwattr $C$DW$133, DW_AT_location[DW_OP_regx 0x73]
    1050                    $C$DW$134       .dwtag  DW_TAG_TI_assign_register, DW_AT_name("HWBP0_CNT")
    1051                            .dwattr $C$DW$134, DW_AT_location[DW_OP_regx 0x74]
    1052                    $C$DW$135       .dwtag  DW_TAG_TI_assign_register, DW_AT_name("HWBP0")
    1053                            .dwattr $C$DW$135, DW_AT_location[DW_OP_regx 0x75]
    1054                    $C$DW$136       .dwtag  DW_TAG_TI_assign_register, DW_AT_name("HWBP1")
    1055                            .dwattr $C$DW$136, DW_AT_location[DW_OP_regx 0x76]
    1056                    $C$DW$137       .dwtag  DW_TAG_TI_assign_register, DW_AT_name("HWBP2")
    1057                            .dwattr $C$DW$137, DW_AT_location[DW_OP_regx 0x77]
    1058                    $C$DW$138       .dwtag  DW_TAG_TI_assign_register, DW_AT_name("HWBP3")
    1059                            .dwattr $C$DW$138, DW_AT_location[DW_OP_regx 0x78]
    1060                    $C$DW$139       .dwtag  DW_TAG_TI_assign_register, DW_AT_name("OVERLAY")
    1061                            .dwattr $C$DW$139, DW_AT_location[DW_OP_regx 0x79]
    1062                    $C$DW$140       .dwtag  DW_TAG_TI_assign_register, DW_AT_name("PC_PROF")
    1063                            .dwattr $C$DW$140, DW_AT_location[DW_OP_regx 0x7a]
    1064                    $C$DW$141       .dwtag  DW_TAG_TI_assign_register, DW_AT_name("ATSR")
    1065                            .dwattr $C$DW$141, DW_AT_location[DW_OP_regx 0x7b]
    1066                    $C$DW$142       .dwtag  DW_TAG_TI_assign_register, DW_AT_name("TRR")
    1067                            .dwattr $C$DW$142, DW_AT_location[DW_OP_regx 0x7c]
    1068                    $C$DW$143       .dwtag  DW_TAG_TI_assign_register, DW_AT_name("TCRR")
    1069                            .dwattr $C$DW$143, DW_AT_location[DW_OP_regx 0x7d]
    1070                    $C$DW$144       .dwtag  DW_TAG_TI_assign_register, DW_AT_name("DESR")
    1071                            .dwattr $C$DW$144, DW_AT_location[DW_OP_regx 0x7e]
    1072                    $C$DW$145       .dwtag  DW_TAG_TI_assign_register, DW_AT_name("DETR")
    1073                            .dwattr $C$DW$145, DW_AT_location[DW_OP_regx 0x7f]
    1074                    $C$DW$146       .dwtag  DW_TAG_TI_assign_register, DW_AT_name("CIE_RETA")
    1075                            .dwattr $C$DW$146, DW_AT_location[DW_OP_regx 0xe4]
    1076                            .dwendtag $C$DW$CU
    1077                    

No Assembly Errors, No Assembly Warnings
