TMS320C6x Assembler PC v7.4.18 Sun Oct 22 18:50:26 2023

Tools Copyright (c) 1996-2015 Texas Instruments Incorporated
C:\Users\Lenovo\AppData\Local\Temp\2399610                           PAGE    1

       1                    ;******************************************************************************
       2                    ;* TMS320C6x C/C++ Codegen                                         PC v7.4.18 *
       3                    ;* Date/Time created: Sun Oct 22 18:50:26 2023                                *
       4                    ;******************************************************************************
       5                            .compiler_opts --abi=coffabi --c64p_l1d_workaround=default --endian=little --hll_source=on --l
       6                    
       7                    ;******************************************************************************
       8                    ;* GLOBAL FILE PARAMETERS                                                     *
       9                    ;*                                                                            *
      10                    ;*   Architecture      : TMS320C671x                                          *
      11                    ;*   Optimization      : Disabled                                             *
      12                    ;*   Optimizing for    : Compile time, Ease of Development                    *
      13                    ;*                       Based on options: no -o, no -ms                      *
      14                    ;*   Endian            : Little                                               *
      15                    ;*   Interrupt Thrshld : Disabled                                             *
      16                    ;*   Data Access Model : Far                                                  *
      17                    ;*   Pipelining        : Disabled                                             *
      18                    ;*   Memory Aliases    : Presume are aliases (pessimistic)                    *
      19                    ;*   Debug Info        : DWARF Debug                                          *
      20                    ;*                                                                            *
      21                    ;******************************************************************************
      22                    
      23                            .asg    A15, FP
      24                            .asg    B14, DP
      25                            .asg    B15, SP
      26                            .global $bss
      27                    
      28                    
      29                    $C$DW$CU        .dwtag  DW_TAG_compile_unit
      30                            .dwattr $C$DW$CU, DW_AT_name("../main.c")
      31                            .dwattr $C$DW$CU, DW_AT_producer("TMS320C6x C/C++ Codegen PC v7.4.18 Copyright (c) 1996-2015 T
      32                            .dwattr $C$DW$CU, DW_AT_TI_version(0x01)
      33                            .dwattr $C$DW$CU, DW_AT_comp_dir("D:\ti_v6_2\DSP_Worspace_2023_Gr2\Copy of Automatic_Adjust_Ga
      34                    ;*****************************************************************************
      35                    ;* CINIT RECORDS                                                             *
      36                    ;*****************************************************************************
      37 00000000                   .sect   ".cinit"
      38                            .align  8
      39 00000000 00000004          .field          4,32
      40 00000004 00000000-         .field          _fs+0,32
      41 00000008 00000001          .bits   1,32                    ; _fs @ 0
      42                    
      43 0000000c                   .sect   ".cinit"
      44                            .align  8
      45 00000010 00000004          .field          4,32
      46 00000014 0000020C-         .field          _AAG+0,32
      47 00000018 00000000          .bits   0,32                    ; _AAG @ 0
      48                    
      49                    
      50                    $C$DW$1 .dwtag  DW_TAG_subprogram, DW_AT_name("input_sample")
      51                            .dwattr $C$DW$1, DW_AT_TI_symbol_name("_input_sample")
      52                            .dwattr $C$DW$1, DW_AT_type(*$C$DW$T$27)
      53                            .dwattr $C$DW$1, DW_AT_declaration
      54                            .dwattr $C$DW$1, DW_AT_external
      55                    
TMS320C6x Assembler PC v7.4.18 Sun Oct 22 18:50:26 2023

Tools Copyright (c) 1996-2015 Texas Instruments Incorporated
C:\Users\Lenovo\AppData\Local\Temp\2399610                           PAGE    2

      56                    $C$DW$2 .dwtag  DW_TAG_subprogram, DW_AT_name("output_sample")
      57                            .dwattr $C$DW$2, DW_AT_TI_symbol_name("_output_sample")
      58                            .dwattr $C$DW$2, DW_AT_declaration
      59                            .dwattr $C$DW$2, DW_AT_external
      60                    $C$DW$3 .dwtag  DW_TAG_formal_parameter
      61                            .dwattr $C$DW$3, DW_AT_type(*$C$DW$T$10)
      62                            .dwendtag $C$DW$2
      63                    
      64                    
      65                    $C$DW$4 .dwtag  DW_TAG_subprogram, DW_AT_name("comm_intr")
      66                            .dwattr $C$DW$4, DW_AT_TI_symbol_name("_comm_intr")
      67                            .dwattr $C$DW$4, DW_AT_declaration
      68                            .dwattr $C$DW$4, DW_AT_external
      69                    
      70                    $C$DW$5 .dwtag  DW_TAG_subprogram, DW_AT_name("FindGain")
      71                            .dwattr $C$DW$5, DW_AT_TI_symbol_name("_FindGain")
      72                            .dwattr $C$DW$5, DW_AT_type(*$C$DW$T$10)
      73                            .dwattr $C$DW$5, DW_AT_declaration
      74                            .dwattr $C$DW$5, DW_AT_external
      75                            .global _fs
      76 00000000           _fs:    .usect  ".far",4,4
      77                    $C$DW$6 .dwtag  DW_TAG_variable, DW_AT_name("fs")
      78                            .dwattr $C$DW$6, DW_AT_TI_symbol_name("_fs")
      79                            .dwattr $C$DW$6, DW_AT_location[DW_OP_addr _fs]
      80                            .dwattr $C$DW$6, DW_AT_type(*$C$DW$T$27)
      81                            .dwattr $C$DW$6, DW_AT_external
      82                            .global _Xn
      83 00000004           _Xn:    .usect  ".far",2,2
      84                    $C$DW$7 .dwtag  DW_TAG_variable, DW_AT_name("Xn")
      85                            .dwattr $C$DW$7, DW_AT_TI_symbol_name("_Xn")
      86                            .dwattr $C$DW$7, DW_AT_location[DW_OP_addr _Xn]
      87                            .dwattr $C$DW$7, DW_AT_type(*$C$DW$T$8)
      88                            .dwattr $C$DW$7, DW_AT_external
      89                            .global _Yn
      90 00000006           _Yn:    .usect  ".far",2,2
      91                    $C$DW$8 .dwtag  DW_TAG_variable, DW_AT_name("Yn")
      92                            .dwattr $C$DW$8, DW_AT_TI_symbol_name("_Yn")
      93                            .dwattr $C$DW$8, DW_AT_location[DW_OP_addr _Yn]
      94                            .dwattr $C$DW$8, DW_AT_type(*$C$DW$T$8)
      95                            .dwattr $C$DW$8, DW_AT_external
      96                            .global _XnBuffer
      97 00000008           _XnBuffer:      .usect  ".far",256,4
      98                    $C$DW$9 .dwtag  DW_TAG_variable, DW_AT_name("XnBuffer")
      99                            .dwattr $C$DW$9, DW_AT_TI_symbol_name("_XnBuffer")
     100                            .dwattr $C$DW$9, DW_AT_location[DW_OP_addr _XnBuffer]
     101                            .dwattr $C$DW$9, DW_AT_type(*$C$DW$T$23)
     102                            .dwattr $C$DW$9, DW_AT_external
     103                            .global _YnBuffer
     104 00000108           _YnBuffer:      .usect  ".far",256,4
     105                    $C$DW$10        .dwtag  DW_TAG_variable, DW_AT_name("YnBuffer")
     106                            .dwattr $C$DW$10, DW_AT_TI_symbol_name("_YnBuffer")
     107                            .dwattr $C$DW$10, DW_AT_location[DW_OP_addr _YnBuffer]
     108                            .dwattr $C$DW$10, DW_AT_type(*$C$DW$T$23)
     109                            .dwattr $C$DW$10, DW_AT_external
     110                            .global _i
TMS320C6x Assembler PC v7.4.18 Sun Oct 22 18:50:26 2023

Tools Copyright (c) 1996-2015 Texas Instruments Incorporated
C:\Users\Lenovo\AppData\Local\Temp\2399610                           PAGE    3

     111 00000208           _i:     .usect  ".far",4,4
     112                    $C$DW$11        .dwtag  DW_TAG_variable, DW_AT_name("i")
     113                            .dwattr $C$DW$11, DW_AT_TI_symbol_name("_i")
     114                            .dwattr $C$DW$11, DW_AT_location[DW_OP_addr _i]
     115                            .dwattr $C$DW$11, DW_AT_type(*$C$DW$T$11)
     116                            .dwattr $C$DW$11, DW_AT_external
     117                            .global _AAG
     118 0000020c           _AAG:   .usect  ".far",4,4
     119                    $C$DW$12        .dwtag  DW_TAG_variable, DW_AT_name("AAG")
     120                            .dwattr $C$DW$12, DW_AT_TI_symbol_name("_AAG")
     121                            .dwattr $C$DW$12, DW_AT_location[DW_OP_addr _AAG]
     122                            .dwattr $C$DW$12, DW_AT_type(*$C$DW$T$11)
     123                            .dwattr $C$DW$12, DW_AT_external
     124                    ;       D:\ti_v6_2\ccsv6\tools\compiler\c6000_7.4.18\bin\acp6x.exe -@C:\\Users\\Lenovo\\AppData\\Local
     125 00000000                   .sect   ".text:retain"
     126                            .retain
     127                            .retainrefs
     128                            .global _c_int11
     129                    
     130                    $C$DW$13        .dwtag  DW_TAG_subprogram, DW_AT_name("c_int11")
     131                            .dwattr $C$DW$13, DW_AT_low_pc(_c_int11)
     132                            .dwattr $C$DW$13, DW_AT_high_pc(0x00)
     133                            .dwattr $C$DW$13, DW_AT_TI_symbol_name("_c_int11")
     134                            .dwattr $C$DW$13, DW_AT_external
     135                            .dwattr $C$DW$13, DW_AT_TI_begin_file("../main.c")
     136                            .dwattr $C$DW$13, DW_AT_TI_begin_line(0x10)
     137                            .dwattr $C$DW$13, DW_AT_TI_begin_column(0x10)
     138                            .dwattr $C$DW$13, DW_AT_TI_interrupt
     139                            .dwattr $C$DW$13, DW_AT_TI_max_frame_size(0x50)
     140                            .dwpsn  file "../main.c",line 17,column 1,is_stmt,address _c_int11
     141                    
     142                            .dwfde $C$DW$CIE, _c_int11
     143                    
     144                    ;******************************************************************************
     145                    ;* FUNCTION NAME: c_int11                                                     *
     146                    ;*                                                                            *
     147                    ;*   Regs Modified     : A0,A1,A2,A3,A4,A5,A6,A7,A8,A9,B0,B1,B2,B3,B4,B5,B6,  *
     148                    ;*                           B7,B8,B9,SP                                      *
     149                    ;*   Regs Used         : A0,A1,A2,A3,A4,A5,A6,A7,A8,A9,B0,B1,B2,B3,B4,B5,B6,  *
     150                    ;*                           B7,B8,B9,DP,SP                                   *
     151                    ;*   Local Frame Size  : 0 Args + 0 Auto + 80 Save = 80 byte                  *
     152                    ;******************************************************************************
     153 00000000           _c_int11:
     154                    ;** --------------------------------------------------------------------------*
     155                            .dwcfi  cfa_offset, 0
     156                            .dwcfi  save_reg_to_reg, 228, 19
     157 00000000 04BE94F6             STW     .D2T2   B9,*SP--(80)      ; |17| 
     158                            .dwcfi  cfa_offset, 80
     159                            .dwcfi  save_reg_to_mem, 25, 0
     160 00000004 043E62F6             STW     .D2T2   B8,*+SP(76)       ; |17| 
     161                            .dwcfi  save_reg_to_mem, 24, -4
     162 00000008 03BE42F6             STW     .D2T2   B7,*+SP(72)       ; |17| 
     163                            .dwcfi  save_reg_to_mem, 23, -8
     164 0000000c 033E22F6             STW     .D2T2   B6,*+SP(68)       ; |17| 
     165                            .dwcfi  save_reg_to_mem, 22, -12
TMS320C6x Assembler PC v7.4.18 Sun Oct 22 18:50:26 2023

Tools Copyright (c) 1996-2015 Texas Instruments Incorporated
C:\Users\Lenovo\AppData\Local\Temp\2399610                           PAGE    4

     166 00000010 02BE02F6             STW     .D2T2   B5,*+SP(64)       ; |17| 
     167                            .dwcfi  save_reg_to_mem, 21, -16
     168 00000014 023DE2F6             STW     .D2T2   B4,*+SP(60)       ; |17| 
     169                            .dwcfi  save_reg_to_mem, 20, -20
     170 00000018 01BDC2F6             STW     .D2T2   B3,*+SP(56)       ; |17| 
     171                            .dwcfi  save_reg_to_mem, 19, -24
     172 0000001c 013DA2F6             STW     .D2T2   B2,*+SP(52)       ; |17| 
     173                            .dwcfi  save_reg_to_mem, 18, -28
     174 00000020 00BD82F6             STW     .D2T2   B1,*+SP(48)       ; |17| 
     175                            .dwcfi  save_reg_to_mem, 17, -32
     176 00000024 003D62F6             STW     .D2T2   B0,*+SP(44)       ; |17| 
     177                            .dwcfi  save_reg_to_mem, 16, -36
     178 00000028 04BD42F4             STW     .D2T1   A9,*+SP(40)       ; |17| 
     179                            .dwcfi  save_reg_to_mem, 9, -40
     180 0000002c 043D22F4             STW     .D2T1   A8,*+SP(36)       ; |17| 
     181                            .dwcfi  save_reg_to_mem, 8, -44
     182 00000030 03BD02F4             STW     .D2T1   A7,*+SP(32)       ; |17| 
     183                            .dwcfi  save_reg_to_mem, 7, -48
     184 00000034 033CE2F4             STW     .D2T1   A6,*+SP(28)       ; |17| 
     185                            .dwcfi  save_reg_to_mem, 6, -52
     186 00000038 02BCC2F4             STW     .D2T1   A5,*+SP(24)       ; |17| 
     187                            .dwcfi  save_reg_to_mem, 5, -56
     188 0000003c 023CA2F4             STW     .D2T1   A4,*+SP(20)       ; |17| 
     189                            .dwcfi  save_reg_to_mem, 4, -60
     190 00000040 01BC82F4             STW     .D2T1   A3,*+SP(16)       ; |17| 
     191                            .dwcfi  save_reg_to_mem, 3, -64
     192 00000044 013C62F4             STW     .D2T1   A2,*+SP(12)       ; |17| 
     193                            .dwcfi  save_reg_to_mem, 2, -68
     194 00000048 00BC42F4             STW     .D2T1   A1,*+SP(8)        ; |17| 
     195                            .dwcfi  save_reg_to_mem, 1, -72
     196 0000004c 003C22F4             STW     .D2T1   A0,*+SP(4)        ; |17| 
     197                            .dwcfi  save_reg_to_mem, 0, -76
     198                            .dwpsn  file "../main.c",line 18,column 2,is_stmt
     199                    $C$DW$14        .dwtag  DW_TAG_TI_branch
     200                            .dwattr $C$DW$14, DW_AT_low_pc(0x00)
     201                            .dwattr $C$DW$14, DW_AT_name("_input_sample")
     202                            .dwattr $C$DW$14, DW_AT_TI_call
     203 00000050 0FFFF810!            CALL    .S1     _input_sample     ; |18| 
     204 00000054 0180302A+            MVKL    .S2     $C$RL0,B3         ; |18| 
     205 00000058 0180006A+            MVKH    .S2     $C$RL0,B3         ; |18| 
     206 0000005c 00004000             NOP             3
     207 00000060           $C$RL0:    ; CALL OCCURS {_input_sample} {0}  ; |18| 
     208 00000060 0200022A-            MVKL    .S2     _Xn,B4
     209 00000064 0200006A-            MVKH    .S2     _Xn,B4
     210 00000068 021002D4             STH     .D2T1   A4,*B4            ; |18| 
     211                            .dwpsn  file "../main.c",line 19,column 2,is_stmt
     212 0000006c 0281042A-            MVKL    .S2     _i,B5
     213                    
     214 00000070 0280006B-            MVKH    .S2     _i,B5
     215 00000074 031002C6  ||         LDH     .D2T2   *B4,B6            ; |19| 
     216                    
     217 00000078 029402E6             LDW     .D2T2   *B5,B5            ; |19| 
     218 0000007c 0200042A-            MVKL    .S2     _XnBuffer,B4
     219 00000080 0200006A-            MVKH    .S2     _XnBuffer,B4
     220 00000084 00002000             NOP             2
TMS320C6x Assembler PC v7.4.18 Sun Oct 22 18:50:26 2023

Tools Copyright (c) 1996-2015 Texas Instruments Incorporated
C:\Users\Lenovo\AppData\Local\Temp\2399610                           PAGE    5

     221 00000088 0310AAD6             STH     .D2T2   B6,*+B4[B5]       ; |19| 
     222                            .dwpsn  file "../main.c",line 20,column 2,is_stmt
     223 0000008c 0200022A-            MVKL    .S2     _Xn,B4
     224 00000090 0200006A-            MVKH    .S2     _Xn,B4
     225 00000094 0281062A-            MVKL    .S2     _AAG,B5
     226                    
     227 00000098 0280006B-            MVKH    .S2     _AAG,B5
     228 0000009c 021002C6  ||         LDH     .D2T2   *B4,B4            ; |20| 
     229                    
     230 000000a0 029402E6             LDW     .D2T2   *B5,B5            ; |20| 
     231 000000a4 01800328-            MVKL    .S1     _Yn,A3
     232 000000a8 01800068-            MVKH    .S1     _Yn,A3
     233 000000ac 00002000             NOP             2
     234 000000b0 0210ACE2             SHL     .S2     B4,B5,B4          ; |20| 
     235 000000b4 020C0256             STH     .D1T2   B4,*A3            ; |20| 
     236                            .dwpsn  file "../main.c",line 21,column 2,is_stmt
     237                    
     238 000000b8 0281042B-            MVKL    .S2     _i,B5
     239 000000bc 020C105A  ||         MV      .L2X    A3,B4             ; |21| 
     240                    
     241 000000c0 0280006B-            MVKH    .S2     _i,B5
     242 000000c4 021002C6  ||         LDH     .D2T2   *B4,B4            ; |21| 
     243                    
     244 000000c8 029402E6             LDW     .D2T2   *B5,B5            ; |21| 
     245 000000cc 0300842A-            MVKL    .S2     _YnBuffer,B6
     246 000000d0 0300006A-            MVKH    .S2     _YnBuffer,B6
     247 000000d4 00002000             NOP             2
     248 000000d8 0218AAD6             STH     .D2T2   B4,*+B6[B5]       ; |21| 
     249                            .dwpsn  file "../main.c",line 22,column 2,is_stmt
     250 000000dc 01810428-            MVKL    .S1     _i,A3
     251 000000e0 01800068-            MVKH    .S1     _i,A3
     252 000000e4 018C0264             LDW     .D1T1   *A3,A3            ; |22| 
     253 000000e8 0201042A-            MVKL    .S2     _i,B4
     254 000000ec 0200006A-            MVKH    .S2     _i,B4
     255 000000f0 00002000             NOP             2
     256 000000f4 018C2058             ADD     .L1     1,A3,A3           ; |22| 
     257 000000f8 018F3908             EXTU    .S1     A3,25,25,A3       ; |22| 
     258 000000fc 019002F4             STW     .D2T1   A3,*B4            ; |22| 
     259                            .dwpsn  file "../main.c",line 23,column 2,is_stmt
     260 00000100 001002E6             LDW     .D2T2   *B4,B0            ; |23| 
     261 00000104 00006000             NOP             4
     262 00000108 20000690     [ B0]   B       .S1     $C$L1             ; |23| 
     263 0000010c 00008000             NOP             5
     264                               ; BRANCHCC OCCURS {$C$L1}         ; |23| 
     265                    ;** --------------------------------------------------------------------------*
     266                            .dwpsn  file "../main.c",line 24,column 3,is_stmt
     267                    $C$DW$15        .dwtag  DW_TAG_TI_branch
     268                            .dwattr $C$DW$15, DW_AT_low_pc(0x00)
     269                            .dwattr $C$DW$15, DW_AT_name("_FindGain")
     270                            .dwattr $C$DW$15, DW_AT_TI_call
     271 00000110 0FFFE010!            CALL    .S1     _FindGain         ; |24| 
     272 00000114 0180942A+            MVKL    .S2     $C$RL1,B3         ; |24| 
     273 00000118 02000428-            MVKL    .S1     _XnBuffer,A4
     274 0000011c 0200402A             MVK     .S2     0x80,B4           ; |24| 
     275 00000120 0180006A+            MVKH    .S2     $C$RL1,B3         ; |24| 
TMS320C6x Assembler PC v7.4.18 Sun Oct 22 18:50:26 2023

Tools Copyright (c) 1996-2015 Texas Instruments Incorporated
C:\Users\Lenovo\AppData\Local\Temp\2399610                           PAGE    6

     276 00000124 02000068-            MVKH    .S1     _XnBuffer,A4
     277 00000128           $C$RL1:    ; CALL OCCURS {_FindGain} {0}     ; |24| 
     278 00000128 0201062A-            MVKL    .S2     _AAG,B4
     279 0000012c 0200006A-            MVKH    .S2     _AAG,B4
     280 00000130 021002F4             STW     .D2T1   A4,*B4            ; |24| 
     281                    ;** --------------------------------------------------------------------------*
     282 00000134           $C$L1:    
     283                            .dwpsn  file "../main.c",line 26,column 2,is_stmt
     284 00000134 01800328-            MVKL    .S1     _Yn,A3
     285                    $C$DW$16        .dwtag  DW_TAG_TI_branch
     286                            .dwattr $C$DW$16, DW_AT_low_pc(0x04)
     287                            .dwattr $C$DW$16, DW_AT_name("_output_sample")
     288                            .dwattr $C$DW$16, DW_AT_TI_call
     289                    
     290 00000138 01800069-            MVKH    .S1     _Yn,A3
     291 0000013c 0FFFDC12! ||         CALL    .S2     _output_sample    ; |26| 
     292                    
     293 00000140 020C0244             LDH     .D1T1   *A3,A4            ; |26| 
     294 00000144 0180A82A+            MVKL    .S2     $C$RL2,B3         ; |26| 
     295 00000148 0180006A+            MVKH    .S2     $C$RL2,B3         ; |26| 
     296 0000014c 00002000             NOP             2
     297 00000150           $C$RL2:    ; CALL OCCURS {_output_sample} {0}  ; |26| 
     298                            .dwpsn  file "../main.c",line 27,column 2,is_stmt
     299                            .dwpsn  file "../main.c",line 28,column 1,is_stmt
     300 00000150 043E62E6             LDW     .D2T2   *+SP(76),B8       ; |28| 
     301 00000154 00006000             NOP             4
     302                            .dwcfi  restore_reg, 24
     303 00000158 03BE42E6             LDW     .D2T2   *+SP(72),B7       ; |28| 
     304 0000015c 00006000             NOP             4
     305                            .dwcfi  restore_reg, 23
     306 00000160 033E22E6             LDW     .D2T2   *+SP(68),B6       ; |28| 
     307 00000164 00006000             NOP             4
     308                            .dwcfi  restore_reg, 22
     309 00000168 02BE02E6             LDW     .D2T2   *+SP(64),B5       ; |28| 
     310 0000016c 00006000             NOP             4
     311                            .dwcfi  restore_reg, 21
     312 00000170 023DE2E6             LDW     .D2T2   *+SP(60),B4       ; |28| 
     313 00000174 00006000             NOP             4
     314                            .dwcfi  restore_reg, 20
     315 00000178 01BDC2E6             LDW     .D2T2   *+SP(56),B3       ; |28| 
     316 0000017c 00006000             NOP             4
     317                            .dwcfi  restore_reg, 19
     318 00000180 013DA2E6             LDW     .D2T2   *+SP(52),B2       ; |28| 
     319 00000184 00006000             NOP             4
     320                            .dwcfi  restore_reg, 18
     321 00000188 00BD82E6             LDW     .D2T2   *+SP(48),B1       ; |28| 
     322 0000018c 00006000             NOP             4
     323                            .dwcfi  restore_reg, 17
     324 00000190 003D62E6             LDW     .D2T2   *+SP(44),B0       ; |28| 
     325 00000194 00006000             NOP             4
     326                            .dwcfi  restore_reg, 16
     327 00000198 04BD42E4             LDW     .D2T1   *+SP(40),A9       ; |28| 
     328 0000019c 00006000             NOP             4
     329                            .dwcfi  restore_reg, 9
     330 000001a0 043D22E4             LDW     .D2T1   *+SP(36),A8       ; |28| 
TMS320C6x Assembler PC v7.4.18 Sun Oct 22 18:50:26 2023

Tools Copyright (c) 1996-2015 Texas Instruments Incorporated
C:\Users\Lenovo\AppData\Local\Temp\2399610                           PAGE    7

     331 000001a4 00006000             NOP             4
     332                            .dwcfi  restore_reg, 8
     333 000001a8 03BD02E4             LDW     .D2T1   *+SP(32),A7       ; |28| 
     334 000001ac 00006000             NOP             4
     335                            .dwcfi  restore_reg, 7
     336 000001b0 033CE2E4             LDW     .D2T1   *+SP(28),A6       ; |28| 
     337 000001b4 00006000             NOP             4
     338                            .dwcfi  restore_reg, 6
     339 000001b8 02BCC2E4             LDW     .D2T1   *+SP(24),A5       ; |28| 
     340 000001bc 00006000             NOP             4
     341                            .dwcfi  restore_reg, 5
     342 000001c0 023CA2E4             LDW     .D2T1   *+SP(20),A4       ; |28| 
     343 000001c4 00006000             NOP             4
     344                            .dwcfi  restore_reg, 4
     345 000001c8 01BC82E4             LDW     .D2T1   *+SP(16),A3       ; |28| 
     346 000001cc 00006000             NOP             4
     347                            .dwcfi  restore_reg, 3
     348 000001d0 013C62E4             LDW     .D2T1   *+SP(12),A2       ; |28| 
     349 000001d4 00006000             NOP             4
     350                            .dwcfi  restore_reg, 2
     351 000001d8 00BC42E4             LDW     .D2T1   *+SP(8),A1        ; |28| 
     352 000001dc 00006000             NOP             4
     353                            .dwcfi  restore_reg, 1
     354 000001e0 003C22E4             LDW     .D2T1   *+SP(4),A0        ; |28| 
     355 000001e4 00006000             NOP             4
     356                            .dwcfi  restore_reg, 0
     357 000001e8 04BE92E6             LDW     .D2T2   *++SP(80),B9      ; |28| 
     358 000001ec 00006000             NOP             4
     359                            .dwcfi  cfa_offset, 0
     360                            .dwcfi  restore_reg, 25
     361                            .dwcfi  cfa_offset, 0
     362                    $C$DW$17        .dwtag  DW_TAG_TI_branch
     363                            .dwattr $C$DW$17, DW_AT_low_pc(0x00)
     364                            .dwattr $C$DW$17, DW_AT_TI_return
     365 000001f0 001800E2             RET     .S2     IRP               ; |28| 
     366 000001f4 00008000             NOP             5
     367                               ; BRANCH OCCURS {IRP}             ; |28| 
     368                            .dwattr $C$DW$13, DW_AT_TI_end_file("../main.c")
     369                            .dwattr $C$DW$13, DW_AT_TI_end_line(0x1c)
     370                            .dwattr $C$DW$13, DW_AT_TI_end_column(0x01)
     371                            .dwendentry
     372                            .dwendtag $C$DW$13
     373                    
     374 00000000                   .sect   ".text"
     375                            .clink
     376                            .global _main
     377                    
     378                    $C$DW$18        .dwtag  DW_TAG_subprogram, DW_AT_name("main")
     379                            .dwattr $C$DW$18, DW_AT_low_pc(_main)
     380                            .dwattr $C$DW$18, DW_AT_high_pc(0x00)
     381                            .dwattr $C$DW$18, DW_AT_TI_symbol_name("_main")
     382                            .dwattr $C$DW$18, DW_AT_external
     383                            .dwattr $C$DW$18, DW_AT_type(*$C$DW$T$10)
     384                            .dwattr $C$DW$18, DW_AT_TI_begin_file("../main.c")
     385                            .dwattr $C$DW$18, DW_AT_TI_begin_line(0x1e)
TMS320C6x Assembler PC v7.4.18 Sun Oct 22 18:50:26 2023

Tools Copyright (c) 1996-2015 Texas Instruments Incorporated
C:\Users\Lenovo\AppData\Local\Temp\2399610                           PAGE    8

     386                            .dwattr $C$DW$18, DW_AT_TI_begin_column(0x01)
     387                            .dwattr $C$DW$18, DW_AT_TI_max_frame_size(0x08)
     388                            .dwpsn  file "../main.c",line 31,column 1,is_stmt,address _main
     389                    
     390                            .dwfde $C$DW$CIE, _main
     391                    
     392                    ;******************************************************************************
     393                    ;* FUNCTION NAME: main                                                        *
     394                    ;*                                                                            *
     395                    ;*   Regs Modified     : A0,A1,A2,A3,A4,A5,A6,A7,A8,A9,B0,B1,B2,B3,B4,B5,B6,  *
     396                    ;*                           B7,B8,B9,SP                                      *
     397                    ;*   Regs Used         : A0,A1,A2,A3,A4,A5,A6,A7,A8,A9,B0,B1,B2,B3,B4,B5,B6,  *
     398                    ;*                           B7,B8,B9,DP,SP                                   *
     399                    ;*   Local Frame Size  : 0 Args + 0 Auto + 4 Save = 4 byte                    *
     400                    ;******************************************************************************
     401 00000000           _main:
     402                    ;** --------------------------------------------------------------------------*
     403                            .dwcfi  cfa_offset, 0
     404                            .dwcfi  save_reg_to_reg, 228, 19
     405 00000000 01BC54F6             STW     .D2T2   B3,*SP--(8)       ; |31| 
     406                            .dwcfi  cfa_offset, 8
     407                            .dwcfi  save_reg_to_mem, 19, 0
     408                            .dwpsn  file "../main.c",line 32,column 2,is_stmt
     409 00000004 0281042A-            MVKL    .S2     _i,B5
     410                    
     411 00000008 0280006B-            MVKH    .S2     _i,B5
     412 0000000c 020000FA  ||         ZERO    .L2     B4                ; |32| 
     413                    
     414 00000010 021402F6             STW     .D2T2   B4,*B5            ; |32| 
     415                            .dwpsn  file "../main.c",line 33,column 2,is_stmt
     416 00000014 02010628-            MVKL    .S1     _AAG,A4
     417                    
     418 00000018 02000069-            MVKH    .S1     _AAG,A4
     419 0000001c 018000F8  ||         ZERO    .L1     A3                ; |33| 
     420                    
     421 00000020 01900274             STW     .D1T1   A3,*A4            ; |33| 
     422                            .dwpsn  file "../main.c",line 34,column 2,is_stmt
     423                    $C$DW$19        .dwtag  DW_TAG_TI_branch
     424                            .dwattr $C$DW$19, DW_AT_low_pc(0x00)
     425                            .dwattr $C$DW$19, DW_AT_name("_comm_intr")
     426                            .dwattr $C$DW$19, DW_AT_TI_call
     427 00000024 0FFFFC10!            CALL    .S1     _comm_intr        ; |34| 
     428 00000028 01801A2A'            MVKL    .S2     $C$RL3,B3         ; |34| 
     429 0000002c 0180006A'            MVKH    .S2     $C$RL3,B3         ; |34| 
     430 00000030 00004000             NOP             3
     431 00000034           $C$RL3:    ; CALL OCCURS {_comm_intr} {0}    ; |34| 
     432                            .dwpsn  file "../main.c",line 35,column 8,is_stmt
     433                    ;*----------------------------------------------------------------------------*
     434                    ;*   SOFTWARE PIPELINE INFORMATION
     435                    ;*      Disqualified loop: Software pipelining disabled
     436                    ;*      Disqualified loop: Bad loop structure
     437                    ;*----------------------------------------------------------------------------*
     438 00000034           $C$L2:    
     439 00000034           $C$DW$L$_main$2$B:
     440 00000034 00000290             B       .S1     $C$L2             ; |35| 
TMS320C6x Assembler PC v7.4.18 Sun Oct 22 18:50:26 2023

Tools Copyright (c) 1996-2015 Texas Instruments Incorporated
C:\Users\Lenovo\AppData\Local\Temp\2399610                           PAGE    9

     441 00000038 00008000             NOP             5
     442                               ; BRANCH OCCURS {$C$L2}           ; |35| 
     443 0000003c           $C$DW$L$_main$2$E:
     444                    ;** --------------------------------------------------------------------------*
     445                            .dwcfi  cfa_offset, 0
     446                            .dwcfi  restore_reg, 19
     447                            .dwcfi  cfa_offset, 0
     448                    
     449                    $C$DW$20        .dwtag  DW_TAG_TI_loop
     450                            .dwattr $C$DW$20, DW_AT_name("C:\\Users\\Lenovo\\AppData\\Local\\Temp\\2399610:$C$L2:1:1697997
     451                            .dwattr $C$DW$20, DW_AT_TI_begin_file("../main.c")
     452                            .dwattr $C$DW$20, DW_AT_TI_begin_line(0x23)
     453                            .dwattr $C$DW$20, DW_AT_TI_end_line(0x23)
     454                    $C$DW$21        .dwtag  DW_TAG_TI_loop_range
     455                            .dwattr $C$DW$21, DW_AT_low_pc($C$DW$L$_main$2$B)
     456                            .dwattr $C$DW$21, DW_AT_high_pc($C$DW$L$_main$2$E)
     457                            .dwendtag $C$DW$20
     458                    
     459                            .dwattr $C$DW$18, DW_AT_TI_end_file("../main.c")
     460                            .dwattr $C$DW$18, DW_AT_TI_end_line(0x24)
     461                            .dwattr $C$DW$18, DW_AT_TI_end_column(0x01)
     462                            .dwendentry
     463                            .dwendtag $C$DW$18
     464                    
     465                    ;*****************************************************************************
     466                    ;* UNDEFINED EXTERNAL REFERENCES                                             *
     467                    ;*****************************************************************************
     468                            .global _input_sample
     469                            .global _output_sample
     470                            .global _comm_intr
     471                            .global _FindGain
     472                    
     473                    ;******************************************************************************
     474                    ;* BUILD ATTRIBUTES                                                           *
     475                    ;******************************************************************************
     476                            .battr "TI", Tag_File, 1, Tag_ABI_stack_align_needed(0)
     477                            .battr "TI", Tag_File, 1, Tag_ABI_stack_align_preserved(0)
     478                            .battr "TI", Tag_File, 1, Tag_Tramps_Use_SOC(0)
     479                    
     480                    ;******************************************************************************
     481                    ;* TYPE INFORMATION                                                           *
     482                    ;******************************************************************************
     483                    $C$DW$T$4       .dwtag  DW_TAG_base_type
     484                            .dwattr $C$DW$T$4, DW_AT_encoding(DW_ATE_boolean)
     485                            .dwattr $C$DW$T$4, DW_AT_name("bool")
     486                            .dwattr $C$DW$T$4, DW_AT_byte_size(0x01)
     487                    $C$DW$T$5       .dwtag  DW_TAG_base_type
     488                            .dwattr $C$DW$T$5, DW_AT_encoding(DW_ATE_signed_char)
     489                            .dwattr $C$DW$T$5, DW_AT_name("signed char")
     490                            .dwattr $C$DW$T$5, DW_AT_byte_size(0x01)
     491                    $C$DW$T$6       .dwtag  DW_TAG_base_type
     492                            .dwattr $C$DW$T$6, DW_AT_encoding(DW_ATE_unsigned_char)
     493                            .dwattr $C$DW$T$6, DW_AT_name("unsigned char")
     494                            .dwattr $C$DW$T$6, DW_AT_byte_size(0x01)
     495                    $C$DW$T$7       .dwtag  DW_TAG_base_type
TMS320C6x Assembler PC v7.4.18 Sun Oct 22 18:50:26 2023

Tools Copyright (c) 1996-2015 Texas Instruments Incorporated
C:\Users\Lenovo\AppData\Local\Temp\2399610                           PAGE   10

     496                            .dwattr $C$DW$T$7, DW_AT_encoding(DW_ATE_signed_char)
     497                            .dwattr $C$DW$T$7, DW_AT_name("wchar_t")
     498                            .dwattr $C$DW$T$7, DW_AT_byte_size(0x02)
     499                    $C$DW$T$8       .dwtag  DW_TAG_base_type
     500                            .dwattr $C$DW$T$8, DW_AT_encoding(DW_ATE_signed)
     501                            .dwattr $C$DW$T$8, DW_AT_name("short")
     502                            .dwattr $C$DW$T$8, DW_AT_byte_size(0x02)
     503                    
     504                    $C$DW$T$23      .dwtag  DW_TAG_array_type
     505                            .dwattr $C$DW$T$23, DW_AT_type(*$C$DW$T$8)
     506                            .dwattr $C$DW$T$23, DW_AT_language(DW_LANG_C)
     507                            .dwattr $C$DW$T$23, DW_AT_byte_size(0x100)
     508                    $C$DW$22        .dwtag  DW_TAG_subrange_type
     509                            .dwattr $C$DW$22, DW_AT_upper_bound(0x7f)
     510                            .dwendtag $C$DW$T$23
     511                    
     512                    $C$DW$T$9       .dwtag  DW_TAG_base_type
     513                            .dwattr $C$DW$T$9, DW_AT_encoding(DW_ATE_unsigned)
     514                            .dwattr $C$DW$T$9, DW_AT_name("unsigned short")
     515                            .dwattr $C$DW$T$9, DW_AT_byte_size(0x02)
     516                    $C$DW$T$10      .dwtag  DW_TAG_base_type
     517                            .dwattr $C$DW$T$10, DW_AT_encoding(DW_ATE_signed)
     518                            .dwattr $C$DW$T$10, DW_AT_name("int")
     519                            .dwattr $C$DW$T$10, DW_AT_byte_size(0x04)
     520                    $C$DW$T$11      .dwtag  DW_TAG_base_type
     521                            .dwattr $C$DW$T$11, DW_AT_encoding(DW_ATE_unsigned)
     522                            .dwattr $C$DW$T$11, DW_AT_name("unsigned int")
     523                            .dwattr $C$DW$T$11, DW_AT_byte_size(0x04)
     524                    $C$DW$T$27      .dwtag  DW_TAG_typedef, DW_AT_name("Uint32")
     525                            .dwattr $C$DW$T$27, DW_AT_type(*$C$DW$T$11)
     526                            .dwattr $C$DW$T$27, DW_AT_language(DW_LANG_C)
     527                    $C$DW$T$12      .dwtag  DW_TAG_base_type
     528                            .dwattr $C$DW$T$12, DW_AT_encoding(DW_ATE_signed)
     529                            .dwattr $C$DW$T$12, DW_AT_name("long")
     530                            .dwattr $C$DW$T$12, DW_AT_byte_size(0x08)
     531                            .dwattr $C$DW$T$12, DW_AT_bit_size(0x28)
     532                            .dwattr $C$DW$T$12, DW_AT_bit_offset(0x18)
     533                    $C$DW$T$13      .dwtag  DW_TAG_base_type
     534                            .dwattr $C$DW$T$13, DW_AT_encoding(DW_ATE_unsigned)
     535                            .dwattr $C$DW$T$13, DW_AT_name("unsigned long")
     536                            .dwattr $C$DW$T$13, DW_AT_byte_size(0x08)
     537                            .dwattr $C$DW$T$13, DW_AT_bit_size(0x28)
     538                            .dwattr $C$DW$T$13, DW_AT_bit_offset(0x18)
     539                    $C$DW$T$14      .dwtag  DW_TAG_base_type
     540                            .dwattr $C$DW$T$14, DW_AT_encoding(DW_ATE_signed)
     541                            .dwattr $C$DW$T$14, DW_AT_name("long long")
     542                            .dwattr $C$DW$T$14, DW_AT_byte_size(0x08)
     543                    $C$DW$T$15      .dwtag  DW_TAG_base_type
     544                            .dwattr $C$DW$T$15, DW_AT_encoding(DW_ATE_unsigned)
     545                            .dwattr $C$DW$T$15, DW_AT_name("unsigned long long")
     546                            .dwattr $C$DW$T$15, DW_AT_byte_size(0x08)
     547                    $C$DW$T$16      .dwtag  DW_TAG_base_type
     548                            .dwattr $C$DW$T$16, DW_AT_encoding(DW_ATE_float)
     549                            .dwattr $C$DW$T$16, DW_AT_name("float")
     550                            .dwattr $C$DW$T$16, DW_AT_byte_size(0x04)
TMS320C6x Assembler PC v7.4.18 Sun Oct 22 18:50:26 2023

Tools Copyright (c) 1996-2015 Texas Instruments Incorporated
C:\Users\Lenovo\AppData\Local\Temp\2399610                           PAGE   11

     551                    $C$DW$T$17      .dwtag  DW_TAG_base_type
     552                            .dwattr $C$DW$T$17, DW_AT_encoding(DW_ATE_float)
     553                            .dwattr $C$DW$T$17, DW_AT_name("double")
     554                            .dwattr $C$DW$T$17, DW_AT_byte_size(0x08)
     555                    $C$DW$T$18      .dwtag  DW_TAG_base_type
     556                            .dwattr $C$DW$T$18, DW_AT_encoding(DW_ATE_float)
     557                            .dwattr $C$DW$T$18, DW_AT_name("long double")
     558                            .dwattr $C$DW$T$18, DW_AT_byte_size(0x08)
     559                            .dwattr $C$DW$CU, DW_AT_language(DW_LANG_C)
     560                    
     561                    ;***************************************************************
     562                    ;* DWARF CIE ENTRIES                                           *
     563                    ;***************************************************************
     564                    
     565                    $C$DW$CIE       .dwcie 228
     566                            .dwcfi  cfa_register, 31
     567                            .dwcfi  cfa_offset, 0
     568                            .dwcfi  undefined, 0
     569                            .dwcfi  undefined, 1
     570                            .dwcfi  undefined, 2
     571                            .dwcfi  undefined, 3
     572                            .dwcfi  undefined, 4
     573                            .dwcfi  undefined, 5
     574                            .dwcfi  undefined, 6
     575                            .dwcfi  undefined, 7
     576                            .dwcfi  undefined, 8
     577                            .dwcfi  undefined, 9
     578                            .dwcfi  same_value, 10
     579                            .dwcfi  same_value, 11
     580                            .dwcfi  same_value, 12
     581                            .dwcfi  same_value, 13
     582                            .dwcfi  same_value, 14
     583                            .dwcfi  same_value, 15
     584                            .dwcfi  undefined, 16
     585                            .dwcfi  undefined, 17
     586                            .dwcfi  undefined, 18
     587                            .dwcfi  undefined, 19
     588                            .dwcfi  undefined, 20
     589                            .dwcfi  undefined, 21
     590                            .dwcfi  undefined, 22
     591                            .dwcfi  undefined, 23
     592                            .dwcfi  undefined, 24
     593                            .dwcfi  undefined, 25
     594                            .dwcfi  same_value, 26
     595                            .dwcfi  same_value, 27
     596                            .dwcfi  same_value, 28
     597                            .dwcfi  same_value, 29
     598                            .dwcfi  same_value, 30
     599                            .dwcfi  same_value, 31
     600                            .dwcfi  same_value, 32
     601                            .dwcfi  undefined, 33
     602                            .dwcfi  undefined, 34
     603                            .dwcfi  undefined, 35
     604                            .dwcfi  undefined, 36
     605                            .dwcfi  undefined, 37
TMS320C6x Assembler PC v7.4.18 Sun Oct 22 18:50:26 2023

Tools Copyright (c) 1996-2015 Texas Instruments Incorporated
C:\Users\Lenovo\AppData\Local\Temp\2399610                           PAGE   12

     606                            .dwcfi  undefined, 38
     607                            .dwcfi  undefined, 39
     608                            .dwcfi  undefined, 40
     609                            .dwcfi  undefined, 41
     610                            .dwcfi  undefined, 42
     611                            .dwcfi  undefined, 43
     612                            .dwcfi  undefined, 44
     613                            .dwcfi  undefined, 45
     614                            .dwcfi  undefined, 46
     615                            .dwcfi  undefined, 47
     616                            .dwcfi  undefined, 48
     617                            .dwcfi  undefined, 49
     618                            .dwcfi  undefined, 50
     619                            .dwcfi  undefined, 51
     620                            .dwcfi  undefined, 52
     621                            .dwcfi  undefined, 53
     622                            .dwcfi  undefined, 54
     623                            .dwcfi  undefined, 55
     624                            .dwcfi  undefined, 56
     625                            .dwcfi  undefined, 57
     626                            .dwcfi  undefined, 58
     627                            .dwcfi  undefined, 59
     628                            .dwcfi  undefined, 60
     629                            .dwcfi  undefined, 61
     630                            .dwcfi  undefined, 62
     631                            .dwcfi  undefined, 63
     632                            .dwcfi  undefined, 64
     633                            .dwcfi  undefined, 65
     634                            .dwcfi  undefined, 66
     635                            .dwcfi  undefined, 67
     636                            .dwcfi  undefined, 68
     637                            .dwcfi  undefined, 69
     638                            .dwcfi  undefined, 70
     639                            .dwcfi  undefined, 71
     640                            .dwcfi  undefined, 72
     641                            .dwcfi  undefined, 73
     642                            .dwcfi  undefined, 74
     643                            .dwcfi  undefined, 75
     644                            .dwcfi  undefined, 76
     645                            .dwcfi  undefined, 77
     646                            .dwcfi  undefined, 78
     647                            .dwcfi  undefined, 79
     648                            .dwcfi  undefined, 80
     649                            .dwcfi  undefined, 81
     650                            .dwcfi  undefined, 82
     651                            .dwcfi  undefined, 83
     652                            .dwcfi  undefined, 84
     653                            .dwcfi  undefined, 85
     654                            .dwcfi  undefined, 86
     655                            .dwcfi  undefined, 87
     656                            .dwcfi  undefined, 88
     657                            .dwcfi  undefined, 89
     658                            .dwcfi  undefined, 90
     659                            .dwcfi  undefined, 91
     660                            .dwcfi  undefined, 92
TMS320C6x Assembler PC v7.4.18 Sun Oct 22 18:50:26 2023

Tools Copyright (c) 1996-2015 Texas Instruments Incorporated
C:\Users\Lenovo\AppData\Local\Temp\2399610                           PAGE   13

     661                            .dwcfi  undefined, 93
     662                            .dwcfi  undefined, 94
     663                            .dwcfi  undefined, 95
     664                            .dwcfi  undefined, 96
     665                            .dwcfi  undefined, 97
     666                            .dwcfi  undefined, 98
     667                            .dwcfi  undefined, 99
     668                            .dwcfi  undefined, 100
     669                            .dwcfi  undefined, 101
     670                            .dwcfi  undefined, 102
     671                            .dwcfi  undefined, 103
     672                            .dwcfi  undefined, 104
     673                            .dwcfi  undefined, 105
     674                            .dwcfi  undefined, 106
     675                            .dwcfi  undefined, 107
     676                            .dwcfi  undefined, 108
     677                            .dwcfi  undefined, 109
     678                            .dwcfi  undefined, 110
     679                            .dwcfi  undefined, 111
     680                            .dwcfi  undefined, 112
     681                            .dwcfi  undefined, 113
     682                            .dwcfi  undefined, 114
     683                            .dwcfi  undefined, 115
     684                            .dwcfi  undefined, 116
     685                            .dwcfi  undefined, 117
     686                            .dwcfi  undefined, 118
     687                            .dwcfi  undefined, 119
     688                            .dwcfi  undefined, 120
     689                            .dwcfi  undefined, 121
     690                            .dwcfi  undefined, 122
     691                            .dwcfi  undefined, 123
     692                            .dwcfi  undefined, 124
     693                            .dwcfi  undefined, 125
     694                            .dwcfi  undefined, 126
     695                            .dwcfi  undefined, 127
     696                            .dwcfi  undefined, 128
     697                            .dwcfi  undefined, 129
     698                            .dwcfi  undefined, 130
     699                            .dwcfi  undefined, 131
     700                            .dwcfi  undefined, 132
     701                            .dwcfi  undefined, 133
     702                            .dwcfi  undefined, 134
     703                            .dwcfi  undefined, 135
     704                            .dwcfi  undefined, 136
     705                            .dwcfi  undefined, 137
     706                            .dwcfi  undefined, 138
     707                            .dwcfi  undefined, 139
     708                            .dwcfi  undefined, 140
     709                            .dwcfi  undefined, 141
     710                            .dwcfi  undefined, 142
     711                            .dwcfi  undefined, 143
     712                            .dwcfi  undefined, 144
     713                            .dwcfi  undefined, 145
     714                            .dwcfi  undefined, 146
     715                            .dwcfi  undefined, 147
TMS320C6x Assembler PC v7.4.18 Sun Oct 22 18:50:26 2023

Tools Copyright (c) 1996-2015 Texas Instruments Incorporated
C:\Users\Lenovo\AppData\Local\Temp\2399610                           PAGE   14

     716                            .dwcfi  undefined, 148
     717                            .dwcfi  undefined, 149
     718                            .dwcfi  undefined, 150
     719                            .dwcfi  undefined, 151
     720                            .dwcfi  undefined, 152
     721                            .dwcfi  undefined, 153
     722                            .dwcfi  undefined, 154
     723                            .dwcfi  undefined, 155
     724                            .dwcfi  undefined, 156
     725                            .dwcfi  undefined, 157
     726                            .dwcfi  undefined, 158
     727                            .dwcfi  undefined, 159
     728                            .dwcfi  undefined, 160
     729                            .dwcfi  undefined, 161
     730                            .dwcfi  undefined, 162
     731                            .dwcfi  undefined, 163
     732                            .dwcfi  undefined, 164
     733                            .dwcfi  undefined, 165
     734                            .dwcfi  undefined, 166
     735                            .dwcfi  undefined, 167
     736                            .dwcfi  undefined, 168
     737                            .dwcfi  undefined, 169
     738                            .dwcfi  undefined, 170
     739                            .dwcfi  undefined, 171
     740                            .dwcfi  undefined, 172
     741                            .dwcfi  undefined, 173
     742                            .dwcfi  undefined, 174
     743                            .dwcfi  undefined, 175
     744                            .dwcfi  undefined, 176
     745                            .dwcfi  undefined, 177
     746                            .dwcfi  undefined, 178
     747                            .dwcfi  undefined, 179
     748                            .dwcfi  undefined, 180
     749                            .dwcfi  undefined, 181
     750                            .dwcfi  undefined, 182
     751                            .dwcfi  undefined, 183
     752                            .dwcfi  undefined, 184
     753                            .dwcfi  undefined, 185
     754                            .dwcfi  undefined, 186
     755                            .dwcfi  undefined, 187
     756                            .dwcfi  undefined, 188
     757                            .dwcfi  undefined, 189
     758                            .dwcfi  undefined, 190
     759                            .dwcfi  undefined, 191
     760                            .dwcfi  undefined, 192
     761                            .dwcfi  undefined, 193
     762                            .dwcfi  undefined, 194
     763                            .dwcfi  undefined, 195
     764                            .dwcfi  undefined, 196
     765                            .dwcfi  undefined, 197
     766                            .dwcfi  undefined, 198
     767                            .dwcfi  undefined, 199
     768                            .dwcfi  undefined, 200
     769                            .dwcfi  undefined, 201
     770                            .dwcfi  undefined, 202
TMS320C6x Assembler PC v7.4.18 Sun Oct 22 18:50:26 2023

Tools Copyright (c) 1996-2015 Texas Instruments Incorporated
C:\Users\Lenovo\AppData\Local\Temp\2399610                           PAGE   15

     771                            .dwcfi  undefined, 203
     772                            .dwcfi  undefined, 204
     773                            .dwcfi  undefined, 205
     774                            .dwcfi  undefined, 206
     775                            .dwcfi  undefined, 207
     776                            .dwcfi  undefined, 208
     777                            .dwcfi  undefined, 209
     778                            .dwcfi  undefined, 210
     779                            .dwcfi  undefined, 211
     780                            .dwcfi  undefined, 212
     781                            .dwcfi  undefined, 213
     782                            .dwcfi  undefined, 214
     783                            .dwcfi  undefined, 215
     784                            .dwcfi  undefined, 216
     785                            .dwcfi  undefined, 217
     786                            .dwcfi  undefined, 218
     787                            .dwcfi  undefined, 219
     788                            .dwcfi  undefined, 220
     789                            .dwcfi  undefined, 221
     790                            .dwcfi  undefined, 222
     791                            .dwcfi  undefined, 223
     792                            .dwcfi  undefined, 224
     793                            .dwcfi  undefined, 225
     794                            .dwcfi  undefined, 226
     795                            .dwcfi  undefined, 227
     796                            .dwcfi  undefined, 228
     797                            .dwendentry
     798                    
     799                    ;***************************************************************
     800                    ;* DWARF REGISTER MAP                                          *
     801                    ;***************************************************************
     802                    
     803                    $C$DW$23        .dwtag  DW_TAG_TI_assign_register, DW_AT_name("A0")
     804                            .dwattr $C$DW$23, DW_AT_location[DW_OP_reg0]
     805                    $C$DW$24        .dwtag  DW_TAG_TI_assign_register, DW_AT_name("A1")
     806                            .dwattr $C$DW$24, DW_AT_location[DW_OP_reg1]
     807                    $C$DW$25        .dwtag  DW_TAG_TI_assign_register, DW_AT_name("A2")
     808                            .dwattr $C$DW$25, DW_AT_location[DW_OP_reg2]
     809                    $C$DW$26        .dwtag  DW_TAG_TI_assign_register, DW_AT_name("A3")
     810                            .dwattr $C$DW$26, DW_AT_location[DW_OP_reg3]
     811                    $C$DW$27        .dwtag  DW_TAG_TI_assign_register, DW_AT_name("A4")
     812                            .dwattr $C$DW$27, DW_AT_location[DW_OP_reg4]
     813                    $C$DW$28        .dwtag  DW_TAG_TI_assign_register, DW_AT_name("A5")
     814                            .dwattr $C$DW$28, DW_AT_location[DW_OP_reg5]
     815                    $C$DW$29        .dwtag  DW_TAG_TI_assign_register, DW_AT_name("A6")
     816                            .dwattr $C$DW$29, DW_AT_location[DW_OP_reg6]
     817                    $C$DW$30        .dwtag  DW_TAG_TI_assign_register, DW_AT_name("A7")
     818                            .dwattr $C$DW$30, DW_AT_location[DW_OP_reg7]
     819                    $C$DW$31        .dwtag  DW_TAG_TI_assign_register, DW_AT_name("A8")
     820                            .dwattr $C$DW$31, DW_AT_location[DW_OP_reg8]
     821                    $C$DW$32        .dwtag  DW_TAG_TI_assign_register, DW_AT_name("A9")
     822                            .dwattr $C$DW$32, DW_AT_location[DW_OP_reg9]
     823                    $C$DW$33        .dwtag  DW_TAG_TI_assign_register, DW_AT_name("A10")
     824                            .dwattr $C$DW$33, DW_AT_location[DW_OP_reg10]
     825                    $C$DW$34        .dwtag  DW_TAG_TI_assign_register, DW_AT_name("A11")
TMS320C6x Assembler PC v7.4.18 Sun Oct 22 18:50:26 2023

Tools Copyright (c) 1996-2015 Texas Instruments Incorporated
C:\Users\Lenovo\AppData\Local\Temp\2399610                           PAGE   16

     826                            .dwattr $C$DW$34, DW_AT_location[DW_OP_reg11]
     827                    $C$DW$35        .dwtag  DW_TAG_TI_assign_register, DW_AT_name("A12")
     828                            .dwattr $C$DW$35, DW_AT_location[DW_OP_reg12]
     829                    $C$DW$36        .dwtag  DW_TAG_TI_assign_register, DW_AT_name("A13")
     830                            .dwattr $C$DW$36, DW_AT_location[DW_OP_reg13]
     831                    $C$DW$37        .dwtag  DW_TAG_TI_assign_register, DW_AT_name("A14")
     832                            .dwattr $C$DW$37, DW_AT_location[DW_OP_reg14]
     833                    $C$DW$38        .dwtag  DW_TAG_TI_assign_register, DW_AT_name("A15")
     834                            .dwattr $C$DW$38, DW_AT_location[DW_OP_reg15]
     835                    $C$DW$39        .dwtag  DW_TAG_TI_assign_register, DW_AT_name("B0")
     836                            .dwattr $C$DW$39, DW_AT_location[DW_OP_reg16]
     837                    $C$DW$40        .dwtag  DW_TAG_TI_assign_register, DW_AT_name("B1")
     838                            .dwattr $C$DW$40, DW_AT_location[DW_OP_reg17]
     839                    $C$DW$41        .dwtag  DW_TAG_TI_assign_register, DW_AT_name("B2")
     840                            .dwattr $C$DW$41, DW_AT_location[DW_OP_reg18]
     841                    $C$DW$42        .dwtag  DW_TAG_TI_assign_register, DW_AT_name("B3")
     842                            .dwattr $C$DW$42, DW_AT_location[DW_OP_reg19]
     843                    $C$DW$43        .dwtag  DW_TAG_TI_assign_register, DW_AT_name("B4")
     844                            .dwattr $C$DW$43, DW_AT_location[DW_OP_reg20]
     845                    $C$DW$44        .dwtag  DW_TAG_TI_assign_register, DW_AT_name("B5")
     846                            .dwattr $C$DW$44, DW_AT_location[DW_OP_reg21]
     847                    $C$DW$45        .dwtag  DW_TAG_TI_assign_register, DW_AT_name("B6")
     848                            .dwattr $C$DW$45, DW_AT_location[DW_OP_reg22]
     849                    $C$DW$46        .dwtag  DW_TAG_TI_assign_register, DW_AT_name("B7")
     850                            .dwattr $C$DW$46, DW_AT_location[DW_OP_reg23]
     851                    $C$DW$47        .dwtag  DW_TAG_TI_assign_register, DW_AT_name("B8")
     852                            .dwattr $C$DW$47, DW_AT_location[DW_OP_reg24]
     853                    $C$DW$48        .dwtag  DW_TAG_TI_assign_register, DW_AT_name("B9")
     854                            .dwattr $C$DW$48, DW_AT_location[DW_OP_reg25]
     855                    $C$DW$49        .dwtag  DW_TAG_TI_assign_register, DW_AT_name("B10")
     856                            .dwattr $C$DW$49, DW_AT_location[DW_OP_reg26]
     857                    $C$DW$50        .dwtag  DW_TAG_TI_assign_register, DW_AT_name("B11")
     858                            .dwattr $C$DW$50, DW_AT_location[DW_OP_reg27]
     859                    $C$DW$51        .dwtag  DW_TAG_TI_assign_register, DW_AT_name("B12")
     860                            .dwattr $C$DW$51, DW_AT_location[DW_OP_reg28]
     861                    $C$DW$52        .dwtag  DW_TAG_TI_assign_register, DW_AT_name("B13")
     862                            .dwattr $C$DW$52, DW_AT_location[DW_OP_reg29]
     863                    $C$DW$53        .dwtag  DW_TAG_TI_assign_register, DW_AT_name("DP")
     864                            .dwattr $C$DW$53, DW_AT_location[DW_OP_reg30]
     865                    $C$DW$54        .dwtag  DW_TAG_TI_assign_register, DW_AT_name("SP")
     866                            .dwattr $C$DW$54, DW_AT_location[DW_OP_reg31]
     867                    $C$DW$55        .dwtag  DW_TAG_TI_assign_register, DW_AT_name("FP")
     868                            .dwattr $C$DW$55, DW_AT_location[DW_OP_regx 0x20]
     869                    $C$DW$56        .dwtag  DW_TAG_TI_assign_register, DW_AT_name("PC")
     870                            .dwattr $C$DW$56, DW_AT_location[DW_OP_regx 0x21]
     871                    $C$DW$57        .dwtag  DW_TAG_TI_assign_register, DW_AT_name("IRP")
     872                            .dwattr $C$DW$57, DW_AT_location[DW_OP_regx 0x22]
     873                    $C$DW$58        .dwtag  DW_TAG_TI_assign_register, DW_AT_name("IFR")
     874                            .dwattr $C$DW$58, DW_AT_location[DW_OP_regx 0x23]
     875                    $C$DW$59        .dwtag  DW_TAG_TI_assign_register, DW_AT_name("NRP")
     876                            .dwattr $C$DW$59, DW_AT_location[DW_OP_regx 0x24]
     877                    $C$DW$60        .dwtag  DW_TAG_TI_assign_register, DW_AT_name("A16")
     878                            .dwattr $C$DW$60, DW_AT_location[DW_OP_regx 0x25]
     879                    $C$DW$61        .dwtag  DW_TAG_TI_assign_register, DW_AT_name("A17")
     880                            .dwattr $C$DW$61, DW_AT_location[DW_OP_regx 0x26]
TMS320C6x Assembler PC v7.4.18 Sun Oct 22 18:50:26 2023

Tools Copyright (c) 1996-2015 Texas Instruments Incorporated
C:\Users\Lenovo\AppData\Local\Temp\2399610                           PAGE   17

     881                    $C$DW$62        .dwtag  DW_TAG_TI_assign_register, DW_AT_name("A18")
     882                            .dwattr $C$DW$62, DW_AT_location[DW_OP_regx 0x27]
     883                    $C$DW$63        .dwtag  DW_TAG_TI_assign_register, DW_AT_name("A19")
     884                            .dwattr $C$DW$63, DW_AT_location[DW_OP_regx 0x28]
     885                    $C$DW$64        .dwtag  DW_TAG_TI_assign_register, DW_AT_name("A20")
     886                            .dwattr $C$DW$64, DW_AT_location[DW_OP_regx 0x29]
     887                    $C$DW$65        .dwtag  DW_TAG_TI_assign_register, DW_AT_name("A21")
     888                            .dwattr $C$DW$65, DW_AT_location[DW_OP_regx 0x2a]
     889                    $C$DW$66        .dwtag  DW_TAG_TI_assign_register, DW_AT_name("A22")
     890                            .dwattr $C$DW$66, DW_AT_location[DW_OP_regx 0x2b]
     891                    $C$DW$67        .dwtag  DW_TAG_TI_assign_register, DW_AT_name("A23")
     892                            .dwattr $C$DW$67, DW_AT_location[DW_OP_regx 0x2c]
     893                    $C$DW$68        .dwtag  DW_TAG_TI_assign_register, DW_AT_name("A24")
     894                            .dwattr $C$DW$68, DW_AT_location[DW_OP_regx 0x2d]
     895                    $C$DW$69        .dwtag  DW_TAG_TI_assign_register, DW_AT_name("A25")
     896                            .dwattr $C$DW$69, DW_AT_location[DW_OP_regx 0x2e]
     897                    $C$DW$70        .dwtag  DW_TAG_TI_assign_register, DW_AT_name("A26")
     898                            .dwattr $C$DW$70, DW_AT_location[DW_OP_regx 0x2f]
     899                    $C$DW$71        .dwtag  DW_TAG_TI_assign_register, DW_AT_name("A27")
     900                            .dwattr $C$DW$71, DW_AT_location[DW_OP_regx 0x30]
     901                    $C$DW$72        .dwtag  DW_TAG_TI_assign_register, DW_AT_name("A28")
     902                            .dwattr $C$DW$72, DW_AT_location[DW_OP_regx 0x31]
     903                    $C$DW$73        .dwtag  DW_TAG_TI_assign_register, DW_AT_name("A29")
     904                            .dwattr $C$DW$73, DW_AT_location[DW_OP_regx 0x32]
     905                    $C$DW$74        .dwtag  DW_TAG_TI_assign_register, DW_AT_name("A30")
     906                            .dwattr $C$DW$74, DW_AT_location[DW_OP_regx 0x33]
     907                    $C$DW$75        .dwtag  DW_TAG_TI_assign_register, DW_AT_name("A31")
     908                            .dwattr $C$DW$75, DW_AT_location[DW_OP_regx 0x34]
     909                    $C$DW$76        .dwtag  DW_TAG_TI_assign_register, DW_AT_name("B16")
     910                            .dwattr $C$DW$76, DW_AT_location[DW_OP_regx 0x35]
     911                    $C$DW$77        .dwtag  DW_TAG_TI_assign_register, DW_AT_name("B17")
     912                            .dwattr $C$DW$77, DW_AT_location[DW_OP_regx 0x36]
     913                    $C$DW$78        .dwtag  DW_TAG_TI_assign_register, DW_AT_name("B18")
     914                            .dwattr $C$DW$78, DW_AT_location[DW_OP_regx 0x37]
     915                    $C$DW$79        .dwtag  DW_TAG_TI_assign_register, DW_AT_name("B19")
     916                            .dwattr $C$DW$79, DW_AT_location[DW_OP_regx 0x38]
     917                    $C$DW$80        .dwtag  DW_TAG_TI_assign_register, DW_AT_name("B20")
     918                            .dwattr $C$DW$80, DW_AT_location[DW_OP_regx 0x39]
     919                    $C$DW$81        .dwtag  DW_TAG_TI_assign_register, DW_AT_name("B21")
     920                            .dwattr $C$DW$81, DW_AT_location[DW_OP_regx 0x3a]
     921                    $C$DW$82        .dwtag  DW_TAG_TI_assign_register, DW_AT_name("B22")
     922                            .dwattr $C$DW$82, DW_AT_location[DW_OP_regx 0x3b]
     923                    $C$DW$83        .dwtag  DW_TAG_TI_assign_register, DW_AT_name("B23")
     924                            .dwattr $C$DW$83, DW_AT_location[DW_OP_regx 0x3c]
     925                    $C$DW$84        .dwtag  DW_TAG_TI_assign_register, DW_AT_name("B24")
     926                            .dwattr $C$DW$84, DW_AT_location[DW_OP_regx 0x3d]
     927                    $C$DW$85        .dwtag  DW_TAG_TI_assign_register, DW_AT_name("B25")
     928                            .dwattr $C$DW$85, DW_AT_location[DW_OP_regx 0x3e]
     929                    $C$DW$86        .dwtag  DW_TAG_TI_assign_register, DW_AT_name("B26")
     930                            .dwattr $C$DW$86, DW_AT_location[DW_OP_regx 0x3f]
     931                    $C$DW$87        .dwtag  DW_TAG_TI_assign_register, DW_AT_name("B27")
     932                            .dwattr $C$DW$87, DW_AT_location[DW_OP_regx 0x40]
     933                    $C$DW$88        .dwtag  DW_TAG_TI_assign_register, DW_AT_name("B28")
     934                            .dwattr $C$DW$88, DW_AT_location[DW_OP_regx 0x41]
     935                    $C$DW$89        .dwtag  DW_TAG_TI_assign_register, DW_AT_name("B29")
TMS320C6x Assembler PC v7.4.18 Sun Oct 22 18:50:26 2023

Tools Copyright (c) 1996-2015 Texas Instruments Incorporated
C:\Users\Lenovo\AppData\Local\Temp\2399610                           PAGE   18

     936                            .dwattr $C$DW$89, DW_AT_location[DW_OP_regx 0x42]
     937                    $C$DW$90        .dwtag  DW_TAG_TI_assign_register, DW_AT_name("B30")
     938                            .dwattr $C$DW$90, DW_AT_location[DW_OP_regx 0x43]
     939                    $C$DW$91        .dwtag  DW_TAG_TI_assign_register, DW_AT_name("B31")
     940                            .dwattr $C$DW$91, DW_AT_location[DW_OP_regx 0x44]
     941                    $C$DW$92        .dwtag  DW_TAG_TI_assign_register, DW_AT_name("AMR")
     942                            .dwattr $C$DW$92, DW_AT_location[DW_OP_regx 0x45]
     943                    $C$DW$93        .dwtag  DW_TAG_TI_assign_register, DW_AT_name("CSR")
     944                            .dwattr $C$DW$93, DW_AT_location[DW_OP_regx 0x46]
     945                    $C$DW$94        .dwtag  DW_TAG_TI_assign_register, DW_AT_name("ISR")
     946                            .dwattr $C$DW$94, DW_AT_location[DW_OP_regx 0x47]
     947                    $C$DW$95        .dwtag  DW_TAG_TI_assign_register, DW_AT_name("ICR")
     948                            .dwattr $C$DW$95, DW_AT_location[DW_OP_regx 0x48]
     949                    $C$DW$96        .dwtag  DW_TAG_TI_assign_register, DW_AT_name("IER")
     950                            .dwattr $C$DW$96, DW_AT_location[DW_OP_regx 0x49]
     951                    $C$DW$97        .dwtag  DW_TAG_TI_assign_register, DW_AT_name("ISTP")
     952                            .dwattr $C$DW$97, DW_AT_location[DW_OP_regx 0x4a]
     953                    $C$DW$98        .dwtag  DW_TAG_TI_assign_register, DW_AT_name("IN")
     954                            .dwattr $C$DW$98, DW_AT_location[DW_OP_regx 0x4b]
     955                    $C$DW$99        .dwtag  DW_TAG_TI_assign_register, DW_AT_name("OUT")
     956                            .dwattr $C$DW$99, DW_AT_location[DW_OP_regx 0x4c]
     957                    $C$DW$100       .dwtag  DW_TAG_TI_assign_register, DW_AT_name("ACR")
     958                            .dwattr $C$DW$100, DW_AT_location[DW_OP_regx 0x4d]
     959                    $C$DW$101       .dwtag  DW_TAG_TI_assign_register, DW_AT_name("ADR")
     960                            .dwattr $C$DW$101, DW_AT_location[DW_OP_regx 0x4e]
     961                    $C$DW$102       .dwtag  DW_TAG_TI_assign_register, DW_AT_name("FADCR")
     962                            .dwattr $C$DW$102, DW_AT_location[DW_OP_regx 0x4f]
     963                    $C$DW$103       .dwtag  DW_TAG_TI_assign_register, DW_AT_name("FAUCR")
     964                            .dwattr $C$DW$103, DW_AT_location[DW_OP_regx 0x50]
     965                    $C$DW$104       .dwtag  DW_TAG_TI_assign_register, DW_AT_name("FMCR")
     966                            .dwattr $C$DW$104, DW_AT_location[DW_OP_regx 0x51]
     967                    $C$DW$105       .dwtag  DW_TAG_TI_assign_register, DW_AT_name("GFPGFR")
     968                            .dwattr $C$DW$105, DW_AT_location[DW_OP_regx 0x52]
     969                    $C$DW$106       .dwtag  DW_TAG_TI_assign_register, DW_AT_name("DIER")
     970                            .dwattr $C$DW$106, DW_AT_location[DW_OP_regx 0x53]
     971                    $C$DW$107       .dwtag  DW_TAG_TI_assign_register, DW_AT_name("REP")
     972                            .dwattr $C$DW$107, DW_AT_location[DW_OP_regx 0x54]
     973                    $C$DW$108       .dwtag  DW_TAG_TI_assign_register, DW_AT_name("TSCL")
     974                            .dwattr $C$DW$108, DW_AT_location[DW_OP_regx 0x55]
     975                    $C$DW$109       .dwtag  DW_TAG_TI_assign_register, DW_AT_name("TSCH")
     976                            .dwattr $C$DW$109, DW_AT_location[DW_OP_regx 0x56]
     977                    $C$DW$110       .dwtag  DW_TAG_TI_assign_register, DW_AT_name("ARP")
     978                            .dwattr $C$DW$110, DW_AT_location[DW_OP_regx 0x57]
     979                    $C$DW$111       .dwtag  DW_TAG_TI_assign_register, DW_AT_name("ILC")
     980                            .dwattr $C$DW$111, DW_AT_location[DW_OP_regx 0x58]
     981                    $C$DW$112       .dwtag  DW_TAG_TI_assign_register, DW_AT_name("RILC")
     982                            .dwattr $C$DW$112, DW_AT_location[DW_OP_regx 0x59]
     983                    $C$DW$113       .dwtag  DW_TAG_TI_assign_register, DW_AT_name("DNUM")
     984                            .dwattr $C$DW$113, DW_AT_location[DW_OP_regx 0x5a]
     985                    $C$DW$114       .dwtag  DW_TAG_TI_assign_register, DW_AT_name("SSR")
     986                            .dwattr $C$DW$114, DW_AT_location[DW_OP_regx 0x5b]
     987                    $C$DW$115       .dwtag  DW_TAG_TI_assign_register, DW_AT_name("GPLYA")
     988                            .dwattr $C$DW$115, DW_AT_location[DW_OP_regx 0x5c]
     989                    $C$DW$116       .dwtag  DW_TAG_TI_assign_register, DW_AT_name("GPLYB")
     990                            .dwattr $C$DW$116, DW_AT_location[DW_OP_regx 0x5d]
TMS320C6x Assembler PC v7.4.18 Sun Oct 22 18:50:26 2023

Tools Copyright (c) 1996-2015 Texas Instruments Incorporated
C:\Users\Lenovo\AppData\Local\Temp\2399610                           PAGE   19

     991                    $C$DW$117       .dwtag  DW_TAG_TI_assign_register, DW_AT_name("TSR")
     992                            .dwattr $C$DW$117, DW_AT_location[DW_OP_regx 0x5e]
     993                    $C$DW$118       .dwtag  DW_TAG_TI_assign_register, DW_AT_name("ITSR")
     994                            .dwattr $C$DW$118, DW_AT_location[DW_OP_regx 0x5f]
     995                    $C$DW$119       .dwtag  DW_TAG_TI_assign_register, DW_AT_name("NTSR")
     996                            .dwattr $C$DW$119, DW_AT_location[DW_OP_regx 0x60]
     997                    $C$DW$120       .dwtag  DW_TAG_TI_assign_register, DW_AT_name("EFR")
     998                            .dwattr $C$DW$120, DW_AT_location[DW_OP_regx 0x61]
     999                    $C$DW$121       .dwtag  DW_TAG_TI_assign_register, DW_AT_name("ECR")
    1000                            .dwattr $C$DW$121, DW_AT_location[DW_OP_regx 0x62]
    1001                    $C$DW$122       .dwtag  DW_TAG_TI_assign_register, DW_AT_name("IERR")
    1002                            .dwattr $C$DW$122, DW_AT_location[DW_OP_regx 0x63]
    1003                    $C$DW$123       .dwtag  DW_TAG_TI_assign_register, DW_AT_name("DMSG")
    1004                            .dwattr $C$DW$123, DW_AT_location[DW_OP_regx 0x64]
    1005                    $C$DW$124       .dwtag  DW_TAG_TI_assign_register, DW_AT_name("CMSG")
    1006                            .dwattr $C$DW$124, DW_AT_location[DW_OP_regx 0x65]
    1007                    $C$DW$125       .dwtag  DW_TAG_TI_assign_register, DW_AT_name("DT_DMA_ADDR")
    1008                            .dwattr $C$DW$125, DW_AT_location[DW_OP_regx 0x66]
    1009                    $C$DW$126       .dwtag  DW_TAG_TI_assign_register, DW_AT_name("DT_DMA_DATA")
    1010                            .dwattr $C$DW$126, DW_AT_location[DW_OP_regx 0x67]
    1011                    $C$DW$127       .dwtag  DW_TAG_TI_assign_register, DW_AT_name("DT_DMA_CNTL")
    1012                            .dwattr $C$DW$127, DW_AT_location[DW_OP_regx 0x68]
    1013                    $C$DW$128       .dwtag  DW_TAG_TI_assign_register, DW_AT_name("TCU_CNTL")
    1014                            .dwattr $C$DW$128, DW_AT_location[DW_OP_regx 0x69]
    1015                    $C$DW$129       .dwtag  DW_TAG_TI_assign_register, DW_AT_name("RTDX_REC_CNTL")
    1016                            .dwattr $C$DW$129, DW_AT_location[DW_OP_regx 0x6a]
    1017                    $C$DW$130       .dwtag  DW_TAG_TI_assign_register, DW_AT_name("RTDX_XMT_CNTL")
    1018                            .dwattr $C$DW$130, DW_AT_location[DW_OP_regx 0x6b]
    1019                    $C$DW$131       .dwtag  DW_TAG_TI_assign_register, DW_AT_name("RTDX_CFG")
    1020                            .dwattr $C$DW$131, DW_AT_location[DW_OP_regx 0x6c]
    1021                    $C$DW$132       .dwtag  DW_TAG_TI_assign_register, DW_AT_name("RTDX_RDATA")
    1022                            .dwattr $C$DW$132, DW_AT_location[DW_OP_regx 0x6d]
    1023                    $C$DW$133       .dwtag  DW_TAG_TI_assign_register, DW_AT_name("RTDX_WDATA")
    1024                            .dwattr $C$DW$133, DW_AT_location[DW_OP_regx 0x6e]
    1025                    $C$DW$134       .dwtag  DW_TAG_TI_assign_register, DW_AT_name("RTDX_RADDR")
    1026                            .dwattr $C$DW$134, DW_AT_location[DW_OP_regx 0x6f]
    1027                    $C$DW$135       .dwtag  DW_TAG_TI_assign_register, DW_AT_name("RTDX_WADDR")
    1028                            .dwattr $C$DW$135, DW_AT_location[DW_OP_regx 0x70]
    1029                    $C$DW$136       .dwtag  DW_TAG_TI_assign_register, DW_AT_name("MFREG0")
    1030                            .dwattr $C$DW$136, DW_AT_location[DW_OP_regx 0x71]
    1031                    $C$DW$137       .dwtag  DW_TAG_TI_assign_register, DW_AT_name("DBG_STAT")
    1032                            .dwattr $C$DW$137, DW_AT_location[DW_OP_regx 0x72]
    1033                    $C$DW$138       .dwtag  DW_TAG_TI_assign_register, DW_AT_name("BRK_EN")
    1034                            .dwattr $C$DW$138, DW_AT_location[DW_OP_regx 0x73]
    1035                    $C$DW$139       .dwtag  DW_TAG_TI_assign_register, DW_AT_name("HWBP0_CNT")
    1036                            .dwattr $C$DW$139, DW_AT_location[DW_OP_regx 0x74]
    1037                    $C$DW$140       .dwtag  DW_TAG_TI_assign_register, DW_AT_name("HWBP0")
    1038                            .dwattr $C$DW$140, DW_AT_location[DW_OP_regx 0x75]
    1039                    $C$DW$141       .dwtag  DW_TAG_TI_assign_register, DW_AT_name("HWBP1")
    1040                            .dwattr $C$DW$141, DW_AT_location[DW_OP_regx 0x76]
    1041                    $C$DW$142       .dwtag  DW_TAG_TI_assign_register, DW_AT_name("HWBP2")
    1042                            .dwattr $C$DW$142, DW_AT_location[DW_OP_regx 0x77]
    1043                    $C$DW$143       .dwtag  DW_TAG_TI_assign_register, DW_AT_name("HWBP3")
    1044                            .dwattr $C$DW$143, DW_AT_location[DW_OP_regx 0x78]
    1045                    $C$DW$144       .dwtag  DW_TAG_TI_assign_register, DW_AT_name("OVERLAY")
TMS320C6x Assembler PC v7.4.18 Sun Oct 22 18:50:26 2023

Tools Copyright (c) 1996-2015 Texas Instruments Incorporated
C:\Users\Lenovo\AppData\Local\Temp\2399610                           PAGE   20

    1046                            .dwattr $C$DW$144, DW_AT_location[DW_OP_regx 0x79]
    1047                    $C$DW$145       .dwtag  DW_TAG_TI_assign_register, DW_AT_name("PC_PROF")
    1048                            .dwattr $C$DW$145, DW_AT_location[DW_OP_regx 0x7a]
    1049                    $C$DW$146       .dwtag  DW_TAG_TI_assign_register, DW_AT_name("ATSR")
    1050                            .dwattr $C$DW$146, DW_AT_location[DW_OP_regx 0x7b]
    1051                    $C$DW$147       .dwtag  DW_TAG_TI_assign_register, DW_AT_name("TRR")
    1052                            .dwattr $C$DW$147, DW_AT_location[DW_OP_regx 0x7c]
    1053                    $C$DW$148       .dwtag  DW_TAG_TI_assign_register, DW_AT_name("TCRR")
    1054                            .dwattr $C$DW$148, DW_AT_location[DW_OP_regx 0x7d]
    1055                    $C$DW$149       .dwtag  DW_TAG_TI_assign_register, DW_AT_name("DESR")
    1056                            .dwattr $C$DW$149, DW_AT_location[DW_OP_regx 0x7e]
    1057                    $C$DW$150       .dwtag  DW_TAG_TI_assign_register, DW_AT_name("DETR")
    1058                            .dwattr $C$DW$150, DW_AT_location[DW_OP_regx 0x7f]
    1059                    $C$DW$151       .dwtag  DW_TAG_TI_assign_register, DW_AT_name("CIE_RETA")
    1060                            .dwattr $C$DW$151, DW_AT_location[DW_OP_regx 0xe4]
    1061                            .dwendtag $C$DW$CU
    1062                    

No Assembly Errors, No Assembly Warnings
